Vivado Simulator 2019.2
Copyright 1986-1999, 2001-2019 Xilinx, Inc. All Rights Reserved.
Running: /tools/Xilinx/Vivado/2019.2/bin/unwrapped/lnx64.o/xelab -wto 0073e5c0c400460d96b4106ea3d975ed --incr --debug typical --relax --mt 8 -L xil_defaultlib -L unisims_ver -L unimacro_ver -L secureip -L xpm --snapshot test_behav xil_defaultlib.test xil_defaultlib.glbl -log elaborate.log 
Using 8 slave threads.
Starting static elaboration
Pass Through NonSizing Optimizer
Completed static elaboration
Starting simulation data flow analysis
WARNING: [XSIM 43-4099] "/home/ghostpants/Documents/UPB_IV_C2_2020-2021/SMP/lab05_2/project_1/PICtoSRAM/lab4.V" Line 38. Module PIC16F873 doesn't have a timescale but at least one module in design has a timescale.
WARNING: [XSIM 43-4099] "/home/ghostpants/Documents/UPB_IV_C2_2020-2021/SMP/lab05_2/project_1/PICtoSRAM/lab4.V" Line 30. Module T74LS04 doesn't have a timescale but at least one module in design has a timescale.
WARNING: [XSIM 43-4099] "/home/ghostpants/Documents/UPB_IV_C2_2020-2021/SMP/lab05_2/project_1/PICtoSRAM/lab4.V" Line 16. Module T74LS373 doesn't have a timescale but at least one module in design has a timescale.
WARNING: [XSIM 43-4099] "/home/ghostpants/Documents/UPB_IV_C2_2020-2021/SMP/lab05_2/project_1/PICtoSRAM/lab4.V" Line 1. Module m62256 doesn't have a timescale but at least one module in design has a timescale.
WARNING: [XSIM 43-4099] "/home/ghostpants/Documents/UPB_IV_C2_2020-2021/SMP/lab05_2/project_1/PICtoSRAM/lab4.V" Line 1. Module m62256 doesn't have a timescale but at least one module in design has a timescale.
Completed simulation data flow analysis
Time Resolution for simulation is 1ps
Compiling module xil_defaultlib.PIC16F873
Compiling module xil_defaultlib.design_1_PIC16F873_0_0
Compiling module xil_defaultlib.T74LS04
Compiling module xil_defaultlib.design_1_T74LS04_0_0
Compiling module xil_defaultlib.T74LS373
Compiling module xil_defaultlib.design_1_T74LS373_0_0
Compiling module xil_defaultlib.m62256
Compiling module xil_defaultlib.design_1_m62256_0_0
Compiling module xil_defaultlib.design_1_m62256_1_0
Compiling module xil_defaultlib.select
Compiling module xil_defaultlib.design_1_select_0_0
Compiling module xil_defaultlib.splitter1
Compiling module xil_defaultlib.design_1_splitter1_0_0
Compiling module xil_defaultlib.splitter2
Compiling module xil_defaultlib.design_1_splitter2_0_0
Compiling module xil_defaultlib.splitter3
Compiling module xil_defaultlib.design_1_splitter3_0_0
Compiling module xil_defaultlib.design_1
Compiling module xil_defaultlib.design_1_wrapper
Compiling module xil_defaultlib.test
Compiling module xil_defaultlib.glbl
Built simulation snapshot test_behav
