Vivado Simulator 2019.2
Copyright 1986-1999, 2001-2019 Xilinx, Inc. All Rights Reserved.
Running: /tools/Xilinx/Vivado/2019.2/bin/unwrapped/lnx64.o/xelab -wto 59b99e0c54364c4c86eacb870afa5e79 --incr --debug typical --relax --mt 8 -L xil_defaultlib -L unisims_ver -L unimacro_ver -L secureip -L xpm --snapshot sim_test_behav xil_defaultlib.sim_test xil_defaultlib.glbl -log elaborate.log 
Using 8 slave threads.
Starting static elaboration
Pass Through NonSizing Optimizer
Completed static elaboration
Starting simulation data flow analysis
WARNING: [XSIM 43-4099] "B:/shoebox/uni/year 4/first/smp/DSPtoPCI/dsptopci.v" Line 2. Module arbiter doesn't have a timescale but at least one module in design has a timescale.
WARNING: [XSIM 43-4099] "B:/shoebox/uni/year 4/first/smp/DSPtoPCI/dsptopci.v" Line 23. Module bus doesn't have a timescale but at least one module in design has a timescale.
WARNING: [XSIM 43-4099] "B:/shoebox/uni/year 4/first/smp/DSPtoPCI/dsptopci.v" Line 44. Module dsp doesn't have a timescale but at least one module in design has a timescale.
Completed simulation data flow analysis
Time Resolution for simulation is 1ps
Compiling module xil_defaultlib.arbiter
Compiling module xil_defaultlib.design_1_arbiter_0_1
Compiling module xil_defaultlib.bus
Compiling module xil_defaultlib.design_1_bus_0_0
Compiling module xil_defaultlib.dsp
Compiling module xil_defaultlib.design_1_dsp_0_0
Compiling module xil_defaultlib.design_1
Compiling module xil_defaultlib.design_1_wrapper
Compiling module xil_defaultlib.sim_test
Compiling module xil_defaultlib.glbl
Built simulation snapshot sim_test_behav
