Machine 0,emea,4,1,555,18,1
Machine 1,us,12,1,564,18,1
Machine 1,us,17,1,591,21,1
Machine 1,us,2,1,689,21,1
Machine 0,us,3,1,616,19,1
Machine 0,emea,9,1,731,19,1
Machine 0,asia,6,1,786,18,1
Machine 0,us,18,1,817,20,1
Machine 0,asia,1,1,884,20,1
Machine 1,asia,0,1,917,18,1
Machine 0,emea,14,1,943,20,1
Machine 0,us,13,1,948,20,1
Machine 0,asia,26,1,935,20,1
Machine 0,us,8,1,964,19,1
Machine 1,asia,10,1,950,21,1
Machine 1,us,22,1,942,20,1
Machine 0,emea,19,1,991,19,1
Machine 0,emea,44,1,932,20,1
Machine 1,us,27,1,1000,19,1
Machine 0,emea,34,1,973,20,1
Machine 0,emea,24,1,1011,20,1
Machine 1,asia,20,1,1003,18,1
Machine 0,emea,49,1,964,18,1
Machine 0,us,58,1,938,20,1
Machine 1,us,32,1,984,18,1
Machine 1,us,37,1,1021,20,1
Machine 1,us,7,1,1057,20,1
Machine 0,emea,59,1,951,19,1
Machine 0,us,53,1,996,18,1
Machine 1,asia,5,1,1041,19,1
Machine 1,asia,25,1,1051,18,1
Machine 1,us,57,1,1011,21,1
Machine 1,us,52,1,1006,19,1
Machine 0,us,23,1,1056,20,1
Machine 0,us,33,1,1057,20,1
Machine 0,emea,29,1,1058,20,1
Machine 1,asia,30,1,1077,21,1
Machine 0,emea,64,1,1041,19,1
Machine 1,asia,35,1,1113,21,1
Machine 1,asia,40,1,1092,19,1
Machine 1,asia,15,1,1201,19,1
Machine 0,asia,21,1,1203,21,1
Machine 1,asia,50,1,1178,20,1
Machine 0,asia,36,1,1197,21,1
Machine 0,asia,56,1,1155,21,1
Machine 0,asia,31,1,1210,21,1
Machine 0,asia,41,1,1194,21,1
Machine 0,us,63,1,1178,18,1
Machine 0,asia,16,1,1250,21,1
Machine 1,us,47,1,1217,18,1
Machine 0,emea,54,1,1231,21,1
Machine 0,us,38,1,1264,19,1
Machine 1,asia,55,1,1371,21,1
Machine 0,asia,71,1,1119,20,1
Machine 0,us,68,1,1272,21,1
Machine 1,asia,70,1,1635,21,1
Machine 0,asia,66,1,1469,20,1
Machine 0,emea,69,1,1672,21,1
Machine 0,asia,51,1,1860,19,1
Machine 0,asia,46,1,1744,21,1
Machine 0,emea,39,1,1776,20,1
Machine 0,us,28,1,1900,18,1
Machine 0,us,43,1,1947,21,1
Machine 0,asia,61,1,1901,18,1
Machine 1,us,62,1,1976,20,1
Machine 0,emea,74,1,1099,20,1
Machine 1,us,67,1,1931,19,1
Machine 0,emea,79,1,1260,22,1
Machine 0,emea,84,1,1290,18,1
Machine 1,us,42,1,2319,19,1
Machine 0,us,93,1,1303,21,1
Machine 1,us,192,1,1206,20,1
Machine 0,us,78,1,1342,20,1
Machine 0,us,73,1,1559,18,1
Machine 0,asia,11,1,2430,21,1
Machine 1,asia,80,1,1416,21,1
Machine 1,us,77,1,1442,21,1
Machine 0,us,48,1,2439,19,1
Machine 0,asia,76,1,1450,19,1
Machine 0,emea,169,1,1424,20,1
Machine 0,emea,89,1,1463,20,1
Machine 1,asia,170,1,1365,20,1
Machine 1,us,72,1,1574,18,1
Machine 0,emea,94,1,1468,20,1
Machine 0,us,158,1,1376,20,1
Machine 1,asia,65,1,2447,21,1
Machine 1,asia,45,1,2486,19,1
Machine 0,us,163,1,1412,18,1
Machine 0,emea,134,1,1410,18,1
Machine 1,asia,60,1,2513,21,1
Machine 1,us,87,1,1540,19,1
Machine 1,us,137,1,1355,19,1
Machine 0,us,83,1,1569,18,1
Machine 1,us,97,1,1513,18,1
Machine 1,us,82,1,1596,20,1
Machine 0,emea,99,1,1544,19,1
Machine 1,us,142,1,1446,18,1
Machine 0,us,193,1,1571,18,1
Machine 0,emea,164,1,1493,21,1
Machine 1,asia,75,1,1715,21,1
Machine 1,us,92,1,1607,20,1
Machine 0,asia,176,1,1618,19,1
Machine 0,us,88,1,1674,21,1
Machine 0,us,148,1,1586,21,1
Machine 1,asia,95,1,1630,19,1
Machine 1,asia,85,1,1703,21,1
Machine 0,asia,96,1,1684,21,1
Machine 0,asia,136,1,1633,21,1
Machine 0,asia,81,1,1719,21,1
Machine 1,asia,190,1,1648,20,1
Machine 0,asia,86,1,1716,19,1
Machine 0,emea,119,1,657,19,1
Machine 0,asia,106,1,1661,18,1
Machine 0,asia,156,1,1636,20,1
Machine 1,asia,135,1,1674,21,1
Machine 0,asia,241,1,1771,20,1
Machine 1,asia,245,1,1702,20,1
Machine 0,us,98,1,1707,20,1
Machine 0,us,123,1,807,21,1
Machine 0,asia,171,1,1815,18,1
Machine 0,emea,204,1,435,18,1
Machine 0,asia,91,1,1853,19,1
Machine 0,asia,166,1,1833,19,1
Machine 1,asia,120,1,1888,21,1
Machine 0,emea,174,1,419,18,1
Machine 0,asia,181,1,1424,18,1
Machine 0,us,138,1,553,18,1
Machine 0,us,178,1,595,18,1
Machine 1,asia,90,1,1880,21,1
Machine 1,us,207,1,1839,19,1
Machine 0,us,103,1,556,21,1
Machine 1,asia,205,1,1863,21,1
Machine 0,emea,159,1,578,20,1
Machine 0,emea,249,1,371,20,1
Machine 1,us,167,1,576,21,1
Machine 0,us,113,1,531,20,1
Machine 0,us,153,1,439,21,1
Machine 0,us,118,1,571,18,1
Machine 0,asia,111,1,752,21,1
Machine 1,us,107,1,525,19,1
Machine 1,us,197,1,505,18,1
Machine 0,us,198,1,586,18,1
Machine 0,us,128,1,583,20,1
Machine 1,asia,150,1,776,18,1
Machine 0,emea,124,1,701,19,1
Machine 0,emea,244,1,571,19,1
Machine 0,asia,131,1,822,19,1
Machine 1,us,177,1,562,21,1
Machine 1,asia,240,1,826,20,1
Machine 0,asia,121,1,839,20,1
Machine 0,us,168,1,679,21,1
Machine 0,emea,114,1,618,21,1
Machine 1,asia,125,1,878,21,1
Machine 0,asia,191,1,694,21,1
Machine 0,emea,239,1,732,21,1
Machine 1,asia,235,1,780,20,1
Machine 0,us,133,1,746,20,1
Machine 1,asia,145,1,813,18,1
Machine 1,us,122,1,522,18,1
Machine 1,us,147,1,493,18,1
Machine 1,us,242,1,716,20,1
Machine 0,us,188,1,625,21,1
Machine 0,us,248,1,678,20,1
Machine 0,asia,236,1,759,21,1
Machine 1,asia,220,1,684,20,1
Machine 0,asia,221,1,716,19,1
Machine 1,us,212,1,605,19,1
Machine 0,emea,129,1,797,18,1
Machine 0,asia,151,1,802,19,1
Machine 1,asia,215,1,808,20,1
Machine 1,asia,185,1,843,19,1
Machine 0,us,208,1,812,18,1
Machine 0,us,228,1,796,21,1
Machine 1,asia,230,1,889,20,1
Machine 0,emea,199,1,928,18,1
Machine 1,us,232,1,970,19,1
Machine 0,emea,149,1,459,18,1
Machine 1,asia,165,1,979,21,1
Machine 0,us,108,1,952,18,1
Machine 1,asia,195,1,954,21,1
Machine 1,us,187,1,993,18,1
Machine 0,us,233,1,1024,21,1
Machine 0,asia,231,1,1012,20,1
Machine 0,emea,104,1,713,19,1
Machine 1,us,247,1,649,20,1
Machine 1,asia,160,1,941,18,1
Machine 1,us,152,1,670,19,1
Machine 1,us,117,1,1172,19,1
Machine 0,asia,226,1,1060,21,1
Machine 0,emea,224,1,743,21,1
Machine 1,us,222,1,722,18,1
Machine 0,us,238,1,798,20,1
Machine 1,us,18,2,758,21,1
Machine 0,emea,209,1,827,18,1
Machine 0,emea,32,2,753,19,1
Machine 0,us,173,1,858,19,1
Machine 0,asia,216,1,887,20,1
Machine 0,emea,229,1,865,20,1
Machine 1,us,17,2,854,19,1
Machine 0,emea,219,1,882,21,1
Machine 0,us,2,2,853,19,1
Machine 0,emea,10,2,838,19,1
Machine 0,emea,5,2,803,20,1
Machine 0,emea,3,2,859,21,1
Machine 0,asia,196,1,933,18,1
Machine 1,asia,175,1,928,19,1
Machine 1,us,26,2,837,18,1
Machine 0,us,27,2,856,20,1
Machine 0,emea,34,2,833,21,1
Machine 0,us,8,2,927,18,1
Machine 0,us,1,2,1001,20,1
Machine 0,asia,211,1,1040,21,1
Machine 1,us,59,2,944,20,1
Machine 1,asia,22,2,982,21,1
Machine 0,emea,33,2,920,18,1
Machine 1,us,127,1,1034,20,1
Machine 1,us,52,2,905,20,1
Machine 0,us,58,2,1041,21,1
Machine 1,asia,4,2,1114,20,1
Machine 1,asia,24,2,1024,20,1
Machine 1,asia,29,2,1032,21,1
Machine 1,asia,9,2,1105,19,1
Machine 0,us,53,2,1066,19,1
Machine 1,us,49,2,1054,21,1
Machine 1,us,64,2,847,20,1
Machine 1,asia,14,2,1120,21,1
Machine 0,asia,7,2,1111,21,1
Machine 1,us,44,2,1100,18,1
Machine 0,asia,19,2,1174,21,1
Machine 0,emea,40,2,508,19,1
Machine 0,asia,6,2,1132,21,1
Machine 0,asia,12,2,1150,20,1
Machine 0,emea,0,2,1259,20,1
Machine 1,us,50,2,429,20,1
Machine 0,us,35,2,535,21,1
Machine 0,asia,13,2,1241,18,1
Machine 0,asia,57,2,1155,18,1
Machine 0,us,23,2,1207,21,1
Machine 1,asia,25,2,1244,20,1
Machine 1,asia,37,2,1278,20,1
Machine 0,us,36,2,500,19,1
Machine 0,emea,234,1,533,20,1
Machine 0,emea,56,2,521,18,1
Machine 0,asia,20,2,1327,18,1
Machine 0,emea,139,1,496,21,1
Machine 1,asia,15,2,709,21,1
Machine 1,us,132,1,535,19,1
Machine 0,emea,68,2,378,19,1
Machine 1,asia,225,1,753,21,1
Machine 1,us,102,1,635,19,1
Machine 1,us,217,1,548,21,1
Machine 0,asia,126,1,706,20,1
Machine 0,asia,21,2,881,20,1
Machine 0,us,143,1,676,21,1
Machine 1,asia,105,1,858,21,1
Machine 1,asia,31,2,856,19,1
Machine 1,us,162,1,813,20,1
Machine 0,asia,116,1,904,18,1
Machine 1,asia,155,1,1000,19,1
Machine 0,asia,38,2,634,19,1
Machine 1,asia,54,2,750,19,1
Machine 0,us,84,2,662,19,1
Machine 0,asia,66,2,633,21,1
Machine 0,emea,42,2,660,21,1
Machine 1,asia,70,2,702,21,1
Machine 1,us,48,2,655,20,1
Machine 0,emea,46,2,668,19,1
Machine 0,us,71,2,720,21,1
Machine 0,emea,158,2,671,18,1
Machine 0,us,51,2,716,21,1
Machine 1,us,72,2,674,21,1
Machine 0,us,76,2,701,20,1
Machine 0,asia,41,2,709,19,1
Machine 1,us,55,2,754,20,1
Machine 1,us,69,2,759,20,1
Machine 0,emea,179,1,645,21,1
Machine 0,emea,82,2,714,19,1
Machine 0,asia,77,2,783,18,1
Machine 0,us,97,2,769,20,1
Machine 1,us,163,2,785,21,1
Machine 0,asia,170,2,873,18,1
Machine 1,asia,89,2,886,21,1
Machine 1,us,88,2,833,20,1
Machine 1,asia,65,2,881,20,1
Machine 0,emea,135,2,863,21,1
Machine 0,asia,45,2,955,18,1
Machine 0,emea,109,1,872,19,1
Machine 0,emea,174,2,734,19,1
Machine 1,us,166,2,759,21,1
Machine 0,emea,171,2,804,20,1
Machine 0,us,134,2,990,18,1
Machine 1,asia,99,2,979,18,1
Machine 0,asia,119,2,931,19,1
Machine 0,emea,60,2,998,19,1
Machine 1,us,98,2,563,19,1
Machine 0,asia,96,2,1052,19,1
Machine 1,asia,87,2,1065,20,1
Machine 1,us,178,2,525,21,1
Machine 1,asia,204,2,1039,19,1
Machine 0,asia,91,2,801,20,1
Machine 0,us,123,2,644,21,1
Machine 0,asia,206,1,1084,18,1
Machine 1,asia,210,1,1218,18,1
Machine 0,us,120,2,670,20,1
Machine 0,emea,207,2,759,21,1
Machine 0,us,249,2,496,21,1
Machine 0,emea,239,2,703,20,1
Machine 1,us,118,2,880,19,1
Machine 0,emea,95,2,729,18,1
Machine 0,us,150,2,685,21,1
Machine 0,asia,245,2,1453,19,1
Machine 0,us,240,2,794,20,1
Machine 1,asia,181,2,816,18,1
Machine 0,asia,205,2,868,21,1
Machine 1,us,63,2,805,19,1
Machine 1,us,125,2,869,19,1
Machine 1,asia,244,2,895,19,1
Machine 1,us,78,2,1059,19,1
Machine 0,emea,167,2,642,21,1
Machine 0,us,191,2,865,18,1
Machine 0,emea,121,2,736,21,1
Machine 0,asia,114,2,872,19,1
Machine 1,us,145,2,861,21,1
Machine 0,us,122,2,964,21,1
Machine 0,emea,75,2,962,21,1
Machine 1,asia,168,2,1001,19,1
Machine 0,asia,192,2,979,18,1
Machine 0,us,164,2,969,19,1
Machine 0,us,90,2,1058,18,1
Machine 1,us,193,2,1018,18,1
Machine 0,us,73,2,947,20,1
Machine 0,us,148,2,1013,18,1
Machine 0,us,94,2,1076,20,1
Machine 0,emea,169,2,1077,18,1
Machine 1,us,177,2,1100,21,1
Machine 0,us,156,2,1024,19,1
Machine 1,asia,93,2,1101,21,1
Machine 1,us,106,2,796,21,1
Machine 0,asia,138,2,1149,19,1
Machine 0,asia,133,2,1177,18,1
Machine 1,asia,235,2,1190,18,1
Machine 0,emea,147,2,1219,21,1
Machine 0,asia,176,2,1200,19,1
Machine 0,asia,142,2,1206,20,1
Machine 1,us,83,2,1210,18,1
Machine 1,asia,86,2,1144,21,1
Machine 0,asia,30,2,1308,19,1
Machine 1,asia,85,2,1301,19,1
Machine 0,asia,137,2,1373,19,1
Machine 0,emea,190,2,1443,21,1
Machine 1,asia,92,2,1378,21,1
Machine 0,asia,188,2,1167,19,1
Machine 1,asia,80,2,1448,21,1
Machine 1,us,136,2,1491,21,1
Machine 0,us,81,2,1502,18,1
Machine 0,emea,11,2,1537,21,1
Machine 0,emea,107,2,671,19,1
Machine 1,asia,103,2,1130,20,1
Machine 1,asia,242,2,1722,21,1
Machine 1,asia,113,2,1022,18,1
Machine 0,us,111,2,759,18,1
Machine 0,us,236,2,779,19,1
Machine 1,asia,241,2,1660,18,1
Machine 0,asia,153,2,1355,21,1
Machine 0,emea,214,1,913,18,1
Machine 1,us,159,2,998,21,1
Machine 0,emea,220,2,918,18,1
Machine 1,asia,197,2,970,18,1
Machine 1,us,228,2,934,19,1
Machine 1,us,248,2,1048,21,1
Machine 1,asia,185,2,1132,21,1
Machine 0,asia,208,2,1176,21,1
Machine 1,asia,221,2,1322,19,1
Machine 0,emea,199,2,623,19,1
Machine 0,asia,212,2,1205,18,1
Machine 0,us,230,2,850,20,1
Machine 1,us,165,2,581,21,1
Machine 0,emea,195,2,587,19,1
Machine 0,us,108,2,643,21,1
Machine 1,asia,232,2,954,19,1
Machine 1,us,231,2,644,18,1
Machine 0,emea,247,2,402,18,1
Machine 0,emea,124,2,454,21,1
Machine 0,asia,149,2,879,21,1
Machine 0,emea,224,2,502,21,1
Machine 1,asia,187,2,800,21,1
Machine 0,asia,233,2,656,18,1
Machine 0,us,17,3,613,19,1
Machine 0,emea,219,2,676,21,1
Machine 1,us,229,2,687,20,1
Machine 0,us,209,2,699,19,1
Machine 1,asia,173,2,751,19,1
Machine 0,us,3,3,673,19,1
Machine 1,us,117,2,814,21,1
Machine 1,us,59,3,744,21,1
Machine 0,emea,33,3,773,21,1
Machine 1,asia,175,2,837,21,1
Machine 0,emea,8,3,818,18,1
Machine 1,us,58,3,766,18,1
Machine 0,asia,152,2,819,20,1
Machine 1,asia,2,3,851,18,1
Machine 0,us,22,3,856,18,1
Machine 1,us,5,3,868,20,1
Machine 0,us,4,3,855,18,1
Machine 1,us,0,3,759,20,1
Machine 0,us,19,3,808,20,1
Machine 1,us,53,3,831,21,1
Machine 0,asia,10,3,926,20,1
Machine 0,emea,64,3,818,21,1
Machine 0,emea,40,3,828,20,1
Machine 1,us,56,3,711,21,1
Machine 0,asia,216,2,1090,20,1
Machine 0,us,50,3,839,20,1
Machine 0,emea,24,3,1042,19,1
Machine 0,asia,52,3,1050,18,1
Machine 1,asia,127,2,1024,20,1
Machine 0,emea,37,3,824,20,1
Machine 0,us,20,3,825,21,1
Machine 0,asia,9,3,1169,21,1
Machine 0,emea,139,2,815,20,1
Machine 1,asia,15,3,804,18,1
Machine 1,asia,1,3,1167,19,1
Machine 0,emea,102,2,423,19,1
Machine 1,asia,29,3,1179,18,1
Machine 0,us,225,2,638,21,1
Machine 0,emea,105,2,720,18,1
Machine 1,us,68,3,542,20,1
Machine 0,asia,126,2,742,19,1
Machine 0,asia,132,2,1005,21,1
Machine 0,asia,234,2,713,18,1
Machine 1,asia,217,2,675,20,1
Machine 0,emea,47,2,745,21,1
Machine 0,emea,51,3,701,20,1
Machine 0,asia,162,2,742,18,1
Machine 0,emea,70,3,750,19,1
Machine 0,emea,38,3,758,19,1
Machine 0,us,143,2,793,18,1
Machine 0,us,155,2,881,18,1
Machine 0,us,158,3,870,20,1
Machine 1,us,71,3,855,19,1
Machine 0,us,226,2,826,18,1
Machine 0,us,55,3,866,21,1
Machine 0,emea,196,2,845,19,1
Machine 0,emea,32,3,870,20,1
Machine 0,emea,163,3,961,21,1
Machine 1,asia,48,3,1066,18,1
Machine 1,us,18,3,948,18,1
Machine 1,asia,179,2,1050,20,1
Machine 0,us,34,3,987,19,1
Machine 0,emea,69,3,1080,21,1
Machine 0,us,97,3,1043,19,1
Machine 1,us,27,3,1005,20,1
Machine 1,us,77,3,1065,20,1
Machine 1,asia,222,2,1106,21,1
Machine 1,asia,72,3,1177,21,1
Machine 0,us,49,3,528,18,1
Machine 0,asia,82,3,1202,20,1
Machine 0,emea,35,3,527,19,1
Machine 0,asia,238,2,1176,21,1
Machine 1,us,44,3,586,18,1
Machine 0,asia,26,3,1207,20,1
Machine 0,us,25,3,582,20,1
Machine 0,asia,89,3,816,19,1
Machine 1,asia,170,3,1225,21,1
Machine 0,emea,135,3,545,19,1
Machine 0,asia,211,2,1174,20,1
Machine 1,asia,6,3,699,19,1
Machine 0,us,166,3,586,19,1
Machine 0,us,65,3,567,20,1
Machine 0,emea,171,3,594,18,1
Machine 0,asia,7,3,708,20,1
Machine 1,us,88,3,642,21,1
Machine 1,us,174,3,630,18,1
Machine 1,asia,14,3,724,18,1
Machine 0,asia,12,3,734,21,1
Machine 1,us,23,3,690,18,1
Machine 0,asia,57,3,777,20,1
Machine 1,asia,13,3,759,18,1
Machine 1,us,21,3,703,18,1
Machine 1,asia,36,3,812,18,1
Machine 1,us,116,2,562,18,1
Machine 1,asia,134,3,823,20,1
Machine 0,asia,109,2,908,23,1
Machine 1,us,128,2,885,19,1
Machine 1,us,66,3,529,20,1
Machine 1,asia,45,3,933,20,1
Machine 0,asia,198,2,960,21,1
Machine 0,asia,99,3,923,21,1
Machine 0,us,42,3,580,20,1
Machine 0,us,204,3,572,18,1
Machine 0,us,95,3,611,21,1
Machine 1,us,178,3,641,19,1
Machine 0,emea,207,3,684,19,1
Machine 1,asia,31,3,833,20,1
Machine 0,us,122,3,722,18,1
Machine 0,emea,91,3,724,21,1
Machine 1,us,164,3,740,19,1
Machine 0,emea,75,3,744,21,1
Machine 0,asia,84,3,782,20,1
Machine 0,us,120,3,803,20,1
Machine 0,us,138,3,675,18,1
Machine 1,asia,54,3,880,20,1
Machine 1,asia,123,3,852,19,1
Machine 0,asia,131,2,943,19,1
Machine 0,emea,63,3,716,19,1
Machine 0,us,60,3,858,19,1
Machine 0,asia,206,2,896,20,1
Machine 0,us,104,2,839,21,1
Machine 0,asia,148,3,963,19,1
Machine 1,asia,249,3,923,19,1
Machine 0,asia,240,3,824,21,1
Machine 0,asia,93,3,969,20,1
Machine 1,us,85,3,547,21,1
Machine 0,asia,147,3,967,19,1
Machine 0,asia,30,3,810,19,1
Machine 0,us,136,3,506,21,1
Machine 0,emea,113,3,442,20,1
Machine 1,asia,86,3,940,18,1
Machine 1,us,103,3,524,20,1
Machine 0,asia,188,3,691,19,1
Machine 1,us,80,3,625,20,1
Machine 0,emea,248,3,455,20,1
Machine 1,us,119,3,623,21,1
Machine 0,asia,107,3,762,19,1
Machine 0,us,153,3,509,19,1
Machine 0,emea,214,2,468,20,1
Machine 1,us,241,3,547,18,1
Machine 1,us,197,3,561,20,1
Machine 1,asia,111,3,793,20,1
Machine 0,us,228,3,516,18,1
Machine 0,emea,212,3,436,21,1
Machine 0,asia,236,3,934,20,1
Machine 1,asia,159,3,803,18,1
Machine 0,asia,220,3,732,20,1
Machine 1,us,221,3,597,19,1
Machine 0,asia,208,3,720,20,1
Machine 1,asia,230,3,587,18,1
Machine 0,asia,192,3,711,20,1
Machine 1,us,118,3,666,20,1
Machine 0,us,205,3,659,20,1
Machine 1,asia,168,3,815,18,1
Machine 0,asia,244,3,806,18,1
Machine 1,us,78,3,825,19,1
Machine 0,us,90,3,705,19,1
Machine 0,emea,150,3,748,18,1
Machine 0,emea,229,3,604,21,1
Machine 1,us,195,3,663,18,1
Machine 0,us,199,3,1008,20,1
Machine 0,us,108,3,699,20,1
Machine 1,us,124,3,684,20,1
Machine 0,emea,152,3,525,20,1
Machine 1,asia,245,3,1007,18,1
Machine 0,us,219,3,781,21,1
Machine 1,us,3,4,715,19,1
Machine 0,asia,165,3,868,21,1
Machine 1,us,41,3,853,18,1
Machine 0,asia,46,3,873,21,1
Machine 1,asia,235,3,882,18,1
Machine 1,asia,187,3,922,19,1
Machine 0,us,58,4,997,19,1
Machine 0,emea,59,4,929,20,1
Machine 1,asia,73,3,1058,21,1
Machine 0,us,117,3,1023,19,1
Machine 1,us,8,4,960,21,1
Machine 0,us,4,4,499,19,1
Machine 0,asia,76,3,1152,18,1
Machine 1,us,5,4,531,21,1
Machine 0,asia,173,3,1132,19,1
Machine 1,asia,33,4,1161,21,1
Machine 0,emea,0,4,595,20,1
Machine 0,emea,133,3,559,19,1
Machine 1,asia,209,3,1215,19,1
Machine 0,emea,190,3,576,21,1
Machine 0,us,64,4,730,19,1
Machine 0,asia,175,3,850,19,1
Machine 0,emea,81,3,436,18,1
Machine 1,us,10,4,786,19,1
Machine 1,asia,19,4,873,18,1
Machine 0,us,137,3,538,18,1
Machine 0,asia,22,4,943,20,1
Machine 0,asia,53,4,859,18,1
Machine 0,us,242,3,462,19,1
Machine 0,emea,52,4,514,18,1
Machine 0,us,24,4,592,21,1
Machine 1,us,102,3,586,20,1
Machine 0,emea,234,3,580,20,1
Machine 1,asia,56,4,980,21,1
Machine 1,asia,11,3,862,21,1
Machine 0,emea,225,3,623,18,1
Machine 1,asia,92,3,821,20,1
Machine 0,us,29,4,620,19,1
Machine 1,asia,185,3,659,19,1
Machine 0,emea,98,3,641,21,1
Machine 1,us,126,3,702,18,1
Machine 1,us,50,4,732,20,1
Machine 0,asia,216,3,674,19,1
Machine 1,asia,96,3,743,18,1
Machine 0,us,61,2,738,18,1
Machine 0,emea,62,2,739,18,1
Machine 1,us,210,2,776,18,1
Machine 1,us,79,2,789,19,1
Machine 0,asia,68,4,807,18,1
Machine 1,us,43,2,815,19,1
Machine 1,asia,74,2,866,18,1
Machine 0,emea,69,4,581,20,1
Machine 1,us,145,3,810,21,1
Machine 1,asia,39,2,906,19,1
Machine 0,us,167,3,787,19,1
Machine 0,asia,28,2,951,21,1
Machine 1,asia,217,3,946,19,1
Machine 0,emea,163,4,780,21,1
Machine 1,asia,125,3,886,19,1
Machine 0,us,222,3,642,18,1
Machine 1,us,181,3,936,19,1
Machine 0,asia,67,2,937,20,1
Machine 0,asia,87,3,999,19,1
Machine 1,asia,48,4,875,19,1
Machine 0,us,34,4,772,19,1
Machine 0,asia,239,3,932,20,1
Machine 1,us,77,4,681,19,1
Machine 0,emea,191,3,452,19,1
Machine 0,us,238,3,512,21,1
Machine 0,emea,72,4,594,21,1
Machine 1,us,35,4,548,18,1
Machine 0,emea,44,4,392,18,1
Machine 1,us,179,3,927,21,1
Machine 1,asia,121,3,1106,20,1
Machine 0,us,9,4,523,18,1
Machine 1,asia,97,4,838,18,1
Machine 0,asia,27,4,909,21,1
Machine 0,asia,82,4,784,21,1
Machine 0,asia,114,3,1070,20,1
Machine 0,asia,37,4,627,21,1
Machine 0,emea,135,4,544,20,1
Machine 1,asia,127,3,629,18,1
Machine 0,asia,18,4,1123,18,1
Machine 1,us,89,4,609,20,1
Machine 0,us,170,4,619,21,1
Machine 1,us,166,4,622,21,1
Machine 1,us,20,4,678,21,1
Machine 1,us,106,3,654,20,1
Machine 0,emea,12,4,705,20,1
Machine 1,asia,26,4,767,18,1
Machine 0,emea,139,3,719,19,1
Machine 0,asia,25,4,748,19,1
Machine 0,us,132,3,726,18,1
Machine 0,us,21,4,733,18,1
Machine 0,emea,122,4,594,18,1
Machine 0,emea,120,4,616,22,1
Machine 1,us,155,3,764,19,1
Machine 0,asia,47,3,835,19,1
Machine 1,us,51,4,811,18,1
Machine 0,us,31,4,769,20,1
Machine 1,us,13,4,957,19,1
Machine 1,asia,156,3,943,20,1
Machine 1,us,207,4,853,18,1
Machine 0,emea,63,4,531,18,1
Machine 0,emea,204,4,901,20,1
Machine 1,asia,211,3,1015,21,1
Machine 0,asia,164,4,925,19,1
Machine 0,us,131,3,810,18,1
Machine 1,asia,15,4,1047,19,1
Machine 0,us,148,4,502,21,1
Machine 1,us,104,3,615,21,1
Machine 1,asia,105,3,1092,20,1
Machine 0,asia,178,4,1020,21,1
Machine 1,us,85,4,506,18,1
Machine 1,asia,95,4,1047,18,1
Machine 1,us,109,3,550,19,1
Machine 0,us,103,4,602,20,1
Machine 1,us,119,4,602,19,1
Machine 0,emea,228,4,617,19,1
Machine 0,asia,206,3,677,18,1
Machine 0,emea,36,4,664,20,1
Machine 0,emea,188,4,765,18,1
Machine 0,asia,54,4,1126,18,1
Machine 1,asia,60,4,791,18,1
Machine 0,asia,6,4,712,18,1
Machine 0,asia,247,3,752,21,1
Machine 1,us,197,4,794,20,1
Machine 1,asia,136,4,809,19,1
Machine 0,emea,66,4,743,20,1
Machine 0,emea,232,3,792,18,1
Machine 1,us,17,4,845,21,1
Machine 0,us,149,3,886,18,1
Machine 0,asia,248,4,938,18,1
Machine 1,asia,116,3,864,20,1
Machine 0,emea,224,3,783,20,1
Machine 0,us,128,3,915,20,1
Machine 0,emea,221,4,835,21,1
Machine 0,asia,57,4,946,19,1
Machine 0,asia,233,3,942,19,1
Machine 0,emea,205,4,516,21,1
Machine 1,asia,23,4,1010,20,1
Machine 1,asia,212,4,1012,19,1
Machine 1,asia,231,3,1055,21,1
Machine 1,asia,45,4,925,19,1
Machine 1,asia,160,2,1039,20,1
Machine 0,us,90,4,558,18,1
Machine 1,asia,208,4,803,19,1
Machine 1,us,192,4,707,18,1
Machine 0,asia,134,4,1144,19,1
Machine 1,us,78,4,629,20,1
Machine 0,emea,165,4,696,18,1
Machine 0,emea,150,4,746,20,1
Machine 1,asia,168,4,771,19,1
Machine 0,us,8,5,699,21,1
Machine 0,us,108,4,737,19,1
Machine 1,us,86,4,758,19,1
Machine 0,us,3,5,750,20,1
Machine 0,us,118,4,846,21,1
Machine 1,us,219,4,851,21,1
Machine 1,us,235,4,879,18,1
Machine 0,emea,175,4,888,21,1
Machine 0,asia,113,4,997,19,1
Machine 0,emea,4,5,930,20,1
Machine 0,emea,30,4,877,18,1
Machine 0,asia,93,4,1020,21,1
Machine 0,asia,244,4,999,21,1
Machine 0,emea,249,4,982,20,1
Machine 0,us,187,4,1027,21,1
Machine 0,asia,46,4,1027,19,1
Machine 1,us,117,4,1024,19,1
Machine 0,us,158,4,1072,19,1
Machine 1,us,173,4,1002,18,1
Machine 1,us,190,4,981,21,1
Machine 1,us,196,3,1054,18,1
Machine 0,us,147,4,1088,18,1
Machine 1,asia,81,4,949,20,1
Machine 0,emea,0,5,1027,20,1
Machine 0,us,32,4,1058,21,1
Machine 1,asia,59,5,1090,21,1
Machine 0,asia,195,4,1192,19,1
Machine 0,us,220,4,1059,18,1
Machine 0,asia,55,4,1130,18,1
Machine 0,asia,245,4,1132,20,1
Machine 0,us,137,4,899,18,1
Machine 1,us,19,5,913,18,1
Machine 1,asia,240,4,1148,18,1
Machine 1,asia,76,4,1204,20,1
Machine 1,us,159,4,1140,21,1
Machine 0,us,64,5,1143,19,1
Machine 0,us,33,5,1156,18,1
Machine 1,asia,41,4,1112,18,1
Machine 0,emea,22,5,601,21,1
Machine 0,asia,5,5,1267,21,1
Machine 0,emea,71,4,1209,20,1
Machine 0,asia,73,4,1260,21,1
Machine 1,asia,49,4,1186,21,1
Machine 1,asia,133,4,1257,18,1
Machine 1,asia,226,3,1349,21,1
Machine 0,asia,242,4,638,21,1
Machine 1,asia,53,5,883,21,1
Machine 0,asia,236,4,1441,18,1
Machine 0,asia,209,4,1469,20,1
Machine 0,asia,10,5,1183,19,1
Machine 0,emea,102,4,503,19,1
Machine 0,emea,50,5,521,21,1
Machine 1,us,61,3,495,18,1
Machine 0,asia,230,4,601,21,1
Machine 1,us,52,5,546,20,1
Machine 0,us,225,4,553,21,1
Machine 0,us,62,3,505,21,1
Machine 1,asia,216,4,752,20,1
Machine 1,asia,234,4,698,19,1
Machine 1,us,199,4,630,20,1
Machine 0,asia,96,4,624,19,1
Machine 1,us,43,3,653,20,1
Machine 1,us,174,4,563,20,1
Machine 0,emea,124,4,640,19,1
Machine 0,emea,210,3,830,20,1
Machine 0,emea,58,5,775,19,1
Machine 0,us,74,3,846,21,1
Machine 1,asia,7,4,938,18,1
Machine 1,us,167,4,803,21,1
Machine 0,emea,69,5,883,18,1
Machine 0,us,14,4,904,19,1
Machine 1,asia,79,3,918,18,1
Machine 0,emea,217,4,890,19,1
Machine 0,emea,67,3,870,20,1
Machine 0,asia,68,5,974,19,1
Machine 0,asia,39,3,992,21,1
Machine 1,asia,163,5,962,21,1
Machine 1,us,222,4,982,19,1
Machine 1,us,99,4,997,19,1
Machine 1,us,72,5,994,18,1
Machine 0,asia,88,4,1118,19,1
Machine 0,us,28,3,1070,19,1
Machine 0,us,181,4,1109,20,1
Machine 0,asia,198,3,1104,21,1
Machine 1,asia,152,4,1174,21,1
Machine 0,emea,193,3,883,19,1
Machine 0,us,135,5,1108,20,1
Machine 1,asia,87,4,1197,21,1
Machine 0,us,97,5,1191,20,1
Machine 1,asia,145,4,1279,20,1
Machine 0,emea,44,5,1216,19,1
Machine 0,emea,20,5,1066,19,1
Machine 1,us,26,5,1020,21,1
Machine 1,us,75,4,1260,19,1
Machine 0,emea,27,5,1289,18,1
Machine 1,us,34,5,1325,19,1
Machine 1,asia,191,4,1354,19,1
Machine 0,asia,89,5,1215,21,1
Machine 1,us,9,5,1320,18,1
Machine 0,us,35,5,1348,19,1
Machine 0,us,24,5,1118,21,1
Machine 1,asia,106,4,1126,19,1
Machine 0,us,84,4,1370,21,1
Machine 0,emea,25,5,768,20,1
Machine 0,us,166,5,1197,20,1
Machine 1,asia,82,5,1366,21,1
Machine 1,us,11,4,1177,19,1
Machine 0,asia,114,4,1433,19,1
Machine 0,us,139,4,1238,18,1
Machine 0,asia,121,4,1447,21,1
Machine 1,asia,91,4,1498,20,1
Machine 1,asia,179,4,1513,19,1
Machine 0,asia,125,4,1522,21,1
Machine 0,emea,92,4,1032,19,1
Machine 0,asia,48,5,1587,19,1
Machine 0,asia,12,5,1367,20,1
Machine 1,us,123,4,1367,21,1
Machine 0,asia,56,5,1391,18,1
Machine 1,asia,138,4,1419,21,1
Machine 1,asia,18,5,1536,21,1
Machine 1,asia,29,5,890,20,1
Machine 0,us,104,4,785,18,1
Machine 0,asia,185,4,939,21,1
Machine 1,asia,214,3,885,21,1
Machine 0,us,107,4,845,18,1
Machine 0,us,120,5,893,18,1
Machine 1,us,204,5,874,21,1
Machine 0,us,169,3,885,21,1
Machine 0,emea,156,4,932,18,1
Machine 0,us,36,5,991,18,1
Machine 1,asia,178,5,978,21,1
Machine 0,asia,51,5,1067,18,1
Machine 0,us,109,4,1043,18,1
Machine 0,emea,103,5,1062,19,1
Machine 0,emea,105,4,1117,18,1
Machine 1,asia,207,5,1090,18,1
Machine 0,asia,241,4,1178,21,1
Machine 0,asia,85,5,1159,21,1
Machine 1,us,31,5,1190,19,1
Machine 0,emea,83,3,1118,21,1
Machine 0,emea,188,5,1186,18,1
Machine 1,us,148,5,1274,19,1
Machine 1,us,37,5,1132,18,1
Machine 0,emea,177,3,1187,19,1
Machine 0,emea,127,4,1163,19,1
Machine 0,us,142,3,1271,19,1
Machine 1,asia,119,5,1309,21,1
Machine 0,us,211,4,1322,20,1
Machine 1,us,224,4,1155,19,1
Machine 0,emea,189,1,709,19,1
Machine 1,asia,136,5,1279,20,1
Machine 1,us,94,3,1318,18,1
Machine 1,us,95,5,1354,19,1
Machine 0,emea,149,4,1215,18,1
Machine 0,emea,153,4,1355,21,1
Machine 0,asia,15,5,1393,18,1
Machine 1,us,176,3,1368,20,1
Machine 0,emea,197,5,1388,20,1
Machine 0,asia,228,5,1460,19,1
Machine 1,us,6,5,1340,21,1
Machine 0,us,239,4,1454,20,1
Machine 0,us,17,5,1400,21,1
Machine 0,asia,63,5,1540,18,1
Machine 1,us,206,4,1497,18,1
Machine 1,us,232,4,1424,18,1
Machine 0,emea,221,5,1344,19,1
Machine 0,emea,194,1,1164,20,1
Machine 0,emea,212,5,1209,19,1
Machine 1,us,112,1,1424,21,1
Machine 1,asia,47,4,1631,20,1
Machine 0,us,247,4,1575,21,1
Machine 0,asia,60,5,1564,20,1
Machine 1,us,170,5,1410,21,1
Machine 0,us,223,1,1191,18,1
Machine 0,asia,238,4,1467,19,1
Machine 0,asia,21,5,1473,19,1
Machine 1,us,227,1,943,21,1
Machine 0,emea,144,1,418,21,1
Machine 0,emea,249,5,468,18,1
Machine 0,us,203,1,1408,21,1
Machine 1,us,172,1,756,19,1
Machine 0,asia,66,5,1603,20,1
Machine 0,asia,45,5,1393,18,1
Machine 1,asia,231,4,1519,20,1
Machine 1,asia,248,5,1513,18,1
Machine 0,emea,0,6,377,21,1
Machine 0,us,128,4,1470,19,1
Machine 1,us,122,5,1520,18,1
Machine 0,asia,116,4,1695,21,1
Machine 0,us,183,1,500,20,1
Machine 0,emea,113,5,473,20,1
Machine 1,us,93,5,435,18,1
Machine 1,asia,229,4,1600,21,1
Machine 0,asia,246,1,626,18,1
Machine 0,emea,184,1,467,21,1
Machine 1,asia,57,5,1697,18,1
Machine 0,emea,77,5,1519,21,1
Machine 0,us,244,5,438,20,1
Machine 1,us,117,5,414,18,1
Machine 1,us,182,1,608,18,1
Machine 1,asia,54,5,1857,21,1
Machine 1,asia,132,4,1788,19,1
Machine 0,asia,30,5,771,21,1
Machine 1,us,195,5,495,21,1
Machine 1,us,147,5,506,19,1
Machine 1,us,19,6,511,20,1
Machine 0,emea,155,4,489,19,1
Machine 0,us,158,5,558,18,1
Machine 0,asia,46,5,672,21,1
Machine 0,emea,133,5,411,18,1
Machine 1,asia,32,5,632,18,1
Machine 0,us,240,5,558,18,1
Machine 0,asia,196,4,655,18,1
Machine 1,asia,187,5,676,20,1
Machine 1,us,33,6,620,18,1
Machine 0,us,41,5,611,18,1
Machine 0,us,49,5,571,18,1
Machine 1,us,73,5,536,20,1
Machine 1,asia,5,6,732,20,1
Machine 1,asia,190,5,713,18,1
Machine 0,emea,22,6,652,20,1
Machine 1,asia,159,5,797,18,1
Machine 0,us,236,5,536,19,1
Machine 0,emea,209,5,483,19,1
Machine 1,us,53,6,537,18,1
Machine 0,asia,64,6,865,21,1
Machine 0,emea,230,5,594,18,1
Machine 1,us,157,1,612,21,1
Machine 1,us,62,4,581,21,1
Machine 1,asia,10,6,660,21,1
Machine 0,asia,242,5,691,18,1
Machine 0,us,213,1,625,21,1
Machine 1,us,50,6,670,21,1
Machine 0,emea,154,1,633,18,1
Machine 0,asia,225,5,700,20,1
Machine 0,us,61,4,707,20,1
Machine 1,asia,226,4,811,21,1
Machine 1,asia,52,6,803,20,1
Machine 1,asia,100,1,762,18,1
Machine 1,us,74,4,678,19,1
Machine 0,asia,201,1,797,19,1
Machine 0,asia,141,1,860,20,1
Machine 1,us,237,1,763,19,1
Machine 0,asia,102,5,896,21,1
Machine 0,us,174,5,762,19,1
Machine 0,us,218,1,917,21,1
Machine 0,emea,173,5,617,21,1
Machine 1,us,202,1,857,18,1
Machine 0,asia,101,1,925,20,1
Machine 1,asia,200,1,922,19,1
Machine 0,asia,146,1,949,20,1
Machine 0,us,7,5,883,21,1
Machine 0,asia,58,6,921,21,1
Machine 1,asia,115,1,978,21,1
Machine 1,asia,118,5,996,18,1
Machine 1,asia,199,5,1027,20,1
Machine 1,asia,210,4,1055,18,1
Machine 1,asia,69,6,985,20,1
Machine 0,asia,186,1,1142,21,1
Machine 0,asia,14,5,1044,18,1
Machine 0,us,222,5,812,21,1
Machine 0,us,217,5,961,21,1
Machine 1,asia,68,6,911,19,1
Machine 0,emea,55,5,603,20,1
Machine 0,us,220,5,636,19,1
Machine 0,asia,39,4,965,21,1
Machine 0,emea,76,5,645,18,1
Machine 0,emea,99,5,724,19,1
Machine 0,asia,137,5,714,19,1
Machine 0,us,81,5,853,20,1
Machine 0,us,87,5,727,18,1
Machine 0,us,181,5,761,19,1
Machine 1,asia,245,5,806,19,1
Machine 1,us,28,4,788,21,1
Machine 0,us,89,6,696,18,1
Machine 0,emea,97,6,770,18,1
Machine 1,asia,130,1,862,21,1
Machine 1,asia,72,6,886,19,1
Machine 0,asia,88,5,965,21,1
Machine 0,emea,198,4,873,19,1
Machine 0,emea,75,5,845,21,1
Machine 0,emea,124,5,819,21,1
Machine 1,us,20,6,943,21,1
Machine 0,emea,171,4,819,21,1
Machine 1,us,135,6,965,19,1
Machine 0,emea,164,5,860,20,1
Machine 0,us,216,5,1001,20,1
Machine 1,asia,27,6,1003,21,1
Machine 0,asia,59,6,1006,21,1
Machine 0,emea,234,5,904,21,1
Machine 0,asia,193,4,1053,20,1
Machine 0,us,13,5,966,21,1
Machine 1,us,43,4,649,21,1
Machine 0,asia,44,6,1029,21,1
Machine 0,asia,34,6,1013,20,1
Machine 0,asia,71,5,1121,20,1
Machine 1,asia,152,5,1086,18,1
Machine 0,emea,167,5,413,19,1
Machine 0,emea,9,6,491,21,1
Machine 0,us,65,4,1050,19,1
Machine 0,us,16,2,1009,18,1
Machine 0,us,26,6,1088,19,1
Machine 1,asia,131,4,988,21,1
Machine 1,us,163,6,466,21,1
Machine 0,emea,67,4,492,18,1
Machine 1,us,191,5,1141,21,1
Machine 1,us,79,4,530,19,1
Machine 1,us,11,5,524,18,1
Machine 1,asia,145,5,1290,21,1
Machine 1,asia,35,6,633,21,1
Machine 0,asia,96,5,1182,19,1
Machine 0,us,84,5,705,19,1
Machine 0,us,42,4,712,20,1
Machine 1,us,179,5,582,21,1
Machine 0,emea,25,6,704,20,1
Machine 0,us,114,5,672,19,1
Machine 0,asia,82,6,827,18,1
Machine 0,emea,139,5,564,21,1
Machine 0,asia,24,6,842,18,1
Machine 1,us,106,5,728,21,1
Machine 0,emea,92,5,600,20,1
Machine 1,us,123,5,607,21,1
Machine 1,asia,121,5,772,19,1
Machine 0,us,56,6,588,19,1
Machine 0,asia,91,5,683,20,1
Machine 0,us,125,5,673,18,1
Machine 1,us,205,5,636,19,1
Machine 1,asia,166,6,1033,21,1
Machine 1,us,51,6,624,18,1
Machine 0,emea,103,6,651,20,1
Machine 0,us,185,5,753,21,1
Machine 0,asia,120,6,881,18,1
Machine 0,us,148,6,709,21,1
Machine 0,asia,12,6,827,21,1
Machine 0,emea,156,5,929,20,1
Machine 1,us,241,5,832,21,1
Machine 1,us,17,6,617,18,1
Machine 0,asia,207,6,923,19,1
Machine 0,us,63,6,865,18,1
Machine 1,us,160,3,918,19,1
Machine 1,asia,36,6,1014,18,1
Machine 0,us,169,4,1016,20,1
Machine 1,asia,48,6,1050,20,1
Machine 1,asia,107,5,1025,19,1
Machine 0,us,23,5,1025,20,1
Machine 0,emea,149,5,944,19,1
Machine 0,asia,178,6,985,19,1
Machine 0,asia,239,5,1075,19,1
Machine 0,asia,15,6,1055,19,1
Machine 1,asia,105,5,1144,18,1
Machine 1,asia,127,5,1176,21,1
Machine 0,us,212,6,514,21,1
Machine 0,us,90,5,1289,21,1
Machine 0,us,109,5,1224,21,1
Machine 1,asia,83,4,1214,18,1
Machine 0,emea,206,5,954,18,1
Machine 0,us,122,6,827,21,1
Machine 0,asia,188,6,1416,20,1
Machine 1,us,227,2,918,19,1
Machine 1,asia,4,6,1412,19,1
Machine 0,emea,223,2,944,20,1
Machine 0,emea,231,5,931,18,1
Machine 0,emea,112,2,1098,18,1
Machine 0,emea,62,5,990,19,1
Machine 0,us,45,6,1062,20,1
Machine 0,us,158,6,1113,21,1
Machine 0,emea,116,5,1134,18,1
Machine 0,us,175,5,1088,18,1
Machine 0,us,244,6,1136,20,1
Machine 1,asia,47,5,1174,18,1
Machine 0,emea,246,2,1150,21,1
Machine 1,us,226,5,1033,19,1
Machine 1,asia,33,7,1115,21,1
Machine 0,emea,46,6,1193,19,1
Machine 0,asia,242,6,1128,19,1
Machine 1,us,60,6,1260,18,1
Machine 0,emea,5,7,1148,20,1
Machine 1,asia,232,5,1272,18,1
Machine 0,asia,221,6,1275,21,1
Machine 1,asia,203,2,1252,19,1
Machine 0,emea,100,2,842,20,1
Machine 0,us,144,2,1260,21,1
Machine 0,asia,172,2,1292,21,1
Machine 0,us,229,5,1264,18,1
Machine 1,us,155,5,1252,18,1
Machine 0,asia,19,7,1266,20,1
Machine 0,us,50,7,1186,21,1
Machine 0,us,211,5,1198,18,1
Machine 0,asia,21,6,1315,18,1
Machine 0,asia,32,6,1284,20,1
Machine 1,asia,10,7,1301,21,1
Machine 0,emea,209,6,1317,20,1
Machine 0,emea,177,4,1334,21,1
Machine 0,us,157,2,1374,21,1
Machine 1,us,235,5,1392,20,1
Machine 0,us,52,7,1098,18,1
Machine 1,us,240,6,1466,18,1
Machine 1,asia,238,5,1531,19,1
Machine 1,us,230,6,1470,18,1
Machine 0,us,95,6,1443,20,1
Machine 1,asia,133,6,1531,21,1
Machine 1,us,132,5,1574,19,1
Machine 0,emea,224,5,522,21,1
Machine 0,emea,154,2,1492,20,1
Machine 0,asia,41,6,1518,19,1
Machine 1,us,159,6,1519,19,1
Machine 1,us,94,4,1513,19,1
Machine 0,asia,136,6,1498,18,1
Machine 1,asia,184,2,1634,20,1
Machine 1,us,37,6,556,21,1
Machine 0,asia,0,7,1651,21,1
Machine 1,asia,190,6,1574,19,1
Machine 1,asia,147,6,1692,20,1
Machine 0,asia,61,5,1674,18,1
Machine 1,asia,225,6,1596,21,1
Machine 1,asia,74,5,886,21,1
Machine 0,us,237,2,765,20,1
Machine 0,asia,201,2,824,21,1
Machine 1,asia,153,5,1742,18,1
Machine 0,asia,142,4,808,19,1
Machine 0,us,197,6,787,20,1
Machine 0,emea,228,6,827,18,1
Machine 1,asia,6,6,832,21,1
Machine 1,us,141,2,1044,20,1
Machine 1,us,176,4,1065,18,1
Machine 0,us,69,7,991,18,1
Machine 1,us,217,6,992,20,1
Machine 0,emea,102,6,1033,19,1
Machine 1,us,119,6,1159,19,1
Machine 1,us,210,5,1106,20,1
Machine 1,us,128,5,1106,18,1
Machine 1,asia,189,2,1212,18,1
Machine 0,asia,57,6,1148,19,1
Machine 0,emea,171,5,1108,18,1
Machine 0,emea,115,2,1150,21,1
Machine 0,emea,186,2,1152,21,1
Machine 0,us,99,6,1132,21,1
Machine 1,us,79,5,1039,21,1
Machine 0,us,58,7,1180,21,1
Machine 0,asia,247,5,1206,21,1
Machine 1,us,216,6,1117,18,1
Machine 0,us,170,6,1076,19,1
Machine 0,emea,145,6,1051,21,1
Machine 1,us,194,2,1195,19,1
Machine 0,emea,55,6,1170,20,1
Machine 0,us,27,7,1142,18,1
Machine 0,emea,179,6,739,21,1
Machine 1,us,7,6,1230,19,1
Machine 0,asia,146,2,1235,20,1
Machine 0,asia,75,6,1180,18,1
Machine 0,asia,222,6,1224,19,1
Machine 0,us,131,5,1177,18,1
Machine 0,us,245,6,1238,20,1
Machine 0,us,20,7,1242,18,1
Machine 0,us,202,2,1279,21,1
Machine 1,us,84,6,1154,18,1
Machine 0,asia,191,6,1227,21,1
Machine 0,asia,39,5,1344,18,1
Machine 0,asia,218,2,1228,18,1
Machine 1,asia,234,6,1298,20,1
Machine 0,us,11,6,1283,20,1
Machine 0,asia,164,6,1331,20,1
Machine 1,asia,135,7,1357,21,1
Machine 1,asia,248,6,1409,20,1
Machine 1,us,76,6,1484,19,1
Machine 1,asia,198,5,1472,20,1
Machine 0,asia,199,6,1521,21,1
Machine 0,emea,249,6,1389,21,1
Machine 0,emea,101,2,1384,18,1
Machine 0,emea,28,5,1537,19,1
Machine 0,asia,87,6,1535,20,1
Machine 0,asia,16,3,1491,21,1
Machine 1,asia,25,7,1045,18,1
Machine 0,us,42,5,1335,18,1
Machine 1,us,173,6,1461,18,1
Machine 1,us,124,6,1604,20,1
Machine 1,asia,174,6,1477,19,1
Machine 0,emea,163,7,1545,20,1
Machine 0,asia,193,5,1660,20,1
Machine 0,us,139,6,606,18,1
Machine 1,asia,200,2,1603,19,1
Machine 1,asia,220,6,1718,20,1
Machine 0,asia,114,6,1117,19,1
Machine 1,asia,67,5,1661,20,1
Machine 1,asia,182,2,1606,19,1
Machine 1,asia,35,7,1638,19,1
Machine 0,asia,71,6,1701,21,1
Machine 1,us,205,6,666,21,1
Machine 0,asia,96,6,1722,20,1
Machine 0,emea,137,6,678,20,1
Machine 1,asia,106,6,763,20,1
Machine 1,us,82,7,763,19,1
Machine 0,emea,138,5,709,21,1
Machine 0,emea,51,7,726,19,1
Machine 0,us,166,7,764,19,1
Machine 0,asia,97,7,1937,19,1
Machine 1,asia,91,6,835,21,1
Machine 1,asia,103,7,812,19,1
Machine 0,emea,24,7,864,21,1
Machine 1,asia,81,6,834,20,1
Machine 0,emea,214,4,781,20,1
Machine 1,us,104,5,834,18,1
Machine 0,emea,59,7,772,21,1
Machine 0,us,72,7,803,19,1
Machine 0,us,148,7,838,18,1
Machine 0,asia,125,6,946,21,1
Machine 1,us,17,7,820,19,1
Machine 1,us,181,6,943,18,1
Machine 1,asia,18,6,1100,19,1
Machine 0,asia,185,6,1064,18,1
Machine 1,us,26,7,1010,19,1
Machine 1,asia,34,7,947,20,1
Machine 0,emea,88,6,1035,18,1
Machine 1,asia,89,7,1079,18,1
Machine 1,us,13,6,1044,20,1
Machine 0,emea,12,7,1131,19,1
Machine 0,us,167,6,1043,20,1
Machine 1,us,120,7,1169,18,1
Machine 0,us,43,5,1166,21,1
Machine 1,asia,183,2,1138,19,1
Machine 0,us,85,6,1271,21,1
Machine 0,asia,29,6,1342,20,1
Machine 1,us,152,6,1273,18,1
Machine 1,us,77,6,1255,21,1
Machine 0,emea,44,7,1317,18,1
Machine 1,asia,65,5,1318,19,1
Machine 1,us,93,6,1044,18,1
Machine 0,emea,9,7,1330,20,1
Machine 0,asia,241,6,1271,19,1
Machine 0,emea,109,6,700,21,1
Machine 0,us,207,7,1438,19,1
Machine 1,us,130,2,1488,19,1
Machine 0,emea,31,6,1496,19,1
Machine 1,asia,156,6,1450,21,1
Machine 1,us,66,6,1092,18,1
Machine 0,us,239,6,848,21,1
Machine 0,emea,117,6,895,20,1
Machine 0,emea,63,7,867,20,1
Machine 0,asia,54,6,1562,18,1
Machine 0,us,30,6,1043,20,1
Machine 1,us,178,7,1131,19,1
Machine 0,us,175,6,1092,20,1
Machine 1,us,204,6,1762,21,1
Machine 1,asia,160,4,1159,20,1
Machine 0,us,73,6,1190,19,1
Machine 0,emea,62,6,1051,18,1
Machine 1,us,144,3,1089,19,1
Machine 0,emea,221,7,1093,19,1
Machine 0,emea,195,6,1194,18,1
Machine 0,us,48,7,1144,21,1
Machine 0,emea,244,7,1119,21,1
Machine 0,emea,15,7,1206,19,1
Machine 1,us,49,6,1235,20,1
Machine 0,emea,187,6,1239,21,1
Machine 1,us,212,7,1289,19,1
Machine 0,emea,46,7,1108,19,1
Machine 0,us,196,5,1255,21,1
Machine 0,us,33,8,1231,20,1
Machine 1,asia,242,7,1115,19,1
Machine 0,asia,113,6,1439,19,1
Machine 0,asia,246,3,1306,21,1
Machine 0,emea,208,5,1237,19,1
Machine 1,us,5,8,1298,20,1
Machine 1,asia,45,7,1385,21,1
Machine 0,emea,150,5,1281,18,1
Machine 0,us,90,6,1393,18,1
Machine 0,asia,60,7,1315,20,1
Machine 0,asia,64,7,1356,18,1
Machine 0,asia,233,4,1367,19,1
Machine 0,us,232,6,1368,21,1
Machine 1,asia,105,6,1446,19,1
Machine 1,asia,32,7,1316,20,1
Machine 0,emea,21,7,1350,21,1
Machine 1,us,226,6,1417,18,1
Machine 1,us,78,5,1392,18,1
Machine 1,us,116,6,1493,18,1
Machine 0,emea,229,6,1410,21,1
Machine 1,asia,47,6,1490,18,1
Machine 0,us,165,5,1436,20,1
Machine 0,emea,157,3,1245,21,1
Machine 0,us,236,6,1513,19,1
Machine 1,us,209,7,1461,21,1
Machine 0,emea,3,6,1484,19,1
Machine 1,us,108,5,1492,18,1
Machine 0,us,86,5,1520,19,1
Machine 0,us,172,3,1550,21,1
Machine 0,us,177,5,1530,19,1
Machine 1,us,50,8,1582,21,1
Machine 0,asia,10,8,1567,18,1
Machine 0,asia,127,6,1706,21,1
Machine 1,asia,192,5,1604,18,1
Machine 0,us,211,6,1613,21,1
Machine 0,asia,134,5,1636,21,1
Machine 1,us,213,2,1645,19,1
Machine 0,asia,219,5,856,21,1
Machine 0,asia,8,6,1680,19,1
Machine 1,asia,155,6,1699,21,1
Machine 0,asia,100,3,1744,21,1
Machine 1,asia,53,7,1764,20,1
Machine 0,emea,107,6,700,18,1
Machine 1,asia,203,3,1712,20,1
Machine 1,asia,168,5,1730,20,1
Machine 1,asia,118,6,757,21,1
Machine 0,emea,230,7,747,18,1
Machine 1,asia,23,6,1965,21,1
Machine 1,us,240,7,810,18,1
Machine 0,us,68,7,885,19,1
Machine 0,asia,19,8,1977,21,1
Machine 0,us,112,3,951,19,1
Machine 1,asia,14,6,931,18,1
Machine 0,asia,36,7,886,20,1
Machine 0,emea,154,3,823,18,1
Machine 1,asia,83,5,982,20,1
Machine 0,asia,158,7,2175,18,1
Machine 1,asia,235,6,1180,18,1
Machine 0,us,224,6,1028,19,1
Machine 0,us,147,7,971,20,1
Machine 0,emea,227,3,999,19,1
Machine 0,emea,153,6,971,18,1
Machine 1,us,169,5,1129,21,1
Machine 1,us,231,6,1082,19,1
Machine 0,asia,52,8,1037,20,1
Machine 0,asia,159,7,1100,18,1
Machine 1,us,132,6,1140,21,1
Machine 1,us,99,7,1045,21,1
Machine 1,asia,4,7,1125,18,1
Machine 0,asia,133,7,1091,19,1
Machine 0,us,136,7,1105,20,1
Machine 1,us,228,7,1088,18,1
Machine 0,us,102,7,1100,20,1
Machine 0,asia,69,8,1141,20,1
Machine 1,us,190,7,1134,19,1
Machine 0,emea,171,6,1123,18,1
Machine 1,asia,225,7,1171,19,1
Machine 1,us,217,7,1154,18,1
Machine 1,asia,95,7,1219,20,1
Machine 0,emea,61,6,1208,21,1
Machine 0,emea,146,3,1053,21,1
Machine 0,asia,186,3,1165,20,1
Machine 1,us,170,7,1174,18,1
Machine 1,us,237,3,1237,18,1
Machine 1,asia,75,7,1189,20,1
Machine 0,us,57,7,1205,20,1
Machine 0,asia,149,6,1348,18,1
Machine 1,us,131,6,1213,18,1
Machine 1,asia,41,7,1366,19,1
Machine 0,us,79,6,1297,18,1
Machine 0,asia,27,8,1244,19,1
Machine 1,asia,247,6,1298,19,1
Machine 0,us,7,7,1330,21,1
Machine 0,us,145,7,1335,20,1
Machine 0,us,39,6,958,19,1
Machine 1,us,179,7,1361,18,1
Machine 0,emea,58,8,1313,21,1
Machine 0,asia,197,7,1484,20,1
Machine 1,asia,115,3,1437,20,1
Machine 1,us,189,3,1460,18,1
Machine 0,emea,248,7,593,19,1
Machine 0,us,249,7,547,20,1
Machine 0,emea,119,7,1473,21,1
Machine 0,asia,222,7,1419,21,1
Machine 1,asia,210,6,1621,20,1
Machine 0,asia,128,6,1500,19,1
Machine 0,emea,42,6,556,20,1
Machine 1,asia,234,7,1165,18,1
Machine 1,asia,202,3,1285,19,1
Machine 1,us,199,7,703,20,1
Machine 0,asia,216,7,1499,18,1
Machine 1,us,174,7,743,19,1
Machine 1,us,71,7,732,18,1
Machine 0,us,25,8,763,19,1
Machine 0,us,163,8,749,18,1
Machine 0,emea,51,8,707,21,1
Machine 0,emea,24,8,752,18,1
Machine 1,us,82,8,787,21,1
Machine 1,asia,173,7,934,18,1
Machine 0,us,138,6,798,18,1
Machine 0,asia,124,7,780,20,1
Machine 0,emea,193,6,771,18,1
Machine 0,us,205,7,826,19,1
Machine 1,us,104,6,803,21,1
Machine 0,asia,200,3,924,19,1
Machine 0,emea,141,3,443,18,1
Machine 1,asia,139,7,978,20,1
Machine 0,asia,97,8,941,21,1
Machine 0,asia,214,5,906,18,1
Machine 0,us,103,8,901,21,1
Machine 0,emea,101,3,965,18,1
Machine 0,emea,72,8,977,19,1
Machine 0,emea,184,3,956,18,1
Machine 0,us,201,3,982,18,1
Machine 0,us,59,8,1007,21,1
Machine 1,us,17,8,996,19,1
Machine 1,asia,148,8,1001,19,1
Machine 1,asia,166,8,1129,21,1
Machine 1,us,91,7,1060,18,1
Machine 0,asia,1,4,1071,21,1
Machine 0,emea,67,6,1162,18,1
Machine 0,us,181,7,1116,21,1
Machine 0,emea,194,3,468,19,1
Machine 0,us,162,3,510,19,1
Machine 1,us,94,5,1108,21,1
Machine 0,asia,0,8,1225,18,1
Machine 0,us,6,7,550,21,1
Machine 0,asia,125,7,1237,18,1
Machine 0,emea,18,7,521,19,1
Machine 1,asia,37,7,1112,19,1
Machine 1,asia,176,5,702,21,1
Machine 1,asia,142,5,777,18,1
Machine 0,asia,74,6,1285,18,1
Machine 0,emea,70,4,690,18,1
Machine 0,emea,20,8,681,20,1
Machine 0,emea,218,3,657,21,1
Machine 1,us,191,7,703,19,1
Machine 1,asia,55,7,718,21,1
Machine 0,us,245,7,700,19,1
Machine 0,asia,143,3,729,18,1
Machine 0,asia,84,7,740,18,1
Machine 0,emea,96,7,653,20,1
Machine 1,us,164,7,685,19,1
Machine 1,asia,38,4,811,19,1
Machine 0,emea,43,6,670,19,1
Machine 1,us,34,8,732,19,1
Machine 0,us,88,7,728,21,1
Machine 1,us,167,7,695,18,1
Machine 0,us,114,7,691,19,1
Machine 0,asia,26,8,817,18,1
Machine 1,asia,185,7,817,20,1
Machine 0,emea,77,7,495,21,1
Machine 0,us,135,8,764,20,1
Machine 0,emea,89,8,793,20,1
Machine 1,us,16,4,762,18,1
Machine 0,us,120,8,783,19,1
Machine 0,asia,198,6,826,18,1
Machine 1,us,29,7,632,18,1
Machine 1,asia,76,7,847,19,1
Machine 0,us,9,8,490,19,1
Machine 0,us,152,7,670,19,1
Machine 1,asia,28,6,908,18,1
Machine 1,us,130,3,460,20,1
Machine 0,asia,11,7,985,18,1
Machine 0,asia,223,3,954,18,1
Machine 0,asia,87,7,936,18,1
Machine 1,asia,183,3,996,21,1
Machine 0,asia,207,8,605,19,1
Machine 1,us,117,7,429,20,1
Machine 0,emea,156,7,491,19,1
Machine 0,asia,85,7,996,20,1
Machine 0,asia,65,6,818,19,1
Machine 0,us,31,7,545,20,1
Machine 0,emea,54,7,509,20,1
Machine 1,asia,109,7,789,21,1
Machine 1,asia,44,8,806,21,1
Machine 0,emea,160,5,570,19,1
Machine 1,asia,30,7,613,20,1
Machine 0,asia,239,7,673,21,1
Machine 0,emea,187,7,662,20,1
Machine 0,us,63,8,623,18,1
Machine 0,us,204,7,694,21,1
Machine 1,us,175,7,681,21,1
Machine 1,asia,66,7,730,20,1
Machine 0,asia,62,7,759,20,1
Machine 0,asia,178,8,772,20,1
Machine 1,us,15,8,676,20,1
Machine 1,us,196,6,724,18,1
Machine 0,emea,195,7,776,20,1
Machine 0,us,221,8,809,18,1
Machine 1,us,208,6,594,20,1
Machine 1,us,144,4,818,19,1
Machine 1,asia,73,7,882,20,1
Machine 0,asia,46,8,884,19,1
Machine 0,us,5,9,637,19,1
Machine 0,emea,242,8,824,21,1
Machine 0,emea,45,8,691,18,1
Machine 0,emea,241,7,645,20,1
Machine 0,us,33,9,808,19,1
Machine 0,asia,244,8,962,19,1
Machine 0,us,49,7,1010,18,1
Machine 1,asia,48,8,972,20,1
Machine 1,us,220,7,770,19,1
Machine 0,us,188,7,872,19,1
Machine 0,asia,206,6,802,20,1
Machine 0,us,111,4,686,18,1
Machine 0,us,21,8,775,21,1
Machine 1,us,60,8,836,19,1
Machine 1,asia,212,8,1014,18,1
Machine 1,us,209,8,470,20,1
Machine 1,us,32,8,863,21,1
Machine 0,asia,246,4,901,20,1
Machine 0,asia,35,8,994,21,1
Machine 0,asia,90,7,985,19,1
Machine 0,emea,165,6,779,18,1
Machine 0,us,238,6,855,21,1
Machine 0,us,3,7,556,21,1
Machine 1,asia,113,7,1121,19,1
Machine 1,asia,232,7,990,18,1
Machine 1,asia,150,6,1114,18,1
Machine 0,emea,108,6,611,21,1
Machine 1,us,211,7,621,20,1
Machine 0,emea,10,9,714,20,1
Machine 0,asia,236,7,834,21,1
Machine 0,us,50,9,768,18,1
Machine 0,asia,105,7,1240,18,1
Machine 1,asia,157,4,785,21,1
Machine 1,us,155,7,758,21,1
Machine 0,emea,213,3,769,21,1
Machine 0,emea,112,4,742,18,1
Machine 1,us,177,6,832,20,1
Machine 0,us,19,9,741,18,1
Machine 0,asia,192,6,854,20,1
Machine 1,asia,127,7,831,20,1
Machine 0,asia,172,4,826,20,1
Machine 0,us,227,4,766,18,1
Machine 1,us,68,8,834,18,1
Machine 0,us,83,6,800,19,1
Machine 1,us,52,9,792,18,1
Machine 0,us,134,6,884,20,1
Machine 0,us,64,8,859,20,1
Machine 0,emea,225,8,863,21,1
Machine 1,asia,219,6,934,18,1
Machine 0,emea,226,7,765,18,1
Machine 0,emea,153,7,896,19,1
Machine 1,asia,86,6,1029,20,1
Machine 0,asia,8,7,1025,20,1
Machine 1,us,154,4,972,19,1
Machine 1,us,75,8,640,18,1
Machine 0,emea,158,8,1028,21,1
Machine 0,asia,231,7,1035,21,1
Machine 0,asia,240,8,1045,18,1
Machine 0,emea,149,7,616,20,1
Machine 1,asia,23,7,1104,21,1
Machine 1,asia,14,7,1054,20,1
Machine 1,asia,169,6,1161,20,1
Machine 0,us,57,8,611,18,1
Machine 1,us,61,7,1127,20,1
Machine 1,asia,235,7,1165,18,1
Machine 0,asia,224,7,1189,20,1
Machine 1,us,79,7,714,21,1
Machine 1,asia,182,3,1203,19,1
Machine 0,asia,237,4,940,20,1
Machine 0,us,27,9,614,21,1
Machine 1,asia,131,7,913,18,1
Machine 0,asia,36,8,1371,21,1
Machine 0,emea,247,7,635,18,1
Machine 0,asia,41,8,818,21,1
Machine 1,asia,78,6,756,20,1
Machine 0,asia,145,8,712,19,1
Machine 0,emea,193,7,707,20,1
Machine 1,us,163,9,723,18,1
Machine 1,us,39,7,747,18,1
Machine 0,emea,24,9,756,20,1
Machine 0,emea,249,8,796,21,1
Machine 0,emea,139,8,730,19,1
Machine 1,us,189,4,824,19,1
Machine 0,emea,72,9,731,19,1
Machine 0,asia,116,7,776,20,1
Machine 0,us,47,7,780,19,1
Machine 1,us,138,7,825,18,1
Machine 0,us,128,7,822,19,1
Machine 1,us,200,4,828,19,1
Machine 0,asia,25,9,881,21,1
Machine 1,asia,71,8,903,19,1
Machine 1,us,229,7,899,19,1
Machine 0,us,171,7,843,20,1
Machine 0,us,17,9,899,21,1
Machine 1,us,103,9,910,21,1
Machine 1,asia,197,8,955,19,1
Machine 0,us,141,4,979,20,1
Machine 1,asia,205,8,1002,19,1
Machine 0,emea,181,8,737,20,1
Machine 0,asia,203,4,994,21,1
Machine 1,us,168,6,984,21,1
Machine 0,emea,142,6,484,18,1
Machine 0,us,176,6,538,21,1
Machine 0,us,100,4,1010,19,1
Machine 0,emea,148,9,935,20,1
Machine 1,us,37,8,675,19,1
Machine 1,asia,107,7,1030,19,1
Machine 1,asia,166,9,1005,19,1
Machine 1,asia,97,9,1146,19,1
Machine 0,asia,201,4,1127,18,1
Machine 1,asia,125,8,995,19,1
Machine 0,asia,18,8,992,20,1
Machine 0,us,218,4,585,20,1
Machine 1,us,20,9,609,20,1
Machine 0,asia,91,8,1201,18,1
Machine 0,emea,88,8,622,20,1
Machine 1,asia,74,7,765,18,1
Machine 0,emea,191,8,734,21,1
Machine 1,us,143,4,693,18,1
Machine 1,asia,55,8,750,21,1
Machine 0,us,84,8,741,20,1
Machine 0,us,34,9,819,18,1
Machine 0,asia,70,5,867,21,1
Machine 0,asia,245,8,830,18,1
Machine 0,emea,77,8,734,19,1
Machine 1,us,26,9,780,18,1
Machine 0,us,124,8,764,18,1
Machine 0,us,185,8,802,19,1
Machine 0,emea,96,8,890,21,1
Machine 0,asia,114,8,854,19,1
Machine 1,us,16,5,849,21,1
Machine 1,asia,167,8,913,21,1
Machine 1,asia,164,8,941,19,1
Machine 0,emea,42,7,859,19,1
Machine 0,emea,186,4,851,19,1
Machine 0,emea,28,7,898,20,1
Machine 0,emea,58,9,875,18,1
Machine 0,emea,198,7,1008,19,1
Machine 0,us,101,4,871,18,1
Machine 1,us,223,4,996,21,1
Machine 1,us,59,9,867,19,1
Machine 1,us,9,9,1037,19,1
Machine 1,asia,135,9,1105,18,1
Machine 0,asia,95,8,1092,19,1
Machine 1,asia,7,8,1087,19,1
Machine 1,us,93,7,1006,20,1
Machine 0,emea,65,7,709,20,1
Machine 0,asia,11,8,1098,19,1
Machine 1,us,199,8,1126,19,1
Machine 0,us,179,8,852,20,1
Machine 0,us,87,8,1186,20,1
Machine 1,us,109,8,477,20,1
Machine 0,emea,160,6,464,19,1
Machine 0,us,44,9,497,19,1
Machine 0,asia,202,4,1308,20,1
Machine 0,asia,76,8,1350,20,1
Machine 0,asia,222,8,1332,18,1
Machine 0,asia,54,8,815,19,1
Machine 1,asia,184,4,1112,19,1
Machine 1,asia,119,8,1376,21,1
Machine 1,asia,207,9,1303,18,1
Machine 0,asia,104,7,1397,19,1
Machine 1,us,187,8,579,20,1
Machine 1,us,62,8,575,21,1
Machine 0,us,51,9,604,19,1
Machine 0,us,178,9,578,21,1
Machine 0,us,67,7,614,18,1
Machine 0,emea,15,9,655,20,1
Machine 0,us,208,7,637,20,1
Machine 0,us,63,9,668,21,1
Machine 0,emea,144,5,637,19,1
Machine 1,asia,234,8,1538,20,1
Machine 1,asia,82,9,761,21,1
Machine 1,us,221,9,688,20,1
Machine 0,us,0,9,733,19,1
Machine 1,asia,30,8,820,18,1
Machine 1,us,94,6,744,18,1
Machine 1,us,5,10,646,20,1
Machine 1,asia,196,7,823,20,1
Machine 0,asia,195,8,814,20,1
Machine 1,asia,175,8,842,20,1
Machine 1,us,1,5,836,18,1
Machine 0,emea,6,8,786,21,1
Machine 0,emea,45,9,561,20,1
Machine 1,asia,73,8,849,18,1
Machine 0,asia,162,4,899,18,1
Machine 0,asia,173,8,997,18,1
Machine 0,us,242,9,750,21,1
Machine 1,us,43,7,531,18,1
Machine 0,asia,46,9,915,21,1
Machine 1,asia,241,8,753,20,1
Machine 1,asia,194,4,1063,21,1
Machine 0,emea,48,9,513,18,1
Machine 0,asia,38,5,616,20,1
Machine 1,us,210,7,541,18,1
Machine 0,us,49,8,557,18,1
Machine 1,us,209,9,538,21,1
Machine 0,us,111,5,566,21,1
Machine 1,us,206,7,569,19,1
Machine 0,emea,3,8,511,18,1
Machine 1,us,244,9,644,21,1
Machine 0,asia,33,10,651,20,1
Machine 0,emea,211,8,555,19,1
Machine 0,us,159,8,646,18,1
Machine 1,us,150,7,642,18,1
Machine 1,us,50,10,634,20,1
Machine 0,us,105,8,631,21,1
Machine 1,asia,102,8,782,21,1
Machine 0,us,177,7,555,20,1
Machine 1,us,112,5,672,20,1
Machine 0,emea,68,9,496,19,1
Machine 0,us,108,7,765,19,1
Machine 1,asia,35,9,786,20,1
Machine 0,asia,4,8,784,21,1
Machine 0,asia,236,8,771,19,1
Machine 0,asia,89,9,801,18,1
Machine 1,asia,113,8,768,20,1
Machine 1,us,172,5,513,19,1
Machine 0,us,227,5,670,19,1
Machine 0,asia,232,8,827,21,1
Machine 0,us,85,8,801,20,1
Machine 1,asia,192,7,739,20,1
Machine 0,us,64,9,469,18,1
Machine 0,asia,213,4,836,19,1
Machine 0,emea,225,9,389,18,1
Machine 0,asia,52,10,600,21,1
Machine 0,emea,132,7,506,21,1
Machine 1,us,190,8,559,18,1
Machine 0,us,86,7,613,19,1
Machine 1,us,153,8,616,21,1
Machine 1,asia,31,8,701,20,1
Machine 0,asia,226,8,676,18,1
Machine 0,asia,69,9,705,19,1
Machine 0,us,136,8,699,21,1
Machine 1,us,156,8,696,19,1
Machine 0,asia,239,8,750,18,1
Machine 1,asia,83,7,861,18,1
Machine 0,us,146,4,748,20,1
Machine 1,asia,219,7,827,20,1
Machine 0,us,36,9,696,21,1
Machine 0,us,231,8,785,21,1
Machine 0,emea,182,4,738,21,1
Machine 1,asia,154,5,836,21,1
Machine 0,us,79,8,768,18,1
Machine 0,emea,21,9,759,19,1
Machine 1,asia,149,8,834,18,1
Machine 1,asia,217,8,858,18,1
Machine 0,emea,163,10,751,18,1
Machine 0,asia,75,9,877,18,1
Machine 1,us,249,9,788,18,1
Machine 0,emea,247,8,846,21,1
Machine 0,asia,188,8,922,18,1
Machine 1,us,145,9,859,18,1
Machine 1,us,131,8,902,19,1
Machine 0,us,138,8,767,21,1
Machine 1,asia,41,9,926,18,1
Machine 0,us,139,9,868,18,1
Machine 1,asia,237,5,964,20,1
Machine 0,asia,116,8,966,19,1
Machine 0,asia,27,10,1003,19,1
Machine 0,us,193,8,991,19,1
Machine 0,emea,189,5,849,19,1
Machine 0,emea,174,8,473,20,1
Machine 1,us,71,9,647,18,1
Machine 1,asia,220,8,1076,21,1
Machine 0,emea,128,8,750,18,1
Machine 1,us,47,8,916,18,1
Machine 1,asia,60,9,1075,21,1
Machine 0,asia,78,7,1086,21,1
Machine 1,asia,39,8,1077,18,1
Machine 0,emea,171,8,386,20,1
Machine 1,asia,200,5,975,20,1
Machine 0,us,229,8,523,19,1
Machine 0,asia,212,9,1113,19,1
Machine 0,asia,24,10,1005,19,1
Machine 0,asia,25,10,987,20,1
Machine 0,asia,214,6,929,19,1
Machine 1,asia,72,10,1163,19,1
Machine 1,us,37,9,626,20,1
Machine 0,emea,246,5,605,19,1
Machine 1,us,134,7,645,20,1
Machine 0,us,238,7,685,19,1
Machine 1,us,165,7,584,21,1
Machine 0,emea,218,5,688,21,1
Machine 1,us,197,9,696,19,1
Machine 0,us,32,9,695,20,1
Machine 0,us,107,8,706,19,1
Machine 0,emea,176,7,766,18,1
Machine 0,asia,90,8,794,20,1
Machine 0,us,18,9,764,18,1
Machine 0,emea,191,9,769,18,1
Machine 0,us,152,8,788,20,1
Machine 0,asia,203,5,796,21,1
Machine 0,us,74,8,798,18,1
Machine 0,emea,183,4,764,20,1
Machine 1,us,26,10,806,20,1
Machine 1,asia,130,4,961,18,1
Machine 0,us,124,9,821,18,1
Machine 0,emea,135,10,570,19,1
Machine 1,us,16,6,862,19,1
Machine 0,asia,91,9,998,21,1
Machine 1,us,84,9,988,18,1
Machine 1,asia,143,5,999,20,1
Machine 0,us,65,8,658,18,1
Machine 0,asia,114,9,942,20,1
Machine 1,asia,245,9,1033,20,1
Machine 0,asia,77,9,1042,18,1
Machine 0,asia,55,9,1088,21,1
Machine 0,us,167,9,1038,18,1
Machine 1,us,224,8,1036,18,1
Machine 1,asia,61,8,1062,21,1
Machine 0,us,58,10,1061,21,1
Machine 1,asia,96,9,1082,19,1
Machine 0,emea,198,8,1067,21,1
Machine 0,asia,235,8,1078,21,1
Machine 0,asia,117,8,1095,19,1
Machine 1,asia,17,10,953,20,1
Machine 0,asia,103,10,886,18,1
Machine 0,emea,185,9,1136,20,1
Machine 1,asia,101,5,1156,19,1
Machine 1,us,87,9,545,20,1
Machine 0,asia,223,5,1190,18,1
Machine 1,us,76,9,531,21,1
Machine 0,us,104,8,514,19,1
Machine 0,emea,54,9,601,21,1
Machine 1,asia,199,9,717,21,1
Machine 0,asia,202,5,718,21,1
Machine 0,us,222,9,713,20,1
Machine 1,us,178,10,658,21,1
Machine 0,emea,82,10,637,21,1
Machine 0,emea,166,10,655,19,1
Machine 0,emea,15,10,670,18,1
Machine 1,asia,184,5,741,18,1
Machine 1,us,207,10,761,21,1
Machine 1,us,30,9,650,19,1
Machine 0,asia,119,9,796,18,1
Machine 0,us,67,8,779,20,1
Machine 1,asia,44,10,823,18,1
Machine 0,emea,196,8,420,19,1
Machine 0,us,94,7,533,18,1
Machine 1,asia,208,8,807,18,1
Machine 0,us,234,9,806,21,1
Machine 1,asia,97,10,788,19,1
Machine 1,asia,221,10,826,21,1
Machine 0,asia,51,10,886,19,1
Machine 1,asia,62,9,904,20,1
Machine 1,us,1,6,497,21,1
Machine 0,us,6,9,492,18,1
Machine 0,us,48,10,505,19,1
Machine 0,emea,38,6,527,20,1
Machine 1,us,194,5,567,20,1
Machine 0,asia,0,10,947,20,1
Machine 1,asia,195,9,648,21,1
Machine 0,emea,206,8,499,18,1
Machine 0,asia,201,5,723,20,1
Machine 1,us,209,10,595,18,1
Machine 0,asia,175,9,748,18,1
Machine 1,us,211,9,443,19,1
Machine 0,us,111,6,597,21,1
Machine 1,asia,73,9,792,21,1
Machine 0,emea,157,5,411,19,1
Machine 0,emea,19,10,460,20,1
Machine 1,asia,3,9,669,21,1
Machine 0,emea,150,8,462,19,1
Machine 1,asia,46,10,867,20,1
Machine 0,asia,244,10,680,21,1
Machine 1,us,59,10,546,20,1
Machine 1,asia,210,8,817,19,1
Machine 0,asia,49,9,797,18,1
Machine 1,asia,10,10,646,21,1
Machine 0,emea,233,5,591,20,1
Machine 1,asia,155,8,694,21,1
Machine 0,us,159,9,688,19,1
Machine 0,us,9,10,686,19,1
Machine 0,asia,127,8,724,20,1
Machine 1,us,177,8,721,18,1
Machine 0,emea,11,9,767,21,1
Machine 1,asia,95,9,816,19,1
Machine 0,us,236,9,807,21,1
Machine 0,asia,102,9,824,21,1
Machine 0,emea,68,10,846,19,1
Machine 1,us,4,9,837,21,1
Machine 0,emea,160,7,831,20,1
Machine 1,asia,105,9,886,19,1
Machine 0,us,112,6,877,21,1
Machine 1,us,93,8,883,21,1
Machine 0,emea,85,9,839,21,1
Machine 0,us,232,9,867,18,1
Machine 0,emea,187,9,864,18,1
Machine 0,emea,89,10,905,18,1
Machine 0,asia,35,10,922,20,1
Machine 0,asia,7,9,957,18,1
Machine 1,asia,113,9,922,19,1
Machine 0,us,109,9,904,19,1
Machine 0,asia,172,6,916,21,1
Machine 1,us,227,6,928,18,1
Machine 0,emea,226,9,939,18,1
Machine 0,emea,240,9,943,21,1
Machine 0,us,242,10,956,19,1
Machine 1,us,158,9,978,20,1
Machine 0,emea,83,8,960,20,1
Machine 0,emea,8,8,1000,21,1
Machine 0,emea,132,8,987,20,1
Machine 1,us,144,6,1006,20,1
Machine 0,asia,179,9,1099,19,1
Machine 1,asia,108,8,1129,19,1
Machine 0,emea,43,8,803,19,1
Machine 0,emea,217,9,788,21,1
Machine 1,us,21,10,846,18,1
Machine 0,us,231,9,1076,19,1
Machine 0,asia,63,10,1164,18,1
Machine 0,emea,182,5,916,20,1
Machine 1,asia,192,8,1182,20,1
Machine 1,us,173,9,1208,21,1
Machine 0,us,149,9,859,19,1
Machine 0,asia,64,10,1228,19,1
Machine 0,us,239,9,1220,18,1
Machine 0,us,118,7,472,19,1
Machine 0,emea,53,8,482,21,1
Machine 0,emea,145,10,481,20,1
Machine 1,asia,154,6,1172,18,1
Machine 1,asia,146,5,1293,21,1
Machine 1,us,41,10,523,18,1
Machine 1,asia,75,10,875,20,1
Machine 0,emea,205,9,591,20,1
Machine 0,asia,249,10,850,18,1
Machine 0,emea,228,8,666,19,1
Machine 1,us,247,9,685,21,1
Machine 0,asia,79,9,1270,21,1
Machine 0,us,141,5,725,21,1
Machine 0,asia,241,9,984,21,1
Machine 1,us,168,7,734,18,1
Machine 1,asia,131,9,747,19,1
Machine 0,emea,230,8,800,20,1
Machine 0,us,142,7,773,19,1
Machine 1,us,189,6,790,18,1
Machine 1,asia,181,9,863,21,1
Machine 1,us,133,8,825,19,1
Machine 0,us,188,9,881,21,1
Machine 1,us,200,6,749,21,1
Machine 0,us,139,10,863,18,1
Machine 0,emea,237,6,880,19,1
Machine 0,us,174,9,831,21,1
Machine 0,emea,71,10,828,21,1
Machine 0,asia,138,9,940,19,1
Machine 0,us,229,9,839,21,1
Machine 1,us,147,8,930,18,1
Machine 1,asia,100,5,1007,19,1
Machine 1,us,47,9,948,19,1
Machine 0,us,134,8,967,20,1
Machine 0,asia,128,9,1035,20,1
Machine 0,emea,212,10,1049,19,1
Machine 1,asia,116,9,1144,21,1
Machine 1,asia,99,8,1127,18,1
Machine 0,asia,193,9,1146,20,1
Machine 0,asia,148,10,1155,21,1
Machine 0,asia,37,10,1108,21,1
Machine 1,asia,165,8,1062,18,1
Machine 1,asia,176,8,807,20,1
Machine 0,us,191,10,793,21,1
Machine 0,asia,171,9,1214,20,1
Machine 0,us,32,10,1250,21,1
Machine 1,asia,39,9,1336,21,1
Machine 1,asia,220,9,1248,19,1
Machine 0,asia,90,9,1015,20,1
Machine 1,asia,214,7,1396,20,1
Machine 0,emea,238,8,1396,18,1
Machine 0,asia,218,6,1164,20,1
Machine 0,asia,22,7,1416,20,1
Machine 1,asia,114,10,691,20,1
Machine 1,us,125,9,939,18,1
Machine 1,asia,203,6,1043,18,1
Machine 1,us,246,6,1459,20,1
Machine 0,us,199,10,714,20,1
Machine 1,us,77,10,761,19,1
Machine 0,emea,223,6,698,21,1
Machine 1,asia,20,10,727,18,1
Machine 1,us,101,6,730,18,1
Machine 1,us,96,10,759,19,1
Machine 1,us,88,9,803,19,1
Machine 0,emea,202,6,781,21,1
Machine 0,emea,215,2,822,18,1
Machine 0,us,31,9,894,21,1
Machine 1,us,153,9,937,21,1
Machine 0,us,87,10,799,18,1
Machine 0,us,198,9,970,21,1
Machine 0,asia,86,8,1371,18,1
Machine 0,emea,62,10,919,21,1
Machine 0,emea,65,9,1010,21,1
Machine 1,asia,76,10,940,18,1
Machine 0,asia,185,10,985,18,1
Machine 0,emea,67,9,959,19,1
Machine 1,us,213,5,999,21,1
Machine 0,us,225,10,964,20,1
Machine 0,asia,104,9,1023,20,1
Machine 0,us,119,10,977,21,1
Machine 0,us,234,10,1004,19,1
Machine 1,us,30,10,1019,18,1
Machine 0,emea,78,8,407,19,1
Machine 1,us,54,10,1066,20,1
Machine 1,us,208,9,1079,21,1
Machine 0,us,60,10,536,21,1
Machine 0,emea,45,10,424,19,1
Machine 0,us,120,9,480,20,1
Machine 1,asia,222,10,1167,18,1
Machine 1,asia,170,8,1169,19,1
Machine 0,emea,152,9,474,20,1
Machine 0,asia,94,8,1185,18,1
Machine 1,asia,196,9,1160,19,1
Machine 1,asia,117,9,1221,20,1
Machine 1,us,183,5,505,19,1
Machine 0,emea,107,9,545,21,1
Machine 1,asia,1,7,1193,20,1
Machine 0,emea,195,10,454,19,1
Machine 0,us,194,6,582,21,1
Machine 1,us,38,7,634,18,1
Machine 0,asia,6,10,930,18,1
Machine 1,us,197,10,493,19,1
Machine 1,us,18,10,633,20,1
Machine 1,asia,29,8,684,19,1
Machine 1,us,175,10,498,21,1
Machine 1,asia,206,9,626,21,1
Machine 0,us,130,5,514,19,1
Machine 0,asia,74,9,784,18,1
Machine 0,asia,201,6,612,21,1
Machine 0,emea,124,10,533,20,1
Machine 0,asia,162,5,662,21,1
Machine 0,emea,235,9,498,21,1
Machine 0,us,211,10,583,18,1
Machine 0,us,150,9,470,19,1
Machine 0,emea,167,10,494,18,1
Machine 1,us,84,10,523,19,1
Machine 0,emea,56,7,463,20,1
Machine 0,emea,111,7,597,20,1
Machine 0,us,55,10,612,21,1
Machine 0,emea,210,9,604,19,1
Machine 1,asia,73,10,613,20,1
Machine 1,asia,16,7,709,20,1
Machine 1,us,155,9,581,20,1
Machine 0,us,143,6,751,18,1
Machine 0,asia,91,10,709,19,1
Machine 0,us,159,10,585,18,1
Machine 0,asia,245,10,704,18,1
Machine 0,emea,204,8,698,21,1
Machine 0,asia,157,6,837,19,1
Machine 1,us,3,10,754,20,1
Machine 0,us,121,6,731,19,1
Machine 1,asia,224,9,826,20,1
Machine 0,asia,66,8,754,18,1
Machine 0,emea,127,9,542,21,1
Machine 1,us,123,6,804,21,1
Machine 0,asia,92,6,804,21,1
Machine 1,us,95,10,461,18,1
Machine 0,us,236,10,488,19,1
Machine 1,asia,177,9,601,19,1
Machine 0,emea,113,10,458,19,1
Machine 1,asia,49,10,940,19,1
Machine 0,asia,61,9,1012,20,1
Machine 0,emea,102,10,545,21,1
Machine 1,us,105,10,519,19,1
Machine 0,asia,11,10,618,21,1
Machine 1,us,187,10,521,19,1
Machine 0,asia,233,6,994,18,1
Machine 1,asia,4,10,619,21,1
Machine 1,us,227,7,554,18,1
Machine 0,us,7,10,570,20,1
Machine 0,us,112,7,607,20,1
Machine 0,us,226,10,509,21,1
Machine 0,emea,240,10,453,21,1
Machine 0,asia,232,10,680,21,1
Machine 0,asia,160,8,739,19,1
Machine 1,asia,85,10,774,21,1
Machine 0,emea,93,9,745,18,1
Machine 0,asia,184,6,743,21,1
Machine 1,us,8,9,471,19,1
Machine 0,us,132,9,490,19,1
Machine 1,asia,109,10,809,18,1
Machine 0,asia,172,7,791,18,1
Machine 0,us,217,10,527,18,1
Machine 1,us,43,9,567,19,1
Machine 0,emea,144,7,599,19,1
Machine 0,emea,231,10,596,20,1
Machine 0,asia,83,9,658,20,1
Machine 0,emea,239,10,711,20,1
Machine 1,asia,69,10,735,19,1
Machine 1,asia,179,10,701,19,1
Machine 1,us,154,7,706,20,1
Machine 1,asia,158,10,837,20,1
Machine 0,emea,205,10,752,19,1
Machine 0,asia,108,9,802,18,1
Machine 1,asia,190,9,814,20,1
Machine 1,us,173,10,806,19,1
Machine 1,us,36,10,814,20,1
Machine 0,us,146,6,799,19,1
Machine 0,us,149,10,810,20,1
Machine 0,emea,241,10,437,20,1
Machine 0,asia,136,9,898,20,1
Machine 1,asia,228,9,922,20,1
Machine 1,us,156,9,940,21,1
Machine 0,asia,131,10,710,19,1
Machine 0,asia,219,8,948,20,1
Machine 1,us,230,9,532,21,1
Machine 0,us,142,8,721,18,1
Machine 0,asia,53,9,948,19,1
Machine 0,us,141,6,577,21,1
Machine 0,emea,189,7,535,20,1
Machine 0,asia,192,9,1026,19,1
Machine 0,emea,237,7,549,20,1
Machine 1,us,79,10,888,20,1
Machine 1,us,229,10,566,19,1
Machine 0,asia,247,10,911,21,1
Machine 1,asia,118,8,1066,18,1
Machine 1,asia,168,8,704,18,1
Machine 1,asia,181,10,720,21,1
Machine 0,emea,57,9,538,21,1
Machine 0,emea,100,6,590,18,1
Machine 1,us,122,7,653,19,1
Machine 0,us,200,7,778,19,1
Machine 0,us,147,9,682,21,1
Machine 1,us,188,10,757,19,1
Machine 1,asia,182,6,1238,20,1
Machine 1,us,128,10,657,21,1
Machine 1,us,14,8,804,20,1
Machine 0,asia,133,9,903,20,1
Machine 1,asia,174,10,795,20,1
Machine 0,us,169,7,839,18,1
Machine 0,emea,99,9,634,18,1
Machine 0,asia,138,10,979,19,1
Machine 1,us,214,8,492,21,1
Machine 1,asia,47,10,909,19,1
Machine 1,us,176,9,512,19,1
Machine 0,emea,39,10,526,20,1
Machine 0,asia,134,9,887,19,1
Machine 0,us,116,10,627,19,1
Machine 0,asia,23,8,1040,19,1
Machine 0,emea,31,10,589,20,1
Machine 0,asia,165,9,618,18,1
Machine 0,emea,223,7,640,18,1
Machine 0,us,215,3,650,21,1
Machine 0,us,65,10,668,18,1
Machine 0,us,238,9,729,19,1
Machine 1,asia,220,10,785,20,1
Machine 0,us,171,10,825,18,1
Machine 1,asia,193,10,870,21,1
Machine 1,asia,22,8,862,20,1
Machine 0,emea,67,10,824,22,1
Machine 0,asia,90,10,896,20,1
Machine 0,asia,125,10,920,20,1
Machine 1,us,202,7,914,19,1
Machine 1,asia,101,7,884,20,1
Machine 1,us,203,7,929,21,1
Machine 0,us,246,7,929,18,1
Machine 1,asia,153,10,955,19,1
Machine 0,emea,120,10,857,20,1
Machine 0,asia,88,10,1030,19,1
Machine 1,asia,170,9,905,20,1
Machine 1,us,94,9,592,21,1
Machine 1,us,86,9,1047,20,1
Machine 0,emea,218,7,1132,19,1
Machine 0,us,208,10,1085,18,1
Machine 1,us,78,9,1073,19,1
Machine 0,asia,198,10,1176,19,1
Machine 0,asia,152,10,764,21,1
Machine 1,asia,213,6,1200,19,1
Machine 0,emea,117,10,733,18,1
Machine 0,emea,127,10,714,21,1
Machine 0,emea,38,8,768,20,1
Machine 1,us,130,6,802,18,1
Machine 1,us,1,8,834,20,1
Machine 0,us,196,10,987,20,1
Machine 0,emea,111,8,819,19,1
Machine 0,emea,164,9,812,19,1
Machine 1,us,28,8,841,20,1
Machine 0,asia,104,10,1331,21,1
Machine 0,us,74,10,840,20,1
Machine 0,emea,201,7,868,19,1
Machine 0,us,194,7,928,20,1
Machine 0,us,34,10,897,20,1
Machine 0,emea,204,9,892,20,1
Machine 0,emea,233,7,924,19,1
Machine 0,emea,70,6,959,19,1
Machine 0,us,66,9,1043,19,1
Machine 1,asia,183,6,1091,19,1
Machine 0,asia,92,7,1037,21,1
Machine 0,asia,106,7,985,23,1
Machine 1,us,150,10,1059,18,1
Machine 0,emea,184,7,986,20,1
Machine 1,us,160,9,993,20,1
Machine 1,asia,123,7,1083,18,1
Machine 1,asia,42,8,1129,18,1
Machine 0,asia,235,10,1115,18,1
Machine 1,asia,29,9,1154,20,1
Machine 0,asia,107,10,1177,18,1
Machine 0,us,56,8,1124,19,1
Machine 0,us,143,7,1135,18,1
Machine 1,asia,210,10,1153,19,1
Machine 0,us,61,10,1109,20,1
Machine 0,asia,206,10,1175,18,1
Machine 1,us,155,10,1151,21,1
Machine 1,us,224,10,1156,19,1
Machine 1,asia,162,6,1180,21,1
Machine 1,asia,137,7,1077,21,1
Machine 0,us,93,10,1090,19,1
Machine 0,us,43,10,815,18,1
Machine 0,asia,16,8,1227,18,1
Machine 1,us,177,10,1221,21,1
Machine 0,emea,40,4,561,20,1
Machine 0,asia,132,10,1111,21,1
Machine 0,emea,144,8,754,19,1
Machine 0,asia,186,5,1307,18,1
Machine 0,asia,112,8,1194,20,1
Machine 1,us,172,8,1039,20,1
Machine 0,asia,121,7,1316,20,1
Machine 1,asia,157,7,1344,20,1
Machine 0,emea,230,10,460,18,1
Machine 1,asia,227,8,1277,19,1
Machine 1,asia,8,10,1264,21,1
Machine 1,us,108,10,534,18,1
Machine 1,asia,81,7,1300,20,1
Machine 0,emea,146,7,503,21,1
Machine 1,us,156,10,544,20,1
Machine 0,us,190,10,507,18,1
Machine 1,asia,2,4,871,18,1
Machine 1,asia,83,10,699,18,1
Machine 0,emea,192,10,579,19,1
Machine 0,asia,154,8,701,19,1
Machine 1,us,141,7,569,18,1
Machine 0,asia,228,10,677,18,1
Machine 1,asia,136,10,810,18,1
Machine 0,us,189,8,793,21,1
Machine 1,us,168,9,765,20,1
Machine 0,emea,100,7,748,19,1
Machine 0,us,219,9,798,20,1
Machine 0,asia,53,10,805,21,1
Machine 1,asia,142,9,797,20,1
Machine 0,emea,14,9,419,20,1
Machine 1,us,147,10,415,18,1
Machine 0,us,57,10,803,18,1
Machine 0,us,182,7,480,20,1
Machine 1,us,99,10,463,20,1
Machine 1,asia,237,8,892,19,1
Machine 1,asia,122,8,832,18,1
Machine 0,emea,176,10,550,20,1
Machine 0,emea,215,4,544,19,1
Machine 0,asia,118,9,983,20,1
Machine 0,asia,200,8,655,18,1
Machine 1,asia,133,10,677,18,1
Machine 0,us,101,8,575,18,1
Machine 0,us,214,9,660,20,1
Machine 1,us,202,8,544,20,1
Machine 0,emea,203,8,489,21,1
Machine 0,asia,169,8,739,18,1
Machine 1,us,165,10,627,20,1
Machine 0,us,223,8,716,21,1
Machine 1,asia,13,7,750,18,1
Machine 0,emea,218,8,401,18,1
Machine 0,us,86,10,434,19,1
Machine 0,asia,23,9,873,20,1
Machine 0,asia,22,9,850,18,1
Machine 1,us,94,10,515,19,1
Machine 1,asia,238,10,872,19,1
Machine 0,asia,12,8,909,20,1
Machine 0,asia,213,7,613,18,1
Machine 0,asia,170,10,715,20,1
Machine 1,asia,134,10,1069,18,1
Machine 1,asia,246,8,704,18,1
Machine 0,us,201,8,720,18,1
Machine 1,us,70,7,707,20,1
Machine 1,us,28,9,771,21,1
Machine 1,us,38,9,769,19,1
Machine 0,emea,183,7,772,18,1
Machine 0,us,130,7,784,20,1
Machine 0,emea,123,8,480,18,1
Machine 1,asia,78,10,891,19,1
Machine 1,asia,111,9,905,20,1
Machine 0,emea,1,9,907,20,1
Machine 0,us,66,10,879,19,1
Machine 1,us,56,9,595,21,1
Machine 0,us,160,10,601,20,1
Machine 1,us,184,8,763,18,1
Machine 0,emea,194,8,1032,21,1
Machine 0,asia,233,8,1067,21,1
Machine 1,asia,204,10,1072,18,1
Machine 1,asia,92,8,1010,21,1
Machine 0,asia,164,10,1086,19,1
Machine 0,us,144,9,730,20,1
Machine 1,us,40,5,773,20,1
Machine 1,us,2,5,872,20,1
Machine 0,emea,141,8,771,21,1
Machine 1,us,121,8,785,19,1
Machine 0,us,157,8,794,19,1
Machine 0,asia,106,8,1085,20,1
Machine 0,us,143,8,848,18,1
Machine 0,emea,162,7,873,19,1
Machine 0,emea,227,9,855,20,1
Machine 1,us,100,8,856,20,1
Machine 1,asia,42,9,923,20,1
Machine 0,us,248,8,887,19,1
Machine 1,us,101,9,853,21,1
Machine 0,emea,186,6,770,20,1
Machine 0,asia,29,10,966,19,1
Machine 0,us,122,9,895,19,1
Machine 0,emea,142,10,1002,18,1
Machine 0,asia,146,8,1023,19,1
Machine 0,us,216,8,1012,19,1
Machine 0,emea,202,9,946,18,1
Machine 0,asia,16,9,1079,20,1
Machine 1,us,237,9,1030,20,1
Machine 1,asia,137,8,1089,19,1
Machine 1,asia,81,8,1083,21,1
Machine 0,asia,115,4,1052,19,1
Machine 0,asia,200,9,1046,18,1
Machine 0,asia,168,10,1104,20,1
Machine 0,us,214,10,1039,18,1
Machine 0,emea,218,9,761,20,1
Machine 0,us,154,9,1111,20,1
Machine 1,us,223,9,676,18,1
Machine 1,asia,80,4,1166,19,1
Machine 1,asia,112,9,1156,19,1
Machine 0,us,13,8,484,21,1
Machine 0,emea,215,5,1125,18,1
Machine 0,us,219,10,1176,18,1
Machine 1,asia,14,10,1177,20,1
Machine 0,asia,182,8,1213,21,1
Machine 0,asia,169,9,1153,20,1
Machine 1,asia,118,10,1227,20,1
Machine 0,asia,172,9,1281,19,1
Machine 0,emea,246,9,499,18,1
Machine 1,asia,203,9,1233,21,1
Machine 1,asia,189,9,1357,18,1
Machine 1,us,12,9,609,19,1
Machine 0,emea,183,8,555,18,1
Machine 1,us,111,10,541,21,1
Machine 0,us,38,10,574,21,1
Machine 1,us,28,10,583,21,1
Machine 1,asia,23,10,719,20,1
Machine 0,emea,144,10,456,20,1
Machine 0,us,1,10,625,21,1
Machine 0,us,213,8,734,18,1
Machine 0,emea,56,10,625,21,1
Machine 0,asia,70,8,713,21,1
Machine 1,us,233,9,458,20,1
Machine 1,asia,201,9,746,19,1
Machine 0,asia,22,10,785,19,1
Machine 0,emea,157,9,425,19,1
Machine 0,us,92,9,539,19,1
Machine 1,us,141,9,490,19,1
Machine 1,asia,130,8,871,18,1
Machine 1,asia,184,9,851,20,1
Machine 0,emea,100,9,491,20,1
Machine 0,asia,194,9,861,21,1
Machine 1,asia,40,6,620,20,1
Machine 0,emea,122,10,543,21,1
Machine 0,asia,123,9,985,18,1
Machine 0,us,186,7,583,21,1
Machine 1,asia,106,9,715,21,1
Machine 0,us,121,9,704,20,1
Machine 0,asia,2,6,736,18,1
Machine 0,us,227,10,703,20,1
Machine 1,us,101,10,699,19,1
Machine 0,us,16,10,628,18,1
Machine 1,us,162,8,790,18,1
Machine 1,asia,146,9,690,19,1
Machine 1,us,115,5,669,19,1
Machine 0,emea,237,10,700,18,1
Machine 0,asia,143,9,746,20,1
Machine 1,asia,42,10,793,20,1
Machine 1,asia,137,9,677,18,1
Machine 1,us,202,10,712,21,1
Machine 0,asia,248,9,840,20,1
Machine 0,us,200,10,793,18,1
Machine 0,asia,81,9,772,20,1
Machine 0,emea,218,10,619,18,1
Machine 0,emea,13,9,531,21,1
Machine 0,us,112,10,529,18,1
Machine 0,asia,216,9,853,18,1
Machine 0,asia,223,10,769,18,1
Machine 1,asia,154,10,843,19,1
Machine 0,emea,246,10,573,21,1
Machine 1,us,80,5,626,21,1
Machine 1,us,12,10,613,19,1
Machine 0,emea,213,9,607,21,1
Machine 1,us,169,10,632,21,1
Machine 0,us,172,10,663,20,1
Machine 0,us,126,4,686,19,1
Machine 0,us,183,9,686,20,1
Machine 1,us,98,4,692,21,1
Machine 1,us,184,10,744,20,1
Machine 0,asia,182,9,763,18,1
Machine 0,us,100,10,746,19,1
Machine 1,asia,70,9,783,18,1
Machine 1,asia,203,10,801,20,1
Machine 1,asia,215,6,817,19,1
Machine 0,asia,189,10,835,21,1
Machine 0,emea,194,10,804,21,1
Machine 1,us,186,8,557,19,1
Machine 0,us,106,10,487,18,1
Machine 1,asia,141,10,845,21,1
Machine 0,us,157,10,835,19,1
Machine 0,asia,123,10,662,20,1
Machine 1,us,201,10,873,19,1
Machine 0,emea,92,10,872,19,1
Machine 0,emea,121,10,456,18,1
Machine 1,us,146,10,431,18,1
Machine 0,asia,130,9,979,19,1
Machine 0,asia,233,10,1034,18,1
Machine 1,asia,40,7,772,20,1
Machine 1,asia,2,7,653,18,1
Machine 1,us,81,10,641,19,1
Machine 0,emea,143,10,650,20,1
Machine 0,emea,216,10,641,19,1
Machine 0,us,13,10,664,21,1
Machine 0,us,115,6,689,21,1
Machine 1,asia,137,10,733,20,1
Machine 0,us,183,10,468,19,1
Machine 0,asia,162,9,842,21,1
Machine 1,us,126,5,563,19,1
Machine 0,emea,98,5,524,18,1
Machine 1,asia,80,6,766,19,1
Machine 0,asia,213,10,794,18,1
Machine 0,asia,248,10,896,20,1
Machine 0,emea,130,10,351,19,1
Machine 1,us,215,7,601,19,1
Machine 0,us,186,9,594,18,1
Machine 0,asia,70,10,669,19,1
Machine 1,asia,182,10,693,20,1
Machine 1,asia,40,8,541,19,1
Machine 1,us,115,7,468,20,1
Machine 0,us,162,10,467,21,1
Machine 0,asia,2,8,610,18,1
Machine 0,emea,126,6,403,20,1
Machine 1,us,215,8,441,18,1
Machine 0,us,186,10,442,20,1
Machine 0,asia,80,7,599,19,1
Machine 1,asia,98,6,603,21,1
Machine 0,emea,40,9,356,20,1
Machine 1,us,126,7,397,21,1
Machine 1,asia,115,8,574,20,1
Machine 0,emea,80,8,352,18,1
Machine 0,asia,2,9,576,18,1
Machine 0,us,215,9,438,20,1
Machine 1,asia,98,7,566,18,1
Machine 1,us,126,8,393,20,1
Machine 0,asia,40,10,647,19,1
Machine 0,us,115,9,401,18,1
Machine 0,emea,80,9,350,19,1
Machine 1,asia,2,10,583,20,1
Machine 0,asia,215,10,557,20,1
Machine 1,us,98,8,414,21,1
Machine 0,us,126,9,404,19,1
Machine 0,emea,115,10,390,18,1
Machine 1,asia,80,10,586,18,1
Machine 1,us,126,10,399,19,1
Machine 0,asia,98,9,577,20,1
Machine 0,us,98,10,351,18,1
Machine 0,us,243,1,450,21,1
Machine 1,asia,110,1,591,20,1
Machine 0,asia,161,1,594,19,1
Machine 1,asia,180,1,614,21,1
Machine 1,asia,140,1,637,20,1
Machine 0,emea,243,2,377,21,1
Machine 1,us,180,2,397,21,1
Machine 0,us,140,2,481,20,1
Machine 0,emea,243,3,322,21,1
Machine 1,asia,110,2,588,18,1
Machine 0,asia,161,2,589,20,1
Machine 0,emea,161,3,353,20,1
Machine 1,asia,180,3,548,20,1
Machine 0,us,110,3,375,18,1
Machine 1,us,243,4,450,21,1
Machine 0,asia,140,3,670,20,1
Machine 1,us,110,4,389,18,1
Machine 0,us,243,5,382,19,1
Machine 0,emea,140,4,333,20,1
Machine 1,asia,161,4,594,19,1
Machine 0,asia,180,4,591,20,1
Machine 0,emea,180,5,359,21,1
Machine 1,asia,110,5,562,19,1
Machine 1,us,140,5,422,19,1
Machine 0,us,161,5,418,21,1
Machine 0,asia,243,6,572,21,1
Machine 0,emea,243,7,343,19,1
Machine 0,us,161,6,441,19,1
Machine 1,us,140,6,457,21,1
Machine 0,asia,110,6,616,18,1
Machine 1,asia,180,6,656,21,1
Machine 1,us,140,7,389,18,1
Machine 1,asia,243,8,560,21,1
Machine 0,emea,180,7,318,20,1
Machine 0,us,110,7,379,20,1
Machine 0,asia,161,7,546,21,1
Machine 1,us,180,8,423,21,1
Machine 0,emea,161,8,350,18,1
Machine 0,us,110,8,401,20,1
Machine 1,asia,140,8,551,19,1
Machine 0,asia,243,9,627,20,1
Machine 1,us,110,9,421,18,1
Machine 0,us,140,9,392,18,1
Machine 1,us,129,2,442,19,1
Machine 0,us,151,2,423,18,1
Machine 1,asia,180,9,570,19,1
Machine 0,emea,243,10,391,21,1
Machine 0,asia,161,9,603,18,1
Machine 0,emea,180,10,378,20,1
Machine 0,us,151,3,422,21,1
Machine 1,us,129,3,435,19,1
Machine 1,asia,110,10,573,18,1
Machine 0,asia,140,10,582,18,1
Machine 1,asia,161,10,576,20,1
Machine 1,us,129,4,397,19,1
Machine 0,asia,151,4,568,18,1
Machine 0,us,129,5,375,20,1
Machine 0,emea,151,5,300,21,1
Machine 1,asia,129,6,530,20,1
Machine 0,asia,151,6,552,18,1
Machine 1,us,129,7,373,21,1
Machine 0,us,151,7,384,21,1
Machine 0,emea,129,8,345,20,1
Machine 1,asia,151,8,520,20,1
Machine 0,asia,129,9,527,18,1
Machine 1,us,151,9,360,21,1
Machine 0,us,129,10,408,19,1
Machine 0,emea,151,10,321,19,1
