Machine 1,us,7,1,612,19,1
Machine 0,us,5,1,656,19,1
Machine 0,us,29,1,719,21,1
Machine 0,us,21,1,741,20,1
Machine 0,us,6,1,749,18,1
Machine 0,us,28,1,767,18,1
Machine 1,us,14,1,782,19,1
Machine 0,asia,4,1,857,19,1
Machine 0,asia,9,1,815,21,1
Machine 0,us,2,1,964,18,1
Machine 0,asia,13,1,857,20,1
Machine 1,us,19,1,1054,21,1
Machine 0,emea,52,1,1003,18,1
Machine 0,asia,8,1,1022,18,1
Machine 0,emea,38,1,1060,21,1
Machine 0,asia,10,1,981,18,1
Machine 0,asia,16,1,949,21,1
Machine 1,asia,22,1,1134,21,1
Machine 1,us,35,1,1131,20,1
Machine 0,asia,24,1,1082,20,1
Machine 0,asia,25,1,1148,19,1
Machine 0,emea,65,1,1108,20,1
Machine 1,us,48,1,1153,19,1
Machine 0,us,0,1,1221,21,1
Machine 0,us,43,1,1162,21,1
Machine 0,us,12,1,1236,19,1
Machine 0,emea,59,1,1314,18,1
Machine 0,asia,46,1,1266,19,1
Machine 0,us,66,1,1319,20,1
Machine 0,asia,1,1,1230,21,1
Machine 1,asia,31,1,1208,18,1
Machine 1,asia,55,1,1340,20,1
Machine 0,us,34,1,1203,21,1
Machine 0,asia,26,1,1467,18,1
Machine 0,us,64,1,1410,21,1
Machine 0,us,78,1,1175,21,1
Machine 0,us,68,1,1359,19,1
Machine 0,us,41,1,1419,19,1
Machine 1,asia,15,1,1508,20,1
Machine 0,us,32,1,1485,19,1
Machine 1,asia,27,1,1573,18,1
Machine 0,emea,11,1,1513,19,1
Machine 1,asia,42,1,1519,18,1
Machine 0,asia,30,1,1526,20,1
Machine 0,emea,58,1,1553,18,1
Machine 1,asia,36,1,1617,18,1
Machine 0,asia,54,1,1613,21,1
Machine 1,us,33,1,1608,18,1
Machine 1,asia,57,1,1626,19,1
Machine 1,asia,73,1,1526,20,1
Machine 1,us,56,1,1552,20,1
Machine 1,us,23,1,1597,20,1
Machine 0,asia,47,1,1563,20,1
Machine 0,asia,18,1,1511,21,1
Machine 0,emea,77,1,1515,18,1
Machine 1,asia,3,1,1610,18,1
Machine 0,emea,40,1,1663,21,1
Machine 0,emea,75,1,1641,20,1
Machine 0,emea,60,1,1631,21,1
Machine 0,asia,63,1,1664,19,1
Machine 0,asia,79,1,1470,20,1
Machine 0,us,39,1,1711,18,1
Machine 0,us,37,1,1723,21,1
Machine 0,emea,62,1,1685,20,1
Machine 0,emea,61,1,1701,18,1
Machine 0,emea,51,1,1713,18,1
Machine 0,emea,20,1,1754,18,1
Machine 1,us,45,1,1733,19,1
Machine 1,us,50,1,1726,21,1
Machine 1,us,49,1,1727,21,1
Machine 0,emea,85,1,973,18,1
Machine 0,asia,74,1,1723,19,1
Machine 0,us,83,1,1087,21,1
Machine 0,asia,53,1,1795,21,1
Machine 1,asia,70,1,1726,21,1
Machine 1,us,86,1,697,19,1
Machine 0,emea,90,1,444,21,1
Machine 1,asia,71,1,1895,18,1
Machine 1,asia,81,1,1419,20,1
Machine 1,asia,69,1,1899,19,1
Machine 0,us,84,1,722,19,1
Machine 1,asia,80,1,1431,19,1
Machine 1,asia,67,1,1955,18,1
Machine 1,asia,44,1,1984,18,1
Machine 1,asia,17,1,2049,20,1
Machine 0,asia,72,1,1957,21,1
Machine 0,asia,76,1,1819,21,1
Machine 0,us,87,1,400,18,1
Machine 0,us,96,1,413,19,1
Machine 0,emea,97,1,427,18,1
Machine 0,us,88,1,669,20,1
Machine 0,emea,82,1,934,21,1
Machine 0,us,95,1,459,19,1
Machine 1,us,91,1,463,20,1
Machine 0,emea,98,1,445,21,1
Machine 0,emea,92,1,489,19,1
Machine 0,emea,170,1,462,20,1
Machine 0,emea,218,1,513,18,1
Machine 0,emea,203,1,506,21,1
Machine 0,us,135,1,504,18,1
Machine 1,asia,93,1,581,19,1
Machine 0,asia,89,1,596,21,1
Machine 1,us,110,1,560,19,1
Machine 0,emea,219,1,518,21,1
Machine 1,asia,187,1,624,18,1
Machine 1,us,175,1,461,20,1
Machine 0,us,194,1,597,20,1
Machine 0,us,101,1,621,19,1
Machine 0,asia,99,1,646,27,1
Machine 1,us,114,1,599,21,1
Machine 0,us,140,1,668,18,1
Machine 0,asia,176,1,708,26,1
Machine 1,asia,94,1,761,19,1
Machine 1,us,141,1,457,21,1
Machine 0,asia,142,1,808,19,1
Machine 1,us,195,1,450,18,1
Machine 1,asia,192,1,632,21,1
Machine 1,asia,126,1,838,20,1
Machine 0,emea,147,1,498,19,1
Machine 0,us,185,1,508,21,1
Machine 1,asia,210,1,811,21,1
Machine 0,asia,180,1,858,19,1
Machine 1,asia,117,1,857,18,1
Machine 0,asia,208,1,910,19,1
Machine 1,asia,206,1,594,20,1
Machine 0,us,183,1,593,19,1
Machine 0,us,222,1,608,21,1
Machine 1,us,201,1,614,18,1
Machine 1,asia,100,1,640,21,1
Machine 0,emea,164,1,674,20,1
Machine 0,us,146,1,604,18,1
Machine 0,emea,143,1,588,20,1
Machine 0,us,128,1,708,19,1
Machine 0,emea,144,1,719,21,1
Machine 1,us,139,1,742,19,1
Machine 1,us,199,1,706,21,1
Machine 0,emea,193,1,587,20,1
Machine 1,asia,106,1,804,21,1
Machine 0,emea,220,1,814,18,1
Machine 0,asia,172,1,824,19,1
Machine 0,emea,159,1,751,19,1
Machine 0,asia,118,1,893,20,1
Machine 0,us,109,1,754,19,1
Machine 0,us,182,1,873,19,1
Machine 1,asia,221,1,858,18,1
Machine 0,asia,113,1,869,18,1
Machine 0,emea,102,1,562,20,1
Machine 0,us,191,1,750,19,1
Machine 0,asia,168,1,790,19,1
Machine 1,us,127,1,907,20,1
Machine 1,asia,131,1,977,20,1
Machine 0,asia,216,1,970,20,1
Machine 1,asia,179,1,945,19,1
Machine 1,asia,167,1,934,19,1
Machine 1,asia,155,1,970,18,1
Machine 0,us,148,1,831,20,1
Machine 0,us,212,1,428,21,1
Machine 0,asia,115,1,588,20,1
Machine 1,us,158,1,428,19,1
Machine 0,us,204,1,440,21,1
Machine 1,asia,198,1,1099,20,1
Machine 0,asia,181,1,949,18,1
Machine 1,asia,197,1,1081,19,1
Machine 0,emea,151,1,456,19,1
Machine 0,emea,129,1,441,19,1
Machine 0,us,202,1,502,21,1
Machine 0,us,163,1,490,18,1
Machine 1,us,149,1,499,20,1
Machine 1,asia,207,1,656,18,1
Machine 1,us,165,1,495,20,1
Machine 1,asia,200,1,588,18,1
Machine 0,asia,189,1,620,21,1
Machine 0,us,166,1,598,18,1
Machine 0,asia,108,1,641,19,1
Machine 1,us,174,1,482,19,1
Machine 0,asia,111,1,706,19,1
Machine 0,asia,138,1,704,18,1
Machine 1,us,150,1,448,18,1
Machine 1,us,121,1,710,21,1
Machine 1,us,161,1,441,21,1
Machine 1,us,104,1,457,18,1
Machine 0,emea,217,1,411,21,1
Machine 1,asia,188,1,584,18,1
Machine 0,emea,130,1,416,18,1
Machine 0,asia,112,1,718,20,1
Machine 1,us,152,1,509,21,1
Machine 1,asia,120,1,797,20,1
Machine 0,emea,171,1,465,19,1
Machine 1,us,162,1,462,18,1
Machine 0,us,224,1,486,19,1
Machine 0,asia,134,1,854,19,1
Machine 0,emea,196,1,357,21,1
Machine 0,us,136,1,584,20,1
Machine 0,emea,215,1,453,19,1
Machine 0,emea,223,1,549,20,1
Machine 0,us,133,1,613,20,1
Machine 0,emea,177,1,574,19,1
Machine 0,emea,156,1,429,18,1
Machine 0,us,157,1,661,19,1
Machine 0,asia,173,1,690,20,1
Machine 1,asia,125,1,738,18,1
Machine 0,asia,211,1,701,18,1
Machine 1,us,190,1,489,20,1
Machine 1,us,122,1,508,18,1
Machine 0,emea,5,2,512,21,1
Machine 0,emea,169,1,566,20,1
Machine 1,us,227,1,595,21,1
Machine 0,emea,7,2,596,21,1
Machine 0,asia,154,1,727,19,1
Machine 0,us,145,1,731,20,1
Machine 0,us,178,1,734,19,1
Machine 1,asia,205,1,690,18,1
Machine 1,asia,239,1,736,21,1
Machine 1,asia,116,1,757,19,1
Machine 1,us,230,1,772,20,1
Machine 0,emea,246,1,704,21,1
Machine 0,emea,234,1,768,20,1
Machine 1,asia,214,1,790,18,1
Machine 1,asia,209,1,837,21,1
Machine 0,emea,10,2,419,21,1
Machine 1,us,8,2,454,18,1
Machine 1,asia,2,2,582,20,1
Machine 0,us,52,2,463,21,1
Machine 1,us,25,2,443,18,1
Machine 0,emea,229,1,454,19,1
Machine 0,us,65,2,577,20,1
Machine 0,emea,43,2,483,20,1
Machine 1,us,48,2,583,20,1
Machine 0,asia,232,1,976,19,1
Machine 1,asia,13,2,707,20,1
Machine 0,us,68,2,622,21,1
Machine 1,us,22,2,626,18,1
Machine 0,us,243,1,633,20,1
Machine 0,emea,245,1,602,21,1
Machine 1,us,240,1,560,19,1
Machine 0,asia,19,2,695,20,1
Machine 1,us,0,2,685,20,1
Machine 1,asia,16,2,701,18,1
Machine 0,emea,79,2,594,20,1
Machine 1,asia,59,2,675,18,1
Machine 0,emea,20,2,356,20,1
Machine 0,asia,24,2,726,23,1
Machine 0,emea,42,2,652,18,1
Machine 1,asia,1,2,738,20,1
Machine 0,us,51,2,382,19,1
Machine 0,emea,39,2,402,21,1
Machine 0,asia,12,2,791,18,1
Machine 1,asia,64,2,832,20,1
Machine 1,us,53,2,496,21,1
Machine 1,us,90,2,431,21,1
Machine 0,emea,72,2,474,20,1
Machine 1,asia,248,1,829,18,1
Machine 1,us,44,2,528,18,1
Machine 0,us,81,2,564,21,1
Machine 1,us,71,2,632,18,1
Machine 1,asia,69,2,632,19,1
Machine 0,emea,67,2,566,21,1
Machine 0,emea,76,2,465,18,1
Machine 0,asia,97,2,627,21,1
Machine 0,asia,17,2,705,18,1
Machine 1,asia,37,2,844,21,1
Machine 0,asia,84,2,750,19,1
Machine 0,emea,82,2,503,20,1
Machine 0,emea,231,1,478,19,1
Machine 0,emea,91,2,502,20,1
Machine 1,us,80,2,854,21,1
Machine 1,asia,87,2,861,18,1
Machine 0,emea,137,1,601,19,1
Machine 1,us,186,1,596,21,1
Machine 0,us,238,1,595,21,1
Machine 1,asia,96,2,732,20,1
Machine 0,emea,203,2,631,18,1
Machine 1,us,184,1,639,19,1
Machine 1,us,119,1,669,20,1
Machine 1,us,92,2,695,20,1
Machine 0,asia,88,2,781,19,1
Machine 0,emea,93,2,714,20,1
Machine 0,us,135,2,715,18,1
Machine 0,asia,132,1,754,21,1
Machine 1,asia,95,2,769,19,1
Machine 0,asia,170,2,796,21,1
Machine 1,us,98,2,822,20,1
Machine 0,asia,123,1,797,19,1
Machine 0,asia,235,1,861,21,1
Machine 0,emea,176,2,449,20,1
Machine 0,emea,110,2,805,21,1
Machine 1,asia,21,2,827,21,1
Machine 0,asia,124,1,838,23,1
Machine 0,asia,29,2,873,21,1
Machine 0,emea,58,2,424,20,1
Machine 1,asia,219,2,860,19,1
Machine 1,us,47,2,428,19,1
Machine 1,asia,89,2,876,18,1
Machine 0,emea,195,2,485,20,1
Machine 0,emea,57,2,470,19,1
Machine 0,asia,194,2,957,18,1
Machine 1,us,100,2,602,21,1
Machine 1,asia,94,2,625,20,1
Machine 0,us,164,2,575,20,1
Machine 0,us,180,2,643,20,1
Machine 1,asia,54,2,715,21,1
Machine 0,emea,143,2,551,20,1
Machine 0,emea,49,2,382,21,1
Machine 1,asia,222,2,716,18,1
Machine 0,emea,118,2,431,18,1
Machine 0,asia,117,2,805,18,1
Machine 1,us,113,2,451,18,1
Machine 0,us,193,2,527,19,1
Machine 0,asia,192,2,825,21,1
Machine 0,emea,86,2,471,21,1
Machine 0,asia,206,2,860,19,1
Machine 1,asia,50,2,739,19,1
Machine 1,asia,183,2,872,18,1
Machine 1,asia,146,2,836,18,1
Machine 0,asia,128,2,861,20,1
Machine 1,us,167,2,519,19,1
Machine 1,asia,159,2,606,21,1
Machine 0,emea,155,2,556,18,1
Machine 1,asia,85,2,655,19,1
Machine 0,emea,77,2,622,20,1
Machine 0,asia,102,2,603,21,1
Machine 0,asia,221,2,720,19,1
Machine 1,asia,127,2,702,21,1
Machine 0,us,158,2,448,21,1
Machine 0,emea,166,2,415,18,1
Machine 0,asia,60,2,689,20,1
Machine 0,us,165,2,454,20,1
Machine 1,us,138,2,422,21,1
Machine 0,us,189,2,509,20,1
Machine 1,us,174,2,453,20,1
Machine 0,asia,179,2,782,21,1
Machine 1,asia,3,2,627,21,1
Machine 0,asia,73,2,748,19,1
Machine 1,us,200,2,556,18,1
Machine 0,asia,151,2,608,20,1
Machine 1,asia,216,2,846,21,1
Machine 1,us,121,2,540,20,1
Machine 0,us,202,2,470,21,1
Machine 0,emea,141,2,435,20,1
Machine 0,asia,163,2,671,19,1
Machine 0,us,150,2,553,20,1
Machine 1,asia,108,2,619,19,1
Machine 0,emea,187,2,369,21,1
Machine 0,asia,111,2,673,23,1
Machine 0,emea,175,2,411,19,1
Machine 0,emea,185,2,386,21,1
Machine 1,us,217,2,384,19,1
Machine 1,us,120,2,443,18,1
Machine 1,us,152,2,438,21,1
Machine 0,emea,223,2,449,20,1
Machine 1,asia,63,2,600,20,1
Machine 0,asia,40,2,700,22,1
Machine 0,emea,196,2,404,19,1
Machine 0,us,136,2,504,20,1
Machine 0,asia,75,2,771,18,1
Machine 1,asia,18,2,647,18,1
Machine 0,emea,224,2,427,19,1
Machine 1,asia,210,2,695,21,1
Machine 1,us,162,2,540,20,1
Machine 0,emea,125,2,407,20,1
Machine 1,us,134,2,490,19,1
Machine 1,us,177,2,493,19,1
Machine 0,us,144,2,519,19,1
Machine 0,us,211,2,542,19,1
Machine 1,us,5,3,557,19,1
Machine 0,emea,169,2,586,20,1
Machine 1,asia,215,2,647,20,1
Machine 0,emea,107,1,582,20,1
Machine 0,emea,220,2,649,19,1
Machine 0,emea,234,2,643,21,1
Machine 0,us,246,2,666,19,1
Machine 1,asia,199,2,697,19,1
Machine 1,us,106,2,672,18,1
Machine 1,us,172,2,658,20,1
Machine 0,us,214,2,713,19,1
Machine 0,emea,198,2,662,21,1
Machine 1,asia,139,2,763,20,1
Machine 0,asia,122,2,753,20,1
Machine 1,asia,205,2,745,19,1
Machine 0,asia,116,2,759,19,1
Machine 1,asia,227,2,796,21,1
Machine 0,emea,149,2,687,18,1
Machine 0,us,16,3,492,21,1
Machine 1,us,230,2,777,19,1
Machine 1,us,8,3,709,19,1
Machine 0,us,105,1,719,18,1
Machine 1,asia,7,3,816,19,1
Machine 0,asia,190,2,854,21,1
Machine 1,us,225,1,711,19,1
Machine 0,us,10,3,770,18,1
Machine 1,us,52,3,764,20,1
Machine 0,emea,28,2,398,19,1
Machine 1,asia,197,2,854,19,1
Machine 0,emea,79,3,485,20,1
Machine 0,emea,14,2,415,19,1
Machine 0,asia,153,1,773,20,1
Machine 0,emea,207,2,392,20,1
Machine 1,us,59,3,417,19,1
Machine 1,us,4,2,439,18,1
Machine 1,asia,181,2,912,19,1
Machine 1,asia,160,1,790,21,1
Machine 1,asia,204,2,981,18,1
Machine 0,us,51,3,456,20,1
Machine 0,emea,161,2,470,21,1
Machine 0,asia,209,2,1020,20,1
Machine 1,asia,103,1,963,18,1
Machine 0,us,20,3,525,18,1
Machine 1,us,1,3,535,19,1
Machine 0,asia,213,1,955,21,1
Machine 0,asia,243,2,954,21,1
Machine 1,us,38,2,539,19,1
Machine 0,emea,55,2,394,21,1
Machine 1,us,104,2,509,19,1
Machine 0,asia,6,2,632,20,1
Machine 1,us,35,2,593,20,1
Machine 0,us,39,3,584,18,1
Machine 0,emea,130,2,547,21,1
Machine 0,emea,67,3,407,20,1
Machine 1,us,71,3,456,19,1
Machine 1,asia,9,2,709,19,1
Machine 0,emea,37,3,459,21,1
Machine 0,asia,42,3,713,20,1
Machine 1,asia,12,3,715,18,1
Machine 1,asia,24,3,846,19,1
Machine 0,emea,91,3,418,21,1
Machine 0,us,17,3,452,19,1
Machine 0,emea,87,3,435,19,1
Machine 0,asia,31,2,768,18,1
Machine 0,us,82,3,465,19,1
Machine 0,asia,76,3,605,19,1
Machine 0,emea,145,2,498,20,1
Machine 1,asia,97,3,605,21,1
Machine 0,us,80,3,627,20,1
Machine 1,asia,231,2,623,18,1
Machine 1,us,178,2,624,21,1
Machine 0,asia,84,3,649,18,1
Machine 0,emea,238,2,638,19,1
Machine 0,emea,235,2,635,21,1
Machine 0,asia,112,2,742,20,1
Machine 1,us,154,2,819,18,1
Machine 0,asia,123,2,695,19,1
Machine 0,asia,137,2,825,19,1
Machine 0,us,88,3,809,18,1
Machine 1,asia,184,2,818,21,1
Machine 1,us,176,3,618,20,1
Machine 0,emea,58,3,451,19,1
Machine 1,us,21,3,474,20,1
Machine 0,asia,239,2,867,20,1
Machine 1,asia,203,3,875,20,1
Machine 0,asia,92,3,869,18,1
Machine 1,asia,110,3,801,21,1
Machine 1,asia,119,2,891,21,1
Machine 0,emea,180,3,535,21,1
Machine 0,emea,99,2,570,20,1
Machine 1,us,68,3,552,19,1
Machine 0,emea,126,2,572,20,1
Machine 1,us,164,3,612,20,1
Machine 0,us,69,3,591,19,1
Machine 0,emea,193,3,597,21,1
Machine 0,emea,22,3,650,21,1
Machine 1,asia,98,3,1061,19,1
Machine 1,asia,124,2,960,19,1
Machine 0,us,147,2,673,21,1
Machine 1,us,64,3,654,20,1
Machine 1,asia,232,2,727,19,1
Machine 0,emea,117,3,661,19,1
Machine 0,us,54,3,715,21,1
Machine 1,asia,245,2,757,19,1
Machine 1,us,50,3,717,18,1
Machine 0,us,222,3,738,21,1
Machine 0,asia,0,3,796,20,1
Machine 0,us,142,2,736,19,1
Machine 0,asia,94,3,825,19,1
Machine 0,emea,159,3,741,21,1
Machine 0,asia,29,3,871,21,1
Machine 0,emea,166,3,607,20,1
Machine 0,us,128,3,823,20,1
Machine 0,asia,194,3,876,18,1
Machine 0,asia,113,3,833,18,1
Machine 1,asia,182,2,762,20,1
Machine 0,asia,85,3,914,20,1
Machine 1,us,131,2,502,18,1
Machine 1,asia,146,3,924,20,1
Machine 0,asia,167,3,921,27,1
Machine 0,us,189,3,496,20,1
Machine 1,asia,118,3,1007,18,1
Machine 1,asia,109,2,964,18,1
Machine 0,asia,168,2,642,21,1
Machine 1,asia,191,2,654,20,1
Machine 0,emea,150,3,593,21,1
Machine 0,us,216,3,596,20,1
Machine 0,us,96,3,578,18,1
Machine 1,us,132,2,593,19,1
Machine 0,asia,151,3,630,21,1
Machine 0,us,135,3,614,18,1
Machine 1,us,95,3,670,19,1
Machine 0,emea,217,3,597,20,1
Machine 0,asia,163,3,672,20,1
Machine 0,us,152,3,676,21,1
Machine 0,emea,223,3,597,19,1
Machine 1,asia,187,3,754,20,1
Machine 0,asia,108,3,777,18,1
Machine 1,asia,93,3,763,20,1
Machine 0,asia,219,3,776,18,1
Machine 0,emea,40,3,544,19,1
Machine 0,us,120,3,728,18,1
Machine 1,asia,186,2,813,20,1
Machine 1,asia,111,3,795,21,1
Machine 1,us,175,3,840,20,1
Machine 0,emea,75,3,482,20,1
Machine 1,asia,170,3,898,18,1
Machine 0,us,143,3,477,21,1
Machine 1,asia,195,3,834,20,1
Machine 1,asia,185,3,1027,20,1
Machine 1,asia,57,3,960,21,1
Machine 0,asia,63,3,832,18,1
Machine 1,us,18,3,535,19,1
Machine 0,us,210,3,499,18,1
Machine 1,asia,196,3,623,20,1
Machine 0,asia,89,3,1061,20,1
Machine 1,asia,100,3,765,21,1
Machine 0,emea,49,3,501,21,1
Machine 0,asia,47,3,1064,21,1
Machine 0,emea,134,3,378,20,1
Machine 1,us,171,2,473,20,1
Machine 0,asia,136,3,698,18,1
Machine 1,us,162,3,539,18,1
Machine 0,emea,173,2,416,20,1
Machine 1,us,188,2,609,21,1
Machine 1,asia,224,3,662,18,1
Machine 1,us,86,3,432,18,1
Machine 0,emea,220,3,441,21,1
Machine 0,us,5,4,468,19,1
Machine 1,us,156,2,420,19,1
Machine 0,us,125,3,741,20,1
Machine 0,emea,246,3,516,20,1
Machine 0,us,206,3,579,19,1
Machine 0,us,192,3,595,20,1
Machine 1,asia,157,2,611,21,1
Machine 1,us,183,3,595,18,1
Machine 0,emea,169,3,612,18,1
Machine 0,us,199,3,518,21,1
Machine 0,asia,133,2,661,21,1
Machine 0,us,215,3,642,18,1
Machine 1,us,172,3,381,18,1
Machine 1,us,106,3,425,19,1
Machine 0,us,102,3,395,19,1
Machine 1,us,138,3,433,20,1
Machine 0,emea,221,3,468,18,1
Machine 0,us,77,3,517,19,1
Machine 1,us,158,3,477,20,1
Machine 0,asia,234,3,805,20,1
Machine 1,us,230,3,524,19,1
Machine 0,emea,52,4,440,21,1
Machine 1,asia,107,2,876,19,1
Machine 1,us,8,4,571,20,1
Machine 0,emea,139,3,636,18,1
Machine 0,us,197,3,431,19,1
Machine 0,us,10,4,499,20,1
Machine 1,us,4,3,412,20,1
Machine 0,asia,190,3,703,20,1
Machine 0,asia,155,3,763,21,1
Machine 0,asia,127,3,817,18,1
Machine 0,us,204,3,416,18,1
Machine 1,asia,225,2,742,21,1
Machine 1,asia,105,2,794,20,1
Machine 1,asia,198,3,859,18,1
Machine 0,us,153,2,519,20,1
Machine 1,asia,2,3,831,18,1
Machine 1,asia,7,4,827,18,1
Machine 0,us,59,4,544,18,1
Machine 0,emea,141,3,514,18,1
Machine 0,emea,161,3,554,21,1
Machine 1,asia,28,3,626,19,1
Machine 0,emea,202,3,512,21,1
Machine 0,asia,79,4,745,18,1
Machine 1,us,51,4,572,20,1
Machine 0,us,209,3,580,21,1
Machine 0,us,48,3,590,20,1
Machine 0,emea,213,2,621,18,1
Machine 0,us,6,3,458,20,1
Machine 1,us,73,3,461,19,1
Machine 1,us,103,2,590,18,1
Machine 0,asia,14,3,791,20,1
Machine 1,asia,160,2,759,19,1
Machine 0,emea,24,4,483,21,1
Machine 0,emea,39,4,503,21,1
Machine 0,us,76,4,478,19,1
Machine 1,asia,207,3,853,19,1
Machine 0,us,130,3,587,18,1
Machine 0,us,17,4,574,21,1
Machine 0,asia,25,3,658,19,1
Machine 0,asia,121,3,705,19,1
Machine 1,us,53,3,615,18,1
Machine 0,us,82,4,588,18,1
Machine 1,asia,104,3,655,18,1
Machine 0,emea,211,3,338,19,1
Machine 1,us,72,3,461,21,1
Machine 0,asia,71,4,724,19,1
Machine 1,us,13,3,405,20,1
Machine 1,us,177,3,438,21,1
Machine 0,asia,67,4,777,20,1
Machine 0,us,90,3,507,19,1
Machine 1,asia,87,4,781,21,1
Machine 1,asia,9,3,783,20,1
Machine 0,asia,91,4,811,19,1
Machine 0,asia,31,3,800,19,1
Machine 1,us,144,3,490,21,1
Machine 1,asia,145,3,696,21,1
Machine 0,asia,12,4,851,21,1
Machine 0,us,248,2,497,21,1
Machine 0,emea,88,4,412,21,1
Machine 0,us,227,3,458,18,1
Machine 0,us,176,4,474,21,1
Machine 1,asia,97,4,723,20,1
Machine 1,asia,81,3,687,20,1
Machine 0,asia,80,4,715,20,1
Machine 0,asia,112,3,673,18,1
Machine 0,asia,44,3,728,21,1
Machine 0,emea,21,4,483,18,1
Machine 0,asia,58,4,598,19,1
Machine 0,asia,123,3,718,21,1
Machine 0,emea,203,4,549,20,1
Machine 1,asia,184,3,700,20,1
Machine 1,asia,68,4,572,18,1
Machine 0,us,16,4,577,18,1
Machine 0,us,99,3,611,21,1
Machine 0,emea,98,4,390,19,1
Machine 0,emea,200,3,545,18,1
Machine 1,asia,180,4,639,20,1
Machine 0,us,164,4,453,21,1
Machine 0,asia,119,3,667,18,1
Machine 0,asia,239,3,718,21,1
Machine 0,emea,1,4,441,21,1
Machine 1,us,243,3,463,21,1
Machine 1,us,193,4,504,19,1
Machine 1,us,69,4,532,18,1
Machine 0,us,20,4,494,20,1
Machine 0,emea,55,3,504,18,1
Machine 1,asia,126,3,585,21,1
Machine 1,asia,181,3,781,20,1
Machine 0,emea,50,4,536,21,1
Machine 1,us,147,3,588,20,1
Machine 0,us,35,3,595,19,1
Machine 1,us,0,4,526,21,1
Machine 0,asia,22,4,700,20,1
Machine 0,us,142,3,491,21,1
Machine 0,emea,159,4,333,21,1
Machine 0,us,38,3,689,19,1
Machine 1,asia,124,3,725,20,1
Machine 0,us,94,4,397,21,1
Machine 0,asia,116,3,786,20,1
Machine 1,asia,64,4,721,20,1
Machine 1,us,231,3,367,18,1
Machine 1,asia,222,4,678,21,1
Machine 0,us,74,2,478,18,1
Machine 1,us,62,2,449,21,1
Machine 0,emea,167,4,435,19,1
Machine 1,us,182,3,479,20,1
Machine 0,asia,54,4,888,20,1
Machine 0,emea,168,3,482,18,1
Machine 0,emea,93,4,438,20,1
Machine 1,us,131,3,614,20,1
Machine 0,asia,29,4,614,21,1
Machine 1,us,194,4,595,20,1
Machine 1,us,189,4,614,21,1
Machine 1,us,85,4,627,21,1
Machine 0,emea,150,4,625,19,1
Machine 0,us,166,4,637,21,1
Machine 0,asia,61,2,651,18,1
Machine 1,us,109,3,605,19,1
Machine 0,asia,146,4,666,20,1
Machine 1,asia,113,4,790,21,1
Machine 1,us,219,4,582,19,1
Machine 0,asia,128,4,710,21,1
Machine 0,emea,40,4,640,20,1
Machine 1,us,186,3,575,21,1
Machine 0,emea,120,4,503,19,1
Machine 0,emea,170,4,461,19,1
Machine 0,us,195,4,508,20,1
Machine 0,us,185,4,528,21,1
Machine 1,us,111,4,627,21,1
Machine 1,asia,151,4,848,21,1
Machine 0,us,49,4,529,18,1
Machine 1,asia,187,4,846,19,1
Machine 0,us,192,4,523,20,1
Machine 0,asia,108,4,814,23,1
Machine 0,emea,156,3,623,20,1
Machine 0,us,220,4,624,21,1
Machine 0,us,162,4,668,20,1
Machine 0,emea,232,3,647,18,1
Machine 0,asia,223,4,969,19,1
Machine 0,asia,136,4,750,18,1
Machine 1,us,188,3,744,18,1
Machine 1,us,157,3,716,20,1
Machine 1,asia,132,3,1089,21,1
Machine 0,asia,134,4,771,18,1
Machine 0,asia,173,3,795,19,1
Machine 1,us,206,4,810,18,1
Machine 1,us,125,4,824,21,1
Machine 0,us,183,4,746,19,1
Machine 0,emea,208,2,422,19,1
Machine 0,asia,224,4,905,21,1
Machine 0,asia,47,4,889,20,1
Machine 0,emea,133,3,528,18,1
Machine 1,us,201,2,483,18,1
Machine 0,us,221,4,488,18,1
Machine 1,asia,199,4,749,21,1
Machine 1,us,106,4,543,18,1
Machine 0,asia,169,4,918,21,1
Machine 1,us,10,5,548,21,1
Machine 0,emea,214,3,543,18,1
Machine 0,emea,163,4,605,19,1
Machine 0,emea,95,4,642,19,1
Machine 1,asia,77,4,702,18,1
Machine 0,asia,172,4,719,18,1
Machine 0,emea,197,4,726,20,1
Machine 0,asia,215,4,764,21,1
Machine 1,asia,138,4,715,19,1
Machine 0,asia,191,3,729,20,1
Machine 0,emea,204,4,361,19,1
Machine 1,asia,52,5,738,21,1
Machine 0,emea,135,4,724,21,1
Machine 1,us,245,3,781,21,1
Machine 0,us,217,4,615,20,1
Machine 0,us,127,4,438,21,1
Machine 1,us,4,4,751,18,1
Machine 0,us,2,4,423,21,1
Machine 1,us,7,5,452,18,1
Machine 0,us,205,3,750,18,1
Machine 0,us,153,3,475,20,1
Machine 1,asia,96,4,819,20,1
Machine 0,us,59,5,477,18,1
Machine 0,asia,118,4,882,18,1
Machine 0,asia,155,4,862,20,1
Machine 0,emea,141,4,508,20,1
Machine 0,asia,190,4,916,18,1
Machine 1,asia,122,3,604,18,1
Machine 0,emea,213,3,431,19,1
Machine 0,emea,130,4,402,20,1
Machine 0,asia,216,4,931,20,1
Machine 0,emea,103,3,468,21,1
Machine 0,us,28,4,485,20,1
Machine 1,us,175,4,522,18,1
Machine 0,us,171,3,598,18,1
Machine 1,us,24,5,527,19,1
Machine 0,us,5,5,501,18,1
Machine 1,us,76,5,544,19,1
Machine 1,us,160,3,496,21,1
Machine 0,emea,71,5,426,19,1
Machine 0,asia,75,4,627,18,1
Machine 0,us,37,4,447,21,1
Machine 0,us,246,4,533,18,1
Machine 0,asia,57,4,753,20,1
Machine 0,emea,42,4,453,23,1
Machine 0,emea,145,4,376,21,1
Machine 0,us,91,5,391,19,1
Machine 1,us,100,4,458,21,1
Machine 0,asia,104,4,589,21,1
Machine 0,emea,107,3,434,21,1
Machine 1,asia,72,4,601,21,1
Machine 0,asia,79,5,787,18,1
Machine 1,us,9,4,491,19,1
Machine 0,us,158,4,547,20,1
Machine 0,us,177,4,564,21,1
Machine 1,asia,13,4,634,18,1
Machine 1,asia,102,4,672,19,1
Machine 1,us,139,4,546,21,1
Machine 1,asia,144,4,641,19,1
Machine 0,emea,84,4,537,20,1
Machine 1,us,81,4,560,21,1
Machine 1,us,88,5,682,20,1
Machine 1,us,238,3,440,18,1
Machine 1,asia,176,5,784,19,1
Machine 0,us,8,5,657,20,1
Machine 1,us,31,4,743,21,1
Machine 0,emea,97,5,580,18,1
Machine 0,us,234,4,749,20,1
Machine 0,us,198,4,422,18,1
Machine 0,emea,58,5,480,18,1
Machine 0,asia,227,4,813,21,1
Machine 1,us,235,3,505,18,1
Machine 0,emea,184,4,492,19,1
Machine 1,asia,178,3,846,20,1
Machine 0,asia,230,4,876,21,1
Machine 0,emea,203,5,537,20,1
Machine 0,us,239,4,654,21,1
Machine 0,asia,200,4,721,18,1
Machine 0,us,180,5,773,21,1
Machine 0,asia,123,4,755,19,1
Machine 0,us,18,4,766,21,1
Machine 1,us,209,4,576,21,1
Machine 0,asia,99,4,824,21,1
Machine 0,us,69,5,465,18,1
Machine 0,asia,243,4,813,18,1
Machine 1,us,119,4,815,20,1
Machine 1,asia,164,5,831,21,1
Machine 0,us,16,5,839,19,1
Machine 1,asia,89,4,823,20,1
Machine 1,asia,63,4,832,18,1
Machine 1,asia,1,5,875,21,1
Machine 0,us,161,4,483,20,1
Machine 1,us,202,4,821,21,1
Machine 0,us,193,5,871,20,1
Machine 0,asia,48,4,734,19,1
Machine 1,asia,143,4,903,19,1
Machine 0,asia,51,5,867,19,1
Machine 0,us,126,4,503,18,1
Machine 0,asia,68,5,963,19,1
Machine 0,emea,17,5,517,19,1
Machine 0,emea,117,4,484,19,1
Machine 0,asia,181,4,656,21,1
Machine 1,us,159,5,589,19,1
Machine 1,asia,240,2,691,20,1
Machine 0,emea,167,5,518,20,1
Machine 1,us,222,5,605,21,1
Machine 1,us,64,5,624,20,1
Machine 1,us,67,5,466,20,1
Machine 1,us,94,5,651,18,1
Machine 0,asia,38,4,696,21,1
Machine 0,emea,87,5,381,18,1
Machine 0,us,62,3,625,18,1
Machine 0,asia,65,3,713,20,1
Machine 0,emea,211,4,750,20,1
Machine 0,asia,43,3,740,21,1
Machine 0,asia,0,5,811,18,1
Machine 0,us,182,4,621,20,1
Machine 0,emea,74,3,690,19,1
Machine 1,us,90,4,469,19,1
Machine 0,asia,22,5,818,18,1
Machine 0,emea,12,5,464,23,1
Machine 0,emea,54,5,503,21,1
Machine 0,us,131,4,487,20,1
Machine 0,asia,82,5,599,19,1
Machine 1,us,93,5,584,18,1
Machine 0,emea,248,3,599,21,1
Machine 1,us,29,5,523,20,1
Machine 0,us,85,5,533,20,1
Machine 1,us,150,5,568,19,1
Machine 1,us,189,5,549,19,1
Machine 0,us,128,5,425,19,1
Machine 0,asia,194,5,758,21,1
Machine 0,us,166,5,524,18,1
Machine 1,asia,80,5,686,18,1
Machine 0,us,120,5,555,21,1
Machine 0,asia,121,4,982,20,1
Machine 1,asia,113,5,760,21,1
Machine 0,emea,219,5,619,19,1
Machine 1,us,111,5,482,19,1
Machine 1,us,195,5,594,20,1
Machine 1,us,61,3,682,18,1
Machine 0,emea,162,5,397,20,1
Machine 1,us,187,5,582,21,1
Machine 1,asia,40,5,731,19,1
Machine 0,asia,108,5,586,22,1
Machine 0,emea,83,2,636,18,1
Machine 0,emea,206,5,575,19,1
Machine 0,asia,109,4,882,21,1
Machine 0,us,35,4,689,18,1
Machine 0,us,192,5,747,20,1
Machine 1,us,183,5,464,21,1
Machine 1,us,173,4,662,21,1
Machine 0,asia,86,4,714,18,1
Machine 1,us,132,4,744,21,1
Machine 1,us,112,4,647,19,1
Machine 0,emea,231,4,469,18,1
Machine 1,us,208,3,507,19,1
Machine 1,asia,98,5,835,19,1
Machine 0,emea,214,4,473,18,1
Machine 1,asia,125,5,802,18,1
Machine 1,asia,185,5,916,19,1
Machine 0,asia,151,5,919,31,1
Machine 1,us,106,5,551,21,1
Machine 0,us,105,3,543,19,1
Machine 0,us,47,5,603,19,1
Machine 1,us,169,5,683,20,1
Machine 0,us,215,5,572,21,1
Machine 1,us,163,5,679,21,1
Machine 0,us,116,4,686,18,1
Machine 1,asia,10,6,705,18,1
Machine 0,emea,77,5,680,19,1
Machine 0,emea,204,5,444,21,1
Machine 1,asia,124,4,771,19,1
Machine 0,emea,52,6,370,20,1
Machine 1,us,168,4,388,21,1
Machine 0,asia,142,4,881,21,1
Machine 1,asia,95,5,904,21,1
Machine 0,emea,245,4,388,20,1
Machine 1,us,217,5,419,18,1
Machine 1,asia,191,4,867,19,1
Machine 0,us,153,4,512,19,1
Machine 1,asia,197,5,920,18,1
Machine 1,asia,138,5,716,20,1
Machine 1,asia,172,5,910,18,1
Machine 0,us,7,6,571,18,1
Machine 0,asia,135,5,625,21,1
Machine 1,us,122,4,446,18,1
Machine 1,asia,2,5,589,19,1
Machine 0,emea,141,5,486,19,1
Machine 0,emea,4,5,615,19,1
Machine 1,asia,127,5,626,20,1
Machine 1,asia,155,5,604,20,1
Machine 1,asia,118,5,701,19,1
Machine 0,us,170,5,527,19,1
Machine 0,us,225,3,461,18,1
Machine 0,us,156,4,406,19,1
Machine 1,us,213,4,543,19,1
Machine 0,asia,96,5,743,19,1
Machine 0,asia,59,6,739,20,1
Machine 1,us,190,5,698,18,1
Machine 0,asia,205,4,759,19,1
Machine 0,emea,57,5,483,20,1
Machine 1,us,171,4,528,18,1
Machine 1,us,160,4,529,18,1
Machine 1,us,232,4,561,20,1
Machine 0,us,76,6,573,21,1
Machine 0,emea,91,6,505,20,1
Machine 1,us,145,5,578,21,1
Machine 0,emea,73,4,582,18,1
Machine 1,asia,220,5,642,18,1
Machine 1,us,75,5,637,19,1
Machine 1,us,107,4,618,21,1
Machine 0,us,188,4,449,19,1
Machine 1,us,6,4,671,19,1
Machine 0,asia,5,6,721,21,1
Machine 0,us,14,4,643,21,1
Machine 0,emea,207,4,432,18,1
Machine 1,asia,24,6,771,21,1
Machine 1,us,158,5,475,20,1
Machine 0,asia,100,5,736,21,1
Machine 1,asia,42,5,780,20,1
Machine 1,us,104,5,780,19,1
Machine 0,asia,246,5,775,19,1
Machine 0,asia,71,6,797,18,1
Machine 1,us,221,5,451,19,1
Machine 1,asia,13,5,592,21,1
Machine 1,us,88,6,473,18,1
Machine 0,asia,144,5,562,21,1
Machine 1,asia,37,5,963,19,1
Machine 0,asia,72,5,806,20,1
Machine 1,us,97,6,467,19,1
Machine 0,emea,44,4,366,21,1
Machine 1,us,203,6,405,20,1
Machine 0,us,230,5,444,21,1
Machine 0,asia,81,5,662,21,1
Machine 1,asia,238,4,612,21,1
Machine 0,asia,84,5,708,19,1
Machine 1,us,216,5,465,18,1
Machine 0,emea,239,5,482,20,1
Machine 0,asia,201,3,638,18,1
Machine 0,emea,130,5,428,21,1
Machine 1,asia,227,5,633,18,1
Machine 0,emea,209,5,480,21,1
Machine 1,asia,184,5,662,20,1
Machine 1,us,200,5,509,20,1
Machine 0,us,119,5,515,19,1
Machine 0,asia,28,5,640,18,1
Machine 0,asia,178,4,651,21,1
Machine 1,asia,180,6,654,18,1
Machine 1,us,21,5,634,21,1
Machine 0,emea,79,6,372,20,1
Machine 0,asia,103,4,760,20,1
Machine 0,asia,18,5,754,20,1
Machine 1,us,68,6,661,21,1
Machine 1,asia,51,6,739,21,1
Machine 0,asia,17,6,736,20,1
Machine 0,asia,243,5,792,21,1
Machine 1,asia,69,6,833,21,1
Machine 0,emea,55,4,676,18,1
Machine 0,emea,117,5,543,19,1
Machine 1,asia,1,6,835,20,1
Machine 0,emea,9,5,482,21,1
Machine 0,asia,164,6,856,19,1
Machine 0,asia,143,5,842,19,1
Machine 1,us,58,6,547,21,1
Machine 0,emea,93,6,567,21,1
Machine 0,us,240,3,583,18,1
Machine 1,us,67,6,584,20,1
Machine 1,asia,64,6,612,18,1
Machine 0,us,177,5,647,18,1
Machine 0,us,12,6,623,18,1
Machine 1,asia,159,6,681,21,1
Machine 1,asia,222,6,770,18,1
Machine 0,us,0,6,653,20,1
Machine 1,us,74,4,744,21,1
Machine 1,us,50,5,770,19,1
Machine 0,emea,147,4,769,20,1
Machine 0,us,120,6,735,20,1
Machine 0,emea,8,6,829,21,1
Machine 1,us,235,4,833,20,1
Machine 0,emea,80,6,754,19,1
Machine 0,us,131,5,846,21,1
Machine 0,us,22,6,837,21,1
Machine 1,asia,198,5,852,18,1
Machine 0,emea,137,3,694,21,1
Machine 0,asia,82,6,877,20,1
Machine 0,us,128,6,862,18,1
Machine 1,us,244,1,845,21,1
Machine 0,us,31,5,962,21,1
Machine 0,emea,111,6,469,21,1
Machine 0,us,166,6,929,19,1
Machine 1,asia,248,4,990,21,1
Machine 0,emea,162,6,423,21,1
Machine 0,asia,189,6,948,20,1
Machine 1,asia,29,6,936,19,1
Machine 0,us,195,6,470,18,1
Machine 0,emea,89,5,491,20,1
Machine 0,emea,99,5,546,21,1
Machine 1,us,61,4,509,21,1
Machine 0,emea,193,6,551,21,1
Machine 1,asia,154,3,1031,21,1
Machine 0,emea,134,5,624,18,1
Machine 1,asia,176,6,694,19,1
Machine 0,emea,181,5,658,20,1
Machine 1,asia,161,5,698,21,1
Machine 0,asia,234,5,721,19,1
Machine 1,us,157,4,714,18,1
Machine 0,emea,112,5,437,21,1
Machine 0,us,35,5,706,20,1
Machine 1,asia,16,6,753,21,1
Machine 0,emea,231,5,376,18,1
Machine 0,asia,202,5,770,20,1
Machine 1,us,132,5,645,19,1
Machine 1,us,94,6,396,19,1
Machine 0,emea,125,6,425,19,1
Machine 1,asia,192,6,841,20,1
Machine 0,asia,199,5,865,20,1
Machine 0,asia,86,5,833,20,1
Machine 1,asia,48,5,883,19,1
Machine 0,emea,62,4,443,19,1
Machine 1,us,211,5,465,18,1
Machine 0,emea,124,5,471,21,1
Machine 1,us,38,5,507,20,1
Machine 1,us,185,6,565,21,1
Machine 0,emea,85,6,574,21,1
Machine 1,us,87,6,569,19,1
Machine 1,us,52,7,487,18,1
Machine 1,us,204,6,591,19,1
Machine 0,emea,169,6,613,19,1
Machine 0,asia,47,6,650,20,1
Machine 0,us,150,6,593,20,1
Machine 0,asia,208,4,722,20,1
Machine 0,asia,214,5,712,21,1
Machine 0,emea,10,7,670,20,1
Machine 1,asia,106,6,719,20,1
Machine 1,us,92,4,402,20,1
Machine 1,asia,98,6,752,20,1
Machine 0,us,228,1,582,20,1
Machine 1,asia,54,6,789,20,1
Machine 0,emea,226,1,466,21,1
Machine 1,us,247,1,570,19,1
Machine 1,asia,215,6,788,18,1
Machine 0,emea,249,1,576,20,1
Machine 0,emea,95,6,562,18,1
Machine 0,us,65,4,601,20,1
Machine 0,emea,242,1,609,19,1
Machine 0,asia,168,5,767,20,1
Machine 0,emea,113,6,563,21,1
Machine 0,asia,233,1,674,18,1
Machine 1,asia,63,5,727,21,1
Machine 0,asia,152,4,724,19,1
Machine 0,emea,142,5,723,19,1
Machine 0,asia,90,5,766,18,1
Machine 0,emea,4,6,663,18,1
Machine 1,asia,110,4,813,21,1
Machine 1,us,135,6,778,18,1
Machine 1,us,2,6,778,21,1
Machine 0,asia,141,6,724,21,1
Machine 0,us,172,6,802,19,1
Machine 1,us,175,5,787,18,1
Machine 0,us,187,6,667,19,1
Machine 0,us,59,7,393,21,1
Machine 0,emea,127,6,519,21,1
Machine 1,us,108,6,550,18,1
Machine 1,asia,219,6,871,21,1
Machine 1,asia,197,6,958,20,1
Machine 0,emea,40,6,610,20,1
Machine 1,us,57,6,608,19,1
Machine 0,us,190,6,583,21,1
Machine 0,us,145,6,594,22,1
Machine 1,us,73,5,556,19,1
Machine 1,asia,121,5,1067,18,1
Machine 1,asia,171,5,631,19,1
Machine 1,asia,160,5,671,18,1
Machine 1,us,76,7,695,20,1
Machine 0,us,109,5,478,18,1
Machine 1,us,206,6,718,18,1
Machine 0,emea,75,6,582,19,1
Machine 1,asia,232,5,783,21,1
Machine 0,asia,220,6,858,21,1
Machine 0,us,5,7,575,18,1
Machine 0,emea,207,5,619,21,1
Machine 0,emea,37,6,610,19,1
Machine 0,emea,151,6,602,21,1
Machine 0,us,173,5,652,18,1
Machine 0,us,13,6,683,19,1
Machine 0,emea,230,6,622,21,1
Machine 0,us,188,5,733,20,1
Machine 1,us,107,5,732,19,1
Machine 0,us,42,6,722,19,1
Machine 0,emea,72,6,700,20,1
Machine 1,us,221,6,722,21,1
Machine 0,emea,163,6,764,21,1
Machine 0,us,97,7,784,19,1
Machine 0,emea,116,5,830,21,1
Machine 0,asia,6,5,844,19,1
Machine 0,us,84,6,783,18,1
Machine 0,emea,238,5,796,18,1
Machine 0,us,44,5,836,18,1
Machine 0,asia,102,5,877,18,1
Machine 1,us,70,2,835,21,1
Machine 1,us,216,6,454,21,1
Machine 0,emea,239,6,551,20,1
Machine 1,asia,183,6,972,18,1
Machine 1,asia,139,5,865,19,1
Machine 0,asia,14,5,996,21,1
Machine 0,emea,77,6,942,20,1
Machine 0,emea,191,5,385,18,1
Machine 0,us,203,7,968,18,1
Machine 0,us,130,6,423,19,1
Machine 1,asia,88,7,1015,19,1
Machine 0,emea,153,5,416,20,1
Machine 0,us,218,2,446,19,1
Machine 0,us,138,6,453,21,1
Machine 0,emea,227,6,483,19,1
Machine 1,asia,81,6,854,21,1
Machine 1,us,7,7,462,19,1
Machine 1,us,209,6,493,21,1
Machine 0,us,126,5,493,18,1
Machine 1,asia,201,4,556,18,1
Machine 1,asia,144,6,1173,19,1
Machine 1,us,28,6,606,21,1
Machine 0,asia,123,5,639,18,1
Machine 0,us,184,6,621,20,1
Machine 0,us,17,7,429,18,1
Machine 0,asia,245,5,714,18,1
Machine 0,asia,217,6,743,18,1
Machine 0,emea,118,6,422,21,1
Machine 0,emea,79,7,588,20,1
Machine 1,asia,180,7,741,20,1
Machine 0,asia,68,7,676,18,1
Machine 0,emea,222,7,452,21,1
Machine 1,us,205,5,480,18,1
Machine 0,asia,21,6,771,19,1
Machine 0,us,243,6,617,19,1
Machine 1,asia,103,5,698,21,1
Machine 0,us,8,7,506,21,1
Machine 0,emea,147,5,512,20,1
Machine 1,us,170,6,544,21,1
Machine 1,asia,178,5,839,18,1
Machine 1,us,235,5,552,20,1
Machine 1,asia,164,7,659,19,1
Machine 0,asia,177,6,672,21,1
Machine 0,us,156,5,519,19,1
Machine 0,asia,58,7,721,20,1
Machine 1,asia,198,6,716,18,1
Machine 0,us,22,7,642,21,1
Machine 1,asia,143,6,714,20,1
Machine 1,asia,1,7,848,21,1
Machine 0,us,248,5,673,20,1
Machine 1,us,159,7,779,21,1
Machine 1,asia,137,4,771,21,1
Machine 1,us,128,7,691,19,1
Machine 0,asia,80,7,774,21,1
Machine 0,us,31,6,790,20,1
Machine 1,us,189,7,460,19,1
Machine 0,us,195,7,483,18,1
Machine 0,asia,244,2,791,19,1
Machine 0,us,89,6,484,20,1
Machine 1,us,29,7,554,18,1
Machine 0,emea,96,6,574,18,1
Machine 0,asia,111,7,965,23,1
Machine 0,emea,99,6,590,21,1
Machine 0,us,154,4,605,20,1
Machine 0,us,161,6,640,19,1
Machine 0,us,20,5,689,19,1
Machine 0,us,61,5,761,20,1
Machine 1,us,202,6,767,19,1
Machine 0,us,231,6,794,18,1
Machine 1,asia,132,6,836,19,1
Machine 0,us,119,6,820,20,1
Machine 1,asia,193,7,858,20,1
Machine 0,emea,199,6,808,21,1
Machine 0,asia,213,5,877,18,1
Machine 0,asia,134,6,846,19,1
Machine 1,asia,125,7,969,20,1
Machine 0,asia,69,7,837,21,1
Machine 1,asia,129,2,883,18,1
Machine 0,us,51,7,647,19,1
Machine 0,asia,9,6,916,27,1
Machine 1,asia,94,7,1018,21,1
Machine 0,us,117,6,725,20,1
Machine 0,asia,225,4,1019,21,1
Machine 0,emea,0,7,515,21,1
Machine 0,asia,18,6,967,18,1
Machine 1,us,62,5,538,21,1
Machine 1,asia,200,6,1065,20,1
Machine 1,us,48,6,583,19,1
Machine 1,us,83,3,561,18,1
Machine 1,asia,194,6,1133,19,1
Machine 0,asia,192,7,1192,21,1
Machine 0,us,204,7,703,21,1
Machine 0,asia,124,6,706,21,1
Machine 0,emea,52,8,696,18,1
Machine 0,asia,55,5,812,20,1
Machine 0,us,185,7,787,20,1
Machine 1,us,120,7,694,21,1
Machine 0,us,228,2,754,20,1
Machine 1,asia,240,4,801,19,1
Machine 1,asia,64,7,868,19,1
Machine 0,asia,67,7,890,21,1
Machine 0,asia,38,6,901,20,1
Machine 0,asia,86,6,800,18,1
Machine 0,asia,169,7,900,18,1
Machine 0,asia,85,7,902,20,1
Machine 1,asia,106,7,901,18,1
Machine 0,asia,87,7,952,20,1
Machine 1,asia,95,7,775,18,1
Machine 0,us,63,6,505,20,1
Machine 0,us,90,6,451,18,1
Machine 1,asia,249,2,843,21,1
Machine 1,us,152,5,492,19,1
Machine 1,asia,233,2,644,19,1
Machine 1,asia,47,7,1122,19,1
Machine 1,asia,113,7,840,19,1
Machine 0,us,59,8,573,19,1
Machine 0,emea,172,7,592,18,1
Machine 1,asia,142,6,639,20,1
Machine 0,us,4,7,650,19,1
Machine 0,asia,141,7,626,18,1
Machine 0,us,175,6,625,18,1
Machine 1,us,176,7,588,20,1
Machine 0,emea,186,4,657,21,1
Machine 1,us,135,7,703,20,1
Machine 1,us,157,5,567,19,1
Machine 0,asia,110,5,676,18,1
Machine 0,emea,181,6,542,18,1
Machine 1,asia,187,7,855,21,1
Machine 1,asia,108,7,869,18,1
Machine 1,us,16,7,591,19,1
Machine 0,emea,112,6,592,20,1
Machine 1,asia,146,5,765,19,1
Machine 0,emea,75,7,570,20,1
Machine 0,us,206,7,583,21,1
Machine 0,asia,127,7,911,21,1
Machine 0,us,49,5,890,20,1
Machine 0,asia,234,6,925,19,1
Machine 1,us,122,5,655,20,1
Machine 1,us,160,6,646,21,1
Machine 0,emea,107,6,649,19,1
Machine 0,us,230,7,680,19,1
Machine 0,us,232,6,728,19,1
Machine 1,asia,2,7,1069,20,1
Machine 1,asia,5,8,832,18,1
Machine 1,us,72,7,739,20,1
Machine 0,asia,171,6,816,19,1
Machine 0,emea,188,6,796,20,1
Machine 0,asia,133,4,830,18,1
Machine 1,us,211,6,822,21,1
Machine 0,emea,163,7,760,18,1
Machine 1,asia,45,2,891,19,1
Machine 0,us,197,7,879,20,1
Machine 0,asia,73,6,878,21,1
Machine 1,asia,151,7,867,21,1
Machine 0,asia,121,6,901,21,1
Machine 0,emea,246,6,644,21,1
Machine 0,asia,104,6,619,20,1
Machine 1,us,76,8,891,21,1
Machine 1,us,168,6,373,18,1
Machine 1,asia,93,7,922,19,1
Machine 0,asia,35,6,1044,23,1
Machine 1,us,242,2,446,20,1
Machine 1,asia,220,7,1000,21,1
Machine 0,asia,150,7,995,18,1
Machine 0,asia,224,5,993,21,1
Machine 0,us,70,3,465,19,1
Machine 1,us,65,5,471,20,1
Machine 1,us,102,6,534,21,1
Machine 1,asia,13,7,1020,20,1
Machine 0,us,203,8,484,19,1
Machine 1,us,10,8,525,20,1
Machine 0,us,191,6,546,21,1
Machine 0,emea,7,8,487,21,1
Machine 1,us,209,7,483,21,1
Machine 0,us,208,5,555,18,1
Machine 1,asia,71,7,889,18,1
Machine 0,emea,81,7,551,18,1
Machine 0,emea,218,3,591,18,1
Machine 0,emea,201,5,496,18,1
Machine 1,us,88,8,636,20,1
Machine 0,us,219,7,532,18,1
Machine 1,asia,153,6,657,18,1
Machine 0,us,227,7,660,20,1
Machine 0,asia,138,7,693,20,1
Machine 0,us,28,7,470,19,1
Machine 1,us,123,6,435,19,1
Machine 0,asia,126,6,740,19,1
Machine 1,asia,130,7,823,20,1
Machine 0,emea,21,7,477,21,1
Machine 0,emea,144,7,749,20,1
Machine 0,emea,17,8,572,20,1
Machine 1,us,180,8,590,19,1
Machine 1,us,68,8,588,20,1
Machine 1,asia,205,6,655,20,1
Machine 1,asia,245,6,642,20,1
Machine 1,asia,222,8,744,18,1
Machine 0,asia,12,7,706,20,1
Machine 1,asia,184,7,773,19,1
Machine 0,emea,217,7,768,20,1
Machine 1,us,190,7,578,21,1
Machine 1,us,147,6,586,21,1
Machine 1,asia,243,7,726,19,1
Machine 1,us,37,7,642,20,1
Machine 0,asia,8,8,635,19,1
Machine 1,us,235,6,630,18,1
Machine 0,asia,103,6,742,20,1
Machine 0,us,31,7,627,21,1
Machine 0,us,221,7,633,21,1
Machine 1,asia,170,7,698,18,1
Machine 0,us,189,8,654,18,1
Machine 0,asia,145,7,730,20,1
Machine 1,asia,40,7,729,18,1
Machine 0,emea,89,7,703,20,1
Machine 0,us,207,6,773,20,1
Machine 1,us,74,5,740,18,1
Machine 1,us,173,6,773,18,1
Machine 1,asia,178,6,796,20,1
Machine 1,us,96,7,752,18,1
Machine 0,emea,1,8,768,21,1
Machine 0,emea,80,8,767,18,1
Machine 1,asia,164,8,878,18,1
Machine 0,emea,154,5,723,20,1
Machine 0,us,195,8,790,19,1
Machine 1,us,42,7,787,19,1
Machine 0,asia,57,7,933,18,1
Machine 0,us,165,3,670,21,1
Machine 0,emea,174,3,407,18,1
Machine 0,us,60,3,584,19,1
Machine 0,asia,161,7,810,19,1
Machine 1,us,99,7,940,18,1
Machine 0,asia,50,6,952,21,1
Machine 0,asia,143,7,1017,21,1
Machine 1,asia,3,3,869,18,1
Machine 0,asia,109,6,978,20,1
Machine 1,us,179,3,784,20,1
Machine 1,us,62,6,437,19,1
Machine 1,us,20,6,511,19,1
Machine 0,emea,61,6,552,19,1
Machine 0,emea,177,7,509,18,1
Machine 0,emea,192,8,514,19,1
Machine 0,emea,204,8,528,19,1
Machine 0,us,202,7,654,18,1
Machine 0,emea,51,8,648,21,1
Machine 0,us,214,6,686,21,1
Machine 0,us,124,7,438,19,1
Machine 1,asia,193,8,762,18,1
Machine 0,us,98,7,740,19,1
Machine 0,us,117,7,775,18,1
Machine 0,us,54,7,513,18,1
Machine 0,asia,118,7,811,21,1
Machine 1,us,52,9,455,21,1
Machine 0,asia,18,7,817,20,1
Machine 0,asia,129,3,854,18,1
Machine 0,asia,132,7,869,19,1
Machine 0,emea,22,8,434,21,1
Machine 0,emea,226,2,510,18,1
Machine 0,us,94,8,425,18,1
Machine 0,us,198,7,465,18,1
Machine 1,asia,231,7,930,21,1
Machine 0,asia,156,6,602,18,1
Machine 1,asia,79,8,988,19,1
Machine 0,us,182,5,613,18,1
Machine 0,asia,85,8,646,19,1
Machine 0,asia,55,6,668,21,1
Machine 1,us,169,8,778,19,1
Machine 1,asia,92,5,984,21,1
Machine 1,asia,58,8,794,20,1
Machine 1,asia,137,5,676,18,1
Machine 0,emea,63,7,443,19,1
Machine 1,us,106,8,553,18,1
Machine 0,us,43,4,761,19,1
Machine 1,us,244,3,506,21,1
Machine 1,us,29,8,529,20,1
Machine 0,emea,249,3,553,20,1
Machine 0,emea,113,8,564,18,1
Machine 0,asia,87,8,847,19,1
Machine 0,emea,213,6,574,21,1
Machine 1,asia,128,8,861,19,1
Machine 0,us,172,8,582,18,1
Machine 1,us,90,7,626,19,1
Machine 1,us,149,3,646,19,1
Machine 1,asia,111,8,730,20,1
Machine 0,emea,69,8,683,21,1
Machine 0,emea,142,7,671,19,1
Machine 1,us,47,8,775,19,1
Machine 0,asia,95,8,807,21,1
Machine 0,us,199,7,836,19,1
Machine 0,emea,152,6,804,19,1
Machine 1,us,125,8,841,20,1
Machine 0,asia,134,7,872,20,1
Machine 0,asia,119,7,928,18,1
Machine 0,emea,9,7,497,21,1
Machine 1,asia,233,3,982,21,1
Machine 1,us,141,8,599,19,1
Machine 1,asia,4,8,745,21,1
Machine 0,emea,185,8,552,18,1
Machine 0,us,48,7,602,20,1
Machine 1,asia,175,7,617,18,1
Machine 0,us,2,8,592,20,1
Machine 1,us,176,8,665,19,1
Machine 0,emea,133,5,571,19,1
Machine 0,us,225,5,662,19,1
Machine 1,asia,59,9,1102,19,1
Machine 1,us,181,7,707,19,1
Machine 1,us,97,8,674,20,1
Machine 0,us,110,6,699,21,1
Machine 0,emea,14,6,630,21,1
Machine 0,emea,135,8,733,20,1
Machine 0,asia,107,7,748,20,1
Machine 1,us,5,9,729,21,1
Machine 0,emea,232,7,749,20,1
Machine 0,us,216,7,737,21,1
Machine 1,asia,108,8,780,21,1
Machine 1,us,211,7,745,20,1
Machine 0,emea,228,3,755,18,1
Machine 1,asia,0,8,803,18,1
Machine 0,us,239,7,768,21,1
Machine 0,emea,38,7,769,20,1
Machine 0,emea,65,6,396,19,1
Machine 1,us,116,6,779,18,1
Machine 1,us,112,7,870,18,1
Machine 0,asia,186,5,875,19,1
Machine 1,us,246,7,823,21,1
Machine 0,emea,150,8,476,20,1
Machine 1,asia,146,6,900,20,1
Machine 0,us,77,7,657,21,1
Machine 1,asia,163,8,908,20,1
Machine 0,emea,209,8,414,19,1
Machine 1,us,10,9,452,20,1
Machine 0,emea,7,9,437,20,1
Machine 1,us,13,8,498,20,1
Machine 0,asia,230,8,970,21,1
Machine 1,asia,6,6,963,21,1
Machine 1,asia,86,7,997,20,1
Machine 0,us,71,8,465,19,1
Machine 1,us,191,7,502,20,1
Machine 1,us,208,6,456,19,1
Machine 0,emea,138,8,368,19,1
Machine 0,us,88,9,380,20,1
Machine 0,emea,155,6,447,18,1
Machine 0,us,201,6,460,20,1
Machine 1,us,123,7,475,19,1
Machine 1,asia,218,4,657,18,1
Machine 0,us,157,6,460,20,1
Machine 1,us,219,8,542,19,1
Machine 1,asia,81,8,714,20,1
Machine 1,us,75,8,556,19,1
Machine 0,asia,153,7,663,21,1
Machine 1,asia,28,8,653,21,1
Machine 0,us,234,7,517,20,1
Machine 0,asia,130,8,650,21,1
Machine 1,us,49,6,460,21,1
Machine 0,us,160,7,458,20,1
Machine 1,asia,126,7,605,20,1
Machine 0,us,122,6,484,20,1
Machine 1,asia,127,8,693,18,1
Machine 1,us,100,6,463,18,1
Machine 0,us,16,8,738,18,1
Machine 1,asia,206,8,591,19,1
Machine 0,emea,68,9,494,18,1
Machine 0,emea,91,7,520,20,1
Machine 0,us,72,8,526,18,1
Machine 1,asia,227,8,959,19,1
Machine 0,asia,187,8,731,21,1
Machine 0,us,190,8,618,18,1
Machine 0,asia,158,6,664,22,1
Machine 1,asia,184,8,702,20,1
Machine 0,us,37,8,695,19,1
Machine 1,asia,21,8,696,21,1
Machine 0,us,12,8,699,19,1
Machine 1,asia,205,7,721,21,1
Machine 1,us,222,9,729,20,1
Machine 0,emea,121,7,360,19,1
Machine 0,us,248,6,458,19,1
Machine 1,asia,217,8,919,20,1
Machine 0,emea,197,8,523,19,1
Machine 0,asia,188,7,880,18,1
Machine 0,asia,31,8,869,22,1
Machine 1,asia,171,7,963,20,1
Machine 0,us,80,9,548,20,1
Machine 1,asia,8,9,635,21,1
Machine 0,us,35,7,622,20,1
Machine 0,asia,24,7,680,21,1
Machine 0,asia,93,8,718,20,1
Machine 1,asia,1,9,713,18,1
Machine 1,asia,96,8,739,21,1
Machine 1,us,164,9,694,19,1
Machine 1,us,179,4,447,20,1
Machine 1,asia,45,3,766,19,1
Machine 0,emea,62,7,479,20,1
Machine 0,us,154,6,727,19,1
Machine 0,emea,177,8,471,19,1
Machine 1,asia,178,7,837,20,1
Machine 0,us,224,6,516,20,1
Machine 0,us,242,3,518,21,1
Machine 1,asia,57,8,637,20,1
Machine 0,asia,159,8,842,19,1
Machine 0,asia,42,8,759,21,1
Machine 1,asia,165,4,582,19,1
Machine 1,us,168,7,548,18,1
Machine 0,us,117,8,572,18,1
Machine 1,us,98,8,600,18,1
Machine 1,us,50,7,641,19,1
Machine 0,us,202,8,623,20,1
Machine 0,asia,195,9,658,28,1
Machine 0,emea,51,9,614,21,1
Machine 0,emea,118,8,632,18,1
Machine 1,us,132,8,634,20,1
Machine 1,us,104,7,627,20,1
Machine 0,asia,193,9,747,18,1
Machine 1,asia,204,9,765,18,1
Machine 1,us,124,8,751,21,1
Machine 0,us,180,9,676,18,1
Machine 0,asia,192,9,815,30,1
Machine 1,us,22,9,778,19,1
Machine 0,asia,214,7,835,18,1
Machine 1,us,18,8,824,18,1
Machine 1,us,54,8,835,19,1
Machine 0,us,52,10,829,21,1
Machine 0,us,17,9,760,20,1
Machine 1,us,144,8,604,19,1
Machine 0,asia,129,4,930,19,1
Machine 0,emea,169,9,401,20,1
Machine 0,us,106,9,422,18,1
Machine 0,emea,243,8,457,20,1
Machine 0,emea,63,8,365,19,1
Machine 1,asia,55,7,613,18,1
Machine 0,emea,43,5,477,21,1
Machine 1,us,137,6,467,20,1
Machine 1,us,74,6,453,20,1
Machine 1,us,29,9,491,20,1
Machine 0,us,173,7,419,18,1
Machine 0,us,174,4,419,21,1
Machine 0,emea,235,7,423,20,1
Machine 0,asia,58,9,628,21,1
Machine 0,asia,226,3,750,27,1
Machine 0,emea,249,4,466,21,1
Machine 1,us,109,7,418,20,1
Machine 1,us,99,8,461,19,1
Machine 0,us,244,4,613,21,1
Machine 0,us,143,8,485,19,1
Machine 1,us,20,7,470,21,1
Machine 1,us,87,9,543,18,1
Machine 0,us,172,9,553,18,1
Machine 0,emea,213,7,586,18,1
Machine 0,asia,60,4,639,19,1
Machine 0,emea,53,4,475,21,1
Machine 0,us,69,9,561,21,1
Machine 0,asia,161,8,638,20,1
Machine 0,asia,61,7,635,21,1
Machine 1,us,111,9,572,20,1
Machine 1,us,142,8,598,20,1
Machine 0,us,39,5,668,20,1
Machine 1,us,199,8,505,20,1
Machine 0,asia,76,9,742,20,1
Machine 1,asia,128,9,821,19,1
Machine 0,asia,149,4,821,18,1
Machine 1,asia,3,4,693,20,1
Machine 1,asia,90,8,864,18,1
Machine 0,emea,47,9,762,19,1
Machine 0,emea,119,8,489,21,1
Machine 0,asia,113,9,878,18,1
Machine 0,us,48,8,530,19,1
Machine 1,us,73,7,618,20,1
Machine 0,us,233,4,619,21,1
Machine 0,asia,95,9,875,21,1
Machine 0,emea,231,8,589,20,1
Machine 0,emea,2,9,626,18,1
Machine 1,asia,9,8,709,19,1
Machine 0,asia,152,7,730,20,1
Machine 0,us,134,8,705,18,1
Machine 0,us,4,9,684,20,1
Machine 1,us,125,9,681,20,1
Machine 0,emea,203,9,694,18,1
Machine 0,us,150,9,617,18,1
Machine 0,us,133,6,720,19,1
Machine 0,asia,25,4,1018,20,1
Machine 0,emea,176,9,756,21,1
Machine 0,emea,107,8,770,19,1
Machine 1,us,151,8,760,18,1
Machine 1,us,70,4,779,21,1
Machine 0,asia,228,4,768,19,1
Machine 0,us,0,9,772,20,1
Machine 1,asia,185,9,810,19,1
Machine 0,emea,85,9,828,18,1
Machine 1,us,225,6,811,20,1
Machine 1,asia,79,9,803,19,1
Machine 0,emea,186,6,822,21,1
Machine 1,asia,94,9,902,19,1
Machine 0,emea,220,8,908,21,1
Machine 0,us,230,9,452,18,1
Machine 1,asia,6,7,684,18,1
Machine 0,asia,175,8,935,20,1
Machine 1,asia,182,6,898,21,1
Machine 0,emea,156,7,442,19,1
Machine 0,asia,146,7,841,19,1
Machine 1,us,198,8,461,18,1
Machine 1,asia,7,10,624,18,1
Machine 0,asia,209,9,893,20,1
Machine 0,emea,218,5,533,20,1
Machine 0,asia,163,9,919,19,1
Machine 0,emea,75,9,510,19,1
Machine 0,emea,13,9,650,18,1
Machine 0,asia,86,8,615,20,1
Machine 0,asia,191,8,668,21,1
Machine 0,asia,155,7,637,19,1
Machine 0,emea,234,8,578,19,1
Machine 0,asia,208,7,697,19,1
Machine 0,emea,157,7,605,18,1
Machine 0,emea,127,9,461,20,1
Machine 1,asia,153,8,728,18,1
Machine 0,asia,81,9,752,19,1
Machine 1,asia,49,7,761,20,1
Machine 0,emea,16,9,543,18,1
Machine 0,emea,12,9,516,21,1
Machine 0,asia,126,8,815,20,1
Machine 0,emea,222,10,533,20,1
Machine 0,asia,68,10,584,20,1
Machine 0,asia,130,9,859,20,1
Machine 0,asia,206,9,636,19,1
Machine 1,asia,100,7,670,20,1
Machine 1,asia,121,8,606,19,1
Machine 1,asia,245,7,687,18,1
Machine 0,us,160,8,865,21,1
Machine 1,us,205,8,731,20,1
Machine 1,us,145,8,797,19,1
Machine 0,asia,21,9,775,18,1
Machine 1,asia,190,9,928,18,1
Machine 1,asia,89,8,944,18,1
Machine 0,emea,14,7,717,19,1
Machine 0,emea,184,9,958,18,1
Machine 0,us,139,6,731,20,1
Machine 1,us,181,8,763,18,1
Machine 1,us,40,8,1043,20,1
Machine 0,emea,110,7,811,18,1
Machine 1,asia,207,7,808,18,1
Machine 1,us,97,9,873,20,1
Machine 1,us,177,9,846,18,1
Machine 1,us,248,7,870,20,1
Machine 0,us,204,10,859,18,1
Machine 0,us,135,9,912,19,1
Machine 0,asia,37,9,1180,18,1
Machine 1,us,138,9,903,21,1
Machine 0,emea,59,10,930,21,1
Machine 0,emea,5,10,955,19,1
Machine 1,us,124,9,929,19,1
Machine 0,emea,24,8,977,21,1
Machine 1,us,136,5,951,18,1
Machine 0,emea,183,7,1001,19,1
Machine 0,us,214,8,831,21,1
Machine 1,asia,188,8,1031,21,1
Machine 0,us,217,9,988,21,1
Machine 1,us,71,9,1704,20,1
Machine 1,asia,238,6,1041,20,1
Machine 0,asia,178,8,1024,20,1
Machine 1,asia,202,9,1023,19,1
Machine 0,asia,44,6,1053,19,1
Machine 1,us,232,8,1091,20,1
Machine 0,asia,216,8,1050,18,1
Machine 0,emea,193,10,1074,26,1
Machine 0,emea,22,10,1078,18,1
Machine 1,us,84,7,1142,18,1
Machine 0,asia,211,8,1207,21,1
Machine 0,emea,108,9,1159,21,1
Machine 1,asia,179,5,1148,18,1
Machine 0,asia,132,9,1183,22,1
Machine 0,asia,180,10,1212,21,1
Machine 1,asia,123,8,1158,18,1
Machine 1,asia,35,8,1239,20,1
Machine 1,asia,219,9,1244,21,1
Machine 0,emea,72,9,460,19,1
Machine 0,asia,164,10,1250,18,1
Machine 0,emea,187,9,446,19,1
Machine 0,asia,192,10,1264,18,1
Machine 0,asia,8,10,1311,21,1
Machine 1,us,17,10,527,19,1
Machine 1,us,91,8,536,19,1
Machine 0,emea,227,9,566,19,1
Machine 0,asia,18,9,802,18,1
Machine 0,emea,144,9,508,19,1
Machine 0,us,63,9,547,19,1
Machine 1,us,129,5,617,20,1
Machine 0,asia,54,9,691,20,1
Machine 1,us,158,7,580,20,1
Machine 0,us,55,8,679,19,1
Machine 0,emea,29,10,500,18,1
Machine 0,asia,104,8,1387,21,1
Machine 0,emea,243,9,613,19,1
Machine 1,us,74,7,666,20,1
Machine 1,us,137,7,712,21,1
Machine 1,asia,169,10,764,19,1
Machine 1,asia,106,10,786,20,1
Machine 0,us,249,5,432,24,1
Machine 0,asia,226,4,735,18,1
Machine 0,us,197,9,460,21,1
Machine 0,emea,99,9,433,20,1
Machine 1,asia,43,6,899,21,1
Machine 0,asia,173,8,721,23,1
Machine 0,us,31,9,475,21,1
Machine 1,us,109,8,510,18,1
Machine 1,asia,235,8,676,18,1
Machine 0,asia,174,5,875,21,1
Machine 0,us,58,10,569,20,1
Machine 0,asia,92,6,957,21,1
Machine 0,us,171,8,422,18,1
Machine 0,emea,93,9,394,20,1
Machine 1,us,143,9,594,18,1
Machine 0,emea,1,10,390,20,1
Machine 1,asia,20,8,615,19,1
Machine 0,emea,96,9,418,19,1
Machine 0,emea,154,7,429,20,1
Machine 1,asia,244,5,715,21,1
Machine 0,us,159,9,424,21,1
Machine 1,us,62,8,464,21,1
Machine 0,emea,45,4,435,19,1
Machine 0,us,80,10,504,18,1
Machine 0,emea,60,5,488,20,1
Machine 0,us,42,9,513,18,1
Machine 1,us,168,8,500,21,1
Machine 0,emea,117,9,513,18,1
Machine 0,us,165,5,503,21,1
Machine 1,asia,87,10,739,20,1
Machine 0,emea,111,10,467,19,1
Machine 0,us,224,7,612,21,1
Machine 0,emea,161,9,562,19,1
Machine 0,asia,57,9,638,19,1
Machine 1,us,172,10,588,20,1
Machine 0,us,69,10,571,19,1
Machine 1,asia,242,4,662,21,1
Machine 1,asia,213,8,651,20,1
Machine 0,emea,95,10,368,18,1
Machine 1,us,113,10,429,19,1
Machine 1,asia,53,5,683,19,1
Machine 0,us,73,8,433,21,1
Machine 1,asia,118,9,594,20,1
Machine 0,asia,39,6,706,20,1
Machine 0,us,231,9,561,21,1
Machine 0,asia,233,5,608,19,1
Machine 0,emea,228,5,456,20,1
Machine 1,asia,48,9,649,19,1
Machine 1,us,194,7,621,21,1
Machine 1,us,107,9,593,19,1
Machine 1,asia,2,10,662,21,1
Machine 1,us,125,10,683,18,1
Machine 0,us,70,5,715,19,1
Machine 0,emea,225,7,520,19,1
Machine 1,asia,142,9,784,21,1
Machine 1,us,83,4,690,21,1
Machine 1,asia,176,10,729,21,1
Machine 0,emea,94,10,449,20,1
Machine 0,asia,133,7,752,26,1
Machine 1,asia,141,9,800,21,1
Machine 1,asia,150,10,800,21,1
Machine 0,us,218,6,514,21,1
Machine 1,us,85,10,536,18,1
Machine 1,asia,185,10,721,21,1
Machine 0,emea,186,7,479,21,1
Machine 1,us,13,10,535,18,1
Machine 1,us,6,8,622,20,1
Machine 0,emea,209,10,564,18,1
Machine 1,us,79,10,566,19,1
Machine 1,asia,0,10,667,19,1
Machine 0,emea,28,9,612,21,1
Machine 1,us,151,9,971,18,1
Machine 0,us,86,9,675,21,1
Machine 1,us,155,8,718,20,1
Machine 1,asia,182,7,783,20,1
Machine 0,us,167,6,755,18,1
Machine 1,asia,220,9,819,19,1
Machine 0,us,119,9,550,21,1
Machine 0,asia,191,9,796,21,1
Machine 0,asia,163,10,799,18,1
Machine 0,us,201,7,782,20,1
Machine 0,us,3,5,689,21,1
Machine 1,asia,76,10,769,21,1
Machine 0,emea,128,10,441,19,1
Machine 0,asia,88,10,882,18,1
Machine 0,asia,234,9,892,19,1
Machine 1,asia,122,7,867,21,1
Machine 1,asia,75,10,941,19,1
Machine 0,us,90,9,401,19,1
Machine 1,asia,127,10,938,20,1
Machine 0,us,149,5,462,19,1
Machine 0,us,153,9,429,20,1
Machine 0,emea,81,10,448,18,1
Machine 0,asia,157,8,996,18,1
Machine 1,asia,200,7,1009,19,1
Machine 1,us,4,10,470,19,1
Machine 0,asia,61,8,961,21,1
Machine 1,us,134,9,462,20,1
Machine 0,asia,208,8,1080,20,1
Machine 0,asia,199,9,750,21,1
Machine 1,us,230,10,420,20,1
Machine 0,emea,16,10,375,21,1
Machine 0,us,25,5,532,19,1
Machine 1,asia,152,8,625,20,1
Machine 0,us,9,9,600,20,1
Machine 0,us,12,10,429,18,1
Machine 0,asia,203,10,584,19,1
Machine 0,emea,156,8,451,18,1
Machine 0,emea,245,8,468,20,1
Machine 1,us,190,10,537,19,1
Machine 1,asia,175,9,685,19,1
Machine 1,us,205,9,552,21,1
Machine 1,asia,49,8,780,19,1
Machine 0,asia,121,9,611,18,1
Machine 0,us,139,7,568,19,1
Machine 1,us,100,8,633,19,1
Machine 0,asia,47,10,935,20,1
Machine 0,asia,21,10,645,21,1
Machine 1,us,145,9,635,20,1
Machine 1,asia,126,9,723,20,1
Machine 0,us,14,8,644,20,1
Machine 0,emea,40,9,529,19,1
Machine 1,us,206,10,734,19,1
Machine 1,us,89,9,722,20,1
Machine 1,asia,130,10,853,19,1
Machine 0,emea,138,10,469,18,1
Machine 0,asia,184,10,803,18,1
Machine 0,asia,181,9,815,18,1
Machine 0,asia,146,8,819,20,1
Machine 0,asia,110,8,592,23,1
Machine 0,us,97,10,547,21,1
Machine 0,asia,160,9,883,19,1
Machine 0,emea,136,6,560,19,1
Machine 0,asia,37,10,617,18,1
Machine 1,us,24,9,592,18,1
Machine 1,us,84,8,544,20,1
Machine 0,emea,211,9,506,20,1
Machine 0,emea,179,6,472,20,1
Machine 0,asia,124,10,626,21,1
Machine 0,asia,248,8,728,19,1
Machine 0,asia,188,9,700,18,1
Machine 1,asia,216,9,725,18,1
Machine 0,asia,232,9,751,19,1
Machine 0,us,123,9,503,20,1
Machine 0,asia,217,10,794,19,1
Machine 1,asia,71,10,789,18,1
Machine 1,asia,44,7,801,20,1
Machine 0,us,132,10,544,18,1
Machine 1,asia,214,9,787,20,1
Machine 1,us,91,9,514,19,1
Machine 1,us,219,10,519,18,1
Machine 0,us,63,10,522,20,1
Machine 0,emea,54,10,388,19,1
Machine 0,asia,144,10,636,21,1
Machine 0,us,129,6,439,19,1
Machine 0,asia,35,9,642,20,1
Machine 0,asia,108,10,824,20,1
Machine 1,asia,227,10,639,20,1
Machine 1,us,137,8,435,19,1
Machine 0,us,241,1,455,21,1
Machine 0,emea,237,1,452,19,1
Machine 0,emea,55,9,569,18,1
Machine 0,emea,236,1,474,18,1
Machine 0,asia,18,10,711,21,1
Machine 0,asia,158,8,586,18,1
Machine 1,asia,104,9,598,18,1
Machine 0,asia,74,8,601,21,1
Machine 0,us,174,6,506,18,1
Machine 0,us,207,8,589,18,1
Machine 1,us,96,10,583,19,1
Machine 1,us,20,9,623,21,1
Machine 0,emea,45,5,585,18,1
Machine 0,us,93,10,528,19,1
Machine 0,asia,173,9,672,18,1
Machine 0,emea,135,10,609,18,1
Machine 0,asia,147,7,808,19,1
Machine 0,asia,189,9,698,18,1
Machine 0,emea,177,10,649,21,1
Machine 0,emea,159,10,658,18,1
Machine 1,asia,43,7,692,20,1
Machine 1,asia,31,10,798,18,1
Machine 0,asia,171,9,708,18,1
Machine 0,asia,197,10,805,18,1
Machine 1,us,183,8,564,21,1
Machine 1,asia,244,6,759,20,1
Machine 1,asia,60,6,773,21,1
Machine 0,emea,161,10,567,20,1
Machine 0,asia,221,8,893,18,1
Machine 1,us,143,10,906,19,1
Machine 0,emea,42,10,753,21,1
Machine 1,asia,62,9,861,20,1
Machine 0,us,53,6,533,18,1
Machine 0,emea,202,10,546,20,1
Machine 1,us,154,8,929,20,1
Machine 1,us,242,5,627,18,1
Machine 1,us,118,10,634,18,1
Machine 1,us,224,8,680,18,1
Machine 1,asia,178,9,701,19,1
Machine 1,us,194,8,704,20,1
Machine 0,us,231,10,733,20,1
Machine 0,asia,168,9,1029,18,1
Machine 0,asia,226,5,801,19,1
Machine 1,asia,73,9,828,20,1
Machine 0,emea,39,7,776,21,1
Machine 0,emea,187,10,829,19,1
Machine 0,asia,107,10,795,21,1
Machine 1,asia,233,6,833,21,1
Machine 0,emea,243,10,829,19,1
Machine 0,emea,99,10,823,19,1
Machine 0,emea,198,9,400,19,1
Machine 0,asia,238,7,894,21,1
Machine 1,us,48,10,858,19,1
Machine 1,us,109,9,834,18,1
Machine 1,asia,72,10,888,18,1
Machine 0,emea,235,9,553,21,1
Machine 1,us,225,8,449,21,1
Machine 0,asia,213,9,1003,20,1
Machine 0,asia,228,6,981,24,1
Machine 0,emea,83,5,440,19,1
Machine 0,asia,70,6,852,20,1
Machine 1,asia,249,6,1071,18,1
Machine 1,asia,92,7,919,18,1
Machine 1,us,186,8,558,21,1
Machine 1,us,218,7,582,18,1
Machine 0,emea,155,9,337,20,1
Machine 0,us,151,10,369,21,1
Machine 0,emea,86,10,365,20,1
Machine 0,emea,28,10,392,21,1
Machine 0,us,182,8,396,18,1
Machine 1,asia,133,8,712,20,1
Machine 0,us,167,7,449,20,1
Machine 1,us,119,10,420,20,1
Machine 0,us,165,6,447,19,1
Machine 1,us,3,6,464,20,1
Machine 0,us,32,2,462,20,1
Machine 1,asia,141,10,725,19,1
Machine 0,asia,142,10,810,20,1
Machine 0,asia,6,9,728,19,1
Machine 0,us,191,10,494,20,1
Machine 0,asia,220,10,574,18,1
Machine 0,emea,78,2,397,21,1
Machine 1,asia,117,10,568,18,1
Machine 0,emea,36,2,469,19,1
Machine 0,emea,201,8,574,18,1
Machine 0,emea,34,2,587,21,1
Machine 1,asia,15,2,622,19,1
Machine 0,emea,66,2,376,19,1
Machine 0,emea,46,2,468,20,1
Machine 1,asia,30,2,672,19,1
Machine 0,asia,234,10,732,20,1
Machine 0,us,33,2,517,21,1
Machine 0,asia,27,2,725,19,1
Machine 0,asia,23,2,632,20,1
Machine 0,asia,11,2,759,19,1
Machine 0,us,90,10,459,19,1
Machine 0,us,200,8,457,19,1
Machine 0,us,56,2,516,21,1
Machine 1,us,26,2,547,19,1
Machine 0,asia,122,8,900,18,1
Machine 0,us,199,10,589,18,1
Machine 1,us,157,9,595,18,1
Machine 0,us,25,6,610,21,1
Machine 0,us,152,9,621,18,1
Machine 0,us,156,9,604,18,1
Machine 1,us,61,9,677,18,1
Machine 0,us,134,10,686,21,1
Machine 0,us,41,2,701,18,1
Machine 0,us,208,9,664,20,1
Machine 1,asia,9,10,807,20,1
Machine 1,us,49,9,496,19,1
Machine 1,us,145,10,510,20,1
Machine 1,asia,245,9,739,19,1
Machine 0,emea,162,7,594,20,1
Machine 0,us,139,8,540,21,1
Machine 0,us,14,9,541,20,1
Machine 1,us,100,9,582,18,1
Machine 1,asia,166,7,657,21,1
Machine 0,emea,246,8,543,19,1
Machine 0,asia,175,10,636,19,1
Machine 1,asia,131,6,830,20,1
Machine 0,us,239,8,409,19,1
Machine 1,asia,82,7,697,18,1
Machine 1,us,65,7,576,20,1
Machine 0,emea,126,10,663,21,1
Machine 1,us,10,10,668,19,1
Machine 1,us,112,8,550,19,1
Machine 0,emea,24,10,538,19,1
Machine 0,emea,160,10,542,21,1
Machine 1,asia,121,10,822,20,1
Machine 1,us,205,10,986,21,1
Machine 1,asia,110,9,689,19,1
Machine 0,asia,89,10,695,19,1
Machine 1,us,179,7,692,18,1
Machine 0,emea,146,9,694,20,1
Machine 1,asia,116,7,725,21,1
Machine 0,us,136,7,698,20,1
Machine 0,us,153,10,708,18,1
Machine 1,asia,181,10,744,20,1
Machine 0,us,38,8,760,20,1
Machine 0,us,216,10,762,20,1
Machine 0,emea,129,7,694,20,1
Machine 1,asia,188,10,786,20,1
Machine 1,us,232,10,767,19,1
Machine 1,us,35,10,736,18,1
Machine 0,us,44,8,774,18,1
Machine 1,us,237,2,711,18,1
Machine 0,asia,77,8,963,21,1
Machine 0,us,215,7,700,18,1
Machine 0,asia,123,10,907,18,1
Machine 1,us,104,10,764,18,1
Machine 1,asia,91,10,885,18,1
Machine 0,asia,114,2,961,18,1
Machine 1,us,55,10,852,21,1
Machine 0,asia,158,9,883,18,1
Machine 0,asia,84,9,989,20,1
Machine 1,asia,101,2,977,18,1
Machine 0,us,212,2,894,20,1
Machine 0,emea,148,2,870,18,1
Machine 0,emea,149,6,973,21,1
Machine 1,asia,214,10,996,21,1
Machine 0,emea,115,2,685,19,1
Machine 0,emea,207,9,548,21,1
Machine 0,us,247,2,1019,21,1
Machine 1,asia,74,9,894,21,1
Machine 0,asia,137,9,1018,19,1
Machine 0,asia,241,2,1077,21,1
Machine 1,asia,236,2,1097,19,1
Machine 1,asia,140,2,1198,18,1
Machine 1,us,211,10,451,20,1
Machine 0,asia,174,7,795,19,1
Machine 0,us,189,10,471,21,1
Machine 1,us,45,6,488,20,1
Machine 0,emea,147,8,478,21,1
Machine 0,us,173,10,502,21,1
Machine 0,emea,43,8,513,18,1
Machine 1,us,248,9,528,20,1
Machine 1,us,53,7,536,18,1
Machine 1,asia,20,10,586,18,1
Machine 1,asia,40,10,589,20,1
Machine 1,us,221,9,570,21,1
Machine 1,us,60,7,579,20,1
Machine 0,us,244,7,597,21,1
Machine 1,us,171,10,650,19,1
Machine 0,us,168,10,637,19,1
Machine 1,us,73,10,528,19,1
Machine 1,asia,183,9,712,19,1
Machine 0,us,233,7,494,20,1
Machine 0,asia,224,9,758,20,1
Machine 0,emea,39,8,408,20,1
Machine 0,us,109,10,405,19,1
Machine 0,emea,195,10,384,19,1
Machine 0,asia,62,10,812,18,1
Machine 1,asia,178,10,793,20,1
Machine 0,emea,228,7,398,20,1
Machine 0,asia,194,9,802,18,1
Machine 0,emea,213,10,418,18,1
Machine 1,asia,226,6,760,21,1
Machine 0,asia,154,9,896,19,1
Machine 0,emea,70,7,419,21,1
Machine 0,asia,57,10,928,19,1
Machine 0,asia,242,6,935,23,1
Machine 1,asia,198,10,548,20,1
Machine 1,asia,238,8,601,20,1
Machine 0,asia,235,10,622,18,1
Machine 0,us,83,6,539,20,1
Machine 0,us,218,8,568,20,1
Machine 0,asia,50,8,708,19,1
Machine 0,asia,51,10,737,20,1
Machine 1,asia,98,9,701,19,1
Machine 0,emea,167,8,648,20,1
Machine 0,emea,165,7,533,21,1
Machine 0,emea,186,9,693,19,1
Machine 1,asia,155,10,702,18,1
Machine 0,emea,229,2,597,18,1
Machine 0,emea,182,9,694,20,1
Machine 1,us,3,7,478,19,1
Machine 0,emea,6,10,453,19,1
Machine 1,asia,249,7,748,18,1
Machine 1,asia,225,9,811,18,1
Machine 0,asia,133,9,791,21,1
Machine 0,us,78,3,530,19,1
Machine 1,asia,19,3,827,21,1
Machine 1,us,33,3,576,18,1
Machine 1,us,46,3,637,20,1
Machine 0,asia,92,8,1016,21,1
Machine 0,us,25,7,629,20,1
Machine 0,asia,32,3,763,21,1
Machine 0,emea,122,9,594,20,1
Machine 0,emea,200,9,748,19,1
Machine 1,asia,201,9,801,21,1
Machine 0,asia,30,3,788,19,1
Machine 0,asia,152,10,718,18,1
Machine 0,us,11,3,812,21,1
Machine 0,asia,66,3,825,18,1
Machine 1,asia,23,3,826,19,1
Machine 1,asia,157,10,858,21,1
Machine 1,asia,26,3,851,19,1
Machine 0,asia,27,3,912,19,1
Machine 0,emea,156,10,785,21,1
Machine 0,asia,36,3,961,20,1
Machine 0,us,208,10,555,18,1
Machine 0,asia,15,3,963,19,1
Machine 0,asia,34,3,956,21,1
Machine 0,us,41,3,607,20,1
Machine 0,asia,61,10,805,20,1
Machine 0,us,146,10,572,21,1
Machine 0,us,14,10,625,19,1
Machine 1,us,139,9,546,19,1
Machine 0,asia,56,3,1036,19,1
Machine 0,asia,245,10,678,20,1
Machine 1,us,166,8,673,18,1
Machine 0,emea,246,9,675,21,1
Machine 1,asia,162,8,712,20,1
Machine 0,us,112,9,654,18,1
Machine 1,us,239,9,679,20,1
Machine 1,us,129,8,682,19,1
Machine 0,us,136,8,683,21,1
Machine 1,us,100,10,724,21,1
Machine 1,us,179,8,722,19,1
Machine 0,us,110,10,718,21,1
Machine 1,us,116,8,724,21,1
Machine 1,us,148,3,741,18,1
Machine 1,us,74,10,647,18,1
Machine 0,asia,49,10,828,21,1
Machine 0,us,131,7,847,21,1
Machine 0,emea,212,3,825,20,1
Machine 0,asia,44,9,818,21,1
Machine 0,us,237,3,836,18,1
Machine 0,asia,82,8,860,19,1
Machine 1,us,158,10,830,18,1
Machine 0,emea,77,9,842,20,1
Machine 0,asia,65,8,922,19,1
Machine 0,us,115,3,873,18,1
Machine 0,us,137,10,809,19,1
Machine 1,us,147,9,435,19,1
Machine 0,asia,149,7,952,21,1
Machine 1,asia,38,9,960,20,1
Machine 1,us,207,10,931,19,1
Machine 0,asia,114,3,1020,19,1
Machine 0,us,101,3,973,18,1
Machine 1,us,174,8,596,21,1
Machine 0,us,248,10,424,18,1
Machine 0,asia,84,10,1150,18,1
Machine 1,asia,140,3,803,19,1
Machine 0,emea,43,9,442,18,1
Machine 0,asia,215,8,1156,19,1
Machine 0,asia,247,3,1059,20,1
Machine 1,asia,241,3,866,18,1
Machine 0,us,221,10,524,18,1
Machine 0,emea,244,8,486,18,1
Machine 0,us,67,8,561,21,1
Machine 1,asia,236,3,1016,19,1
Machine 1,asia,120,8,599,21,1
Machine 0,emea,224,10,389,21,1
Machine 0,asia,64,8,682,23,1
Machine 0,asia,53,8,672,23,1
Machine 1,asia,45,7,888,18,1
Machine 0,emea,233,8,419,20,1
Machine 1,us,39,9,451,21,1
Machine 0,emea,225,10,424,19,1
Machine 0,asia,240,5,807,21,1
Machine 0,emea,83,7,459,18,1
Machine 1,us,70,8,551,21,1
Machine 1,us,154,10,588,21,1
Machine 0,emea,46,4,517,19,1
Machine 0,asia,60,8,859,22,1
Machine 1,us,194,10,657,20,1
Machine 0,asia,183,10,744,21,1
Machine 1,asia,228,8,675,21,1
Machine 0,us,229,3,605,20,1
Machine 1,us,242,7,659,21,1
Machine 1,us,226,7,714,20,1
Machine 0,us,92,9,626,18,1
Machine 0,us,3,8,698,20,1
Machine 1,us,186,10,702,18,1
Machine 1,asia,218,9,728,19,1
Machine 0,asia,50,9,745,20,1
Machine 0,asia,165,8,721,23,1
Machine 0,emea,200,10,549,18,1
Machine 1,asia,238,9,786,19,1
Machine 0,us,98,10,766,18,1
Machine 0,us,182,10,756,20,1
Machine 1,us,249,8,754,18,1
Machine 0,us,133,10,830,19,1
Machine 1,us,32,4,792,21,1
Machine 0,us,25,8,821,18,1
Machine 0,emea,30,4,474,19,1
Machine 0,asia,19,4,871,20,1
Machine 1,asia,33,4,874,19,1
Machine 0,us,167,9,911,18,1
Machine 1,us,122,10,862,19,1
Machine 1,us,11,4,489,18,1
Machine 0,us,27,4,547,19,1
Machine 0,asia,78,4,999,18,1
Machine 0,us,166,9,590,20,1
Machine 0,emea,129,9,577,18,1
Machine 0,asia,201,10,802,20,1
Machine 1,asia,23,4,640,21,1
Machine 1,asia,102,7,669,21,1
Machine 1,us,179,9,591,18,1
Machine 1,asia,26,4,728,18,1
Machine 1,us,34,4,738,21,1
Machine 0,us,162,9,662,18,1
Machine 0,us,36,4,745,21,1
Machine 0,asia,56,4,738,19,1
Machine 1,us,116,9,698,21,1
Machine 1,asia,15,4,766,19,1
Machine 0,us,148,4,716,20,1
Machine 0,asia,66,4,778,18,1
Machine 0,emea,82,9,390,18,1
Machine 1,asia,41,4,766,18,1
Machine 1,asia,112,10,805,21,1
Machine 1,asia,131,8,756,18,1
Machine 0,emea,115,4,405,20,1
Machine 0,asia,239,10,856,24,1
Machine 0,asia,139,10,869,21,1
Machine 0,us,212,4,472,21,1
Machine 0,emea,44,10,468,18,1
Machine 0,emea,65,9,506,21,1
Machine 0,us,114,4,500,18,1
Machine 0,emea,38,10,451,18,1
Machine 0,emea,170,8,485,21,1
Machine 0,emea,147,10,537,19,1
Machine 1,asia,246,10,997,20,1
Machine 0,emea,215,9,561,19,1
Machine 1,asia,237,4,611,21,1
Machine 0,asia,136,9,999,18,1
Machine 0,emea,244,9,564,20,1
Machine 0,us,39,10,522,19,1
Machine 0,emea,120,9,606,21,1
Machine 0,asia,77,10,705,21,1
Machine 0,emea,149,8,682,19,1
Machine 1,us,247,4,613,18,1
Machine 0,asia,241,4,752,20,1
Machine 0,us,101,4,790,21,1
Machine 0,us,45,8,770,19,1
Machine 1,asia,240,6,752,19,1
Machine 1,asia,140,4,834,18,1
Machine 0,asia,174,9,838,19,1
Machine 0,us,233,9,862,18,1
Machine 0,emea,64,9,623,18,1
Machine 0,emea,228,9,497,20,1
Machine 0,asia,236,4,873,18,1
Machine 1,asia,103,7,892,21,1
Machine 0,asia,43,10,931,20,1
Machine 0,asia,83,8,893,26,1
Machine 0,emea,229,4,466,21,1
Machine 1,us,46,5,539,21,1
Machine 1,asia,67,9,978,19,1
Machine 1,asia,53,9,720,19,1
Machine 1,asia,70,9,686,19,1
Machine 0,us,226,8,606,18,1
Machine 0,us,32,5,594,18,1
Machine 1,us,242,8,620,20,1
Machine 0,us,218,10,646,21,1
Machine 1,us,92,10,628,20,1
Machine 0,us,129,10,510,18,1
Machine 0,asia,60,9,702,20,1
Machine 1,us,238,10,652,18,1
Machine 0,asia,165,9,703,20,1
Machine 1,us,25,9,706,21,1
Machine 1,us,50,10,735,20,1
Machine 1,us,166,10,689,18,1
Machine 1,us,27,5,705,20,1
Machine 1,us,249,9,775,21,1
Machine 1,us,11,5,731,20,1
Machine 1,asia,19,5,779,21,1
Machine 0,us,30,5,801,21,1
Machine 0,emea,56,5,344,18,1
Machine 0,asia,167,10,789,18,1
Machine 0,asia,3,9,766,18,1
Machine 1,asia,33,5,829,18,1
Machine 0,emea,162,10,388,19,1
Machine 0,emea,26,5,420,21,1
Machine 0,us,34,5,447,20,1
Machine 1,us,66,5,440,19,1
Machine 1,us,116,10,461,20,1
Machine 0,asia,23,5,836,20,1
Machine 0,asia,78,5,955,19,1
Machine 1,us,65,10,522,19,1
Machine 1,us,148,5,510,20,1
Machine 0,asia,102,8,672,18,1
Machine 0,asia,179,10,654,19,1
Machine 1,asia,15,5,612,18,1
Machine 0,us,212,5,583,21,1
Machine 0,asia,41,5,628,19,1
Machine 0,us,215,10,600,20,1
Machine 0,emea,244,10,404,21,1
Machine 0,asia,36,5,703,19,1
Machine 0,asia,82,10,683,19,1
Machine 1,asia,114,5,669,20,1
Machine 1,us,210,4,671,19,1
Machine 1,asia,131,9,707,21,1
Machine 0,us,149,9,403,21,1
Machine 0,us,140,5,423,19,1
Machine 0,asia,115,5,739,23,1
Machine 0,asia,136,10,681,19,1
Machine 0,asia,237,5,741,19,1
Machine 0,asia,196,4,829,19,1
Machine 0,asia,101,5,593,21,1
Machine 1,asia,170,9,790,21,1
Machine 0,us,228,10,546,19,1
Machine 0,emea,240,7,511,19,1
Machine 0,emea,174,10,570,19,1
Machine 1,asia,120,10,691,20,1
Machine 1,us,53,10,419,18,1
Machine 1,us,67,10,531,18,1
Machine 0,asia,233,10,674,20,1
Machine 1,us,64,10,682,18,1
Machine 0,emea,46,6,606,21,1
Machine 1,asia,45,9,713,19,1
Machine 1,asia,83,9,693,20,1
Machine 1,asia,241,5,719,18,1
Machine 0,emea,32,6,435,18,1
Machine 1,us,229,5,704,18,1
Machine 0,asia,103,8,732,21,1
Machine 1,asia,247,5,750,19,1
Machine 0,emea,165,10,487,18,1
Machine 1,us,11,6,476,21,1
Machine 0,us,25,10,533,19,1
Machine 1,us,70,10,556,19,1
Machine 0,emea,19,6,548,21,1
Machine 1,asia,226,9,606,19,1
Machine 0,emea,33,6,576,21,1
Machine 0,asia,236,5,939,18,1
Machine 0,us,66,6,690,20,1
Machine 1,asia,242,9,706,21,1
Machine 1,us,149,10,561,19,1
Machine 0,emea,36,6,683,20,1
Machine 0,asia,27,6,750,20,1
Machine 0,asia,60,10,739,19,1
Machine 0,emea,34,6,746,19,1
Machine 0,us,78,6,770,20,1
Machine 0,asia,26,6,780,18,1
Machine 0,asia,249,10,834,18,1
Machine 0,us,140,6,541,18,1
Machine 0,emea,131,10,690,18,1
Machine 1,us,56,6,839,21,1
Machine 0,us,23,6,825,18,1
Machine 0,asia,15,6,809,21,1
Machine 1,us,237,6,418,20,1
Machine 1,us,148,6,870,19,1
Machine 1,us,114,6,805,21,1
Machine 0,us,102,9,856,21,1
Machine 0,asia,3,10,943,21,1
Machine 1,asia,41,6,904,19,1
Machine 1,asia,210,5,878,21,1
Machine 1,us,240,8,494,18,1
Machine 1,us,45,10,496,20,1
Machine 0,asia,212,6,993,20,1
Machine 0,asia,30,6,1057,19,1
Machine 0,asia,115,6,625,19,1
Machine 0,emea,19,7,456,18,1
Machine 1,us,229,6,557,19,1
Machine 0,asia,101,6,588,18,1
Machine 0,asia,170,10,638,19,1
Machine 0,emea,226,10,441,20,1
Machine 1,asia,196,5,677,18,1
Machine 1,asia,46,7,770,18,1
Machine 0,us,247,6,672,20,1
Machine 0,asia,11,7,764,22,1
Machine 0,asia,83,10,761,23,1
Machine 1,asia,32,7,811,21,1
Machine 0,emea,242,10,483,21,1
Machine 1,asia,241,6,817,21,1
Machine 0,us,236,6,507,21,1
Machine 0,us,102,10,410,18,1
Machine 0,us,56,7,494,19,1
Machine 0,us,27,7,510,18,1
Machine 0,emea,26,7,516,19,1
Machine 1,asia,103,9,848,18,1
Machine 0,us,148,7,475,19,1
Machine 0,asia,33,7,659,18,1
Machine 1,asia,66,7,618,18,1
Machine 1,us,237,7,529,21,1
Machine 0,asia,140,7,718,20,1
Machine 1,asia,78,7,729,21,1
Machine 0,asia,23,7,716,19,1
Machine 1,us,212,7,458,21,1
Machine 1,asia,36,7,751,18,1
Machine 1,asia,34,7,767,18,1
Machine 0,us,101,7,486,21,1
Machine 0,us,30,7,507,19,1
Machine 1,asia,15,7,781,20,1
Machine 0,asia,114,7,704,18,1
Machine 1,us,247,7,394,22,1
Machine 1,asia,229,7,639,19,1
Machine 0,asia,210,6,663,20,1
Machine 1,asia,41,7,648,21,1
Machine 0,asia,240,9,670,21,1
Machine 1,asia,19,8,663,20,1
Machine 0,emea,26,8,440,21,1
Machine 0,emea,241,7,497,19,1
Machine 0,us,32,8,472,20,1
Machine 0,emea,103,10,466,21,1
Machine 0,asia,196,6,581,21,1
Machine 0,asia,46,8,542,23,1
Machine 0,emea,237,8,376,21,1
Machine 1,asia,11,8,535,19,1
Machine 0,asia,115,7,722,21,1
Machine 1,us,148,8,538,21,1
Machine 0,emea,66,8,498,21,1
Machine 1,asia,56,8,635,21,1
Machine 0,asia,236,7,707,18,1
Machine 1,asia,33,8,673,18,1
Machine 1,asia,27,8,728,21,1
Machine 0,us,212,8,560,20,1
Machine 0,us,36,8,566,19,1
Machine 0,emea,15,8,546,18,1
Machine 0,asia,78,8,667,18,1
Machine 0,asia,23,8,627,19,1
Machine 1,asia,140,8,676,20,1
Machine 0,us,101,8,641,21,1
Machine 0,emea,210,7,363,19,1
Machine 0,us,114,8,628,21,1
Machine 1,us,247,8,411,18,1
Machine 0,emea,41,8,400,19,1
Machine 1,asia,30,8,671,19,1
Machine 1,us,32,9,489,19,1
Machine 0,emea,19,9,446,21,1
Machine 0,emea,237,9,500,20,1
Machine 1,us,229,8,460,21,1
Machine 1,us,240,10,523,20,1
Machine 0,asia,34,8,923,19,1
Machine 0,us,196,7,580,20,1
Machine 1,us,11,9,617,20,1
Machine 1,us,115,8,629,21,1
Machine 0,emea,56,9,485,20,1
Machine 0,emea,241,8,670,21,1
Machine 0,us,66,9,528,19,1
Machine 1,us,26,9,705,20,1
Machine 1,us,33,9,447,19,1
Machine 1,us,223,5,590,20,1
Machine 1,us,27,9,517,20,1
Machine 1,asia,46,9,773,21,1
Machine 0,asia,148,9,874,20,1
Machine 0,us,101,9,507,21,1
Machine 0,us,36,9,537,20,1
Machine 1,us,236,8,562,21,1
Machine 0,emea,78,9,566,19,1
Machine 1,us,23,9,607,19,1
Machine 1,us,114,9,637,21,1
Machine 0,us,210,8,670,19,1
Machine 1,asia,15,9,686,20,1
Machine 1,asia,140,9,692,19,1
Machine 0,us,229,9,399,20,1
Machine 0,asia,212,9,741,20,1
Machine 1,asia,247,9,689,18,1
Machine 1,asia,41,9,723,21,1
Machine 0,emea,196,8,494,21,1
Machine 1,us,56,10,465,21,1
Machine 0,asia,30,9,747,21,1
Machine 1,us,241,9,524,19,1
Machine 0,asia,32,10,580,19,1
Machine 1,us,66,10,552,20,1
Machine 0,us,115,9,578,21,1
Machine 0,us,11,10,607,21,1
Machine 0,us,33,10,454,21,1
Machine 0,emea,46,10,452,21,1
Machine 1,asia,19,10,723,19,1
Machine 0,asia,237,10,711,20,1
Machine 1,asia,34,9,708,19,1
Machine 0,asia,26,10,714,20,1
Machine 0,us,236,9,509,20,1
Machine 0,emea,101,10,522,20,1
Machine 1,us,223,6,548,20,1
Machine 0,us,36,10,547,19,1
Machine 1,us,78,10,519,19,1
Machine 0,emea,23,10,319,19,1
Machine 0,us,148,10,619,21,1
Machine 1,us,114,10,429,18,1
Machine 1,asia,27,10,744,19,1
Machine 1,us,229,10,448,19,1
Machine 0,us,41,10,443,20,1
Machine 1,us,212,10,470,18,1
Machine 0,us,247,10,489,18,1
Machine 0,emea,241,10,462,19,1
Machine 0,us,115,10,352,20,1
Machine 1,us,236,10,350,21,1
Machine 0,asia,210,9,646,19,1
Machine 1,asia,140,10,643,18,1
Machine 0,asia,15,10,659,21,1
Machine 1,asia,196,9,645,20,1
Machine 1,us,223,7,408,19,1
Machine 0,asia,34,10,551,21,1
Machine 0,asia,210,10,531,18,1
Machine 0,asia,196,10,554,20,1
Machine 1,asia,223,8,552,20,1
Machine 0,emea,223,9,287,21,1
Machine 0,asia,30,10,1700,18,1
Machine 0,us,223,10,362,19,1
Machine 0,us,105,4,376,19,1
Machine 0,us,105,5,369,19,1
Machine 0,asia,105,6,556,22,1
Machine 1,asia,105,7,516,19,1
Machine 0,asia,105,8,522,20,1
Machine 0,asia,105,9,518,20,1
Machine 0,us,105,10,382,18,1
