Machine 0,us,11,1,587,21,1
Machine 1,asia,4,1,600,20,1
Machine 1,us,7,1,597,21,1
Machine 0,us,6,1,640,21,1
Machine 0,emea,10,1,656,21,1
Machine 0,emea,25,1,758,20,1
Machine 1,us,2,1,1001,18,1
Machine 0,emea,0,1,839,21,1
Machine 1,asia,14,1,852,18,1
Machine 0,asia,3,1,1024,18,1
Machine 0,emea,5,1,1016,19,1
Machine 1,asia,9,1,857,19,1
Machine 0,us,21,1,1096,19,1
Machine 1,us,22,1,1092,20,1
Machine 0,emea,15,1,1015,19,1
Machine 1,us,12,1,1128,21,1
Machine 0,emea,20,1,1018,19,1
Machine 0,emea,30,1,1046,19,1
Machine 1,us,17,1,1082,19,1
Machine 0,asia,8,1,1150,20,1
Machine 1,us,42,1,1066,21,1
Machine 0,asia,18,1,1018,21,1
Machine 0,emea,40,1,1109,21,1
Machine 1,asia,24,1,1011,19,1
Machine 0,emea,75,1,1029,21,1
Machine 0,us,1,1,1194,18,1
Machine 0,emea,45,1,1138,18,1
Machine 1,us,37,1,1110,19,1
Machine 0,us,16,1,1222,18,1
Machine 0,asia,33,1,1221,19,1
Machine 1,us,47,1,1160,20,1
Machine 0,emea,60,1,1161,20,1
Machine 0,asia,13,1,1250,21,1
Machine 0,asia,43,1,1219,21,1
Machine 0,asia,23,1,1266,19,1
Machine 0,emea,35,1,1229,18,1
Machine 1,asia,34,1,1279,20,1
Machine 1,us,27,1,1231,19,1
Machine 0,us,26,1,1263,19,1
Machine 1,us,67,1,1289,18,1
Machine 0,asia,38,1,1325,19,1
Machine 1,us,52,1,1308,20,1
Machine 0,us,31,1,1342,18,1
Machine 0,asia,53,1,1315,21,1
Machine 0,us,46,1,1346,18,1
Machine 1,asia,44,1,1357,19,1
Machine 1,asia,19,1,1378,19,1
Machine 0,emea,70,1,1318,20,1
Machine 0,emea,55,1,1377,20,1
Machine 0,us,41,1,1397,21,1
Machine 0,asia,28,1,1383,18,1
Machine 1,us,57,1,1393,21,1
Machine 1,us,62,1,1386,20,1
Machine 0,asia,73,1,1155,18,1
Machine 1,asia,29,1,1461,21,1
Machine 0,emea,80,1,670,21,1
Machine 0,asia,78,1,861,19,1
Machine 1,us,72,1,1326,21,1
Machine 0,emea,50,1,1456,21,1
Machine 1,asia,69,1,1434,20,1
Machine 0,asia,48,1,1474,21,1
Machine 1,asia,49,1,1451,21,1
Machine 0,us,76,1,1292,18,1
Machine 0,us,51,1,1489,20,1
Machine 0,us,66,1,1470,21,1
Machine 1,us,77,1,1351,21,1
Machine 0,us,61,1,1484,21,1
Machine 0,us,56,1,1483,19,1
Machine 0,emea,65,1,1483,19,1
Machine 0,us,36,1,1530,18,1
Machine 0,us,71,1,1438,19,1
Machine 1,asia,59,1,1501,21,1
Machine 0,emea,85,1,437,19,1
Machine 1,us,32,1,1572,21,1
Machine 1,asia,39,1,1612,18,1
Machine 1,asia,54,1,1594,19,1
Machine 0,asia,63,1,1551,18,1
Machine 1,asia,79,1,920,19,1
Machine 0,asia,68,1,1724,20,1
Machine 1,asia,74,1,1728,20,1
Machine 1,asia,64,1,1831,19,1
Machine 0,us,81,1,804,19,1
Machine 1,us,82,1,843,18,1
Machine 0,asia,93,1,793,20,1
Machine 1,asia,84,1,716,20,1
Machine 0,us,86,1,782,19,1
Machine 0,emea,95,1,787,18,1
Machine 0,asia,58,1,1945,19,1
Machine 0,emea,90,1,896,18,1
Machine 1,asia,94,1,865,21,1
Machine 1,us,92,1,927,20,1
Machine 0,emea,11,2,811,21,1
Machine 0,emea,25,2,584,20,1
Machine 1,asia,89,1,988,19,1
Machine 0,asia,98,1,943,19,1
Machine 1,us,97,1,948,18,1
Machine 0,us,4,2,705,18,1
Machine 0,us,96,1,956,19,1
Machine 1,us,87,1,987,21,1
Machine 0,us,91,1,1001,21,1
Machine 0,us,9,2,636,18,1
Machine 0,asia,83,1,1009,20,1
Machine 0,us,2,2,667,20,1
Machine 0,us,20,2,699,21,1
Machine 1,us,7,2,775,20,1
Machine 0,emea,12,2,728,20,1
Machine 1,us,0,2,848,18,1
Machine 0,emea,5,2,793,18,1
Machine 0,asia,88,1,1195,18,1
Machine 0,us,18,2,809,20,1
Machine 0,emea,42,2,803,21,1
Machine 1,asia,99,1,1156,18,1
Machine 0,us,45,2,689,20,1
Machine 0,emea,1,2,829,21,1
Machine 1,us,30,2,892,18,1
Machine 1,us,37,2,866,20,1
Machine 0,asia,6,2,993,21,1
Machine 1,us,21,2,931,19,1
Machine 0,asia,22,2,985,18,1
Machine 1,asia,3,2,978,19,1
Machine 0,asia,14,2,985,20,1
Machine 1,asia,15,2,984,18,1
Machine 0,asia,24,2,985,20,1
Machine 0,asia,17,2,1072,19,1
Machine 1,asia,8,2,1031,21,1
Machine 1,asia,10,2,1154,19,1
Machine 0,asia,16,2,687,21,1
Machine 0,us,52,2,502,18,1
Machine 0,emea,35,2,514,20,1
Machine 0,us,60,2,512,20,1
Machine 1,asia,75,2,1154,20,1
Machine 1,us,40,2,1171,20,1
Machine 0,emea,44,2,529,21,1
Machine 1,us,70,2,665,18,1
Machine 0,emea,47,2,512,21,1
Machine 1,asia,33,2,817,18,1
Machine 1,us,27,2,714,20,1
Machine 0,asia,43,2,696,18,1
Machine 1,us,13,2,605,19,1
Machine 0,us,78,2,714,18,1
Machine 0,emea,48,2,710,19,1
Machine 0,emea,28,2,708,21,1
Machine 0,asia,26,2,754,20,1
Machine 0,us,19,2,742,19,1
Machine 1,us,72,2,722,21,1
Machine 0,us,34,2,790,21,1
Machine 1,us,62,2,765,21,1
Machine 1,asia,23,2,794,19,1
Machine 0,asia,55,2,775,19,1
Machine 1,asia,46,2,792,19,1
Machine 0,us,57,2,816,21,1
Machine 1,us,31,2,837,20,1
Machine 0,emea,80,2,814,18,1
Machine 0,emea,71,2,633,20,1
Machine 0,asia,73,2,898,18,1
Machine 1,us,56,2,834,19,1
Machine 0,us,61,2,875,20,1
Machine 0,us,49,2,904,19,1
Machine 1,asia,67,2,946,20,1
Machine 0,emea,38,2,940,19,1
Machine 1,asia,29,2,946,18,1
Machine 0,asia,53,2,941,20,1
Machine 1,us,76,2,925,20,1
Machine 0,emea,77,2,924,19,1
Machine 0,us,59,2,843,21,1
Machine 0,emea,54,2,416,19,1
Machine 0,asia,50,2,957,20,1
Machine 1,us,85,2,622,21,1
Machine 1,asia,66,2,1000,21,1
Machine 1,asia,69,2,999,19,1
Machine 0,asia,65,2,947,20,1
Machine 0,us,63,2,460,21,1
Machine 0,emea,64,2,346,21,1
Machine 1,asia,41,2,1045,20,1
Machine 0,asia,32,2,682,18,1
Machine 0,asia,51,2,1062,19,1
Machine 1,us,79,2,534,20,1
Machine 1,us,82,2,450,21,1
Machine 1,asia,36,2,826,19,1
Machine 0,emea,86,2,456,19,1
Machine 1,asia,39,2,669,21,1
Machine 0,emea,92,2,452,18,1
Machine 1,us,58,2,512,20,1
Machine 0,asia,68,2,623,19,1
Machine 0,us,81,2,504,18,1
Machine 1,asia,74,2,625,21,1
Machine 0,emea,97,2,351,20,1
Machine 1,asia,84,2,553,21,1
Machine 0,us,95,2,560,19,1
Machine 1,us,25,3,414,18,1
Machine 0,asia,93,2,701,19,1
Machine 1,asia,94,2,674,21,1
Machine 1,us,2,3,473,18,1
Machine 0,us,4,3,484,18,1
Machine 0,us,83,2,476,18,1
Machine 0,asia,90,2,652,20,1
Machine 0,us,11,3,461,21,1
Machine 1,us,96,2,457,19,1
Machine 0,emea,12,3,481,21,1
Machine 0,asia,89,2,569,20,1
Machine 0,emea,9,3,519,21,1
Machine 0,asia,87,2,574,20,1
Machine 1,asia,98,2,590,18,1
Machine 0,us,0,3,513,18,1
Machine 1,asia,7,3,625,19,1
Machine 0,emea,42,3,443,21,1
Machine 1,us,5,3,660,22,1
Machine 0,asia,20,3,713,21,1
Machine 0,emea,37,3,497,20,1
Machine 1,us,45,3,518,19,1
Machine 0,emea,14,3,444,19,1
Machine 0,asia,88,2,618,21,1
Machine 1,asia,91,2,704,18,1
Machine 1,asia,18,3,576,19,1
Machine 0,emea,10,3,561,19,1
Machine 0,us,15,3,589,18,1
Machine 0,us,6,3,627,20,1
Machine 1,us,21,3,616,19,1
Machine 0,asia,1,3,701,21,1
Machine 1,us,52,3,551,19,1
Machine 0,us,99,2,726,18,1
Machine 1,asia,8,3,693,19,1
Machine 1,asia,3,3,739,18,1
Machine 1,asia,30,3,790,19,1
Machine 0,asia,22,3,800,19,1
Machine 1,us,24,3,772,19,1
Machine 1,us,44,3,549,19,1
Machine 0,asia,17,3,796,21,1
Machine 0,asia,35,3,665,19,1
Machine 0,emea,34,3,489,21,1
Machine 0,asia,70,3,562,20,1
Machine 0,us,16,3,592,18,1
Machine 0,emea,33,3,557,20,1
Machine 1,us,80,3,645,19,1
Machine 0,emea,75,3,639,18,1
Machine 0,us,40,3,669,21,1
Machine 0,emea,48,3,671,21,1
Machine 0,asia,55,3,735,20,1
Machine 0,emea,56,3,672,21,1
Machine 1,asia,60,3,838,20,1
Machine 1,asia,78,3,823,20,1
Machine 0,asia,19,3,817,18,1
Machine 0,us,31,3,810,18,1
Machine 0,us,28,3,877,19,1
Machine 1,us,26,3,785,19,1
Machine 1,asia,47,3,880,19,1
Machine 0,emea,57,3,857,20,1
Machine 0,us,27,3,888,18,1
Machine 0,us,62,3,862,20,1
Machine 1,asia,73,3,855,20,1
Machine 1,us,23,3,900,19,1
Machine 1,us,43,3,880,18,1
Machine 0,asia,13,3,917,19,1
Machine 1,asia,46,3,909,19,1
Machine 0,us,53,3,606,18,1
Machine 1,us,49,3,713,21,1
Machine 1,asia,38,3,658,20,1
Machine 0,asia,71,3,1079,19,1
Machine 0,us,50,3,627,20,1
Machine 1,asia,72,3,1113,21,1
Machine 1,us,76,3,683,21,1
Machine 0,emea,54,3,667,20,1
Machine 0,us,79,3,715,21,1
Machine 0,emea,29,3,682,18,1
Machine 1,asia,59,3,893,18,1
Machine 0,us,61,3,777,19,1
Machine 1,us,64,3,761,21,1
Machine 0,us,63,3,877,21,1
Machine 1,us,85,3,921,21,1
Machine 0,asia,67,3,918,20,1
Machine 0,asia,41,3,902,20,1
Machine 1,us,58,3,882,21,1
Machine 1,asia,81,3,882,18,1
Machine 0,emea,39,3,905,20,1
Machine 1,asia,69,3,927,21,1
Machine 0,emea,51,3,944,19,1
Machine 0,emea,93,3,850,18,1
Machine 0,emea,74,3,920,21,1
Machine 0,asia,77,3,990,19,1
Machine 0,emea,65,3,948,21,1
Machine 0,us,97,3,1003,20,1
Machine 1,us,84,3,960,21,1
Machine 0,asia,36,3,957,18,1
Machine 0,us,92,3,1022,18,1
Machine 1,us,82,3,1103,19,1
Machine 0,asia,4,4,805,21,1
Machine 1,asia,86,3,1108,18,1
Machine 0,asia,95,3,1062,20,1
Machine 1,asia,32,3,1109,20,1
Machine 0,asia,68,3,1087,19,1
Machine 0,emea,90,3,535,21,1
Machine 1,asia,25,4,1058,20,1
Machine 0,emea,9,4,483,21,1
Machine 0,asia,66,3,1188,19,1
Machine 1,us,2,4,593,20,1
Machine 0,us,11,4,554,20,1
Machine 0,us,94,3,1062,20,1
Machine 1,us,96,3,583,19,1
Machine 1,asia,83,3,671,21,1
Machine 0,asia,12,4,689,18,1
Machine 1,asia,89,3,695,19,1
Machine 0,us,87,3,525,21,1
Machine 0,us,5,4,467,21,1
Machine 0,asia,0,4,548,20,1
Machine 1,us,98,3,600,20,1
Machine 1,us,20,4,518,19,1
Machine 0,emea,14,4,442,20,1
Machine 0,emea,99,3,483,18,1
Machine 1,asia,45,4,690,18,1
Machine 0,emea,24,4,508,21,1
Machine 0,emea,15,4,526,20,1
Machine 1,asia,7,4,783,19,1
Machine 0,asia,1,4,676,19,1
Machine 0,emea,42,4,815,20,1
Machine 0,us,6,4,692,18,1
Machine 0,asia,37,4,704,19,1
Machine 0,us,8,4,685,20,1
Machine 1,us,91,3,745,19,1
Machine 1,us,3,4,718,20,1
Machine 0,us,88,3,613,20,1
Machine 1,asia,22,4,748,20,1
Machine 0,asia,18,4,804,21,1
Machine 0,emea,70,4,779,19,1
Machine 1,us,21,4,816,20,1
Machine 1,us,33,4,794,18,1
Machine 0,us,48,4,789,21,1
Machine 1,us,17,4,823,20,1
Machine 0,us,16,4,819,19,1
Machine 0,us,44,4,802,21,1
Machine 1,asia,10,4,863,18,1
Machine 0,emea,47,4,847,20,1
Machine 1,asia,52,4,884,18,1
Machine 1,asia,34,4,900,21,1
Machine 0,emea,78,4,883,20,1
Machine 0,asia,80,4,943,21,1
Machine 0,asia,35,4,935,19,1
Machine 0,asia,30,4,954,18,1
Machine 1,us,55,4,955,18,1
Machine 0,emea,40,4,940,20,1
Machine 1,asia,53,4,941,18,1
Machine 0,emea,49,4,929,21,1
Machine 0,emea,23,4,975,20,1
Machine 1,asia,73,4,1019,19,1
Machine 1,us,71,4,951,20,1
Machine 1,us,27,4,1029,19,1
Machine 1,us,13,4,1023,21,1
Machine 0,us,57,4,978,18,1
Machine 0,asia,56,4,1081,20,1
Machine 0,us,38,4,956,19,1
Machine 0,us,43,4,1058,18,1
Machine 0,us,19,4,1083,19,1
Machine 0,asia,28,4,1079,19,1
Machine 0,emea,76,4,458,19,1
Machine 0,asia,62,4,1100,20,1
Machine 1,us,31,4,1164,19,1
Machine 0,us,54,4,488,19,1
Machine 1,asia,75,4,1146,20,1
Machine 0,asia,46,4,1170,19,1
Machine 1,us,79,4,507,20,1
Machine 1,asia,60,4,1209,21,1
Machine 0,emea,41,4,551,20,1
Machine 1,asia,26,4,1204,20,1
Machine 1,asia,72,4,664,18,1
Machine 0,asia,85,4,639,21,1
Machine 0,asia,50,4,1060,19,1
Machine 1,us,63,4,678,18,1
Machine 0,asia,29,4,684,19,1
Machine 0,emea,61,4,692,19,1
Machine 0,emea,25,5,676,18,1
Machine 1,asia,67,4,740,20,1
Machine 0,us,64,4,762,21,1
Machine 0,emea,97,4,731,19,1
Machine 1,us,81,4,753,19,1
Machine 1,asia,59,4,770,20,1
Machine 1,asia,69,4,777,20,1
Machine 0,us,93,4,802,19,1
Machine 0,us,9,5,778,21,1
Machine 0,us,58,4,826,18,1
Machine 1,asia,65,4,809,20,1
Machine 0,emea,51,4,816,18,1
Machine 0,emea,4,5,801,18,1
Machine 0,us,94,4,788,18,1
Machine 1,us,36,4,859,18,1
Machine 0,asia,39,4,933,18,1
Machine 0,us,84,4,882,21,1
Machine 0,us,86,4,873,20,1
Machine 0,emea,89,4,804,19,1
Machine 0,asia,92,4,936,20,1
Machine 0,emea,20,5,715,21,1
Machine 1,us,32,4,941,21,1
Machine 0,emea,15,5,473,19,1
Machine 0,asia,68,4,1006,20,1
Machine 1,us,95,4,995,19,1
Machine 1,us,5,5,927,19,1
Machine 1,us,96,4,947,21,1
Machine 0,us,87,4,973,18,1
Machine 0,asia,77,4,1085,21,1
Machine 1,asia,2,5,1050,19,1
Machine 1,asia,12,5,1011,20,1
Machine 0,asia,0,5,1031,20,1
Machine 1,asia,82,4,1108,19,1
Machine 1,us,74,4,1163,18,1
Machine 0,asia,83,4,1150,20,1
Machine 0,emea,11,5,1119,18,1
Machine 1,asia,90,4,1156,21,1
Machine 0,us,14,5,728,19,1
Machine 1,asia,98,4,1010,19,1
Machine 1,us,99,4,512,18,1
Machine 0,emea,37,5,471,18,1
Machine 0,asia,66,4,1256,20,1
Machine 0,us,7,5,511,18,1
Machine 0,asia,45,5,620,19,1
Machine 1,us,1,5,545,19,1
Machine 0,us,8,5,586,19,1
Machine 1,asia,6,5,595,19,1
Machine 0,emea,48,5,507,18,1
Machine 0,us,18,5,550,19,1
Machine 1,asia,24,5,702,20,1
Machine 0,us,17,5,633,18,1
Machine 1,us,91,4,710,21,1
Machine 0,asia,3,5,710,19,1
Machine 1,asia,33,5,745,20,1
Machine 1,us,16,5,575,21,1
Machine 1,us,70,5,750,18,1
Machine 0,emea,22,5,732,20,1
Machine 0,asia,42,5,799,18,1
Machine 0,asia,21,5,770,20,1
Machine 1,asia,88,4,793,18,1
Machine 0,asia,44,5,634,21,1
Machine 0,emea,47,5,529,20,1
Machine 1,us,55,5,522,18,1
Machine 0,emea,49,5,561,20,1
Machine 0,us,52,5,501,18,1
Machine 1,us,34,5,579,20,1
Machine 0,us,30,5,526,20,1
Machine 0,emea,35,5,458,20,1
Machine 0,emea,13,5,589,21,1
Machine 1,asia,10,5,660,18,1
Machine 1,asia,80,5,636,21,1
Machine 1,us,56,5,629,21,1
Machine 0,us,28,5,616,18,1
Machine 1,asia,53,5,652,18,1
Machine 0,us,23,5,645,19,1
Machine 0,emea,54,5,578,20,1
Machine 0,us,57,5,633,19,1
Machine 1,us,73,5,667,19,1
Machine 0,asia,40,5,667,18,1
Machine 0,asia,78,5,708,21,1
Machine 1,us,76,5,724,21,1
Machine 0,us,26,5,640,21,1
Machine 0,asia,71,5,761,20,1
Machine 0,emea,19,5,742,21,1
Machine 0,asia,38,5,748,21,1
Machine 0,emea,41,5,458,21,1
Machine 1,us,72,5,619,18,1
Machine 1,asia,43,5,823,21,1
Machine 0,us,75,5,795,20,1
Machine 1,asia,27,5,868,19,1
Machine 0,asia,62,5,852,21,1
Machine 0,asia,79,5,850,20,1
Machine 1,us,61,5,426,20,1
Machine 0,emea,63,5,381,20,1
Machine 1,us,46,5,914,20,1
Machine 0,us,29,5,457,18,1
Machine 0,asia,85,5,731,21,1
Machine 1,asia,31,5,960,18,1
Machine 1,asia,60,5,909,19,1
Machine 0,emea,93,5,443,19,1
Machine 0,emea,64,5,501,21,1
Machine 1,asia,50,5,605,19,1
Machine 0,asia,25,6,568,19,1
Machine 1,us,58,5,516,20,1
Machine 1,asia,67,5,572,20,1
Machine 0,us,97,5,505,20,1
Machine 0,emea,4,6,446,19,1
Machine 1,us,81,5,595,21,1
Machine 0,us,9,6,603,21,1
Machine 0,asia,59,5,580,20,1
Machine 1,asia,69,5,629,20,1
Machine 0,emea,86,5,458,21,1
Machine 1,us,36,5,533,18,1
Machine 0,asia,65,5,605,19,1
Machine 0,us,94,5,592,18,1
Machine 0,emea,15,6,560,19,1
Machine 1,us,92,5,527,19,1
Machine 0,emea,82,5,595,19,1
Machine 0,us,68,5,600,20,1
Machine 0,us,89,5,653,21,1
Machine 0,us,77,5,640,18,1
Machine 1,asia,51,5,778,21,1
Machine 1,us,2,6,608,18,1
Machine 1,us,95,5,663,20,1
Machine 0,us,74,5,605,19,1
Machine 1,asia,84,5,721,20,1
Machine 0,emea,87,5,650,20,1
Machine 1,us,83,5,629,21,1
Machine 0,asia,39,5,733,18,1
Machine 0,emea,14,6,496,18,1
Machine 1,asia,96,5,735,18,1
Machine 0,asia,5,6,739,18,1
Machine 1,asia,32,5,745,20,1
Machine 0,emea,3,6,518,18,1
Machine 0,emea,7,6,593,20,1
Machine 1,us,99,5,543,21,1
Machine 0,asia,12,6,808,19,1
Machine 1,us,1,6,569,21,1
Machine 0,us,98,5,517,19,1
Machine 1,asia,90,5,802,19,1
Machine 0,emea,48,6,646,20,1
Machine 0,asia,20,6,912,21,1
Machine 0,us,33,6,637,21,1
Machine 0,asia,11,6,723,20,1
Machine 0,us,18,6,695,18,1
Machine 0,us,45,6,706,18,1
Machine 1,asia,0,6,925,20,1
Machine 0,emea,42,6,681,21,1
Machine 1,us,16,6,691,18,1
Machine 1,us,24,6,721,20,1
Machine 1,asia,66,5,757,19,1
Machine 1,asia,91,5,750,20,1
Machine 0,us,49,6,596,20,1
Machine 0,emea,55,6,591,19,1
Machine 0,asia,8,6,727,18,1
Machine 1,us,88,5,609,20,1
Machine 0,asia,37,6,807,20,1
Machine 0,us,21,6,701,20,1
Machine 1,asia,22,6,774,20,1
Machine 0,asia,70,6,834,20,1
Machine 1,asia,6,6,893,20,1
Machine 0,emea,35,6,429,18,1
Machine 1,us,52,6,538,20,1
Machine 0,asia,44,6,712,18,1
Machine 0,asia,17,6,976,18,1
Machine 1,us,10,6,553,19,1
Machine 0,us,40,6,533,21,1
Machine 0,emea,71,6,508,18,1
Machine 0,emea,28,6,545,18,1
Machine 0,us,53,6,542,21,1
Machine 1,us,78,6,627,18,1
Machine 0,asia,34,6,683,20,1
Machine 1,asia,57,6,715,20,1
Machine 1,asia,30,6,758,20,1
Machine 0,asia,54,6,685,21,1
Machine 1,us,23,6,693,20,1
Machine 1,us,38,6,591,20,1
Machine 0,us,19,6,672,21,1
Machine 0,emea,73,6,764,19,1
Machine 0,asia,80,6,788,18,1
Machine 0,emea,61,6,430,21,1
Machine 1,asia,56,6,807,21,1
Machine 0,us,13,6,847,19,1
Machine 1,asia,47,6,844,18,1
Machine 1,asia,26,6,765,18,1
Machine 0,us,63,6,528,21,1
Machine 1,asia,72,6,719,19,1
Machine 0,asia,41,6,626,20,1
Machine 0,emea,43,6,498,20,1
Machine 0,us,75,6,547,18,1
Machine 0,emea,31,6,564,19,1
Machine 0,emea,25,7,588,19,1
Machine 1,us,27,6,649,18,1
Machine 0,asia,76,6,979,20,1
Machine 1,us,46,6,634,20,1
Machine 0,us,60,6,632,21,1
Machine 0,emea,81,6,632,21,1
Machine 1,us,93,6,718,21,1
Machine 1,asia,79,6,809,19,1
Machine 0,asia,29,6,868,19,1
Machine 0,us,58,6,816,19,1
Machine 1,asia,50,6,856,21,1
Machine 1,asia,85,6,730,21,1
Machine 1,us,59,6,799,21,1
Machine 0,asia,97,6,859,20,1
Machine 1,asia,4,7,885,20,1
Machine 0,us,9,7,881,21,1
Machine 0,asia,62,6,926,18,1
Machine 0,asia,69,6,795,21,1
Machine 0,emea,36,6,473,18,1
Machine 1,us,67,6,860,20,1
Machine 0,emea,82,6,449,19,1
Machine 1,asia,86,6,724,19,1
Machine 0,asia,64,6,990,18,1
Machine 0,us,65,6,546,21,1
Machine 0,us,68,6,494,21,1
Machine 0,emea,2,7,497,18,1
Machine 1,us,94,6,547,18,1
Machine 0,emea,1,7,549,19,1
Machine 1,us,89,6,595,19,1
Machine 0,emea,32,6,603,18,1
Machine 1,us,14,7,614,21,1
Machine 0,us,39,6,636,19,1
Machine 1,asia,92,6,682,19,1
Machine 0,us,95,6,681,20,1
Machine 0,emea,83,6,674,20,1
Machine 0,asia,15,7,785,21,1
Machine 0,asia,96,6,713,18,1
Machine 0,emea,33,7,705,21,1
Machine 1,asia,51,6,797,18,1
Machine 1,asia,87,6,819,20,1
Machine 0,asia,84,6,815,19,1
Machine 1,asia,12,7,820,18,1
Machine 1,us,90,6,742,20,1
Machine 1,us,7,7,863,18,1
Machine 0,asia,77,6,847,21,1
Machine 1,us,74,6,835,21,1
Machine 1,asia,20,7,744,18,1
Machine 0,us,3,7,865,20,1
Machine 0,us,11,7,757,18,1
Machine 0,us,98,6,892,21,1
Machine 0,emea,42,7,438,19,1
Machine 0,asia,48,7,967,21,1
Machine 1,asia,5,7,965,20,1
Machine 1,us,24,7,569,19,1
Machine 0,emea,21,7,534,19,1
Machine 1,us,18,7,564,18,1
Machine 0,asia,99,6,1122,21,1
Machine 0,asia,45,7,878,19,1
Machine 1,us,8,7,712,18,1
Machine 0,emea,49,7,710,21,1
Machine 0,emea,52,7,563,19,1
Machine 1,asia,0,7,863,21,1
Machine 1,us,70,7,709,19,1
Machine 1,asia,37,7,789,18,1
Machine 0,us,16,7,849,21,1
Machine 0,us,22,7,777,18,1
Machine 1,asia,91,6,829,18,1
Machine 0,us,55,7,873,18,1
Machine 0,emea,71,7,502,20,1
Machine 0,asia,66,6,913,20,1
Machine 0,us,44,7,550,19,1
Machine 1,asia,35,7,723,18,1
Machine 0,asia,6,7,865,20,1
Machine 0,emea,41,7,490,18,1
Machine 1,us,17,7,574,18,1
Machine 0,us,28,7,623,21,1
Machine 0,asia,88,6,959,20,1
Machine 1,us,53,7,685,18,1
Machine 1,asia,38,7,698,19,1
Machine 1,asia,40,7,677,21,1
Machine 0,asia,10,7,775,20,1
Machine 0,us,47,7,696,19,1
Machine 0,emea,57,7,606,18,1
Machine 1,us,80,7,718,21,1
Machine 0,asia,63,7,742,18,1
Machine 1,asia,34,7,755,20,1
Machine 0,asia,78,7,777,21,1
Machine 1,us,54,7,799,19,1
Machine 0,emea,13,7,759,21,1
Machine 0,emea,19,7,794,20,1
Machine 0,us,30,7,898,21,1
Machine 1,us,75,7,624,21,1
Machine 0,us,73,7,946,21,1
Machine 0,asia,61,7,970,19,1
Machine 1,asia,56,7,1008,19,1
Machine 0,us,43,7,550,18,1
Machine 0,us,76,7,527,20,1
Machine 1,us,46,7,609,18,1
Machine 1,us,26,7,642,19,1
Machine 0,emea,93,7,567,19,1
Machine 0,us,69,7,580,19,1
Machine 0,asia,23,7,1115,20,1
Machine 0,asia,31,7,667,19,1
Machine 1,asia,72,7,703,18,1
Machine 1,us,97,7,654,19,1
Machine 0,emea,85,7,684,18,1
Machine 1,us,29,7,669,20,1
Machine 0,asia,60,7,769,18,1
Machine 1,asia,9,8,718,19,1
Machine 1,asia,25,8,807,20,1
Machine 0,emea,27,7,783,21,1
Machine 0,us,79,7,816,21,1
Machine 1,asia,81,7,839,18,1
Machine 0,us,59,7,795,19,1
Machine 0,emea,62,7,832,18,1
Machine 0,emea,94,7,537,21,1
Machine 0,asia,58,7,874,18,1
Machine 0,asia,67,7,704,21,1
Machine 0,asia,4,8,949,21,1
Machine 0,emea,12,8,501,21,1
Machine 1,us,95,7,562,20,1
Machine 0,emea,96,7,553,18,1
Machine 0,emea,86,7,604,20,1
Machine 0,asia,68,7,687,19,1
Machine 1,asia,50,7,1013,21,1
Machine 1,us,65,7,576,18,1
Machine 1,asia,82,7,683,18,1
Machine 1,us,89,7,657,21,1
Machine 1,us,36,7,771,19,1
Machine 0,us,33,8,678,19,1
Machine 1,asia,2,8,768,18,1
Machine 0,us,92,7,703,18,1
Machine 0,us,64,7,794,18,1
Machine 0,us,90,7,696,18,1
Machine 0,asia,32,7,841,20,1
Machine 1,us,51,7,872,21,1
Machine 1,asia,14,8,889,20,1
Machine 0,us,1,8,898,20,1
Machine 0,asia,83,7,894,18,1
Machine 1,asia,15,8,884,21,1
Machine 0,emea,39,7,914,19,1
Machine 1,us,7,8,538,18,1
Machine 1,asia,84,7,859,19,1
Machine 0,emea,48,8,543,19,1
Machine 0,asia,87,7,942,20,1
Machine 0,us,5,8,581,21,1
Machine 1,asia,74,7,652,20,1
Machine 0,asia,77,7,623,18,1
Machine 1,us,24,8,613,19,1
Machine 0,emea,20,8,649,18,1
Machine 0,us,3,8,648,19,1
Machine 0,us,55,8,722,18,1
Machine 0,emea,91,7,732,21,1
Machine 0,asia,49,8,766,18,1
Machine 0,asia,98,7,789,19,1
Machine 0,emea,99,7,776,20,1
Machine 0,asia,21,8,797,20,1
Machine 1,us,11,8,814,19,1
Machine 1,us,8,8,812,20,1
Machine 0,emea,0,8,837,20,1
Machine 1,asia,52,8,812,21,1
Machine 1,asia,18,8,796,21,1
Machine 0,emea,35,8,363,20,1
Machine 1,us,37,8,891,19,1
Machine 1,us,71,8,880,19,1
Machine 0,us,70,8,914,20,1
Machine 0,us,45,8,959,19,1
Machine 1,asia,42,8,1007,20,1
Machine 1,us,41,8,491,20,1
Machine 0,asia,16,8,956,21,1
Machine 1,asia,22,8,1002,20,1
Machine 0,asia,66,7,760,21,1
Machine 1,us,38,8,535,20,1
Machine 0,emea,47,8,556,19,1
Machine 0,emea,88,7,571,21,1
Machine 0,us,6,8,594,21,1
Machine 0,emea,78,8,563,20,1
Machine 0,asia,17,8,628,20,1
Machine 1,us,80,8,595,20,1
Machine 1,asia,44,8,660,20,1
Machine 0,us,53,8,618,20,1
Machine 0,us,57,8,622,18,1
Machine 1,us,13,8,434,20,1
Machine 0,asia,40,8,737,21,1
Machine 0,us,54,8,483,18,1
Machine 1,asia,28,8,767,18,1
Machine 1,asia,10,8,762,20,1
Machine 0,emea,75,8,520,20,1
Machine 1,asia,34,8,732,20,1
Machine 0,asia,63,8,757,19,1
Machine 1,us,61,8,476,20,1
Machine 1,us,26,8,453,19,1
Machine 0,us,73,8,528,19,1
Machine 0,emea,76,8,477,20,1
Machine 1,asia,30,8,591,19,1
Machine 1,asia,43,8,621,18,1
Machine 0,asia,19,8,592,18,1
Machine 0,us,46,8,487,20,1
Machine 0,emea,23,8,443,18,1
Machine 0,asia,56,8,672,18,1
Machine 0,us,31,8,490,18,1
Machine 1,us,72,8,488,19,1
Machine 0,emea,29,8,544,21,1
Machine 0,us,60,8,572,18,1
Machine 0,emea,58,8,616,19,1
Machine 0,asia,97,8,618,19,1
Machine 0,asia,93,8,631,21,1
Machine 0,emea,79,8,723,21,1
Machine 0,us,81,8,712,19,1
Machine 1,asia,69,8,747,20,1
Machine 1,asia,85,8,742,21,1
Machine 1,us,9,9,754,21,1
Machine 1,us,68,8,736,21,1
Machine 1,asia,27,8,757,21,1
Machine 0,us,86,8,742,18,1
Machine 0,asia,25,9,781,20,1
Machine 0,emea,14,9,754,21,1
Machine 0,emea,92,8,777,20,1
Machine 1,asia,94,8,818,18,1
Machine 0,us,89,8,810,20,1
Machine 1,us,90,8,820,19,1
Machine 0,emea,82,8,853,19,1
Machine 1,asia,95,8,863,21,1
Machine 0,us,64,8,870,21,1
Machine 0,asia,62,8,897,19,1
Machine 0,asia,12,9,884,20,1
Machine 0,emea,96,8,861,20,1
Machine 1,us,4,9,892,19,1
Machine 1,us,36,8,896,20,1
Machine 0,us,1,9,860,20,1
Machine 1,asia,65,8,951,18,1
Machine 0,emea,7,9,834,21,1
Machine 0,emea,74,8,780,20,1
Machine 0,us,67,8,986,21,1
Machine 0,asia,33,9,1064,21,1
Machine 1,us,83,8,919,20,1
Machine 0,asia,50,8,990,18,1
Machine 1,asia,5,9,891,18,1
Machine 1,asia,2,9,1041,18,1
Machine 1,asia,3,9,796,20,1
Machine 1,us,48,9,878,18,1
Machine 1,us,59,8,903,21,1
Machine 0,us,84,8,998,19,1
Machine 0,emea,55,9,681,20,1
Machine 0,us,77,8,809,21,1
Machine 1,us,24,9,830,19,1
Machine 1,asia,39,8,1069,20,1
Machine 0,asia,20,9,904,18,1
Machine 0,us,91,8,652,21,1
Machine 0,asia,15,9,1125,19,1
Machine 1,us,49,9,524,21,1
Machine 0,emea,21,9,406,21,1
Machine 1,asia,51,8,1156,21,1
Machine 0,asia,32,8,1163,21,1
Machine 0,asia,87,8,1084,19,1
Machine 1,us,8,9,476,19,1
Machine 0,us,11,9,501,19,1
Machine 0,emea,18,9,581,20,1
Machine 1,asia,99,8,580,19,1
Machine 0,asia,0,9,613,19,1
Machine 1,asia,52,9,639,18,1
Machine 0,asia,98,8,713,20,1
Machine 0,us,35,9,633,19,1
Machine 0,us,42,9,429,18,1
Machine 0,asia,71,9,609,19,1
Machine 1,us,37,9,668,20,1
Machine 0,emea,66,8,452,21,1
Machine 0,emea,45,9,509,19,1
Machine 0,us,17,9,505,20,1
Machine 0,us,38,9,528,19,1
Machine 0,emea,57,9,532,20,1
Machine 0,emea,78,9,558,21,1
Machine 1,us,41,9,502,19,1
Machine 1,asia,70,9,666,20,1
Machine 1,us,47,9,635,19,1
Machine 0,emea,10,9,630,21,1
Machine 1,us,80,9,648,20,1
Machine 1,asia,22,9,674,21,1
Machine 0,emea,26,9,652,20,1
Machine 1,asia,6,9,657,19,1
Machine 1,asia,53,9,733,18,1
Machine 1,us,40,9,711,20,1
Machine 0,asia,16,9,760,18,1
Machine 0,asia,54,9,727,19,1
Machine 0,us,73,9,704,18,1
Machine 1,us,34,9,748,21,1
Machine 0,asia,88,8,786,18,1
Machine 0,us,13,9,788,21,1
Machine 0,asia,44,9,809,18,1
Machine 0,emea,19,9,675,20,1
Machine 1,asia,28,9,817,18,1
Machine 0,asia,63,9,829,21,1
Machine 1,asia,43,9,817,18,1
Machine 0,us,75,9,918,18,1
Machine 1,asia,61,9,828,21,1
Machine 1,us,23,9,515,18,1
Machine 0,emea,72,9,465,21,1
Machine 0,us,46,9,789,21,1
Machine 0,asia,30,9,923,18,1
Machine 1,us,76,9,986,20,1
Machine 0,asia,56,9,849,18,1
Machine 0,us,79,9,597,18,1
Machine 1,us,60,9,677,18,1
Machine 1,asia,31,9,652,20,1
Machine 0,emea,93,9,538,19,1
Machine 0,us,29,9,668,19,1
Machine 0,emea,9,10,675,20,1
Machine 0,emea,14,10,651,19,1
Machine 1,asia,97,9,769,21,1
Machine 0,asia,69,9,731,18,1
Machine 0,asia,86,9,702,19,1
Machine 0,us,68,9,696,21,1
Machine 1,us,27,9,709,18,1
Machine 1,us,81,9,773,20,1
Machine 0,asia,58,9,836,18,1
Machine 1,asia,85,9,819,21,1
Machine 0,us,92,9,477,19,1
Machine 1,us,94,9,556,18,1
Machine 0,asia,89,9,680,20,1
Machine 0,asia,62,9,677,19,1
Machine 1,asia,25,10,657,19,1
Machine 1,us,67,9,667,21,1
Machine 1,asia,65,9,679,18,1
Machine 0,emea,82,9,738,18,1
Machine 1,asia,12,10,651,18,1
Machine 0,emea,7,10,714,21,1
Machine 0,us,95,9,747,20,1
Machine 0,us,4,10,760,19,1
Machine 1,asia,90,9,780,21,1
Machine 1,us,64,9,775,21,1
Machine 0,emea,96,9,529,19,1
Machine 1,asia,83,9,790,20,1
Machine 0,us,5,10,776,21,1
Machine 1,us,36,9,829,18,1
Machine 0,emea,59,9,596,19,1
Machine 1,asia,48,10,735,21,1
Machine 0,emea,50,9,681,21,1
Machine 0,us,84,9,781,21,1
Machine 1,us,55,10,734,21,1
Machine 1,us,2,10,767,18,1
Machine 0,us,74,9,782,20,1
Machine 0,emea,21,10,438,18,1
Machine 0,emea,39,9,759,20,1
Machine 0,us,20,10,793,19,1
Machine 0,asia,1,10,885,20,1
Machine 0,asia,3,10,909,19,1
Machine 0,emea,11,10,516,21,1
Machine 0,asia,33,10,899,19,1
Machine 0,us,35,10,519,18,1
Machine 1,us,91,9,848,21,1
Machine 1,asia,8,10,637,19,1
Machine 0,asia,77,9,894,18,1
Machine 0,us,51,9,681,18,1
Machine 0,us,18,10,671,20,1
Machine 0,asia,87,9,659,20,1
Machine 1,us,42,10,677,19,1
Machine 1,asia,49,10,730,20,1
Machine 0,emea,66,9,663,19,1
Machine 1,asia,24,10,1059,18,1
Machine 1,us,99,9,736,21,1
Machine 0,asia,15,10,848,21,1
Machine 0,us,45,10,713,21,1
Machine 1,asia,52,10,747,21,1
Machine 1,us,32,9,779,19,1
Machine 0,us,41,10,735,21,1
Machine 1,asia,57,10,759,21,1
Machine 0,emea,78,10,772,20,1
Machine 1,us,17,10,767,20,1
Machine 1,us,70,10,733,20,1
Machine 0,emea,98,9,823,18,1
Machine 0,emea,80,10,764,19,1
Machine 1,asia,37,10,895,21,1
Machine 0,asia,38,10,861,19,1
Machine 0,asia,47,10,784,20,1
Machine 1,us,26,10,558,18,1
Machine 0,asia,71,10,930,19,1
Machine 0,asia,0,10,945,18,1
Machine 0,us,16,10,522,19,1
Machine 1,asia,53,10,681,18,1
Machine 0,us,13,10,651,18,1
Machine 1,asia,10,10,780,18,1
Machine 0,asia,6,10,701,21,1
Machine 0,us,43,10,649,21,1
Machine 1,us,44,10,674,18,1
Machine 0,us,22,10,743,21,1
Machine 0,emea,40,10,702,21,1
Machine 1,asia,34,10,687,19,1
Machine 0,emea,88,9,698,20,1
Machine 0,asia,73,10,693,18,1
Machine 0,emea,63,10,709,18,1
Machine 0,emea,72,10,501,18,1
Machine 1,us,54,10,801,19,1
Machine 1,us,75,10,506,21,1
Machine 0,asia,19,10,831,18,1
Machine 0,emea,9,11,546,19,1
Machine 1,asia,28,10,881,19,1
Machine 0,us,46,10,603,20,1
Machine 1,asia,23,10,904,20,1
Machine 0,emea,79,10,633,18,1
Machine 1,us,30,10,620,18,1
Machine 0,asia,61,10,684,21,1
Machine 0,asia,76,10,632,20,1
Machine 0,us,60,10,648,20,1
Machine 1,us,31,10,663,20,1
Machine 1,us,97,10,690,19,1
Machine 0,us,14,11,746,21,1
Machine 1,asia,29,10,830,21,1
Machine 1,us,82,10,492,19,1
Machine 0,us,68,10,658,19,1
Machine 0,emea,27,10,656,20,1
Machine 0,emea,67,10,598,21,1
Machine 1,asia,56,10,990,21,1
Machine 1,us,81,10,553,18,1
Machine 0,asia,93,10,904,19,1
Machine 1,asia,86,10,840,19,1
Machine 0,asia,58,10,650,19,1
Machine 0,asia,69,10,961,19,1
Machine 1,us,89,10,744,19,1
Machine 1,asia,85,10,800,18,1
Machine 0,emea,92,10,820,21,1
Machine 0,us,94,10,867,21,1
Machine 1,asia,25,11,832,18,1
Machine 0,us,65,10,716,19,1
Machine 0,emea,95,10,651,21,1
Machine 0,emea,50,10,582,21,1
Machine 1,us,90,10,696,21,1
Machine 1,asia,7,11,771,18,1
Machine 0,emea,83,10,719,20,1
Machine 1,us,36,10,711,21,1
Machine 0,us,4,11,737,19,1
Machine 0,asia,62,10,1019,20,1
Machine 0,emea,21,11,712,18,1
Machine 0,us,5,11,793,18,1
Machine 1,asia,48,11,776,21,1
Machine 0,us,39,10,705,18,1
Machine 1,asia,96,10,850,19,1
Machine 0,emea,11,11,410,18,1
Machine 1,us,20,11,604,21,1
Machine 0,asia,2,11,903,18,1
Machine 1,us,55,11,926,20,1
Machine 0,us,84,10,887,21,1
Machine 0,asia,12,11,1045,18,1
Machine 0,asia,64,10,979,20,1
Machine 1,asia,74,10,972,21,1
Machine 0,asia,59,10,999,19,1
Machine 0,emea,77,10,427,18,1
Machine 0,us,33,11,532,20,1
Machine 1,us,35,11,554,20,1
Machine 0,asia,1,11,624,19,1
Machine 0,us,51,10,489,21,1
Machine 1,us,18,11,454,21,1
Machine 0,emea,49,11,442,18,1
Machine 1,us,24,11,428,19,1
Machine 1,asia,3,11,693,19,1
Machine 0,us,66,10,450,21,1
Machine 0,emea,45,11,425,20,1
Machine 0,asia,91,10,681,21,1
Machine 1,asia,8,11,693,18,1
Machine 1,us,32,10,467,18,1
Machine 0,us,52,11,482,21,1
Machine 0,asia,87,10,574,18,1
Machine 0,emea,78,11,512,20,1
Machine 0,asia,99,10,611,20,1
Machine 1,us,70,11,503,21,1
Machine 1,asia,42,11,663,21,1
Machine 0,us,17,11,533,21,1
Machine 0,emea,37,11,445,18,1
Machine 1,asia,57,11,644,18,1
Machine 0,asia,41,11,664,21,1
Machine 1,asia,15,11,713,19,1
Machine 1,us,47,11,525,19,1
Machine 0,emea,0,11,508,21,1
Machine 0,emea,6,11,524,20,1
Machine 0,asia,98,10,638,18,1
Machine 1,asia,80,11,612,21,1
Machine 0,emea,34,11,517,21,1
Machine 1,us,44,11,527,21,1
Machine 0,us,38,11,552,21,1
Machine 0,us,16,11,552,19,1
Machine 1,us,53,11,561,20,1
Machine 0,emea,54,11,550,21,1
Machine 0,us,43,11,563,20,1
Machine 0,us,88,10,565,19,1
Machine 0,us,75,11,597,20,1
Machine 1,asia,10,11,708,19,1
Machine 1,us,73,11,679,18,1
Machine 0,asia,26,11,646,19,1
Machine 0,emea,76,11,697,20,1
Machine 0,us,60,11,727,21,1
Machine 0,asia,22,11,713,19,1
Machine 1,asia,71,11,773,19,1
Machine 0,asia,13,11,759,21,1
Machine 1,us,79,11,759,18,1
Machine 1,us,31,11,689,21,1
Machine 1,asia,40,11,833,19,1
Machine 1,asia,72,11,791,21,1
Machine 0,emea,46,11,781,18,1
Machine 0,asia,63,11,825,20,1
Machine 0,us,81,11,603,21,1
Machine 1,us,68,11,578,20,1
Machine 1,asia,61,11,829,19,1
Machine 1,asia,28,11,818,18,1
Machine 0,emea,29,11,617,21,1
Machine 0,asia,97,11,759,21,1
Machine 0,us,82,11,651,21,1
Machine 0,asia,30,11,889,19,1
Machine 0,us,23,11,894,20,1
Machine 1,asia,14,12,787,21,1
Machine 1,us,19,11,871,21,1
Machine 0,emea,69,11,409,18,1
Machine 0,asia,9,12,970,18,1
Machine 0,emea,56,11,465,18,1
Machine 0,asia,86,11,661,20,1
Machine 0,us,89,11,466,19,1
Machine 1,asia,58,11,646,20,1
Machine 1,asia,67,11,606,18,1
Machine 1,us,93,11,636,20,1
Machine 1,us,95,11,630,19,1
Machine 1,us,85,11,555,18,1
Machine 0,emea,25,12,640,18,1
Machine 0,us,65,11,653,20,1
Machine 0,emea,7,12,678,18,1
Machine 0,us,83,11,626,21,1
Machine 0,asia,27,11,713,20,1
Machine 0,asia,50,11,709,19,1
Machine 1,us,36,11,637,18,1
Machine 0,emea,21,12,589,20,1
Machine 0,asia,92,11,797,19,1
Machine 0,us,5,12,566,20,1
Machine 0,emea,11,12,437,19,1
Machine 1,asia,90,11,763,18,1
Machine 0,asia,4,12,880,21,1
Machine 1,asia,94,11,886,21,1
Machine 1,us,48,12,716,21,1
Machine 1,asia,62,11,860,21,1
Machine 0,emea,33,12,540,19,1
Machine 0,asia,39,11,743,20,1
Machine 0,us,64,11,609,21,1
Machine 0,emea,12,12,575,18,1
Machine 1,us,74,11,624,21,1
Machine 0,us,20,12,681,19,1
Machine 0,emea,91,11,544,19,1
Machine 1,asia,96,11,812,20,1
Machine 1,us,1,12,649,21,1
Machine 1,us,2,12,721,20,1
Machine 0,emea,49,12,661,20,1
Machine 0,asia,59,11,724,18,1
Machine 0,emea,78,12,661,19,1
Machine 0,asia,55,12,737,18,1
Machine 1,asia,84,11,765,18,1
Machine 0,us,8,12,718,18,1
Machine 1,us,32,11,739,21,1
Machine 0,us,35,12,719,19,1
Machine 0,asia,51,11,802,19,1
Machine 0,us,99,11,738,18,1
Machine 1,asia,18,12,752,19,1
Machine 0,emea,37,12,359,21,1
Machine 1,us,3,12,818,21,1
Machine 1,us,70,12,805,21,1
Machine 0,us,24,12,856,20,1
Machine 1,us,41,12,698,21,1
Machine 1,asia,77,11,902,19,1
Machine 1,asia,87,11,889,19,1
Machine 0,us,57,12,512,21,1
Machine 1,asia,17,12,753,20,1
Machine 0,us,6,12,484,19,1
Machine 0,asia,52,12,984,19,1
Machine 0,asia,42,12,895,20,1
Machine 1,asia,45,12,1009,19,1
Machine 0,asia,66,11,1085,18,1
Machine 0,emea,0,12,512,20,1
Machine 0,us,38,12,504,18,1
Machine 0,asia,15,12,682,19,1
Machine 1,asia,34,12,607,20,1
Machine 1,us,98,11,679,20,1
Machine 0,emea,44,12,551,19,1
Machine 1,asia,47,12,663,20,1
Machine 1,us,16,12,664,20,1
Machine 0,asia,53,12,592,21,1
Machine 0,us,88,11,519,20,1
Machine 0,asia,80,12,809,18,1
Machine 0,emea,43,12,571,21,1
Machine 0,emea,13,12,611,18,1
Machine 0,emea,46,12,550,21,1
Machine 1,us,60,12,640,19,1
Machine 0,emea,26,12,667,18,1
Machine 0,asia,22,12,731,19,1
Machine 0,emea,56,12,640,19,1
Machine 1,us,31,12,697,19,1
Machine 1,us,75,12,710,20,1
Machine 1,asia,73,12,763,18,1
Machine 0,us,29,12,722,20,1
Machine 0,asia,40,12,752,19,1
Machine 0,us,79,12,764,20,1
Machine 1,us,89,12,595,19,1
Machine 0,emea,28,12,758,19,1
Machine 0,asia,10,12,821,19,1
Machine 1,asia,71,12,804,19,1
Machine 0,emea,23,12,764,18,1
Machine 0,us,76,12,823,20,1
Machine 1,asia,54,12,907,21,1
Machine 0,us,14,13,815,18,1
Machine 0,asia,82,12,871,21,1
Machine 0,emea,93,12,426,19,1
Machine 1,us,81,12,855,21,1
Machine 0,asia,68,12,876,19,1
Machine 0,us,63,12,921,19,1
Machine 1,us,19,12,916,19,1
Machine 0,asia,69,12,907,21,1
Machine 0,us,86,12,809,18,1
Machine 1,asia,61,12,972,18,1
Machine 1,us,97,12,960,19,1
Machine 1,asia,72,12,991,21,1
Machine 0,us,95,12,487,21,1
Machine 1,asia,30,12,979,21,1
Machine 1,asia,9,13,1001,19,1
Machine 0,emea,7,13,517,19,1
Machine 0,emea,21,13,431,20,1
Machine 0,asia,58,12,692,18,1
Machine 1,asia,65,12,591,20,1
Machine 1,us,85,12,606,20,1
Machine 1,us,27,12,587,19,1
Machine 0,us,83,12,587,18,1
Machine 0,us,92,12,523,18,1
Machine 1,us,5,13,455,21,1
Machine 1,asia,67,12,743,20,1
Machine 1,asia,36,12,671,21,1
Machine 0,asia,50,12,689,20,1
Machine 1,us,48,13,440,21,1
Machine 0,asia,25,13,729,18,1
Machine 0,us,64,12,541,19,1
Machine 0,emea,4,13,557,18,1
Machine 1,us,12,13,568,18,1
Machine 0,us,94,12,482,19,1
Machine 1,asia,90,12,644,18,1
Machine 0,asia,11,13,628,21,1
Machine 0,emea,91,12,497,19,1
Machine 0,emea,39,12,713,20,1
Machine 0,emea,59,12,459,21,1
Machine 0,asia,62,12,724,18,1
Machine 1,asia,33,13,775,20,1
Machine 0,us,96,12,517,19,1
Machine 0,emea,37,13,475,20,1
Machine 1,us,1,13,568,19,1
Machine 1,us,51,12,515,21,1
Machine 1,asia,20,13,700,21,1
Machine 0,asia,74,12,819,18,1
Machine 0,emea,77,12,545,18,1
Machine 0,emea,32,12,569,20,1
Machine 0,asia,84,12,668,20,1
Machine 0,us,78,13,644,20,1
Machine 1,us,55,13,665,19,1
Machine 0,asia,2,13,709,19,1
Machine 0,us,42,13,629,20,1
Machine 0,us,35,13,658,21,1
Machine 1,asia,8,13,711,21,1
Machine 1,us,45,13,660,18,1
Machine 0,emea,38,13,692,21,1
Machine 1,asia,18,13,780,18,1
Machine 1,us,70,13,751,19,1
Machine 0,asia,24,13,750,20,1
Machine 0,us,3,13,754,21,1
Machine 0,asia,17,13,765,18,1
Machine 1,us,57,13,896,20,1
Machine 0,us,87,12,900,18,1
Machine 0,asia,99,12,808,18,1
Machine 1,asia,41,13,907,19,1
Machine 0,asia,98,12,851,18,1
Machine 1,asia,6,13,917,21,1
Machine 1,us,34,13,781,21,1
Machine 1,asia,49,13,1008,19,1
Machine 0,us,15,13,613,20,1
Machine 0,asia,66,12,908,21,1
Machine 1,asia,0,13,917,18,1
Machine 0,emea,52,13,919,18,1
Machine 1,us,53,13,618,21,1
Machine 0,us,16,13,610,19,1
Machine 0,emea,29,13,533,19,1
Machine 0,us,56,13,647,21,1
Machine 0,us,40,13,669,18,1
Machine 1,asia,80,13,696,18,1
Machine 0,emea,47,13,694,20,1
Machine 0,emea,43,13,753,18,1
Machine 0,emea,22,13,741,18,1
Machine 0,us,13,13,764,18,1
Machine 0,emea,10,13,749,19,1
Machine 1,us,31,13,784,21,1
Machine 0,us,82,13,813,18,1
Machine 1,us,79,13,868,18,1
Machine 1,asia,44,13,938,18,1
Machine 0,asia,60,13,897,20,1
Machine 0,us,71,13,831,20,1
Machine 1,asia,54,13,869,18,1
Machine 1,us,69,13,676,19,1
Machine 1,us,46,13,911,21,1
Machine 1,asia,73,13,927,18,1
Machine 0,emea,14,14,888,18,1
Machine 0,asia,89,13,921,21,1
Machine 0,emea,63,13,609,19,1
Machine 1,asia,28,13,957,19,1
Machine 0,asia,88,12,1011,18,1
Machine 1,us,23,13,969,21,1
Machine 0,asia,81,13,988,19,1
Machine 0,asia,76,13,1015,21,1
Machine 1,asia,68,13,977,21,1
Machine 1,us,93,13,960,20,1
Machine 1,asia,26,13,1141,21,1
Machine 0,emea,97,13,470,19,1
Machine 0,asia,75,13,1055,20,1
Machine 0,us,19,13,483,19,1
Machine 0,emea,7,14,383,18,1
Machine 1,us,95,13,491,19,1
Machine 0,us,72,13,498,18,1
Machine 1,asia,61,13,613,20,1
Machine 0,asia,86,13,630,21,1
Machine 1,us,58,13,452,19,1
Machine 0,asia,30,13,593,18,1
Machine 0,us,21,14,474,18,1
Machine 0,us,50,13,462,18,1
Machine 1,asia,9,14,676,21,1
Machine 0,emea,27,13,546,18,1
Machine 0,us,83,13,578,19,1
Machine 1,us,92,13,602,18,1
Machine 0,emea,36,13,578,20,1
Machine 1,us,48,14,571,20,1
Machine 0,emea,4,14,424,18,1
Machine 1,asia,85,13,751,21,1
Machine 0,asia,5,14,729,18,1
Machine 0,us,12,14,529,20,1
Machine 1,us,59,13,503,20,1
Machine 1,us,94,13,570,18,1
Machine 0,asia,65,13,873,21,1
Machine 0,emea,91,13,543,20,1
Machine 0,emea,96,13,541,19,1
Machine 0,asia,25,14,750,19,1
Machine 1,asia,67,13,875,19,1
Machine 1,asia,64,13,714,20,1
Machine 0,us,77,13,616,19,1
Machine 0,us,39,13,658,20,1
Machine 0,emea,74,13,675,19,1
Machine 0,us,2,14,660,18,1
Machine 1,us,32,13,636,20,1
Machine 0,emea,55,14,676,20,1
Machine 0,us,37,14,700,20,1
Machine 1,us,1,14,737,20,1
Machine 0,emea,3,14,366,20,1
Machine 0,asia,35,14,709,18,1
Machine 1,asia,11,14,785,21,1
Machine 1,asia,78,14,723,19,1
Machine 1,us,42,14,733,21,1
Machine 0,asia,62,13,817,19,1
Machine 0,emea,45,14,506,20,1
Machine 0,us,38,14,498,18,1
Machine 1,asia,20,14,850,18,1
Machine 0,asia,51,13,839,19,1
Machine 0,us,17,14,470,20,1
Machine 0,asia,90,13,901,21,1
Machine 0,emea,16,14,371,19,1
Machine 0,emea,41,14,471,19,1
Machine 1,asia,33,14,913,19,1
Machine 0,emea,15,14,559,21,1
Machine 1,us,18,14,531,19,1
Machine 0,asia,84,13,954,21,1
Machine 1,asia,8,14,686,19,1
Machine 0,us,98,13,650,21,1
Machine 1,asia,24,14,633,18,1
Machine 0,us,29,14,501,19,1
Machine 1,us,6,14,668,21,1
Machine 0,asia,87,13,693,20,1
Machine 0,asia,34,14,718,19,1
Machine 1,us,57,14,718,20,1
Machine 0,asia,52,14,648,21,1
Machine 1,asia,99,13,723,18,1
Machine 1,asia,53,14,592,18,1
Machine 1,us,0,14,563,19,1
Machine 0,asia,70,14,641,19,1
Machine 1,asia,49,14,776,18,1
Machine 1,us,56,14,474,20,1
Machine 0,us,66,13,860,20,1
Machine 0,emea,71,14,507,20,1
Machine 0,asia,40,14,736,18,1
Machine 1,asia,80,14,725,19,1
Machine 0,us,54,14,525,20,1
Machine 0,emea,47,14,569,19,1
Machine 1,us,79,14,580,19,1
Machine 0,us,82,14,603,19,1
Machine 1,us,69,14,653,20,1
Machine 1,us,22,14,736,19,1
Machine 0,us,43,14,771,20,1
Machine 0,us,89,14,712,20,1
Machine 0,asia,13,14,829,21,1
Machine 1,asia,73,14,772,20,1
Machine 0,emea,31,14,813,20,1
Machine 1,asia,10,14,887,20,1
Machine 1,us,63,14,680,19,1
Machine 1,asia,88,13,718,18,1
Machine 0,emea,26,14,554,21,1
Machine 0,asia,44,14,930,19,1
Machine 0,emea,23,14,577,18,1
Machine 0,emea,14,15,936,18,1
Machine 0,us,81,14,647,21,1
Machine 0,emea,83,14,595,21,1
Machine 0,us,21,15,647,18,1
Machine 1,us,61,14,659,21,1
Machine 1,asia,60,14,1045,19,1
Machine 1,asia,93,14,711,19,1
Machine 0,us,97,14,703,20,1
Machine 0,asia,46,14,1096,18,1
Machine 1,us,50,14,785,20,1
Machine 0,us,5,15,696,20,1
Machine 0,asia,48,15,888,19,1
Machine 1,us,36,14,823,19,1
Machine 1,us,76,14,832,20,1
Machine 0,emea,30,14,949,21,1
Machine 0,emea,95,14,990,21,1
Machine 0,asia,86,14,988,18,1
Machine 0,asia,68,14,1021,20,1
Machine 0,asia,28,14,748,20,1
Machine 1,us,75,14,752,19,1
Machine 0,us,92,14,808,20,1
Machine 1,asia,58,14,863,18,1
Machine 0,emea,85,14,791,19,1
Machine 1,asia,4,15,959,20,1
Machine 1,us,12,15,718,19,1
Machine 0,us,72,14,1071,21,1
Machine 0,us,91,14,579,19,1
Machine 0,asia,19,14,1138,19,1
Machine 1,us,96,14,614,19,1
Machine 1,asia,7,15,1203,20,1
Machine 0,emea,65,14,656,20,1
Machine 0,us,77,14,637,21,1
Machine 1,asia,27,14,1179,18,1
Machine 0,emea,35,15,497,20,1
Machine 0,emea,32,14,703,21,1
Machine 1,us,39,14,732,20,1
Machine 0,asia,9,15,1261,19,1
Machine 0,emea,64,14,723,18,1
Machine 1,asia,94,14,728,19,1
Machine 0,us,55,15,742,21,1
Machine 1,asia,67,14,763,21,1
Machine 0,asia,1,15,742,19,1
Machine 0,asia,74,14,798,21,1
Machine 0,emea,45,15,395,20,1
Machine 0,us,11,15,448,21,1
Machine 0,asia,59,14,865,18,1
Machine 1,asia,2,15,805,20,1
Machine 0,asia,25,15,859,18,1
Machine 1,us,37,15,793,18,1
Machine 1,asia,3,15,786,18,1
Machine 1,us,78,15,476,19,1
Machine 0,us,38,15,507,21,1
Machine 1,us,20,15,518,21,1
Machine 0,emea,29,15,414,20,1
Machine 1,us,41,15,500,20,1
Machine 0,emea,18,15,486,19,1
Machine 0,asia,42,15,576,18,1
Machine 0,us,16,15,575,18,1
Machine 0,us,84,14,562,18,1
Machine 0,emea,90,14,579,19,1
Machine 0,asia,51,14,599,21,1
Machine 0,asia,33,15,604,19,1
Machine 1,asia,62,14,703,21,1
Machine 0,emea,52,15,417,18,1
Machine 0,us,99,14,546,18,1
Machine 1,us,66,14,478,21,1
Machine 1,us,87,14,520,18,1
Machine 1,asia,15,15,808,20,1
Machine 0,asia,98,14,634,19,1
Machine 1,us,53,15,585,19,1
Machine 1,asia,17,15,901,18,1
Machine 1,asia,24,15,904,20,1
Machine 0,asia,34,15,701,18,1
Machine 0,us,6,15,686,21,1
Machine 1,asia,57,15,686,21,1
Machine 0,us,54,15,617,21,1
Machine 0,emea,69,15,585,19,1
Machine 0,asia,79,15,669,20,1
Machine 1,asia,70,15,730,21,1
Machine 1,us,8,15,795,19,1
Machine 0,emea,49,15,823,19,1
Machine 1,us,47,15,755,20,1
Machine 0,emea,80,15,802,21,1
Machine 0,us,56,15,835,21,1
Machine 0,asia,71,15,833,18,1
Machine 1,asia,82,15,800,21,1
Machine 0,us,22,15,569,21,1
Machine 1,asia,40,15,969,18,1
Machine 0,us,31,15,611,19,1
Machine 1,us,43,15,720,19,1
Machine 0,asia,0,15,1043,19,1
Machine 0,emea,73,15,663,20,1
Machine 0,us,44,15,650,19,1
Machine 1,us,23,15,657,20,1
Machine 0,emea,26,15,748,21,1
Machine 1,asia,88,14,780,18,1
Machine 0,us,21,16,764,20,1
Machine 0,emea,83,15,786,21,1
Machine 1,us,61,15,691,21,1
Machine 1,us,10,15,812,19,1
Machine 1,asia,13,15,848,18,1
Machine 0,asia,63,15,810,21,1
Machine 1,asia,93,15,810,18,1
Machine 0,asia,89,15,882,21,1
Machine 1,us,50,15,556,21,1
Machine 0,emea,36,15,543,21,1
Machine 0,us,4,16,511,20,1
Machine 0,us,46,15,838,19,1
Machine 0,emea,97,15,829,18,1
Machine 0,asia,60,15,672,20,1
Machine 1,asia,81,15,1014,18,1
Machine 0,us,76,15,603,19,1
Machine 0,asia,95,15,676,18,1
Machine 0,asia,14,16,1132,21,1
Machine 1,us,30,15,607,19,1
Machine 1,asia,48,16,704,20,1
Machine 1,us,12,16,711,21,1
Machine 0,asia,92,15,712,19,1
Machine 0,asia,5,16,745,20,1
Machine 0,emea,68,15,706,21,1
Machine 1,us,75,15,724,18,1
Machine 1,asia,86,15,744,20,1
Machine 0,us,28,15,757,20,1
Machine 1,asia,91,15,741,21,1
Machine 0,emea,85,15,767,18,1
Machine 1,us,7,16,775,19,1
Machine 0,emea,19,15,767,21,1
Machine 0,emea,27,15,756,20,1
Machine 0,us,35,16,630,20,1
Machine 1,asia,77,15,800,18,1
Machine 0,asia,72,15,841,18,1
Machine 0,us,96,15,836,18,1
Machine 0,asia,65,15,835,19,1
Machine 1,us,32,15,757,19,1
Machine 0,emea,64,15,486,19,1
Machine 1,asia,58,15,972,21,1
Machine 1,us,55,16,489,19,1
Machine 0,emea,74,15,509,21,1
Machine 0,us,45,16,532,20,1
Machine 0,emea,16,16,477,19,1
Machine 1,asia,9,16,636,18,1
Machine 1,us,11,16,559,19,1
Machine 0,us,94,15,626,20,1
Machine 1,us,90,15,577,20,1
Machine 0,emea,20,16,590,20,1
Machine 0,emea,25,16,631,21,1
Machine 1,asia,2,16,672,19,1
Machine 0,asia,67,15,715,20,1
Machine 0,asia,39,15,698,21,1
Machine 0,asia,59,15,673,19,1
Machine 0,us,37,16,667,18,1
Machine 0,emea,62,15,477,20,1
Machine 1,us,3,16,669,20,1
Machine 0,us,29,16,723,19,1
Machine 1,asia,1,16,790,21,1
Machine 0,us,84,15,650,20,1
Machine 0,asia,18,16,744,18,1
Machine 1,us,41,16,817,18,1
Machine 1,asia,42,16,819,21,1
Machine 1,asia,38,16,905,18,1
Machine 0,us,52,16,545,19,1
Machine 0,asia,78,16,922,18,1
Machine 0,us,98,15,521,18,1
Machine 1,asia,33,16,639,20,1
Machine 0,asia,51,15,817,21,1
Machine 1,us,99,15,652,19,1
Machine 1,us,53,16,599,21,1
Machine 0,emea,15,16,640,20,1
Machine 1,asia,87,15,721,18,1
Machine 0,asia,66,15,756,19,1
Machine 0,us,6,16,665,19,1
Machine 0,emea,80,16,471,21,1
Machine 1,asia,24,16,713,21,1
Machine 0,us,8,16,540,21,1
Machine 0,asia,54,16,693,20,1
Machine 0,emea,34,16,665,18,1
Machine 0,emea,70,16,579,19,1
Machine 0,asia,49,16,646,21,1
Machine 0,asia,17,16,794,19,1
Machine 0,emea,40,16,601,18,1
Machine 1,us,69,16,664,19,1
Machine 1,us,57,16,790,21,1
Machine 1,asia,22,16,681,21,1
Machine 1,us,71,16,691,20,1
Machine 0,us,56,16,698,20,1
Machine 1,asia,79,16,752,19,1
Machine 1,us,43,16,530,18,1
Machine 0,us,31,16,581,19,1
Machine 0,emea,83,16,537,20,1
Machine 1,asia,47,16,837,20,1
Machine 0,emea,46,16,497,20,1
Machine 1,us,26,16,559,20,1
Machine 0,asia,82,16,830,20,1
Machine 0,emea,93,16,527,19,1
Machine 0,us,23,16,662,21,1
Machine 1,asia,73,16,689,21,1
Machine 1,us,50,16,613,20,1
Machine 0,emea,44,16,696,21,1
Machine 0,us,61,16,691,18,1
Machine 0,us,89,16,654,19,1
Machine 1,us,10,16,672,20,1
Machine 0,us,97,16,487,20,1
Machine 1,asia,63,16,744,20,1
Machine 0,asia,36,16,735,19,1
Machine 0,asia,88,15,747,20,1
Machine 1,us,60,16,500,19,1
Machine 1,asia,21,17,864,21,1
Machine 0,us,14,17,502,20,1
Machine 0,emea,95,16,519,20,1
Machine 0,asia,13,16,827,21,1
Machine 0,asia,0,16,932,18,1
Machine 1,us,30,16,517,19,1
Machine 0,emea,28,16,386,18,1
Machine 0,asia,81,16,630,20,1
Machine 1,asia,12,17,625,20,1
Machine 0,emea,92,16,562,19,1
Machine 1,us,68,16,599,18,1
Machine 0,us,5,17,644,19,1
Machine 0,asia,75,16,668,18,1
Machine 0,us,35,17,511,18,1
Machine 1,us,85,16,502,19,1
Machine 1,asia,76,16,825,19,1
Machine 1,asia,86,16,686,19,1
Machine 1,asia,19,16,600,21,1
Machine 0,asia,48,17,815,19,1
Machine 0,us,91,16,677,20,1
Machine 0,emea,65,16,568,19,1
Machine 1,asia,4,17,928,20,1
Machine 0,asia,7,17,725,20,1
Machine 0,asia,72,16,601,18,1
Machine 0,emea,27,16,604,20,1
Machine 1,us,77,16,649,20,1
Machine 0,emea,74,16,643,20,1
Machine 1,asia,96,16,729,18,1
Machine 0,us,32,16,659,18,1
Machine 1,us,64,16,733,21,1
Machine 0,asia,58,16,693,18,1
Machine 0,us,90,16,704,18,1
Machine 0,us,45,17,751,18,1
Machine 0,emea,94,16,772,21,1
Machine 0,emea,41,17,763,19,1
Machine 0,asia,25,17,828,19,1
Machine 0,us,42,17,759,21,1
Machine 1,asia,62,16,834,21,1
Machine 0,asia,37,17,859,18,1
Machine 1,us,59,16,853,21,1
Machine 1,us,1,17,885,19,1
Machine 1,us,16,17,883,20,1
Machine 0,emea,3,17,901,20,1
Machine 0,emea,67,16,890,20,1
Machine 1,us,20,17,937,19,1
Machine 0,asia,9,17,980,18,1
Machine 1,us,38,17,868,21,1
Machine 0,emea,98,16,870,21,1
Machine 1,asia,11,17,982,19,1
Machine 1,asia,2,17,993,18,1
Machine 1,asia,55,17,1033,19,1
Machine 0,us,39,16,1045,19,1
Machine 0,us,29,17,1034,18,1
Machine 0,us,33,17,824,18,1
Machine 1,us,51,16,617,20,1
Machine 1,asia,18,17,1099,18,1
Machine 0,asia,52,17,1061,20,1
Machine 0,asia,84,16,1147,21,1
Machine 0,emea,24,17,517,18,1
Machine 1,asia,78,17,1162,21,1
Machine 0,emea,15,17,678,18,1
Machine 0,us,8,17,646,20,1
Machine 1,asia,53,17,786,20,1
Machine 0,us,87,16,760,20,1
Machine 1,us,54,17,671,18,1
Machine 0,asia,99,16,929,18,1
Machine 0,emea,22,17,698,18,1
Machine 0,us,71,17,716,19,1
Machine 0,asia,34,17,777,19,1
Machine 0,us,17,17,742,18,1
Machine 1,asia,80,17,834,20,1
Machine 1,us,66,16,868,19,1
Machine 1,us,56,17,748,21,1
Machine 1,asia,70,17,826,21,1
Machine 0,emea,49,17,835,21,1
Machine 0,emea,44,17,497,20,1
Machine 0,asia,69,17,829,18,1
Machine 0,asia,6,17,908,19,1
Machine 0,emea,31,17,526,20,1
Machine 0,emea,82,17,545,21,1
Machine 1,asia,57,17,848,19,1
Machine 1,us,40,17,918,21,1
Machine 0,asia,79,17,586,18,1
Machine 1,asia,26,17,678,19,1
Machine 0,us,93,17,671,18,1
Machine 0,us,83,17,677,19,1
Machine 1,asia,43,17,683,18,1
Machine 0,emea,28,17,479,21,1
Machine 0,asia,46,17,745,19,1
Machine 0,emea,14,18,688,18,1
Machine 0,us,95,17,716,18,1
Machine 0,us,61,17,734,20,1
Machine 1,us,89,17,769,18,1
Machine 1,us,47,17,817,18,1
Machine 1,us,13,17,780,19,1
Machine 1,us,12,18,614,19,1
Machine 0,emea,63,17,811,21,1
Machine 1,asia,50,17,859,21,1
Machine 1,asia,97,17,833,21,1
Machine 0,asia,73,17,867,21,1
Machine 0,asia,60,17,937,18,1
Machine 1,asia,21,18,963,18,1
Machine 0,emea,5,18,531,20,1
Machine 0,asia,10,17,974,21,1
Machine 1,us,23,17,1035,18,1
Machine 0,us,81,17,548,20,1
Machine 1,asia,30,17,967,19,1
Machine 0,us,36,17,988,20,1
Machine 0,emea,86,17,656,18,1
Machine 0,asia,92,17,641,20,1
Machine 1,us,35,18,620,19,1
Machine 0,asia,0,17,1039,20,1
Machine 1,asia,76,17,636,20,1
Machine 1,us,88,16,1116,21,1
Machine 0,us,75,17,671,21,1
Machine 1,asia,68,17,735,21,1
Machine 0,emea,74,17,677,18,1
Machine 0,us,7,18,725,20,1
Machine 0,us,19,17,745,18,1
Machine 0,emea,4,18,788,21,1
Machine 1,us,48,18,772,18,1
Machine 0,emea,16,18,753,18,1
Machine 0,asia,27,17,878,21,1
Machine 1,us,32,17,865,20,1
Machine 0,us,96,17,810,19,1
Machine 0,asia,85,17,877,21,1
Machine 1,asia,58,17,899,18,1
Machine 0,us,62,17,856,18,1
Machine 0,us,3,18,829,20,1
Machine 1,asia,65,17,982,19,1
Machine 1,us,72,17,963,21,1
Machine 1,us,37,18,975,18,1
Machine 0,emea,42,18,976,18,1
Machine 0,asia,41,18,1013,19,1
Machine 0,asia,64,17,1053,19,1
Machine 0,us,98,17,1017,18,1
Machine 0,asia,91,17,1070,18,1
Machine 1,us,94,17,1085,21,1
Machine 0,emea,90,17,1082,18,1
Machine 0,asia,59,17,1006,19,1
Machine 1,us,11,18,876,18,1
Machine 1,us,67,17,677,19,1
Machine 0,us,45,18,1110,19,1
Machine 0,emea,38,18,480,21,1
Machine 1,asia,1,18,1134,19,1
Machine 0,emea,39,17,495,20,1
Machine 0,asia,20,18,1100,20,1
Machine 1,asia,77,17,1251,21,1
Machine 1,asia,25,18,1239,20,1
Machine 1,us,33,18,566,21,1
Machine 0,emea,52,18,598,21,1
Machine 0,us,84,17,654,20,1
Machine 0,emea,8,18,587,18,1
Machine 0,asia,2,18,717,19,1
Machine 1,us,87,17,661,18,1
Machine 1,us,24,18,723,21,1
Machine 0,asia,51,17,679,19,1
Machine 0,us,53,18,688,18,1
Machine 1,asia,9,18,763,20,1
Machine 1,asia,18,18,778,19,1
Machine 0,asia,54,18,765,20,1
Machine 0,emea,66,17,430,18,1
Machine 0,us,29,18,839,20,1
Machine 0,asia,78,18,795,19,1
Machine 1,asia,55,18,845,19,1
Machine 0,emea,22,18,534,19,1
Machine 1,asia,99,17,794,19,1
Machine 1,asia,15,18,896,21,1
Machine 0,emea,40,18,532,20,1
Machine 0,us,71,18,567,20,1
Machine 1,us,34,18,586,18,1
Machine 0,emea,43,18,546,18,1
Machine 1,us,31,18,617,19,1
Machine 0,us,56,18,627,18,1
Machine 0,emea,69,18,682,19,1
Machine 1,us,70,18,708,20,1
Machine 1,asia,44,18,729,21,1
Machine 0,asia,49,18,704,18,1
Machine 1,us,47,18,595,19,1
Machine 1,asia,80,18,786,21,1
Machine 0,asia,17,18,776,18,1
Machine 0,us,79,18,782,21,1
Machine 0,us,6,18,798,21,1
Machine 0,asia,82,18,789,20,1
Machine 0,us,89,18,713,20,1
Machine 1,us,26,18,795,20,1
Machine 1,us,46,18,780,21,1
Machine 1,asia,95,18,835,18,1
Machine 0,us,28,18,813,19,1
Machine 0,emea,61,18,765,18,1
Machine 0,emea,63,18,465,21,1
Machine 1,asia,83,18,857,20,1
Machine 1,us,97,18,474,20,1
Machine 0,asia,14,19,874,21,1
Machine 0,asia,93,18,912,20,1
Machine 0,us,50,18,518,18,1
Machine 0,us,5,19,527,21,1
Machine 1,asia,57,18,1023,20,1
Machine 0,emea,30,18,513,21,1
Machine 1,us,88,17,581,19,1
Machine 0,asia,13,18,676,20,1
Machine 0,emea,21,19,620,19,1
Machine 0,asia,73,18,672,18,1
Machine 0,us,36,18,704,19,1
Machine 0,emea,0,18,664,18,1
Machine 0,us,76,18,740,19,1
Machine 1,asia,35,19,700,19,1
Machine 0,emea,74,18,713,19,1
Machine 1,asia,12,19,801,18,1
Machine 1,us,10,18,766,21,1
Machine 0,asia,92,18,779,19,1
Machine 0,us,7,19,680,20,1
Machine 0,asia,23,18,791,20,1
Machine 1,asia,60,18,852,18,1
Machine 1,asia,81,18,829,18,1
Machine 1,asia,68,18,840,18,1
Machine 1,us,86,18,888,19,1
Machine 1,us,32,18,514,19,1
Machine 0,asia,4,19,733,19,1
Machine 1,asia,48,19,752,19,1
Machine 0,emea,16,19,525,19,1
Machine 0,emea,58,18,510,21,1
Machine 1,us,90,18,501,19,1
Machine 1,us,19,18,816,18,1
Machine 0,us,42,19,519,21,1
Machine 0,us,27,18,568,19,1
Machine 0,asia,75,18,970,20,1
Machine 0,emea,91,18,577,19,1
Machine 0,emea,37,19,559,19,1
Machine 1,asia,85,18,615,18,1
Machine 1,us,41,19,619,20,1
Machine 0,emea,67,18,674,20,1
Machine 1,us,3,19,736,19,1
Machine 0,us,62,18,809,20,1
Machine 0,asia,65,18,811,20,1
Machine 1,us,38,19,689,21,1
Machine 0,us,94,18,827,25,1
Machine 0,asia,96,18,821,21,1
Machine 0,us,77,18,763,19,1
Machine 0,us,45,19,797,19,1
Machine 1,asia,98,18,702,18,1
Machine 1,us,25,19,755,19,1
Machine 0,asia,59,18,825,21,1
Machine 1,asia,72,18,885,19,1
Machine 1,asia,39,18,844,20,1
Machine 0,emea,20,19,802,18,1
Machine 0,emea,84,18,443,18,1
Machine 0,asia,1,19,897,19,1
Machine 0,asia,33,19,630,20,1
Machine 0,asia,64,18,962,19,1
Machine 1,asia,11,19,1022,19,1
Machine 0,us,8,19,562,21,1
Machine 1,us,2,19,565,19,1
Machine 1,asia,52,19,576,20,1
Machine 0,emea,43,19,447,18,1
Machine 0,asia,18,19,637,21,1
Machine 0,us,53,19,707,18,1
Machine 1,us,78,19,667,20,1
Machine 0,us,15,19,676,20,1
Machine 1,asia,24,19,747,19,1
Machine 0,us,29,19,700,20,1
Machine 1,us,9,19,743,20,1
Machine 0,emea,51,18,768,20,1
Machine 0,emea,66,18,756,20,1
Machine 0,emea,99,18,734,21,1
Machine 0,asia,87,18,763,20,1
Machine 1,asia,22,19,771,18,1
Machine 0,us,31,19,522,21,1
Machine 0,asia,71,19,787,18,1
Machine 1,us,40,19,782,21,1
Machine 1,asia,54,19,865,18,1
Machine 1,us,56,19,571,20,1
Machine 0,emea,83,19,484,18,1
Machine 0,asia,55,19,952,19,1
Machine 0,us,49,19,561,18,1
Machine 0,emea,44,19,583,19,1
Machine 0,asia,69,19,631,21,1
Machine 0,asia,80,19,642,19,1
Machine 1,us,47,19,640,19,1
Machine 1,asia,34,19,935,20,1
Machine 0,us,95,19,636,20,1
Machine 0,us,6,19,648,18,1
Machine 1,asia,70,19,675,18,1
Machine 0,emea,79,19,678,21,1
Machine 0,emea,46,19,702,21,1
Machine 1,us,82,19,709,19,1
Machine 1,asia,63,19,710,19,1
Machine 0,asia,89,19,749,21,1
Machine 1,asia,26,19,707,20,1
Machine 1,asia,17,19,770,19,1
Machine 0,us,97,19,688,18,1
Machine 0,asia,61,19,769,19,1
Machine 0,emea,5,20,430,21,1
Machine 1,us,28,19,763,18,1
Machine 0,us,57,19,456,20,1
Machine 0,emea,35,20,467,20,1
Machine 1,us,30,19,508,18,1
Machine 0,asia,93,19,621,21,1
Machine 1,us,14,20,568,18,1
Machine 1,us,12,20,561,20,1
Machine 0,us,74,19,535,21,1
Machine 1,asia,50,19,644,19,1
Machine 0,us,73,19,564,20,1
Machine 1,us,36,19,599,19,1
Machine 0,emea,21,20,617,21,1
Machine 0,emea,86,19,619,20,1
Machine 0,asia,88,18,616,20,1
Machine 0,emea,7,20,630,20,1
Machine 0,us,32,19,639,21,1
Machine 1,asia,13,19,662,21,1
Machine 0,us,23,19,664,18,1
Machine 1,us,4,20,582,19,1
Machine 1,us,60,19,691,20,1
Machine 0,asia,0,19,703,21,1
Machine 0,emea,75,19,431,19,1
Machine 0,asia,81,19,715,19,1
Machine 0,emea,58,19,478,20,1
Machine 0,asia,10,19,872,21,1
Machine 1,asia,76,19,890,19,1
Machine 1,us,19,19,545,20,1
Machine 1,asia,92,19,879,19,1
Machine 1,asia,16,20,771,20,1
Machine 0,emea,67,19,619,19,1
Machine 1,asia,68,19,896,20,1
Machine 1,asia,27,19,699,20,1
Machine 1,us,37,20,720,21,1
Machine 0,us,90,19,701,21,1
Machine 0,us,96,19,701,18,1
Machine 0,emea,94,19,766,18,1
Machine 0,asia,85,19,809,20,1
Machine 0,us,3,20,846,18,1
Machine 0,asia,42,20,821,19,1
Machine 0,asia,48,20,1195,21,1
Machine 0,asia,65,19,844,21,1
Machine 0,emea,53,20,833,20,1
Machine 1,asia,41,20,877,21,1
Machine 0,us,91,19,888,20,1
Machine 0,us,78,20,843,21,1
Machine 0,asia,39,19,863,19,1
Machine 0,asia,45,20,912,19,1
Machine 1,us,52,20,887,20,1
Machine 0,emea,25,20,929,20,1
Machine 0,emea,84,19,932,20,1
Machine 1,us,77,19,938,19,1
Machine 1,us,72,19,959,20,1
Machine 0,us,1,20,955,19,1
Machine 0,us,59,19,981,20,1
Machine 1,us,33,20,970,20,1
Machine 1,asia,29,20,995,19,1
Machine 1,asia,87,19,957,20,1
Machine 0,us,83,20,921,18,1
Machine 1,asia,38,20,1057,19,1
Machine 1,us,62,19,1003,18,1
Machine 0,emea,56,20,944,19,1
Machine 0,us,31,20,1066,21,1
Machine 0,us,51,19,1071,18,1
Machine 0,emea,22,20,1046,19,1
Machine 0,us,2,20,1083,20,1
Machine 1,us,66,19,1156,20,1
Machine 0,asia,64,19,1141,21,1
Machine 1,us,71,20,1178,20,1
Machine 1,asia,18,20,1192,19,1
Machine 1,asia,20,20,1168,20,1
Machine 0,emea,8,20,1199,20,1
Machine 1,asia,54,20,1164,21,1
Machine 1,asia,98,19,1249,19,1
Machine 0,emea,69,20,509,18,1
Machine 1,us,55,20,1099,18,1
Machine 1,us,15,20,1215,21,1
Machine 1,asia,11,20,1248,18,1
Machine 0,us,80,20,476,21,1
Machine 0,emea,9,20,1255,19,1
Machine 1,asia,44,20,892,18,1
Machine 0,asia,24,20,1257,18,1
Machine 1,us,47,20,528,19,1
Machine 0,asia,40,20,1268,20,1
Machine 0,asia,49,20,1252,20,1
Machine 0,emea,6,20,426,20,1
Machine 0,asia,99,19,1356,19,1
Machine 0,asia,43,20,1448,21,1
Machine 0,emea,61,20,518,19,1
Machine 1,us,26,20,577,18,1
Machine 1,asia,82,20,640,20,1
Machine 0,emea,63,20,612,18,1
Machine 0,asia,34,20,676,18,1
Machine 0,us,70,20,710,20,1
Machine 1,us,79,20,714,19,1
Machine 0,us,89,20,699,19,1
Machine 0,us,5,21,644,18,1
Machine 1,asia,97,20,664,21,1
Machine 0,asia,46,20,759,21,1
Machine 0,emea,30,20,474,20,1
Machine 1,us,28,20,531,19,1
Machine 0,us,93,20,479,20,1
Machine 1,asia,95,20,868,20,1
Machine 0,emea,88,19,395,18,1
Machine 0,asia,17,20,799,20,1
Machine 1,us,14,21,520,20,1
Machine 1,us,36,20,595,19,1
Machine 0,asia,57,20,602,19,1
Machine 0,us,73,20,603,20,1
Machine 0,emea,50,20,519,20,1
Machine 1,asia,35,21,696,18,1
Machine 0,emea,4,21,405,19,1
Machine 0,asia,12,21,673,18,1
Machine 1,asia,74,20,726,21,1
Machine 1,asia,86,20,771,21,1
Machine 0,us,7,21,553,19,1
Machine 0,asia,21,21,771,18,1
Machine 1,us,32,20,551,20,1
Machine 0,emea,58,20,530,20,1
Machine 0,us,60,20,541,20,1
Machine 1,us,0,20,547,21,1
Machine 0,us,10,20,529,18,1
Machine 0,asia,13,20,598,18,1
Machine 1,asia,23,20,596,19,1
Machine 0,emea,90,20,582,18,1
Machine 0,emea,16,21,565,19,1
Machine 1,asia,81,20,620,18,1
Machine 0,asia,75,20,637,18,1
Machine 1,us,76,20,612,18,1
Machine 1,us,68,20,624,19,1
Machine 1,us,94,20,646,20,1
Machine 0,us,96,20,691,19,1
Machine 0,us,67,20,704,19,1
Machine 0,asia,19,20,712,20,1
Machine 1,asia,37,21,722,19,1
Machine 0,emea,91,20,668,20,1
Machine 1,us,65,20,705,21,1
Machine 0,us,84,20,678,18,1
Machine 1,asia,92,20,813,18,1
Machine 0,asia,27,20,857,18,1
Machine 1,asia,3,21,840,21,1
Machine 0,us,48,21,868,18,1
Machine 1,us,39,20,820,19,1
Machine 1,asia,41,21,849,19,1
Machine 1,us,77,20,764,20,1
Machine 0,emea,59,20,630,20,1
Machine 0,us,78,21,780,19,1
Machine 0,asia,45,21,862,19,1
Machine 0,emea,42,21,959,18,1
Machine 0,asia,53,21,971,20,1
Machine 0,asia,72,20,741,19,1
Machine 0,emea,25,21,928,21,1
Machine 1,asia,52,21,929,21,1
Machine 0,asia,85,20,1023,18,1
Machine 1,us,29,21,656,21,1
Machine 1,asia,83,21,605,21,1
Machine 0,emea,38,21,513,18,1
Machine 0,asia,31,21,794,21,1
Machine 0,us,62,20,581,18,1
Machine 0,emea,22,21,560,19,1
Machine 0,asia,87,20,599,21,1
Machine 0,emea,69,21,558,19,1
Machine 0,us,33,21,653,18,1
Machine 1,asia,1,21,956,19,1
Machine 0,emea,9,21,570,18,1
Machine 1,us,66,20,666,20,1
Machine 0,us,2,21,688,20,1
Machine 1,us,15,21,713,20,1
Machine 1,us,56,21,774,22,1
Machine 0,asia,64,20,714,18,1
Machine 0,emea,18,21,773,21,1
Machine 1,us,8,21,780,21,1
Machine 1,asia,98,20,800,21,1
Machine 0,asia,11,21,791,20,1
Machine 0,us,20,21,829,19,1
Machine 0,us,44,21,871,19,1
Machine 0,emea,49,21,418,20,1
Machine 1,asia,80,21,877,19,1
Machine 1,asia,71,21,908,21,1
Machine 1,us,24,21,921,18,1
Machine 0,asia,54,21,1002,20,1
Machine 0,emea,79,21,574,19,1
Machine 0,emea,26,21,597,21,1
Machine 0,us,82,21,533,18,1
Machine 1,asia,40,21,610,20,1
Machine 0,us,55,21,1052,20,1
Machine 1,us,99,20,917,21,1
Machine 0,emea,17,21,592,18,1
Machine 0,emea,30,21,605,19,1
Machine 0,us,28,21,607,18,1
Machine 1,asia,61,21,640,19,1
Machine 1,asia,51,20,1147,19,1
Machine 1,us,36,21,643,18,1
Machine 1,us,5,22,637,21,1
Machine 0,us,6,21,666,19,1
Machine 1,us,93,21,686,21,1
Machine 0,emea,50,21,635,21,1
Machine 0,us,89,21,737,21,1
Machine 1,asia,46,21,732,21,1
Machine 0,asia,34,21,768,19,1
Machine 0,asia,47,21,801,18,1
Machine 0,asia,43,21,804,21,1
Machine 0,emea,86,21,414,21,1
Machine 0,us,14,22,760,20,1
Machine 0,asia,97,21,857,19,1
Machine 0,us,35,22,777,18,1
Machine 1,us,63,21,902,21,1
Machine 1,us,4,22,748,18,1
Machine 0,asia,57,21,894,19,1
Machine 1,asia,73,21,889,21,1
Machine 1,asia,88,20,915,20,1
Machine 0,us,7,22,525,21,1
Machine 1,us,21,22,464,19,1
Machine 0,emea,60,21,343,20,1
Machine 0,asia,95,21,975,21,1
Machine 1,asia,70,21,1051,19,1
Machine 0,asia,12,22,839,19,1
Machine 1,asia,74,21,686,20,1
Machine 0,emea,90,21,436,21,1
Machine 1,us,10,21,502,21,1
Machine 0,us,0,21,520,21,1
Machine 0,asia,13,21,565,18,1
Machine 0,emea,68,21,487,18,1
Machine 0,asia,32,21,613,21,1
Machine 0,us,16,22,526,18,1
Machine 1,asia,58,21,625,22,1
Machine 1,us,96,21,507,19,1
Machine 1,asia,76,21,550,19,1
Machine 0,emea,37,22,374,19,1
Machine 0,asia,75,21,618,19,1
Machine 0,us,94,21,593,18,1
Machine 1,asia,23,21,716,18,1
Machine 1,us,81,21,622,20,1
Machine 0,emea,77,21,525,21,1
Machine 0,us,91,21,505,18,1
Machine 1,us,65,21,577,21,1
Machine 1,us,48,22,647,21,1
Machine 0,asia,67,21,761,21,1
Machine 0,asia,84,21,650,21,1
Machine 1,asia,19,21,710,21,1
Machine 1,us,25,22,637,21,1
Machine 0,emea,27,21,690,21,1
Machine 0,emea,53,22,659,21,1
Machine 0,asia,39,21,696,18,1
Machine 1,asia,92,21,715,21,1
Machine 0,us,59,21,753,18,1
Machine 0,us,3,22,773,18,1
Machine 1,us,78,22,752,19,1
Machine 0,asia,52,22,757,21,1
Machine 1,us,38,22,462,20,1
Machine 0,us,83,22,466,21,1
Machine 0,asia,45,22,789,18,1
Machine 0,emea,22,22,463,19,1
Machine 0,emea,29,22,469,20,1
Machine 0,us,87,21,481,20,1
Machine 0,us,72,21,599,18,1
Machine 1,asia,42,22,845,20,1
Machine 1,asia,85,21,764,20,1
Machine 1,asia,41,22,867,18,1
Machine 0,emea,9,22,500,18,1
Machine 0,asia,31,22,582,19,1
Machine 1,us,69,22,496,20,1
Machine 0,us,66,21,500,21,1
Machine 1,asia,1,22,637,21,1
Machine 0,us,18,22,473,18,1
Machine 0,asia,33,22,676,20,1
Machine 1,asia,62,21,761,21,1
Machine 1,us,2,22,511,18,1
Machine 1,us,8,22,549,19,1
Machine 0,emea,64,21,583,20,1
Machine 0,asia,15,22,711,21,1
Machine 0,emea,20,22,595,21,1
Machine 0,emea,24,22,566,19,1
Machine 1,us,49,22,619,18,1
Machine 1,asia,11,22,627,20,1
Machine 1,asia,56,22,736,21,1
Machine 0,us,44,22,593,19,1
Machine 0,asia,98,21,748,19,1
Machine 1,asia,71,22,716,19,1
Machine 1,us,79,22,554,19,1
Machine 0,asia,80,22,748,21,1
Machine 0,emea,40,22,526,18,1
Machine 0,us,55,22,527,20,1
Machine 0,emea,6,22,501,19,1
Machine 0,emea,28,22,551,20,1
Machine 1,us,50,22,595,18,1
Machine 1,us,99,21,604,21,1
Machine 0,us,61,22,608,21,1
Machine 0,emea,97,22,605,18,1
Machine 0,us,54,22,674,20,1
Machine 1,us,51,21,658,18,1
Machine 0,us,47,22,661,18,1
Machine 1,us,63,22,613,20,1
Machine 1,asia,5,23,699,20,1
Machine 0,us,35,23,680,21,1
Machine 0,asia,26,22,747,20,1
Machine 1,asia,30,22,690,20,1
Machine 0,emea,34,22,699,19,1
Machine 1,asia,14,23,727,18,1
Machine 0,emea,73,22,408,21,1
Machine 0,asia,36,22,754,20,1
Machine 1,us,7,23,487,19,1
Machine 1,us,43,22,748,21,1
Machine 0,us,88,21,669,18,1
Machine 0,asia,86,22,768,21,1
Machine 1,asia,57,22,749,21,1
Machine 0,asia,17,22,790,21,1
Machine 0,emea,95,22,454,20,1
Machine 1,asia,46,22,798,18,1
Machine 0,emea,10,22,404,18,1
Machine 0,us,93,22,819,20,1
Machine 0,asia,89,22,825,19,1
Machine 1,asia,82,22,870,19,1
Machine 0,us,70,22,502,20,1
Machine 0,asia,4,23,869,19,1
Machine 0,emea,16,23,498,21,1
Machine 1,us,13,22,502,21,1
Machine 0,us,58,22,544,19,1
Machine 1,us,12,23,550,18,1
Machine 0,us,0,22,555,21,1
Machine 0,emea,75,22,542,20,1
Machine 0,us,94,22,577,20,1
Machine 1,us,23,22,589,19,1
Machine 0,asia,74,22,621,18,1
Machine 1,asia,90,22,633,21,1
Machine 0,asia,21,23,658,20,1
Machine 1,asia,60,22,662,18,1
Machine 1,us,96,22,648,20,1
Machine 1,asia,32,22,656,20,1
Machine 0,asia,68,22,667,19,1
Machine 0,emea,91,22,664,20,1
Machine 1,us,48,23,550,20,1
Machine 0,us,65,22,655,18,1
Machine 0,us,25,23,453,19,1
Machine 1,us,27,22,439,18,1
Machine 0,asia,76,22,783,21,1
Machine 0,emea,19,22,449,21,1
Machine 1,asia,37,23,868,18,1
Machine 0,emea,92,22,416,20,1
Machine 0,asia,67,22,741,21,1
Machine 0,us,83,23,482,21,1
Machine 1,us,3,23,518,21,1
Machine 0,asia,81,22,951,20,1
Machine 1,asia,84,22,717,20,1
Machine 1,asia,77,22,938,20,1
Machine 1,us,42,23,546,21,1
Machine 0,us,59,22,558,19,1
Machine 0,emea,38,23,563,21,1
Machine 1,us,45,23,583,19,1
Machine 0,asia,53,23,659,20,1
Machine 1,asia,39,22,626,21,1
Machine 0,asia,22,23,667,20,1
Machine 0,emea,9,23,459,18,1
Machine 0,asia,78,23,682,20,1
Machine 0,emea,87,22,436,20,1
Machine 1,asia,52,23,708,18,1
Machine 0,us,31,23,472,21,1
Machine 0,us,72,22,651,18,1
Machine 0,us,33,23,491,19,1
Machine 0,emea,18,23,506,21,1
Machine 1,asia,41,23,796,19,1
Machine 1,us,69,23,540,19,1
Machine 1,asia,29,23,844,20,1
Machine 1,us,62,22,520,19,1
Machine 0,emea,64,22,536,19,1
Machine 1,asia,1,23,611,19,1
Machine 0,asia,85,22,901,21,1
Machine 0,us,15,23,526,21,1
Machine 0,emea,11,23,554,18,1
Machine 0,us,56,23,601,21,1
Machine 1,us,20,23,526,19,1
Machine 1,us,44,23,519,18,1
Machine 0,asia,66,22,729,19,1
Machine 0,us,50,23,471,18,1
Machine 0,asia,2,23,762,19,1
Machine 0,asia,24,23,671,19,1
Machine 0,emea,28,23,521,19,1
Machine 1,asia,8,23,793,18,1
Machine 1,asia,49,23,576,18,1
Machine 0,emea,79,23,568,21,1
Machine 1,us,99,22,505,18,1
Machine 0,emea,54,23,570,18,1
Machine 0,asia,55,23,630,20,1
Machine 0,asia,98,22,594,18,1
Machine 1,asia,71,23,668,20,1
Machine 1,us,40,23,659,21,1
Machine 0,emea,35,24,584,19,1
Machine 0,us,80,23,695,21,1
Machine 0,asia,61,23,663,21,1
Machine 0,us,26,23,629,18,1
Machine 0,emea,73,23,387,18,1
Machine 1,us,47,23,682,21,1
Machine 1,asia,5,24,730,21,1
Machine 1,us,30,23,626,18,1
Machine 0,us,51,22,780,21,1
Machine 0,us,36,23,438,20,1
Machine 0,emea,86,23,519,19,1
Machine 1,us,17,23,513,18,1
Machine 1,us,89,23,530,20,1
Machine 0,emea,10,23,528,21,1
Machine 0,asia,63,23,811,20,1
Machine 1,asia,14,24,677,20,1
Machine 0,asia,34,23,709,21,1
Machine 0,asia,43,23,577,18,1
Machine 1,asia,97,23,881,19,1
Machine 1,asia,6,23,923,21,1
Machine 1,us,7,24,558,20,1
Machine 0,emea,0,23,540,21,1
Machine 0,us,57,23,622,22,1
Machine 1,asia,88,22,618,20,1
Machine 1,asia,46,23,668,19,1
Machine 0,us,16,24,659,21,1
Machine 0,us,93,23,644,20,1
Machine 0,emea,90,23,706,19,1
Machine 0,us,91,23,769,19,1
Machine 1,us,94,23,694,18,1
Machine 1,asia,70,23,813,20,1
Machine 0,asia,82,23,816,19,1
Machine 1,us,60,23,707,20,1
Machine 0,asia,95,23,848,18,1
Machine 0,emea,27,23,753,21,1
Machine 1,asia,74,23,844,21,1
Machine 0,emea,68,23,834,19,1
Machine 0,asia,65,23,816,19,1
Machine 0,us,21,24,850,18,1
Machine 1,us,13,23,876,19,1
Machine 1,asia,12,24,897,21,1
Machine 1,us,48,24,847,20,1
Machine 0,us,75,23,899,21,1
Machine 0,emea,67,23,398,21,1
Machine 0,us,76,23,795,20,1
Machine 0,emea,4,24,937,20,1
Machine 0,emea,77,23,404,18,1
Machine 1,us,19,23,473,18,1
Machine 0,asia,58,23,978,19,1
Machine 0,asia,23,23,1000,18,1
Machine 1,asia,25,24,928,19,1
Machine 0,emea,53,24,465,21,1
Machine 0,us,83,24,490,19,1
Machine 0,asia,96,23,1027,19,1
Machine 1,asia,32,23,986,21,1
Machine 0,us,42,24,547,21,1
Machine 1,us,59,23,589,18,1
Machine 0,us,39,23,580,18,1
Machine 0,asia,81,23,611,18,1
Machine 0,emea,18,24,536,20,1
Machine 1,asia,84,23,621,19,1
Machine 0,asia,37,24,724,20,1
Machine 1,asia,92,23,636,19,1
Machine 0,asia,38,24,631,19,1
Machine 0,emea,87,23,590,21,1
Machine 1,us,31,24,605,20,1
Machine 0,us,52,24,610,21,1
Machine 1,us,22,24,684,18,1
Machine 1,asia,33,24,643,19,1
Machine 1,us,69,24,568,21,1
Machine 0,emea,64,23,470,18,1
Machine 1,asia,45,24,754,19,1
Machine 0,asia,9,24,746,18,1
Machine 0,us,1,24,436,18,1
Machine 0,us,41,24,708,21,1
Machine 1,asia,78,24,845,19,1
Machine 0,us,20,24,476,21,1
Machine 0,emea,56,24,470,21,1
Machine 0,emea,79,24,495,21,1
Machine 0,emea,71,24,491,19,1
Machine 0,asia,29,24,668,19,1
Machine 1,asia,62,23,643,20,1
Machine 1,us,85,23,573,21,1
Machine 0,us,24,24,537,21,1
Machine 0,asia,72,23,902,20,1
Machine 1,asia,11,24,598,18,1
Machine 0,emea,26,24,396,19,1
Machine 1,asia,50,24,621,19,1
Machine 1,us,44,24,670,21,1
Machine 0,us,40,24,624,19,1
Machine 0,asia,66,23,687,20,1
Machine 1,us,35,25,655,21,1
Machine 0,emea,2,24,724,20,1
Machine 1,us,28,24,662,20,1
Machine 1,us,54,24,692,18,1
Machine 0,us,99,23,692,18,1
Machine 0,asia,8,24,746,19,1
Machine 1,asia,49,24,715,18,1
Machine 1,asia,98,23,699,20,1
Machine 0,asia,15,24,786,18,1
Machine 0,asia,55,24,713,19,1
Machine 0,emea,51,23,449,21,1
Machine 0,emea,10,24,440,18,1
Machine 0,asia,80,24,684,18,1
Machine 1,us,47,24,540,21,1
Machine 1,asia,61,24,738,18,1
Machine 0,us,73,24,499,19,1
Machine 0,us,36,24,523,21,1
Machine 1,us,14,25,519,20,1
Machine 0,us,63,24,552,19,1
Machine 0,asia,5,25,655,18,1
Machine 0,us,6,24,578,21,1
Machine 0,us,46,24,640,18,1
Machine 1,us,86,24,636,19,1
Machine 0,asia,34,24,679,19,1
Machine 1,asia,89,24,712,20,1
Machine 1,us,70,24,653,19,1
Machine 0,emea,88,23,683,20,1
Machine 0,emea,97,24,704,21,1
Machine 0,us,94,24,662,20,1
Machine 0,emea,91,24,677,18,1
Machine 1,us,16,25,709,21,1
Machine 1,asia,30,24,735,20,1
Machine 0,us,27,24,611,20,1
Machine 1,us,74,24,587,20,1
Machine 0,asia,17,24,824,19,1
Machine 1,us,3,24,1568,18,1
Machine 0,emea,95,24,666,19,1
Machine 1,us,7,25,811,20,1
Machine 0,asia,93,24,857,18,1
Machine 1,asia,57,24,867,19,1
Machine 1,asia,43,24,874,21,1
Machine 0,asia,82,24,831,18,1
Machine 0,asia,0,24,932,21,1
Machine 0,emea,21,25,470,18,1
Machine 0,emea,67,24,505,21,1
Machine 0,asia,68,24,611,19,1
Machine 1,asia,75,24,533,21,1
Machine 0,emea,58,24,525,21,1
Machine 1,asia,60,24,902,18,1
Machine 0,us,13,24,584,19,1
Machine 1,us,12,25,597,21,1
Machine 1,us,4,25,600,19,1
Machine 0,asia,48,25,640,21,1
Machine 1,us,42,25,589,18,1
Machine 1,asia,90,24,1000,21,1
Machine 0,us,76,24,642,19,1
Machine 0,us,23,24,628,18,1
Machine 1,asia,65,24,704,18,1
Machine 0,emea,96,24,622,19,1
Machine 0,emea,38,25,656,20,1
Machine 0,emea,1,25,425,19,1
Machine 1,asia,19,24,710,18,1
Machine 0,us,87,24,727,21,1
Machine 0,asia,77,24,716,19,1
Machine 0,us,18,25,752,19,1
Machine 0,us,32,24,767,21,1
Machine 0,asia,59,24,768,20,1
Machine 0,emea,33,25,749,19,1
Machine 1,us,84,24,771,19,1
Machine 1,asia,83,25,798,19,1
Machine 1,asia,92,24,780,19,1
Machine 0,emea,81,24,823,18,1
Machine 1,us,64,24,748,18,1
Machine 1,asia,22,25,806,20,1
Machine 1,asia,39,24,857,19,1
Machine 1,us,25,25,879,21,1
Machine 0,us,69,25,852,20,1
Machine 1,us,78,25,435,19,1
Machine 0,asia,52,25,835,20,1
Machine 0,us,41,25,552,19,1
Machine 0,emea,79,25,496,20,1
Machine 1,us,31,25,866,20,1
Machine 1,asia,9,25,816,20,1
Machine 0,us,71,25,517,18,1
Machine 0,asia,53,25,1014,18,1
Machine 0,emea,44,25,489,20,1
Machine 0,asia,45,25,945,18,1
Machine 0,asia,37,25,1007,21,1
Machine 0,asia,20,25,626,21,1
Machine 1,us,11,25,554,19,1
Machine 0,us,72,24,558,20,1
Machine 0,asia,26,25,569,19,1
Machine 0,emea,54,25,547,19,1
Machine 1,us,66,24,567,20,1
Machine 1,us,29,25,625,20,1
Machine 0,us,40,25,575,20,1
Machine 0,emea,15,25,476,21,1
Machine 1,asia,56,25,675,18,1
Machine 0,emea,24,25,648,18,1
Machine 0,us,99,24,666,19,1
Machine 1,asia,85,24,692,21,1
Machine 0,asia,2,25,732,18,1
Machine 1,us,8,25,637,19,1
Machine 0,asia,49,25,698,20,1
Machine 0,emea,47,25,444,19,1
Machine 1,asia,50,25,787,20,1
Machine 1,asia,28,25,786,18,1
Machine 0,asia,62,24,863,21,1
Machine 1,us,73,25,508,20,1
Machine 0,emea,70,25,482,18,1
Machine 0,emea,6,25,567,20,1
Machine 1,us,51,24,582,19,1
Machine 0,us,55,25,587,19,1
Machine 0,emea,30,25,578,20,1
Machine 1,us,97,25,590,20,1
Machine 0,us,61,25,629,20,1
Machine 0,us,27,25,604,20,1
Machine 1,asia,80,25,657,20,1
Machine 1,asia,98,24,669,18,1
Machine 0,us,46,25,648,19,1
Machine 0,asia,10,25,670,21,1
Machine 1,us,86,25,648,20,1
Machine 0,us,88,24,657,19,1
Machine 0,us,93,25,644,18,1
Machine 0,emea,0,25,664,18,1
Machine 1,us,74,25,691,20,1
Machine 0,asia,36,25,795,20,1
Machine 0,us,67,25,730,19,1
Machine 0,asia,34,25,778,21,1
Machine 1,asia,91,25,779,20,1
Machine 0,emea,65,25,667,19,1
Machine 0,emea,60,25,760,21,1
Machine 1,us,57,25,780,19,1
Machine 1,asia,89,25,804,18,1
Machine 0,emea,95,25,793,18,1
Machine 0,asia,76,25,796,21,1
Machine 1,asia,82,25,819,18,1
Machine 1,asia,3,25,826,20,1
Machine 1,us,68,25,817,19,1
Machine 1,asia,63,25,887,21,1
Machine 1,asia,23,25,755,19,1
Machine 0,us,96,25,725,18,1
Machine 1,us,90,25,857,18,1
Machine 0,asia,17,25,912,21,1
Machine 1,asia,58,25,907,18,1
Machine 0,us,13,25,926,21,1
Machine 1,asia,77,25,721,21,1
Machine 0,asia,94,25,992,20,1
Machine 0,asia,43,25,975,21,1
Machine 0,asia,75,25,971,21,1
Machine 0,emea,32,25,472,18,1
Machine 0,us,59,25,493,18,1
Machine 1,us,84,25,541,19,1
Machine 1,us,19,25,631,21,1
Machine 0,emea,64,25,551,20,1
Machine 0,emea,85,25,556,19,1
Machine 0,asia,87,25,776,18,1
Machine 0,us,39,25,624,19,1
Machine 0,asia,92,25,667,18,1
Machine 1,us,72,25,667,19,1
Machine 0,us,62,25,646,20,1
Machine 1,us,51,25,662,19,1
Machine 1,asia,81,25,715,18,1
Machine 0,asia,66,25,785,19,1
Machine 1,asia,88,25,692,20,1
Machine 0,asia,98,25,740,19,1
Machine 1,asia,99,25,812,19,1
