Machine 0,us,21,1,535,19,1
Machine 0,us,1,1,582,21,1
Machine 0,emea,20,1,567,19,1
Machine 0,emea,15,1,432,21,1
Machine 0,emea,5,1,642,20,1
Machine 1,us,22,1,745,21,1
Machine 0,emea,0,1,791,21,1
Machine 0,us,16,1,766,19,1
Machine 0,asia,18,1,781,19,1
Machine 0,us,31,1,759,20,1
Machine 1,us,2,1,848,20,1
Machine 0,us,26,1,792,19,1
Machine 0,us,6,1,811,18,1
Machine 1,us,7,1,851,18,1
Machine 0,us,11,1,835,19,1
Machine 1,us,27,1,814,18,1
Machine 0,emea,10,1,859,20,1
Machine 0,emea,35,1,822,21,1
Machine 1,us,32,1,839,21,1
Machine 0,us,46,1,826,21,1
Machine 1,us,17,1,887,20,1
Machine 1,asia,4,1,931,18,1
Machine 1,asia,24,1,898,20,1
Machine 0,asia,3,1,965,19,1
Machine 0,us,36,1,880,20,1
Machine 0,emea,55,1,870,20,1
Machine 1,asia,34,1,932,18,1
Machine 0,emea,50,1,896,21,1
Machine 1,us,12,1,973,21,1
Machine 1,us,52,1,895,18,1
Machine 1,us,57,1,917,20,1
Machine 0,asia,43,1,951,20,1
Machine 0,asia,38,1,976,21,1
Machine 1,asia,29,1,1074,18,1
Machine 1,us,47,1,991,20,1
Machine 1,us,42,1,972,19,1
Machine 0,asia,33,1,1083,20,1
Machine 1,asia,14,1,1190,19,1
Machine 0,us,51,1,1057,19,1
Machine 0,asia,23,1,1190,19,1
Machine 1,asia,19,1,1221,19,1
Machine 0,emea,60,1,1188,20,1
Machine 0,asia,53,1,1145,18,1
Machine 0,asia,48,1,1200,21,1
Machine 0,us,61,1,1189,19,1
Machine 0,us,76,1,862,20,1
Machine 0,us,56,1,1285,18,1
Machine 1,us,62,1,1262,18,1
Machine 0,asia,63,1,1272,21,1
Machine 0,emea,40,1,1326,20,1
Machine 0,asia,73,1,1274,19,1
Machine 0,emea,25,1,1383,21,1
Machine 0,us,71,1,1037,18,1
Machine 1,asia,39,1,1326,21,1
Machine 0,us,66,1,1320,19,1
Machine 0,asia,28,1,1371,21,1
Machine 0,emea,45,1,1357,20,1
Machine 0,emea,70,1,1303,20,1
Machine 0,asia,68,1,1377,21,1
Machine 0,asia,8,1,1293,19,1
Machine 1,us,72,1,1345,21,1
Machine 0,asia,58,1,1490,18,1
Machine 0,emea,75,1,1110,20,1
Machine 0,emea,30,1,1401,18,1
Machine 1,asia,74,1,1406,21,1
Machine 0,emea,65,1,1370,19,1
Machine 1,us,67,1,1436,18,1
Machine 1,us,37,1,1366,21,1
Machine 1,asia,59,1,1396,18,1
Machine 0,us,41,1,1550,20,1
Machine 0,asia,13,1,1630,20,1
Machine 1,us,77,1,938,20,1
Machine 1,asia,44,1,1467,19,1
Machine 1,asia,9,1,1612,21,1
Machine 1,asia,54,1,1398,19,1
Machine 1,asia,79,1,758,18,1
Machine 1,asia,49,1,1610,20,1
Machine 0,asia,78,1,941,19,1
Machine 1,us,82,1,763,19,1
Machine 1,asia,64,1,1570,18,1
Machine 0,us,81,1,781,20,1
Machine 1,us,87,1,810,20,1
Machine 0,emea,80,1,892,19,1
Machine 0,us,86,1,831,18,1
Machine 1,asia,69,1,1690,18,1
Machine 1,asia,84,1,909,18,1
Machine 0,asia,83,1,981,18,1
Machine 0,emea,90,1,491,20,1
Machine 0,emea,95,1,430,18,1
Machine 1,asia,89,1,1072,21,1
Machine 0,asia,88,1,654,19,1
Machine 0,emea,85,1,580,20,1
Machine 1,us,92,1,437,20,1
Machine 0,emea,145,1,390,21,1
Machine 0,us,91,1,513,19,1
Machine 0,us,96,1,444,20,1
Machine 0,asia,93,1,628,21,1
Machine 1,asia,94,1,713,21,1
Machine 1,us,97,1,399,19,1
Machine 0,asia,98,1,594,20,1
Machine 0,emea,140,1,517,18,1
Machine 1,us,222,1,584,20,1
Machine 0,us,156,1,570,21,1
Machine 1,asia,99,1,616,19,1
Machine 1,us,177,1,608,18,1
Machine 1,us,157,1,592,21,1
Machine 0,asia,123,1,616,21,1
Machine 1,asia,249,1,643,20,1
Machine 0,us,161,1,597,21,1
Machine 1,us,212,1,644,19,1
Machine 0,asia,113,1,653,21,1
Machine 1,us,107,1,597,19,1
Machine 0,emea,205,1,540,19,1
Machine 0,asia,178,1,666,21,1
Machine 1,asia,109,1,674,20,1
Machine 0,emea,100,1,576,21,1
Machine 0,emea,225,1,569,18,1
Machine 1,us,207,1,655,21,1
Machine 0,us,211,1,589,21,1
Machine 0,us,241,1,688,18,1
Machine 1,us,217,1,704,21,1
Machine 1,asia,244,1,699,18,1
Machine 0,emea,130,1,679,21,1
Machine 0,asia,238,1,773,20,1
Machine 0,emea,215,1,663,21,1
Machine 0,asia,243,1,792,21,1
Machine 0,emea,150,1,486,19,1
Machine 0,asia,128,1,835,21,1
Machine 0,asia,118,1,832,27,1
Machine 1,asia,159,1,869,18,1
Machine 0,us,171,1,743,20,1
Machine 1,us,172,1,731,20,1
Machine 0,asia,143,1,877,19,1
Machine 0,us,181,1,767,18,1
Machine 0,asia,203,1,810,21,1
Machine 0,us,221,1,736,20,1
Machine 0,asia,248,1,819,18,1
Machine 1,asia,119,1,921,18,1
Machine 1,asia,219,1,869,21,1
Machine 1,us,237,1,836,21,1
Machine 0,emea,135,1,390,19,1
Machine 1,us,202,1,445,20,1
Machine 0,asia,188,1,735,21,1
Machine 1,asia,169,1,720,19,1
Machine 1,asia,129,1,791,18,1
Machine 0,asia,138,1,867,18,1
Machine 0,emea,230,1,417,19,1
Machine 0,us,196,1,483,21,1
Machine 1,us,227,1,464,20,1
Machine 0,emea,220,1,469,21,1
Machine 1,asia,134,1,690,18,1
Machine 0,emea,115,1,501,19,1
Machine 0,us,136,1,537,18,1
Machine 1,us,152,1,533,19,1
Machine 0,us,236,1,446,19,1
Machine 0,emea,185,1,535,18,1
Machine 1,us,127,1,526,18,1
Machine 1,us,112,1,589,20,1
Machine 0,us,151,1,582,18,1
Machine 0,emea,210,1,596,20,1
Machine 1,asia,204,1,705,19,1
Machine 0,asia,153,1,669,20,1
Machine 0,us,141,1,507,19,1
Machine 1,asia,224,1,701,19,1
Machine 0,emea,195,1,380,21,1
Machine 1,asia,199,1,717,18,1
Machine 1,us,182,1,572,21,1
Machine 0,us,226,1,367,21,1
Machine 0,emea,190,1,334,19,1
Machine 1,asia,149,1,764,21,1
Machine 1,us,142,1,393,21,1
Machine 0,asia,233,1,782,19,1
Machine 0,asia,133,1,596,18,1
Machine 0,asia,163,1,805,19,1
Machine 0,us,231,1,417,19,1
Machine 0,asia,148,1,724,19,1
Machine 1,asia,114,1,843,21,1
Machine 0,emea,125,1,470,20,1
Machine 1,us,247,1,478,18,1
Machine 0,us,166,1,454,20,1
Machine 0,us,206,1,474,19,1
Machine 1,asia,229,1,882,18,1
Machine 1,us,122,1,527,19,1
Machine 0,emea,110,1,510,21,1
Machine 0,us,246,1,560,19,1
Machine 0,emea,170,1,451,20,1
Machine 1,us,102,1,487,19,1
Machine 1,asia,124,1,682,21,1
Machine 1,us,192,1,587,21,1
Machine 1,us,232,1,505,20,1
Machine 0,us,186,1,574,20,1
Machine 0,emea,240,1,438,20,1
Machine 1,us,167,1,424,21,1
Machine 0,emea,200,1,366,19,1
Machine 0,emea,160,1,437,19,1
Machine 1,asia,179,1,646,19,1
Machine 0,emea,21,2,469,20,1
Machine 1,us,187,1,489,20,1
Machine 0,emea,22,2,513,20,1
Machine 0,asia,168,1,629,19,1
Machine 1,us,197,1,596,18,1
Machine 1,us,16,2,588,20,1
Machine 0,emea,2,2,586,21,1
Machine 0,us,101,1,588,20,1
Machine 0,asia,103,1,886,18,1
Machine 0,us,201,1,559,20,1
Machine 0,asia,228,1,752,21,1
Machine 0,asia,183,1,689,18,1
Machine 1,asia,184,1,690,21,1
Machine 1,us,137,1,659,18,1
Machine 0,asia,213,1,704,20,1
Machine 0,emea,235,1,499,20,1
Machine 1,asia,209,1,706,20,1
Machine 0,emea,175,1,688,20,1
Machine 1,asia,5,2,700,21,1
Machine 0,emea,27,2,719,18,1
Machine 1,us,6,2,731,20,1
Machine 0,us,146,1,625,19,1
Machine 0,emea,55,2,377,18,1
Machine 0,emea,57,2,407,18,1
Machine 1,asia,11,2,794,20,1
Machine 0,us,121,1,786,19,1
Machine 0,asia,7,2,853,21,1
Machine 0,us,26,2,847,18,1
Machine 0,us,43,2,484,19,1
Machine 1,us,38,2,483,21,1
Machine 0,us,33,2,494,18,1
Machine 1,us,14,2,511,18,1
Machine 1,asia,36,2,597,18,1
Machine 1,asia,214,1,902,21,1
Machine 0,emea,42,2,572,18,1
Machine 0,emea,73,2,602,19,1
Machine 0,emea,19,2,605,20,1
Machine 0,us,60,2,610,20,1
Machine 0,us,45,2,527,20,1
Machine 1,asia,47,2,727,19,1
Machine 0,asia,12,2,780,19,1
Machine 0,us,0,2,560,19,1
Machine 0,asia,51,2,736,21,1
Machine 1,us,53,2,756,19,1
Machine 0,asia,48,2,806,18,1
Machine 0,asia,29,2,864,18,1
Machine 0,emea,76,2,547,18,1
Machine 0,asia,39,2,789,19,1
Machine 1,asia,23,2,881,19,1
Machine 0,asia,68,2,612,18,1
Machine 1,us,71,2,558,18,1
Machine 0,emea,72,2,613,18,1
Machine 0,asia,30,2,625,21,1
Machine 1,us,62,2,622,18,1
Machine 1,asia,8,2,660,20,1
Machine 0,emea,88,2,613,19,1
Machine 0,emea,28,2,647,18,1
Machine 1,asia,41,2,652,21,1
Machine 1,us,37,2,707,18,1
Machine 0,us,111,1,703,19,1
Machine 0,emea,120,1,690,21,1
Machine 0,us,83,2,722,21,1
Machine 0,emea,245,1,712,20,1
Machine 0,asia,86,2,747,23,1
Machine 0,emea,84,2,744,19,1
Machine 1,us,132,1,739,21,1
Machine 0,us,25,2,729,20,1
Machine 0,us,93,2,772,21,1
Machine 1,us,156,2,799,21,1
Machine 1,us,205,2,753,19,1
Machine 0,emea,157,2,845,18,1
Machine 0,us,107,2,680,20,1
Machine 1,asia,212,2,768,18,1
Machine 0,asia,108,1,909,21,1
Machine 1,us,249,2,849,19,1
Machine 0,us,123,2,871,20,1
Machine 0,us,85,2,913,19,1
Machine 1,us,117,1,904,21,1
Machine 0,us,216,1,907,18,1
Machine 0,asia,95,2,928,22,1
Machine 1,us,92,2,910,18,1
Machine 0,emea,113,2,883,18,1
Machine 0,asia,218,1,956,19,1
Machine 1,us,90,2,953,19,1
Machine 1,asia,91,2,984,19,1
Machine 1,asia,89,2,988,18,1
Machine 0,asia,178,2,751,20,1
Machine 0,us,244,2,368,21,1
Machine 1,us,130,2,410,20,1
Machine 0,emea,217,2,344,21,1
Machine 1,us,207,2,568,20,1
Machine 1,asia,109,2,703,21,1
Machine 0,emea,243,2,343,19,1
Machine 0,asia,161,2,600,21,1
Machine 0,asia,145,2,1223,21,1
Machine 1,us,24,2,465,20,1
Machine 0,us,34,2,453,18,1
Machine 0,us,150,2,414,20,1
Machine 1,us,50,2,421,20,1
Machine 0,emea,171,2,323,21,1
Machine 0,asia,211,2,623,21,1
Machine 1,asia,241,2,560,18,1
Machine 1,us,128,2,434,19,1
Machine 0,us,58,2,392,21,1
Machine 0,emea,135,2,353,21,1
Machine 0,asia,3,2,613,21,1
Machine 0,asia,238,2,568,18,1
Machine 0,emea,138,2,360,19,1
Machine 1,asia,215,2,597,18,1
Machine 1,us,196,2,401,21,1
Machine 0,emea,134,2,398,20,1
Machine 1,asia,52,2,594,19,1
Machine 1,us,119,2,502,19,1
Machine 0,asia,118,2,601,20,1
Machine 0,us,202,2,497,20,1
Machine 0,us,230,2,486,20,1
Machine 1,asia,40,2,577,18,1
Machine 0,asia,219,2,546,20,1
Machine 0,us,115,2,452,19,1
Machine 0,emea,185,2,381,18,1
Machine 0,asia,169,2,572,21,1
Machine 1,asia,237,2,578,20,1
Machine 1,us,136,2,480,20,1
Machine 0,emea,204,2,395,18,1
Machine 1,us,112,2,429,19,1
Machine 0,emea,199,2,407,18,1
Machine 1,us,188,2,488,18,1
Machine 0,us,153,2,470,18,1
Machine 1,us,226,2,493,21,1
Machine 1,us,141,2,513,18,1
Machine 0,emea,142,2,429,18,1
Machine 1,asia,220,2,707,20,1
Machine 0,asia,227,2,724,21,1
Machine 1,asia,236,2,659,20,1
Machine 0,asia,152,2,700,19,1
Machine 0,us,182,2,617,19,1
Machine 0,emea,96,2,648,18,1
Machine 1,asia,195,2,652,21,1
Machine 1,asia,164,1,596,20,1
Machine 0,asia,190,2,766,20,1
Machine 1,asia,149,2,748,20,1
Machine 0,emea,155,1,520,18,1
Machine 0,us,176,1,540,19,1
Machine 0,us,229,2,546,21,1
Machine 0,asia,223,1,647,18,1
Machine 0,us,131,1,610,19,1
Machine 0,asia,193,1,786,19,1
Machine 1,us,122,2,604,20,1
Machine 0,us,102,2,608,19,1
Machine 0,us,116,1,629,18,1
Machine 0,emea,170,2,633,21,1
Machine 0,us,240,2,651,20,1
Machine 0,us,1,2,662,21,1
Machine 1,asia,194,1,713,19,1
Machine 1,asia,177,2,732,21,1
Machine 1,asia,144,1,763,18,1
Machine 0,emea,186,2,735,18,1
Machine 0,asia,173,1,728,19,1
Machine 1,asia,139,1,787,20,1
Machine 0,emea,165,1,799,19,1
Machine 0,us,106,1,809,20,1
Machine 1,us,162,1,804,20,1
Machine 1,asia,246,2,796,18,1
Machine 1,us,20,2,781,18,1
Machine 0,asia,158,1,832,21,1
Machine 1,us,242,1,688,19,1
Machine 1,us,124,2,836,19,1
Machine 0,us,21,3,761,18,1
Machine 0,emea,180,1,392,18,1
Machine 0,emea,105,1,388,21,1
Machine 0,us,16,3,403,18,1
Machine 0,asia,110,2,920,19,1
Machine 0,asia,15,2,910,19,1
Machine 1,us,147,1,518,18,1
Machine 1,us,2,3,427,18,1
Machine 0,asia,192,2,974,19,1
Machine 1,asia,104,1,628,19,1
Machine 0,emea,197,2,462,19,1
Machine 1,asia,232,2,1000,19,1
Machine 0,emea,213,2,391,18,1
Machine 0,us,126,1,503,20,1
Machine 0,emea,201,2,488,21,1
Machine 1,us,183,2,536,18,1
Machine 0,us,228,2,463,18,1
Machine 1,asia,103,2,676,18,1
Machine 1,us,7,3,452,21,1
Machine 1,us,146,2,456,18,1
Machine 0,us,121,2,523,20,1
Machine 0,emea,11,3,459,18,1
Machine 1,asia,137,2,631,21,1
Machine 0,us,127,2,631,19,1
Machine 0,us,6,3,559,18,1
Machine 0,asia,184,2,636,21,1
Machine 0,emea,38,3,638,19,1
Machine 1,asia,57,3,632,18,1
Machine 0,us,114,2,633,21,1
Machine 1,us,133,2,665,20,1
Machine 0,asia,26,3,679,20,1
Machine 0,asia,55,3,712,19,1
Machine 0,us,73,3,661,20,1
Machine 0,emea,17,2,681,20,1
Machine 0,us,33,3,703,18,1
Machine 0,asia,224,2,717,21,1
Machine 0,us,233,2,702,19,1
Machine 0,asia,151,2,724,19,1
Machine 1,asia,154,1,723,19,1
Machine 1,us,19,3,712,18,1
Machine 1,us,14,3,732,19,1
Machine 0,asia,208,1,752,18,1
Machine 0,emea,148,2,722,19,1
Machine 1,asia,234,1,764,21,1
Machine 0,us,10,2,756,19,1
Machine 1,asia,210,2,766,20,1
Machine 0,us,191,1,748,19,1
Machine 1,us,35,2,752,20,1
Machine 0,us,4,2,754,21,1
Machine 1,us,0,3,720,20,1
Machine 0,emea,68,3,685,21,1
Machine 0,asia,36,3,850,18,1
Machine 0,emea,65,2,544,19,1
Machine 0,us,12,3,691,19,1
Machine 0,us,71,3,667,19,1
Machine 1,asia,43,3,922,19,1
Machine 1,us,80,2,628,19,1
Machine 0,asia,32,2,909,19,1
Machine 0,us,56,2,683,21,1
Machine 0,asia,22,3,913,21,1
Machine 0,asia,163,2,1015,20,1
Machine 1,us,209,2,667,20,1
Machine 0,emea,27,3,348,20,1
Machine 1,asia,231,2,1030,20,1
Machine 0,us,87,2,779,20,1
Machine 1,asia,46,2,1053,18,1
Machine 0,us,132,2,771,20,1
Machine 0,asia,39,3,988,21,1
Machine 1,asia,64,2,813,19,1
Machine 1,asia,45,3,1087,18,1
Machine 0,asia,51,3,1056,18,1
Machine 1,us,85,3,425,19,1
Machine 1,asia,5,3,856,21,1
Machine 1,us,25,3,617,18,1
Machine 1,us,44,2,415,20,1
Machine 0,asia,245,2,862,21,1
Machine 1,asia,86,3,946,18,1
Machine 1,asia,23,3,1141,18,1
Machine 1,asia,66,2,977,20,1
Machine 1,us,178,3,482,19,1
Machine 0,us,24,3,439,21,1
Machine 0,emea,217,3,484,19,1
Machine 1,asia,69,2,1001,19,1
Machine 1,asia,156,3,620,18,1
Machine 0,emea,145,3,522,21,1
Machine 0,us,89,3,575,19,1
Machine 1,asia,61,2,617,20,1
Machine 0,asia,59,2,641,20,1
Machine 0,asia,63,2,634,20,1
Machine 1,us,75,2,482,18,1
Machine 1,us,187,2,572,20,1
Machine 0,emea,79,2,416,20,1
Machine 0,emea,81,2,440,20,1
Machine 1,asia,130,3,722,41,1
Machine 1,asia,90,3,732,21,1
Machine 0,us,67,2,494,21,1
Machine 0,emea,196,3,458,18,1
Machine 1,us,241,3,487,20,1
Machine 0,asia,243,3,780,19,1
Machine 1,asia,74,2,600,21,1
Machine 0,us,134,3,608,20,1
Machine 0,us,235,2,646,21,1
Machine 0,asia,82,2,681,20,1
Machine 0,us,225,2,472,18,1
Machine 1,asia,168,2,681,18,1
Machine 1,asia,54,2,697,19,1
Machine 0,emea,100,2,619,20,1
Machine 1,us,52,3,704,18,1
Machine 0,asia,128,3,709,18,1
Machine 0,emea,202,3,673,18,1
Machine 1,us,40,3,501,18,1
Machine 0,asia,138,3,737,20,1
Machine 0,asia,9,2,768,18,1
Machine 0,us,230,3,579,18,1
Machine 1,asia,214,2,635,20,1
Machine 0,emea,185,3,420,20,1
Machine 0,asia,119,3,806,21,1
Machine 1,asia,118,3,765,19,1
Machine 0,asia,175,2,905,21,1
Machine 0,emea,13,2,411,21,1
Machine 1,us,237,3,475,18,1
Machine 1,asia,115,3,561,21,1
Machine 1,asia,215,3,959,21,1
Machine 0,emea,47,3,533,21,1
Machine 0,us,77,2,575,18,1
Machine 0,emea,42,3,615,19,1
Machine 0,us,49,2,665,20,1
Machine 0,us,169,3,643,20,1
Machine 0,asia,219,3,739,21,1
Machine 0,asia,60,3,625,18,1
Machine 0,asia,93,3,691,20,1
Machine 1,us,78,2,702,20,1
Machine 0,emea,48,3,718,20,1
Machine 0,emea,141,3,628,19,1
Machine 0,us,142,3,645,18,1
Machine 1,us,70,2,653,20,1
Machine 1,asia,204,3,689,21,1
Machine 1,asia,203,2,766,20,1
Machine 0,us,29,3,771,21,1
Machine 1,asia,159,2,751,19,1
Machine 1,us,72,3,529,19,1
Machine 1,asia,53,3,792,21,1
Machine 1,us,96,3,476,18,1
Machine 0,emea,177,3,531,20,1
Machine 1,asia,236,3,846,21,1
Machine 0,us,211,3,527,21,1
Machine 0,emea,171,3,535,19,1
Machine 0,us,144,2,545,19,1
Machine 1,asia,102,3,608,19,1
Machine 0,us,106,2,448,19,1
Machine 0,asia,181,2,626,21,1
Machine 1,us,186,3,621,18,1
Machine 0,asia,150,3,649,21,1
Machine 0,asia,195,3,683,18,1
Machine 1,asia,139,2,662,18,1
Machine 0,emea,165,2,373,21,1
Machine 0,emea,158,2,336,21,1
Machine 0,us,242,2,385,20,1
Machine 1,asia,194,2,740,18,1
Machine 1,us,162,2,395,18,1
Machine 1,us,124,3,400,18,1
Machine 0,asia,122,3,826,21,1
Machine 1,us,238,3,442,21,1
Machine 0,emea,135,3,412,19,1
Machine 0,asia,173,2,753,21,1
Machine 1,us,125,2,456,19,1
Machine 1,us,107,3,476,18,1
Machine 0,emea,249,3,443,20,1
Machine 0,us,16,4,542,19,1
Machine 0,asia,246,3,605,20,1
Machine 0,emea,105,2,558,19,1
Machine 1,asia,58,3,599,19,1
Machine 0,emea,2,4,411,19,1
Machine 1,us,110,3,612,20,1
Machine 0,emea,206,2,364,20,1
Machine 1,us,34,3,615,21,1
Machine 1,asia,180,2,669,18,1
Machine 0,emea,213,3,401,19,1
Machine 0,us,192,3,496,18,1
Machine 0,us,3,3,656,19,1
Machine 0,asia,21,4,689,21,1
Machine 0,asia,247,2,680,18,1
Machine 0,emea,179,2,489,18,1
Machine 1,us,201,3,501,19,1
Machine 1,asia,147,2,766,21,1
Machine 0,asia,15,3,760,21,1
Machine 0,us,126,2,555,18,1
Machine 1,asia,50,3,792,19,1
Machine 0,us,7,4,571,19,1
Machine 1,us,104,2,664,19,1
Machine 1,asia,166,2,657,18,1
Machine 0,asia,197,3,665,21,1
Machine 1,asia,228,3,693,21,1
Machine 1,us,146,3,550,20,1
Machine 0,emea,103,3,747,21,1
Machine 1,us,167,2,647,18,1
Machine 0,asia,183,3,694,19,1
Machine 0,emea,223,2,465,19,1
Machine 1,us,143,2,734,20,1
Machine 0,asia,121,3,582,20,1
Machine 0,asia,200,2,790,20,1
Machine 1,asia,160,2,821,20,1
Machine 0,emea,137,3,521,18,1
Machine 0,us,199,3,536,21,1
Machine 0,emea,112,3,523,20,1
Machine 0,us,127,3,530,20,1
Machine 0,us,17,3,493,18,1
Machine 0,asia,136,3,756,18,1
Machine 0,asia,101,2,556,19,1
Machine 1,us,6,4,544,19,1
Machine 1,asia,232,3,987,19,1
Machine 0,emea,148,3,568,18,1
Machine 0,us,114,3,689,18,1
Machine 1,us,19,4,620,18,1
Machine 1,us,133,3,690,19,1
Machine 1,us,155,2,713,18,1
Machine 0,asia,224,3,750,18,1
Machine 0,emea,116,2,711,20,1
Machine 0,emea,73,4,746,18,1
Machine 1,asia,229,3,742,21,1
Machine 1,us,22,4,674,21,1
Machine 1,asia,11,4,823,18,1
Machine 0,us,149,3,815,18,1
Machine 1,asia,80,3,784,19,1
Machine 0,us,131,2,820,18,1
Machine 0,us,154,2,833,21,1
Machine 0,emea,27,4,639,18,1
Machine 1,us,87,3,456,19,1
Machine 0,emea,190,3,498,19,1
Machine 0,us,231,3,574,18,1
Machine 0,asia,163,3,883,18,1
Machine 1,asia,209,3,848,20,1
Machine 1,us,45,4,555,19,1
Machine 0,emea,39,4,567,19,1
Machine 1,us,33,4,576,19,1
Machine 1,us,44,3,573,20,1
Machine 0,us,64,3,579,20,1
Machine 0,us,66,3,558,21,1
Machine 0,asia,46,3,616,20,1
Machine 1,asia,208,2,1113,21,1
Machine 0,asia,176,2,1061,20,1
Machine 0,us,25,4,624,20,1
Machine 0,emea,5,4,631,19,1
Machine 1,us,178,4,633,21,1
Machine 0,emea,23,4,729,19,1
Machine 0,asia,51,4,781,21,1
Machine 1,asia,85,4,790,21,1
Machine 0,us,156,4,711,18,1
Machine 0,emea,59,3,455,20,1
Machine 0,asia,89,4,701,19,1
Machine 0,emea,81,3,406,20,1
Machine 1,asia,86,4,836,20,1
Machine 0,asia,245,3,828,19,1
Machine 0,asia,187,3,790,20,1
Machine 0,asia,24,4,923,18,1
Machine 1,us,76,3,439,19,1
Machine 1,asia,217,4,942,21,1
Machine 1,asia,132,3,1057,20,1
Machine 0,us,120,2,401,18,1
Machine 1,asia,61,3,638,18,1
Machine 0,us,88,3,521,21,1
Machine 1,us,90,4,575,21,1
Machine 0,emea,111,2,515,19,1
Machine 0,us,130,4,578,21,1
Machine 1,us,28,3,585,21,1
Machine 0,emea,8,3,575,20,1
Machine 0,us,225,3,402,20,1
Machine 0,emea,84,3,472,19,1
Machine 1,asia,62,3,634,18,1
Machine 0,asia,30,3,640,19,1
Machine 0,asia,41,3,680,18,1
Machine 0,us,243,4,527,19,1
Machine 1,us,83,3,543,18,1
Machine 1,us,74,3,526,19,1
Machine 0,emea,82,3,522,18,1
Machine 1,asia,37,3,759,21,1
Machine 0,emea,52,4,549,21,1
Machine 0,us,219,4,534,20,1
Machine 1,us,168,3,556,21,1
Machine 1,us,202,4,613,21,1
Machine 0,emea,215,4,582,20,1
Machine 1,asia,235,3,655,20,1
Machine 0,us,128,4,679,20,1
Machine 0,us,47,4,658,19,1
Machine 0,us,175,3,691,21,1
Machine 0,emea,9,3,697,18,1
Machine 0,asia,68,4,800,19,1
Machine 1,us,13,3,731,18,1
Machine 1,us,60,4,688,19,1
Machine 1,us,77,3,727,20,1
Machine 1,asia,138,4,815,19,1
Machine 1,asia,100,3,842,20,1
Machine 0,asia,40,4,872,18,1
Machine 1,us,142,4,480,18,1
Machine 0,emea,96,4,393,20,1
Machine 0,us,141,4,479,21,1
Machine 0,us,29,4,465,19,1
Machine 0,asia,42,4,970,21,1
Machine 1,asia,119,4,995,21,1
Machine 0,emea,144,3,466,18,1
Machine 0,us,177,4,523,21,1
Machine 0,asia,70,3,729,19,1
Machine 1,us,145,4,455,18,1
Machine 0,asia,93,4,610,21,1
Machine 1,asia,53,4,634,20,1
Machine 1,us,106,3,403,19,1
Machine 0,asia,72,4,703,18,1
Machine 1,us,236,4,669,19,1
Machine 1,asia,171,4,677,19,1
Machine 0,emea,69,3,479,20,1
Machine 1,us,139,3,421,19,1
Machine 0,asia,211,4,700,18,1
Machine 1,asia,204,4,817,21,1
Machine 1,us,75,3,516,19,1
Machine 0,emea,242,3,545,20,1
Machine 1,us,0,4,572,18,1
Machine 1,us,188,3,553,21,1
Machine 0,us,194,3,545,18,1
Machine 0,us,195,4,592,20,1
Machine 0,us,207,3,578,20,1
Machine 0,us,102,4,607,18,1
Machine 0,us,63,3,633,21,1
Machine 1,us,220,3,599,20,1
Machine 1,asia,79,3,649,20,1
Machine 0,asia,67,3,649,20,1
Machine 0,emea,249,4,404,18,1
Machine 1,us,173,3,448,18,1
Machine 0,asia,153,3,700,18,1
Machine 0,asia,165,3,753,21,1
Machine 0,us,16,5,426,21,1
Machine 0,emea,2,5,430,20,1
Machine 1,asia,226,3,682,18,1
Machine 1,asia,196,4,784,18,1
Machine 1,asia,164,2,685,20,1
Machine 1,us,246,4,486,21,1
Machine 0,asia,134,4,626,21,1
Machine 0,emea,213,4,482,19,1
Machine 1,us,206,3,562,20,1
Machine 1,us,214,3,535,21,1
Machine 0,us,110,4,594,20,1
Machine 0,asia,227,3,756,18,1
Machine 1,asia,158,3,941,18,1
Machine 1,asia,107,4,653,19,1
Machine 0,us,230,4,702,20,1
Machine 0,us,170,3,575,18,1
Machine 1,us,240,3,661,19,1
Machine 0,asia,105,3,667,20,1
Machine 1,asia,58,4,787,21,1
Machine 1,us,3,4,447,18,1
Machine 0,us,192,4,467,21,1
Machine 0,asia,185,4,706,18,1
Machine 0,asia,34,4,827,19,1
Machine 0,emea,179,3,497,19,1
Machine 1,asia,180,3,818,19,1
Machine 0,emea,118,4,580,19,1
Machine 0,emea,50,4,515,20,1
Machine 1,asia,20,3,756,20,1
Machine 0,us,7,5,633,19,1
Machine 0,asia,1,3,729,21,1
Machine 1,asia,115,4,763,21,1
Machine 1,us,104,3,754,19,1
Machine 0,us,199,4,517,21,1
Machine 1,us,103,4,751,21,1
Machine 0,asia,237,4,774,19,1
Machine 1,asia,197,4,811,20,1
Machine 1,asia,247,3,901,21,1
Machine 1,asia,126,3,974,18,1
Machine 1,asia,183,4,869,21,1
Machine 0,asia,21,5,998,19,1
Machine 0,asia,167,3,936,21,1
Machine 1,us,121,4,937,21,1
Machine 0,emea,137,4,597,19,1
Machine 0,asia,166,3,942,18,1
Machine 0,us,143,3,890,21,1
Machine 0,emea,228,4,930,21,1
Machine 1,asia,160,3,930,18,1
Machine 0,us,146,4,635,21,1
Machine 1,us,112,4,658,21,1
Machine 0,emea,116,3,608,20,1
Machine 0,emea,150,4,695,20,1
Machine 0,us,172,2,683,20,1
Machine 1,us,133,4,711,20,1
Machine 1,asia,136,4,790,21,1
Machine 0,asia,200,3,1037,19,1
Machine 1,us,33,5,826,20,1
Machine 0,us,39,5,793,19,1
Machine 0,asia,232,4,835,21,1
Machine 0,emea,45,5,838,18,1
Machine 0,emea,66,4,838,20,1
Machine 1,us,208,3,806,18,1
Machine 0,asia,154,3,869,21,1
Machine 0,us,80,4,890,21,1
Machine 0,us,46,4,791,20,1
Machine 0,asia,181,3,912,19,1
Machine 0,asia,163,4,896,18,1
Machine 1,us,131,3,926,19,1
Machine 1,asia,27,5,903,19,1
Machine 0,emea,5,5,472,18,1
Machine 0,asia,176,3,885,18,1
Machine 1,asia,186,4,1040,20,1
Machine 0,us,178,5,453,19,1
Machine 0,asia,43,4,1006,20,1
Machine 0,asia,44,4,1039,21,1
Machine 1,asia,209,4,1057,19,1
Machine 1,us,147,3,450,21,1
Machine 1,asia,11,5,1075,20,1
Machine 1,us,23,5,568,18,1
Machine 0,emea,156,5,549,19,1
Machine 0,us,201,4,528,18,1
Machine 0,asia,51,5,596,18,1
Machine 0,emea,245,4,578,19,1
Machine 1,asia,25,5,871,20,1
Machine 0,emea,223,3,505,18,1
Machine 1,us,89,5,674,19,1
Machine 0,us,59,4,700,20,1
Machine 1,us,6,5,476,21,1
Machine 0,us,187,4,651,21,1
Machine 1,us,24,5,420,18,1
Machine 0,us,101,3,482,21,1
Machine 0,asia,15,4,832,21,1
Machine 0,asia,81,4,900,19,1
Machine 0,us,120,3,443,18,1
Machine 1,asia,86,5,785,19,1
Machine 0,asia,127,4,753,18,1
Machine 1,asia,85,5,916,19,1
Machine 0,emea,114,4,509,21,1
Machine 0,emea,17,4,582,20,1
Machine 1,us,28,4,538,21,1
Machine 0,emea,241,4,334,20,1
Machine 0,us,130,5,613,20,1
Machine 0,us,19,5,532,18,1
Machine 0,asia,8,4,619,19,1
Machine 1,asia,148,4,713,21,1
Machine 0,asia,76,4,676,20,1
Machine 0,emea,128,5,393,19,1
Machine 1,asia,225,4,661,20,1
Machine 0,us,62,4,461,18,1
Machine 0,emea,87,4,423,20,1
Machine 0,asia,41,4,665,21,1
Machine 0,emea,83,4,488,21,1
Machine 1,us,82,4,447,21,1
Machine 0,emea,219,5,472,21,1
Machine 1,us,202,5,473,19,1
Machine 0,emea,13,4,463,21,1
Machine 1,us,231,4,517,19,1
Machine 0,us,190,4,564,21,1
Machine 0,emea,149,4,535,18,1
Machine 0,us,47,5,509,18,1
Machine 0,emea,40,5,459,18,1
Machine 0,us,119,5,463,21,1
Machine 0,us,142,5,467,19,1
Machine 1,asia,68,5,679,21,1
Machine 1,asia,235,4,712,21,1
Machine 0,emea,42,5,503,20,1
Machine 0,asia,215,5,751,21,1
Machine 0,us,60,5,531,18,1
Machine 0,emea,169,4,535,20,1
Machine 1,us,159,3,568,18,1
Machine 0,asia,9,4,733,18,1
Machine 1,asia,100,4,613,19,1
Machine 1,asia,64,4,612,21,1
Machine 1,us,96,5,554,18,1
Machine 0,emea,48,4,590,21,1
Machine 0,emea,203,3,563,18,1
Machine 0,asia,138,5,614,19,1
Machine 0,us,171,5,606,19,1
Machine 1,us,144,4,651,19,1
Machine 1,asia,29,5,713,21,1
Machine 0,emea,132,4,663,18,1
Machine 0,emea,236,5,686,19,1
Machine 0,asia,141,5,717,20,1
Machine 0,emea,204,5,617,19,1
Machine 0,asia,106,4,701,19,1
Machine 0,asia,177,5,720,19,1
Machine 0,emea,220,4,564,18,1
Machine 1,us,67,4,538,19,1
Machine 1,us,53,5,712,19,1
Machine 1,us,61,4,716,18,1
Machine 0,emea,111,3,556,21,1
Machine 1,us,69,4,748,18,1
Machine 0,asia,139,4,751,18,1
Machine 1,asia,78,3,805,20,1
Machine 0,us,79,4,623,18,1
Machine 1,us,242,4,688,21,1
Machine 1,asia,72,5,821,20,1
Machine 1,asia,49,3,905,18,1
Machine 0,us,165,4,412,18,1
Machine 0,emea,153,4,401,20,1
Machine 0,asia,88,4,923,21,1
Machine 1,asia,211,5,908,18,1
Machine 0,asia,249,5,607,21,1
Machine 1,asia,217,5,998,18,1
Machine 1,asia,173,4,615,21,1
Machine 1,asia,90,5,869,21,1
Machine 1,us,162,3,498,18,1
Machine 1,us,30,4,583,21,1
Machine 1,us,113,3,493,20,1
Machine 0,asia,2,6,579,18,1
Machine 0,emea,91,3,452,21,1
Machine 0,emea,206,4,445,20,1
Machine 1,asia,226,4,703,20,1
Machine 1,us,16,6,717,19,1
Machine 0,us,214,4,443,20,1
Machine 1,asia,243,5,821,20,1
Machine 0,asia,117,2,745,19,1
Machine 0,asia,218,2,598,20,1
Machine 0,emea,107,5,598,20,1
Machine 1,us,110,5,600,19,1
Machine 1,asia,216,2,695,19,1
Machine 1,asia,158,4,698,20,1
Machine 1,us,192,5,596,18,1
Machine 0,us,230,5,485,18,1
Machine 0,emea,179,4,439,19,1
Machine 0,us,74,4,491,19,1
Machine 0,asia,227,4,766,18,1
Machine 1,asia,161,3,708,18,1
Machine 0,us,3,5,544,19,1
Machine 0,emea,95,3,493,20,1
Machine 0,emea,58,5,537,18,1
Machine 0,emea,145,5,501,21,1
Machine 1,asia,105,4,791,20,1
Machine 0,us,157,3,585,18,1
Machine 0,us,180,4,587,18,1
Machine 0,asia,240,4,891,21,1
Machine 0,us,93,5,585,21,1
Machine 0,emea,103,5,593,19,1
Machine 0,asia,244,3,909,18,1
Machine 0,emea,205,3,615,21,1
Machine 0,emea,183,5,415,18,1
Machine 1,us,115,5,629,20,1
Machine 0,us,123,3,662,19,1
Machine 0,us,195,5,612,19,1
Machine 0,asia,185,5,837,19,1
Machine 1,asia,34,5,700,18,1
Machine 0,asia,212,3,742,20,1
Machine 0,us,237,5,420,18,1
Machine 1,asia,108,2,754,18,1
Machine 0,us,92,3,738,19,1
Machine 1,asia,70,4,776,20,1
Machine 0,us,21,6,388,18,1
Machine 0,asia,0,5,802,19,1
Machine 0,asia,104,4,798,19,1
Machine 1,us,197,5,529,19,1
Machine 0,us,143,4,377,19,1
Machine 1,asia,199,5,827,20,1
Machine 1,us,109,3,459,19,1
Machine 1,us,229,4,381,18,1
Machine 0,emea,112,5,399,18,1
Machine 1,us,208,4,423,20,1
Machine 1,us,33,6,469,18,1
Machine 1,asia,126,4,570,21,1
Machine 0,emea,196,5,522,19,1
Machine 0,us,200,4,515,22,1
Machine 0,us,66,5,510,18,1
Machine 0,asia,247,4,714,21,1
Machine 1,us,163,5,554,19,1
Machine 0,asia,39,6,573,19,1
Machine 1,asia,146,5,634,18,1
Machine 1,us,170,4,565,21,1
Machine 0,emea,44,5,532,19,1
Machine 1,us,118,5,501,20,1
Machine 1,asia,232,5,643,21,1
Machine 1,us,186,5,601,18,1
Machine 1,us,51,6,429,21,1
Machine 1,asia,43,5,624,21,1
Machine 1,asia,27,6,760,19,1
Machine 0,us,164,3,573,18,1
Machine 0,us,201,5,446,20,1
Machine 1,us,59,5,515,20,1
Machine 0,us,89,6,545,21,1
Machine 1,us,15,5,512,20,1
Machine 0,emea,24,6,505,20,1
Machine 0,asia,22,5,749,19,1
Machine 1,asia,23,6,650,19,1
Machine 0,us,127,5,602,19,1
Machine 0,us,101,4,632,21,1
Machine 0,emea,7,6,576,20,1
Machine 0,emea,223,4,682,20,1
Machine 0,emea,84,4,391,20,1
Machine 0,us,241,5,443,21,1
Machine 0,asia,245,5,768,21,1
Machine 1,asia,25,6,766,21,1
Machine 1,asia,187,5,757,21,1
Machine 1,us,130,6,458,19,1
Machine 1,asia,20,4,682,21,1
Machine 0,emea,166,4,476,21,1
Machine 0,asia,81,5,788,20,1
Machine 0,us,1,4,530,21,1
Machine 0,asia,6,6,842,19,1
Machine 1,us,83,5,454,19,1
Machine 0,asia,50,5,831,21,1
Machine 1,us,128,6,614,21,1
Machine 1,us,167,4,637,20,1
Machine 0,emea,148,5,618,18,1
Machine 0,emea,87,5,598,18,1
Machine 0,us,41,5,592,20,1
Machine 1,asia,137,5,685,18,1
Machine 1,us,228,5,651,20,1
Machine 0,asia,160,4,676,19,1
Machine 1,asia,8,5,692,18,1
Machine 0,asia,225,5,745,21,1
Machine 1,asia,62,5,809,18,1
Machine 0,us,76,5,792,18,1
Machine 0,asia,19,6,850,20,1
Machine 0,asia,82,5,557,20,1
Machine 0,us,4,3,635,20,1
Machine 0,asia,14,4,667,18,1
Machine 1,us,10,3,724,20,1
Machine 1,asia,233,3,704,21,1
Machine 1,asia,52,5,675,19,1
Machine 0,asia,121,5,1043,21,1
Machine 0,emea,151,3,739,19,1
Machine 0,us,116,4,732,18,1
Machine 0,emea,57,4,744,21,1
Machine 1,us,119,6,749,20,1
Machine 0,emea,35,3,762,19,1
Machine 0,emea,106,5,745,19,1
Machine 0,us,234,2,765,20,1
Machine 1,asia,38,4,784,19,1
Machine 0,us,168,4,779,19,1
Machine 0,us,42,6,769,20,1
Machine 0,asia,210,3,799,20,1
Machine 0,emea,48,5,779,19,1
Machine 1,us,100,5,790,20,1
Machine 1,asia,169,5,878,21,1
Machine 0,emea,159,4,817,20,1
Machine 0,us,111,4,782,20,1
Machine 1,asia,219,6,921,21,1
Machine 0,us,90,6,789,19,1
Machine 0,asia,60,6,955,21,1
Machine 1,asia,191,2,964,18,1
Machine 0,asia,142,6,962,20,1
Machine 1,asia,78,4,935,21,1
Machine 0,asia,37,4,972,18,1
Machine 1,us,211,6,857,18,1
Machine 0,emea,61,5,958,19,1
Machine 0,asia,184,3,919,21,1
Machine 0,asia,26,4,1041,21,1
Machine 1,us,69,5,983,18,1
Machine 1,us,236,6,1039,21,1
Machine 0,us,88,5,929,20,1
Machine 1,us,220,5,1010,19,1
Machine 0,us,242,5,996,20,1
Machine 0,asia,141,6,1039,18,1
Machine 1,asia,55,4,1097,18,1
Machine 1,us,162,4,908,19,1
Machine 0,emea,173,5,796,21,1
Machine 0,us,177,6,1060,18,1
Machine 0,asia,67,5,1092,20,1
Machine 0,emea,2,7,390,19,1
Machine 0,emea,202,6,401,20,1
Machine 0,us,13,5,400,18,1
Machine 0,us,91,4,432,18,1
Machine 1,asia,53,6,1214,20,1
Machine 0,asia,249,6,1120,18,1
Machine 1,us,231,5,555,19,1
Machine 1,asia,217,6,1030,21,1
Machine 1,us,246,5,577,21,1
Machine 1,asia,68,6,1298,20,1
Machine 0,asia,30,5,696,20,1
Machine 0,asia,139,5,1286,18,1
Machine 1,us,206,5,618,19,1
Machine 0,emea,47,6,548,19,1
Machine 0,emea,214,5,690,19,1
Machine 1,asia,113,4,697,20,1
Machine 0,us,243,6,492,18,1
Machine 1,asia,16,7,729,18,1
Machine 1,us,117,3,463,21,1
Machine 1,asia,149,5,739,21,1
Machine 0,asia,134,5,768,21,1
Machine 0,asia,226,5,857,18,1
Machine 0,us,9,5,491,18,1
Machine 1,us,227,5,545,18,1
Machine 1,asia,213,5,880,19,1
Machine 1,us,138,6,579,20,1
Machine 0,us,58,6,586,21,1
Machine 0,asia,190,5,851,20,1
Machine 1,asia,174,1,664,20,1
Machine 0,asia,54,3,663,20,1
Machine 0,emea,179,5,674,18,1
Machine 0,emea,95,4,697,18,1
Machine 0,emea,110,6,681,19,1
Machine 0,emea,180,5,722,21,1
Machine 1,us,145,6,733,20,1
Machine 0,asia,105,5,770,21,1
Machine 0,us,203,4,761,21,1
Machine 0,us,74,5,789,18,1
Machine 1,asia,157,4,851,18,1
Machine 1,asia,3,6,891,20,1
Machine 1,us,21,7,466,19,1
Machine 1,us,158,5,948,21,1
Machine 0,asia,64,5,915,21,1
Machine 1,us,212,4,466,21,1
Machine 1,asia,189,1,810,19,1
Machine 0,emea,79,5,487,19,1
Machine 0,asia,198,1,704,20,1
Machine 0,us,70,5,529,19,1
Machine 1,asia,195,6,552,18,1
Machine 1,asia,96,6,867,21,1
Machine 0,emea,92,4,564,20,1
Machine 1,asia,239,1,771,20,1
Machine 1,us,199,6,559,18,1
Machine 0,emea,197,6,596,21,1
Machine 0,emea,185,6,658,20,1
Machine 0,us,40,6,624,18,1
Machine 0,asia,237,6,735,18,1
Machine 1,us,72,6,700,18,1
Machine 0,emea,153,5,646,21,1
Machine 0,asia,49,4,714,19,1
Machine 0,emea,200,5,500,19,1
Machine 1,asia,104,5,813,19,1
Machine 1,us,33,7,521,21,1
Machine 1,us,247,5,526,20,1
Machine 0,asia,109,4,755,19,1
Machine 1,asia,108,3,906,19,1
Machine 1,us,44,6,620,19,1
Machine 0,asia,0,6,961,21,1
Machine 1,asia,165,5,948,20,1
Machine 0,us,66,6,656,20,1
Machine 0,asia,126,5,708,18,1
Machine 0,emea,146,6,724,18,1
Machine 0,us,143,5,993,20,1
Machine 1,us,150,5,711,20,1
Machine 0,us,170,5,729,21,1
Machine 0,emea,238,4,746,18,1
Machine 0,us,51,7,744,19,1
Machine 0,us,59,6,747,18,1
Machine 0,asia,163,6,846,18,1
Machine 1,us,89,7,763,21,1
Machine 1,asia,39,7,873,20,1
Machine 0,emea,22,6,830,20,1
Machine 1,asia,232,6,823,20,1
Machine 0,asia,124,4,874,20,1
Machine 1,asia,122,4,896,21,1
Machine 0,emea,223,5,855,19,1
Machine 1,asia,133,5,900,21,1
Machine 0,emea,187,6,861,19,1
Machine 1,us,43,6,917,19,1
Machine 1,asia,25,7,886,20,1
Machine 1,us,241,6,902,21,1
Machine 1,us,127,6,931,18,1
Machine 0,asia,118,6,948,19,1
Machine 1,asia,7,7,935,18,1
Machine 0,asia,101,5,952,21,1
Machine 0,us,135,4,983,19,1
Machine 0,us,84,5,949,21,1
Machine 0,us,130,7,460,20,1
Machine 0,emea,156,6,317,19,1
Machine 0,emea,205,4,345,18,1
Machine 1,us,147,4,391,20,1
Machine 1,asia,24,7,1035,18,1
Machine 1,asia,31,2,996,18,1
Machine 0,asia,161,4,1048,20,1
Machine 0,emea,1,5,377,18,1
Machine 1,us,20,5,449,21,1
Machine 0,asia,172,3,1081,20,1
Machine 0,us,209,5,421,21,1
Machine 0,asia,18,2,846,19,1
Machine 1,asia,230,6,1079,18,1
Machine 0,asia,245,6,1113,21,1
Machine 0,us,240,5,430,18,1
Machine 0,asia,15,6,1156,19,1
Machine 0,us,6,7,457,19,1
Machine 1,us,93,6,461,21,1
Machine 1,asia,81,6,552,19,1
Machine 0,asia,166,5,555,21,1
Machine 0,us,183,6,403,21,1
Machine 1,us,115,6,465,21,1
Machine 0,us,23,7,375,20,1
Machine 0,us,34,6,406,19,1
Machine 0,asia,103,6,627,21,1
Machine 0,emea,86,6,476,20,1
Machine 1,us,83,6,462,19,1
Machine 0,asia,11,6,727,18,1
Machine 0,asia,123,4,580,19,1
Machine 0,us,233,4,433,20,1
Machine 0,emea,76,6,511,19,1
Machine 1,us,82,6,512,18,1
Machine 1,us,85,6,629,18,1
Machine 0,asia,50,6,621,19,1
Machine 0,emea,10,4,421,21,1
Machine 0,emea,28,5,669,21,1
Machine 1,us,8,6,663,18,1
Machine 1,asia,244,4,770,20,1
Machine 1,asia,17,5,676,18,1
Machine 1,asia,137,6,698,20,1
Machine 1,asia,120,4,729,19,1
Machine 1,asia,128,7,736,19,1
Machine 0,us,19,7,702,18,1
Machine 0,asia,114,5,715,21,1
Machine 0,emea,235,5,424,20,1
Machine 0,emea,167,5,710,20,1
Machine 0,asia,4,4,687,20,1
Machine 1,asia,62,6,783,20,1
Machine 1,us,119,7,540,20,1
Machine 0,us,100,6,520,18,1
Machine 0,us,37,5,570,20,1
Machine 0,asia,121,6,671,19,1
Machine 1,us,211,7,632,20,1
Machine 0,asia,35,4,688,19,1
Machine 0,asia,27,7,664,19,1
Machine 1,asia,210,4,682,18,1
Machine 1,asia,142,7,698,19,1
Machine 0,asia,42,7,714,19,1
Machine 0,emea,78,5,712,20,1
Machine 0,asia,88,6,677,18,1
Machine 0,emea,26,5,745,21,1
Machine 0,emea,242,6,660,19,1
Machine 0,emea,219,7,778,18,1
Machine 0,emea,29,6,662,19,1
Machine 0,asia,61,6,753,19,1
Machine 1,us,236,7,711,19,1
Machine 0,asia,191,3,801,18,1
Machine 1,asia,220,6,774,19,1
Machine 0,asia,171,6,648,21,1
Machine 1,us,55,5,454,21,1
Machine 0,us,90,7,392,19,1
Machine 1,asia,184,4,839,20,1
Machine 0,emea,91,5,454,20,1
Machine 0,us,141,7,476,18,1
Machine 1,us,94,2,463,19,1
Machine 1,asia,144,5,717,19,1
Machine 1,us,30,6,533,18,1
Machine 0,us,68,7,587,19,1
Machine 0,us,214,6,509,19,1
Machine 0,asia,99,2,619,20,1
Machine 1,us,249,7,604,18,1
Machine 0,emea,246,6,596,21,1
Machine 1,us,113,5,600,21,1
Machine 0,us,53,7,692,20,1
Machine 0,emea,117,4,374,18,1
Machine 1,asia,206,6,717,21,1
Machine 0,emea,221,2,425,18,1
Machine 1,asia,13,6,795,19,1
Machine 0,emea,234,3,438,18,1
Machine 1,asia,217,7,784,18,1
Machine 1,asia,98,2,819,20,1
Machine 0,us,57,5,455,19,1
Machine 0,us,149,6,639,18,1
Machine 0,us,145,7,495,20,1
Machine 0,asia,231,6,887,21,1
Machine 0,us,132,5,528,21,1
Machine 1,us,52,6,516,20,1
Machine 0,asia,139,6,773,27,1
Machine 0,us,3,7,532,20,1
Machine 0,asia,225,6,591,19,1
Machine 1,us,105,6,606,20,1
Machine 1,us,179,6,640,18,1
Machine 1,us,169,6,629,19,1
Machine 0,emea,157,5,651,18,1
Machine 0,us,69,6,568,19,1
Machine 0,asia,243,7,768,21,1
Machine 1,us,21,8,660,18,1
Machine 1,asia,110,7,719,20,1
Machine 1,asia,16,8,783,20,1
Machine 1,asia,106,6,761,20,1
Machine 1,asia,74,6,771,21,1
Machine 1,asia,9,6,794,20,1
Machine 0,us,67,6,630,21,1
Machine 0,us,248,2,734,20,1
Machine 0,asia,203,5,787,19,1
Machine 0,asia,95,5,819,19,1
Machine 1,asia,111,5,795,21,1
Machine 0,asia,158,6,805,19,1
Machine 0,emea,177,7,457,20,1
Machine 1,us,60,7,802,19,1
Machine 0,emea,212,5,392,19,1
Machine 0,asia,162,5,616,18,1
Machine 1,us,2,8,425,23,1
Machine 0,us,75,4,408,21,1
Machine 0,us,189,2,454,21,1
Machine 1,asia,64,6,904,19,1
Machine 1,us,207,4,443,18,1
Machine 0,asia,159,5,996,20,1
Machine 0,emea,112,6,483,21,1
Machine 1,asia,173,6,833,18,1
Machine 1,asia,129,2,1017,20,1
Machine 0,emea,194,4,551,18,1
Machine 0,asia,202,7,621,19,1
Machine 0,us,208,5,553,21,1
Machine 1,us,79,6,628,18,1
Machine 1,us,92,5,487,20,1
Machine 1,asia,188,4,660,19,1
Machine 0,us,96,7,530,19,1
Machine 0,emea,153,6,372,19,1
Machine 1,asia,63,4,708,18,1
Machine 0,asia,102,5,710,20,1
Machine 1,asia,229,5,700,18,1
Machine 1,us,40,7,419,18,1
Machine 0,emea,247,6,402,18,1
Machine 1,us,200,6,431,18,1
Machine 0,emea,165,6,499,21,1
Machine 1,asia,199,7,565,21,1
Machine 0,emea,197,7,530,21,1
Machine 0,emea,174,2,547,20,1
Machine 0,emea,150,6,516,18,1
Machine 0,asia,239,2,630,20,1
Machine 1,us,108,4,562,19,1
Machine 0,us,49,5,551,19,1
Machine 1,us,223,6,597,21,1
Machine 0,us,122,5,597,21,1
Machine 0,asia,51,8,772,21,1
Machine 1,asia,72,7,807,19,1
Machine 1,asia,164,4,621,18,1
Machine 0,emea,124,5,689,20,1
Machine 1,asia,33,8,829,18,1
Machine 0,asia,44,7,818,19,1
Machine 0,asia,133,6,748,19,1
Machine 1,asia,143,6,824,18,1
Machine 0,emea,201,6,571,20,1
Machine 0,emea,43,7,582,21,1
Machine 0,asia,146,7,856,19,1
Machine 0,asia,58,7,851,20,1
Machine 0,us,170,6,855,19,1
Machine 1,us,147,5,505,20,1
Machine 0,us,101,6,550,18,1
Machine 0,emea,180,6,560,18,1
Machine 0,emea,161,5,561,19,1
Machine 0,us,230,7,553,18,1
Machine 1,us,241,7,602,20,1
Machine 1,asia,190,6,934,18,1
Machine 0,emea,6,8,583,18,1
Machine 0,emea,115,7,615,20,1
Machine 0,us,11,7,608,18,1
Machine 0,us,205,5,726,18,1
Machine 1,asia,187,7,762,21,1
Machine 0,emea,83,7,667,21,1
Machine 1,us,245,7,744,18,1
Machine 0,us,148,6,707,21,1
Machine 0,emea,82,7,602,18,1
Machine 0,us,54,4,844,19,1
Machine 1,us,34,7,775,21,1
Machine 1,us,81,7,754,18,1
Machine 0,asia,103,7,776,18,1
Machine 0,us,23,8,794,19,1
Machine 1,asia,86,7,859,19,1
Machine 1,us,50,7,413,20,1
Machine 1,us,123,5,786,20,1
Machine 1,asia,15,7,941,21,1
Machine 1,us,87,6,462,20,1
Machine 0,asia,172,4,937,19,1
Machine 0,us,93,7,881,19,1
Machine 1,asia,183,7,928,18,1
Machine 0,asia,240,6,954,18,1
Machine 0,asia,233,5,904,19,1
Machine 1,us,17,6,483,18,1
Machine 0,us,244,5,474,20,1
Machine 1,asia,76,7,952,20,1
Machine 0,emea,8,7,543,20,1
Machine 0,asia,198,2,599,18,1
Machine 0,emea,128,8,559,19,1
Machine 1,asia,70,6,734,18,1
Machine 0,emea,4,5,520,18,1
Machine 1,asia,120,5,726,20,1
Machine 0,asia,237,7,710,21,1
Machine 0,us,19,8,709,19,1
Machine 0,emea,116,5,717,20,1
Machine 1,us,114,6,737,19,1
Machine 0,us,38,5,471,18,1
Machine 0,asia,137,7,797,18,1
Machine 0,emea,48,6,397,20,1
Machine 0,asia,104,6,770,19,1
Machine 0,emea,156,7,392,19,1
Machine 0,emea,195,7,489,20,1
Machine 0,us,42,8,450,19,1
Machine 1,asia,151,4,840,20,1
Machine 0,asia,235,6,942,20,1
Machine 0,emea,191,4,475,19,1
Machine 1,us,78,6,493,19,1
Machine 1,us,29,7,530,21,1
Machine 1,asia,167,6,999,20,1
Machine 1,asia,14,5,925,21,1
Machine 0,us,211,8,598,19,1
Machine 1,us,168,5,600,20,1
Machine 0,us,220,7,584,18,1
Machine 0,us,219,8,614,19,1
Machine 1,asia,130,8,650,19,1
Machine 1,us,171,7,610,19,1
Machine 0,emea,184,5,524,21,1
Machine 0,asia,55,6,664,18,1
Machine 0,asia,24,8,731,19,1
Machine 0,us,91,6,504,20,1
Machine 0,us,1,6,446,20,1
Machine 1,asia,90,8,692,19,1
Machine 1,us,141,8,488,20,1
Machine 1,us,214,7,502,19,1
Machine 0,emea,30,7,489,18,1
Machine 0,asia,61,7,864,20,1
Machine 1,us,20,6,564,21,1
Machine 0,us,13,7,533,20,1
Machine 0,emea,18,3,560,20,1
Machine 0,us,68,8,574,18,1
Machine 1,us,53,8,585,21,1
Machine 0,emea,221,3,566,20,1
Machine 0,emea,246,7,596,21,1
Machine 0,asia,94,3,691,18,1
Machine 1,us,234,4,606,20,1
Machine 1,asia,209,6,671,19,1
Machine 0,emea,57,6,558,20,1
Machine 1,asia,249,8,698,20,1
Machine 0,us,113,6,715,21,1
Machine 0,us,149,7,451,21,1
Machine 1,asia,31,3,821,21,1
Machine 0,asia,166,6,789,20,1
Machine 1,asia,144,6,830,18,1
Machine 1,us,145,8,441,19,1
Machine 0,emea,52,7,387,19,1
Machine 0,emea,21,9,389,19,1
Machine 0,asia,99,3,857,20,1
Machine 0,us,85,7,416,19,1
Machine 0,us,213,6,422,18,1
Machine 0,asia,217,8,850,18,1
Machine 0,emea,179,7,455,18,1
Machine 1,asia,206,7,887,21,1
Machine 1,us,3,8,465,19,1
Machine 1,asia,98,3,864,19,1
Machine 0,emea,111,6,428,21,1
Machine 0,asia,231,7,613,21,1
Machine 1,us,16,9,562,21,1
Machine 1,us,177,8,484,18,1
Machine 1,us,248,3,513,20,1
Machine 0,us,110,8,628,20,1
Machine 1,asia,132,6,637,20,1
Machine 1,asia,74,7,679,21,1
Machine 1,us,215,6,463,20,1
Machine 0,emea,121,7,483,20,1
Machine 0,asia,203,6,611,20,1
Machine 1,us,35,5,477,19,1
Machine 0,emea,142,8,478,20,1
Machine 1,asia,243,8,739,18,1
Machine 0,asia,106,7,725,20,1
Machine 0,emea,162,6,531,21,1
Machine 0,us,2,9,522,18,1
Machine 1,us,75,5,525,21,1
Machine 0,asia,60,8,607,18,1
Machine 0,emea,242,7,522,19,1
Machine 1,asia,37,6,581,20,1
Machine 1,asia,236,8,683,18,1
Machine 1,asia,212,6,581,18,1
Machine 0,asia,88,7,682,21,1
Machine 0,emea,188,5,620,18,1
Machine 1,us,153,7,592,20,1
Machine 0,emea,229,6,586,20,1
Machine 0,us,139,7,632,19,1
Machine 0,us,197,8,527,19,1
Machine 0,asia,27,8,740,18,1
Machine 0,asia,200,7,770,20,1
Machine 1,asia,26,6,761,19,1
Machine 1,us,247,7,720,18,1
Machine 0,emea,199,8,731,18,1
Machine 0,us,40,8,771,19,1
Machine 1,asia,129,3,818,19,1
Machine 0,us,185,7,500,21,1
Machine 1,asia,210,5,826,19,1
Machine 0,asia,63,5,814,20,1
Machine 1,asia,204,6,828,21,1
Machine 1,asia,92,6,912,21,1
Machine 1,asia,165,7,876,19,1
Machine 0,asia,225,7,778,18,1
Machine 1,asia,102,6,951,21,1
Machine 0,us,169,7,463,20,1
Machine 0,emea,108,5,472,18,1
Machine 1,us,157,6,464,20,1
Machine 0,us,49,6,474,21,1
Machine 0,asia,79,7,973,21,1
Machine 1,us,223,7,468,21,1
Machine 1,asia,105,7,630,19,1
Machine 0,asia,117,5,995,18,1
Machine 1,asia,239,3,583,19,1
Machine 0,emea,72,8,487,21,1
Machine 0,asia,150,7,646,20,1
Machine 1,us,124,6,574,20,1
Machine 0,us,109,5,673,21,1
Machine 1,us,174,3,741,18,1
Machine 1,asia,51,9,636,21,1
Machine 0,us,164,5,457,19,1
Machine 0,asia,122,6,713,19,1
Machine 0,emea,133,7,469,19,1
Machine 0,asia,33,9,652,18,1
Machine 1,asia,44,8,662,20,1
Machine 0,us,143,7,530,21,1
Machine 1,us,147,6,596,20,1
Machine 0,us,170,7,588,19,1
Machine 1,us,201,7,625,20,1
Machine 0,emea,58,8,643,19,1
Machine 1,asia,0,7,689,21,1
Machine 0,us,148,7,666,21,1
Machine 0,us,66,7,683,21,1
Machine 0,emea,81,8,640,21,1
Machine 0,asia,43,8,791,19,1
Machine 0,us,202,8,714,20,1
Machine 1,us,82,8,668,18,1
Machine 1,asia,34,8,764,18,1
Machine 0,emea,161,6,760,20,1
Machine 0,us,15,8,759,21,1
Machine 0,emea,245,8,795,20,1
Machine 1,us,208,6,486,20,1
Machine 0,asia,101,7,835,18,1
Machine 1,asia,95,6,830,18,1
Machine 1,asia,50,8,784,21,1
Machine 0,us,67,7,825,20,1
Machine 0,us,230,8,877,21,1
Machine 0,us,103,8,804,19,1
Machine 0,emea,76,8,458,21,1
Machine 0,emea,123,6,873,18,1
Machine 1,asia,180,7,983,20,1
Machine 0,emea,9,7,423,18,1
Machine 0,asia,54,5,976,21,1
Machine 1,us,39,8,418,20,1
Machine 1,us,238,5,516,19,1
Machine 0,asia,128,9,568,18,1
Machine 0,asia,17,7,736,20,1
Machine 0,emea,4,6,519,21,1
Machine 0,emea,114,7,457,20,1
Machine 0,us,120,6,592,21,1
Machine 1,us,237,8,505,18,1
Machine 0,emea,156,8,345,20,1
Machine 0,us,38,6,425,21,1
Machine 1,us,137,8,464,20,1
Machine 0,emea,163,7,488,19,1
Machine 1,asia,116,6,733,21,1
Machine 0,us,89,8,490,20,1
Machine 0,emea,186,6,499,21,1
Machine 0,asia,19,9,793,19,1
Machine 1,asia,104,7,695,18,1
Machine 0,asia,22,7,697,19,1
Machine 1,asia,232,7,685,18,1
Machine 0,us,195,8,460,21,1
Machine 1,asia,196,6,604,18,1
Machine 0,asia,48,7,785,19,1
Machine 1,asia,28,6,753,18,1
Machine 0,asia,100,7,702,20,1
Machine 0,us,62,7,551,19,1
Machine 0,emea,171,8,466,20,1
Machine 1,us,220,8,499,18,1
Machine 1,asia,59,7,782,18,1
Machine 0,us,184,6,552,20,1
Machine 0,asia,10,5,857,20,1
Machine 0,emea,61,8,532,21,1
Machine 1,us,42,9,651,19,1
Machine 0,us,11,8,590,18,1
Machine 1,us,205,6,607,20,1
Machine 0,emea,115,8,623,20,1
Machine 1,us,55,7,625,20,1
Machine 1,us,119,8,708,21,1
Machine 0,asia,219,9,648,20,1
Machine 0,us,20,7,580,21,1
Machine 0,asia,214,8,670,21,1
Machine 0,asia,190,7,700,19,1
Machine 1,us,141,9,677,20,1
Machine 0,asia,18,4,639,18,1
Machine 0,asia,167,7,753,21,1
Machine 1,asia,130,9,757,20,1
Machine 0,us,57,7,424,21,1
Machine 1,asia,30,8,781,18,1
Machine 0,emea,209,7,424,20,1
Machine 1,us,87,7,488,20,1
Machine 1,asia,91,7,846,19,1
Machine 1,us,249,9,509,20,1
Machine 0,emea,31,4,500,19,1
Machine 0,us,166,7,540,20,1
Machine 1,us,198,3,544,18,1
Machine 0,emea,21,10,385,21,1
Machine 1,asia,83,8,653,20,1
Machine 0,us,8,8,602,18,1
Machine 0,asia,172,5,633,21,1
Machine 1,asia,244,6,655,19,1
Machine 1,asia,93,8,611,18,1
Machine 1,us,144,7,677,18,1
Machine 1,asia,234,5,703,21,1
Machine 1,asia,149,8,711,19,1
Machine 0,asia,113,7,699,21,1
Machine 0,asia,145,9,687,18,1
Machine 1,asia,68,9,752,18,1
Machine 0,us,240,7,438,18,1
Machine 1,us,23,9,456,20,1
Machine 0,emea,228,6,441,20,1
Machine 0,emea,183,8,453,19,1
Machine 1,asia,52,8,610,18,1
Machine 0,asia,94,4,792,21,1
Machine 1,us,233,6,492,19,1
Machine 1,us,85,8,496,18,1
Machine 0,emea,179,8,499,20,1
Machine 0,asia,187,8,827,19,1
Machine 0,asia,86,8,549,20,1
Machine 0,us,99,4,557,19,1
Machine 0,us,158,7,1567,21,1
Machine 0,emea,231,8,558,18,1
Machine 0,emea,191,5,571,20,1
Machine 1,us,3,9,594,20,1
Machine 1,asia,70,7,658,20,1
Machine 0,us,78,7,615,20,1
Machine 0,us,160,5,648,18,1
Machine 1,us,29,8,531,21,1
Machine 0,asia,151,5,687,20,1
Machine 0,asia,213,7,686,18,1
Machine 0,emea,132,7,612,18,1
Machine 0,us,206,8,706,21,1
Machine 1,asia,217,9,755,19,1
Machine 1,asia,111,7,740,18,1
Machine 0,us,139,8,481,18,1
Machine 0,emea,236,9,439,20,1
Machine 0,us,16,10,802,20,1
Machine 0,asia,41,6,790,18,1
Machine 0,asia,98,4,812,19,1
Machine 0,us,168,6,640,19,1
Machine 0,us,74,8,627,21,1
Machine 0,us,142,9,711,21,1
Machine 0,us,75,6,509,21,1
Machine 0,asia,248,4,729,21,1
Machine 0,asia,125,3,735,21,1
Machine 1,us,199,9,434,19,1
Machine 1,us,88,8,484,21,1
Machine 0,asia,69,7,894,19,1
Machine 0,asia,242,8,705,21,1
Machine 1,us,63,6,516,19,1
Machine 1,us,112,7,556,21,1
Machine 1,us,197,9,594,21,1
Machine 1,us,60,9,590,18,1
Machine 0,us,212,7,624,19,1
Machine 0,emea,185,8,589,20,1
Machine 1,asia,37,7,711,19,1
Machine 1,us,13,8,674,19,1
Machine 0,emea,194,5,650,19,1
Machine 0,emea,211,9,592,20,1
Machine 0,emea,165,8,403,20,1
Machine 0,us,225,8,428,18,1
Machine 0,us,221,4,446,18,1
Machine 0,us,96,8,489,18,1
Machine 0,emea,53,9,488,21,1
Machine 1,us,102,7,472,21,1
Machine 0,emea,117,6,508,20,1
Machine 0,asia,173,7,829,21,1
Machine 1,asia,92,7,764,18,1
Machine 0,asia,204,7,860,18,1
Machine 0,us,174,4,553,21,1
Machine 1,us,246,8,579,21,1
Machine 1,us,51,10,569,19,1
Machine 1,asia,14,6,630,18,1
Machine 0,us,49,7,602,18,1
Machine 0,emea,109,6,586,20,1
Machine 1,asia,124,7,705,20,1
Machine 1,us,241,8,607,20,1
Machine 0,asia,164,6,693,18,1
Machine 0,emea,66,8,359,18,1
Machine 0,emea,157,7,722,21,1
Machine 0,asia,169,8,764,18,1
Machine 1,us,58,9,492,21,1
Machine 0,asia,150,8,750,21,1
Machine 1,us,215,7,617,19,1
Machine 0,emea,34,9,393,20,1
Machine 1,asia,110,9,673,19,1
Machine 1,us,15,9,456,19,1
Machine 0,us,81,9,492,21,1
Machine 1,asia,148,8,553,21,1
Machine 1,us,43,9,525,19,1
Machine 0,asia,0,8,677,21,1
Machine 1,us,123,7,495,21,1
Machine 0,emea,101,8,508,19,1
Machine 0,emea,103,9,561,18,1
Machine 0,us,39,9,548,20,1
Machine 1,us,238,6,477,19,1
Machine 1,asia,82,9,685,20,1
Machine 0,us,76,9,684,19,1
Machine 1,asia,9,8,704,21,1
Machine 0,emea,54,6,628,20,1
Machine 0,emea,4,7,409,21,1
Machine 0,emea,38,7,417,18,1
Machine 1,asia,208,7,751,20,1
Machine 0,asia,202,9,867,18,1
Machine 0,emea,186,7,467,19,1
Machine 1,us,79,8,526,20,1
Machine 1,us,120,7,472,21,1
Machine 0,us,114,8,575,20,1
Machine 1,asia,17,8,579,19,1
Machine 0,us,137,9,555,20,1
Machine 0,asia,180,8,887,18,1
Machine 1,us,163,8,583,21,1
Machine 0,asia,128,10,846,20,1
Machine 0,us,239,4,570,18,1
Machine 0,asia,237,9,631,22,1
Machine 0,us,19,10,487,19,1
Machine 1,us,104,8,558,19,1
Machine 1,asia,156,9,672,18,1
Machine 1,asia,108,6,719,18,1
Machine 1,us,72,9,553,18,1
Machine 0,emea,195,9,378,19,1
Machine 0,us,33,10,461,21,1
Machine 1,asia,89,9,785,18,1
Machine 0,asia,116,7,787,19,1
Machine 0,us,196,7,417,18,1
Machine 0,emea,133,8,461,19,1
Machine 0,asia,223,8,832,19,1
Machine 1,us,48,8,463,19,1
Machine 0,asia,22,8,719,19,1
Machine 1,asia,105,8,893,19,1
Machine 0,emea,62,8,455,18,1
Machine 1,asia,232,8,628,21,1
Machine 1,us,44,9,562,20,1
Machine 0,us,171,9,404,21,1
Machine 1,us,220,9,433,19,1
Machine 1,asia,122,7,641,20,1
Machine 0,emea,170,8,361,19,1
Machine 1,asia,235,7,706,20,1
Machine 0,emea,1,7,388,21,1
Machine 1,us,141,10,472,21,1
Machine 1,asia,100,8,729,19,1
Machine 0,asia,28,7,715,20,1
Machine 0,us,61,9,582,19,1
Machine 0,asia,143,8,596,20,1
Machine 0,us,25,8,572,21,1
Machine 0,asia,11,9,627,18,1
Machine 1,us,77,4,496,21,1
Machine 0,emea,91,8,441,18,1
Machine 1,asia,205,7,645,18,1
Machine 1,asia,147,7,702,18,1
Machine 0,us,95,7,538,20,1
Machine 0,us,90,9,687,19,1
Machine 1,us,50,9,529,21,1
Machine 0,asia,18,5,563,21,1
Machine 1,us,30,9,558,19,1
Machine 0,emea,130,10,558,21,1
Machine 0,emea,115,9,550,20,1
Machine 1,us,135,5,587,21,1
Machine 0,us,57,8,599,19,1
Machine 0,emea,83,9,610,21,1
Machine 0,us,161,7,706,21,1
Machine 1,asia,230,9,699,19,1
Machine 1,us,175,4,680,20,1
Machine 0,asia,209,8,687,22,1
Machine 0,emea,7,8,690,21,1
Machine 0,us,8,9,669,20,1
Machine 0,us,240,8,556,20,1
Machine 1,us,126,6,691,19,1
Machine 0,asia,245,9,711,21,1
Machine 0,emea,68,10,667,19,1
Machine 1,us,31,5,751,20,1
Machine 0,asia,67,8,782,20,1
Machine 0,asia,84,6,880,18,1
Machine 1,asia,20,8,941,21,1
Machine 1,asia,87,8,888,18,1
Machine 1,us,172,6,891,18,1
Machine 1,us,149,9,842,19,1
Machine 1,asia,145,10,816,18,1
Machine 1,asia,93,9,853,21,1
Machine 1,asia,198,4,891,20,1
Machine 1,asia,167,8,793,20,1
Machine 0,emea,52,9,585,20,1
Machine 0,us,86,9,424,19,1
Machine 1,asia,183,9,664,19,1
Machine 0,asia,166,8,968,21,1
Machine 1,asia,118,7,1014,19,1
Machine 1,us,177,9,433,20,1
Machine 0,emea,187,9,475,18,1
Machine 0,asia,113,8,910,18,1
Machine 0,asia,244,7,1015,21,1
Machine 1,us,23,10,709,18,1
Machine 0,us,151,6,579,18,1
Machine 0,emea,191,6,631,18,1
Machine 0,emea,98,5,567,21,1
Machine 1,us,99,5,556,19,1
Machine 1,us,70,8,616,21,1
Machine 0,emea,217,10,643,19,1
Machine 1,us,139,9,667,18,1
Machine 0,asia,78,8,716,18,1
Machine 0,asia,158,8,712,20,1
Machine 0,emea,29,9,727,18,1
Machine 0,us,3,10,763,21,1
Machine 1,asia,203,7,682,21,1
Machine 0,us,111,8,755,18,1
Machine 1,asia,231,9,798,19,1
Machine 0,emea,214,9,321,20,1
Machine 1,us,213,8,769,20,1
Machine 1,asia,160,6,806,18,1
Machine 1,us,199,10,501,21,1
Machine 0,us,63,7,431,21,1
Machine 1,us,119,9,435,22,1
Machine 0,asia,236,10,921,19,1
Machine 1,asia,206,9,958,20,1
Machine 0,asia,59,8,727,21,1
Machine 0,asia,219,10,798,19,1
Machine 0,asia,121,8,584,21,1
Machine 0,us,190,8,535,18,1
Machine 1,us,225,9,506,20,1
Machine 1,us,112,8,543,20,1
Machine 0,emea,212,8,555,19,1
Machine 0,asia,132,8,1062,21,1
Machine 0,us,102,8,463,18,1
Machine 0,emea,144,8,353,20,1
Machine 1,asia,69,8,626,20,1
Machine 0,asia,197,10,638,21,1
Machine 0,emea,53,10,504,18,1
Machine 0,emea,211,10,526,20,1
Machine 0,emea,204,8,376,20,1
Machine 0,asia,221,5,635,21,1
Machine 1,us,117,7,463,19,1
Machine 1,asia,96,9,667,21,1
Machine 0,us,234,6,426,18,1
Machine 0,asia,173,8,647,21,1
Machine 1,asia,194,6,794,19,1
Machine 0,us,174,5,468,20,1
Machine 0,asia,228,7,599,19,1
Machine 1,us,58,10,602,21,1
Machine 0,emea,109,7,644,18,1
Machine 0,us,124,8,675,21,1
Machine 1,asia,92,8,805,18,1
Machine 1,us,241,9,794,18,1
Machine 0,emea,34,10,505,20,1
Machine 1,us,246,9,805,18,1
Machine 1,asia,66,9,754,19,1
Machine 1,asia,179,9,810,21,1
Machine 1,asia,215,8,698,18,1
Machine 1,us,38,8,505,21,1
Machine 0,asia,14,7,850,18,1
Machine 0,us,110,10,589,18,1
Machine 1,us,15,10,547,18,1
Machine 0,us,94,5,559,20,1
Machine 1,asia,103,10,635,19,1
Machine 1,us,233,7,677,19,1
Machine 0,asia,150,9,949,18,1
Machine 1,asia,49,8,1031,18,1
Machine 0,emea,54,7,714,20,1
Machine 1,us,163,9,695,19,1
Machine 0,emea,39,10,734,20,1
Machine 0,emea,137,10,736,18,1
Machine 0,us,4,8,751,19,1
Machine 0,asia,101,9,769,19,1
Machine 1,us,108,7,736,19,1
Machine 1,asia,148,9,779,19,1
Machine 0,us,125,4,778,20,1
Machine 1,us,82,10,775,18,1
Machine 0,asia,81,10,800,18,1
Machine 0,asia,72,10,781,18,1
Machine 0,asia,114,9,816,18,1
Machine 0,us,201,8,554,20,1
Machine 0,asia,76,10,855,19,1
Machine 0,emea,186,8,819,19,1
Machine 0,asia,88,9,889,20,1
Machine 0,emea,89,10,477,19,1
Machine 0,us,116,8,444,20,1
Machine 0,emea,48,9,415,21,1
Machine 0,asia,85,9,733,19,1
Machine 1,asia,195,10,925,21,1
Machine 1,asia,9,9,1104,19,1
Machine 0,asia,133,9,614,19,1
Machine 0,us,22,9,586,18,1
Machine 0,us,171,10,580,18,1
Machine 0,emea,44,10,583,20,1
Machine 1,us,196,8,639,21,1
Machine 1,us,105,9,593,19,1
Machine 1,us,220,10,534,20,1
Machine 0,emea,157,8,607,20,1
Machine 0,asia,62,9,630,21,1
Machine 0,us,169,9,452,18,1
Machine 0,emea,235,8,467,19,1
Machine 1,asia,223,9,814,18,1
Machine 1,asia,232,9,761,20,1
Machine 0,us,1,8,445,20,1
Machine 1,us,100,9,447,18,1
Machine 0,emea,43,10,474,20,1
Machine 0,asia,164,7,752,19,1
Machine 0,asia,122,8,672,21,1
Machine 0,emea,143,9,532,21,1
Machine 0,us,238,7,547,20,1
Machine 1,asia,146,8,642,21,1
Machine 0,emea,10,6,590,18,1
Machine 1,asia,170,9,679,20,1
Machine 0,us,55,8,573,18,1
Machine 0,us,0,9,611,21,1
Machine 1,asia,184,7,608,18,1
Machine 0,asia,28,8,724,19,1
Machine 0,us,25,9,645,19,1
Machine 1,us,123,8,693,19,1
Machine 1,asia,61,10,747,21,1
Machine 1,us,42,10,747,19,1
Machine 0,asia,208,8,685,19,1
Machine 1,us,11,10,452,20,1
Machine 0,emea,205,8,473,21,1
Machine 1,us,95,8,499,19,1
Machine 0,us,30,10,497,21,1
Machine 0,emea,18,6,502,19,1
Machine 0,us,147,8,536,20,1
Machine 1,us,115,10,561,20,1
Machine 0,asia,77,5,605,18,1
Machine 1,asia,91,9,629,19,1
Machine 0,emea,104,9,551,20,1
Machine 0,us,156,10,580,21,1
Machine 0,us,249,10,572,18,1
Machine 1,us,230,10,600,20,1
Machine 1,asia,6,9,887,18,1
Machine 1,asia,50,10,685,20,1
Machine 0,asia,90,10,688,20,1
Machine 1,asia,57,9,707,20,1
Machine 0,us,79,9,705,19,1
Machine 0,us,180,9,719,20,1
Machine 1,asia,202,10,750,21,1
Machine 1,us,120,8,732,18,1
Machine 0,emea,83,10,759,21,1
Machine 0,us,161,8,731,20,1
Machine 0,asia,135,6,795,21,1
Machine 1,asia,17,9,793,21,1
Machine 0,emea,7,9,704,20,1
Machine 0,emea,31,6,411,18,1
Machine 1,asia,209,9,673,18,1
Machine 0,us,8,10,592,20,1
Machine 1,us,93,10,435,18,1
Machine 1,asia,237,10,873,21,1
Machine 0,asia,239,5,866,21,1
Machine 0,us,67,9,475,21,1
Machine 0,emea,172,7,454,18,1
Machine 0,emea,52,10,453,20,1
Machine 0,us,149,10,481,19,1
Machine 0,asia,175,5,903,19,1
Machine 0,emea,78,9,502,19,1
Machine 0,emea,191,7,505,19,1
Machine 0,us,86,10,572,19,1
Machine 1,us,84,7,506,20,1
Machine 1,asia,87,9,612,20,1
Machine 0,us,187,10,604,18,1
Machine 0,us,98,6,611,19,1
Machine 0,asia,126,7,673,31,1
Machine 0,emea,231,10,527,21,1
Machine 0,emea,177,10,617,18,1
Machine 0,us,158,9,635,19,1
Machine 0,asia,20,9,697,21,1
Machine 1,us,213,9,516,19,1
Machine 0,us,214,10,429,21,1
Machine 1,asia,111,9,667,20,1
Machine 1,us,74,9,424,20,1
Machine 0,emea,248,5,406,20,1
Machine 0,asia,198,5,784,20,1
Machine 1,asia,167,9,756,19,1
Machine 0,emea,242,9,463,18,1
Machine 0,us,168,7,471,22,1
Machine 1,us,183,10,545,21,1
Machine 0,us,206,10,525,18,1
Machine 0,emea,225,10,581,18,1
Machine 0,asia,203,8,879,20,1
Machine 0,asia,160,7,656,21,1
Machine 1,us,212,9,539,21,1
Machine 0,us,112,9,557,21,1
Machine 1,asia,41,7,680,18,1
Machine 0,us,185,9,548,20,1
Machine 0,asia,24,9,653,19,1
Machine 1,us,37,8,560,20,1
Machine 0,us,216,3,659,19,1
Machine 0,asia,142,10,697,19,1
Machine 1,asia,75,7,670,20,1
Machine 1,asia,190,9,687,20,1
Machine 0,asia,121,9,689,18,1
Machine 0,asia,218,3,722,18,1
Machine 1,asia,107,6,749,21,1
Machine 1,us,204,9,418,19,1
Machine 0,us,165,9,428,20,1
Machine 0,us,69,9,536,19,1
Machine 0,asia,192,6,760,18,1
Machine 1,us,113,9,471,19,1
Machine 0,emea,96,10,481,21,1
Machine 0,asia,13,9,680,19,1
Machine 1,us,240,9,516,19,1
Machine 1,asia,60,10,679,18,1
Machine 0,asia,221,6,603,23,1
Machine 1,us,173,9,606,20,1
Machine 0,asia,132,9,643,18,1
Machine 0,us,109,8,515,19,1
Machine 0,emea,228,8,597,20,1
Machine 1,asia,117,8,646,20,1
Machine 0,asia,166,9,682,21,1
Machine 0,emea,246,10,391,20,1
Machine 1,asia,118,8,681,21,1
Machine 1,asia,245,10,646,20,1
Machine 0,us,234,7,694,21,1
Machine 0,us,66,10,576,18,1
Machine 1,us,179,10,458,20,1
Machine 1,us,29,10,447,21,1
Machine 0,asia,244,8,834,19,1
Machine 0,asia,92,9,702,18,1
Machine 1,asia,241,10,783,19,1
Machine 0,asia,194,7,827,20,1
Machine 0,emea,54,8,561,21,1
Machine 1,us,4,9,525,18,1
Machine 0,us,163,10,561,20,1
Machine 0,emea,148,10,471,18,1
Machine 1,us,233,8,576,18,1
Machine 0,emea,119,10,589,20,1
Machine 0,asia,150,10,634,20,1
Machine 1,asia,139,10,618,18,1
Machine 0,us,125,5,424,19,1
Machine 1,asia,38,9,678,18,1
Machine 0,us,94,6,669,18,1
Machine 1,us,243,9,649,20,1
Machine 0,asia,215,9,702,19,1
Machine 0,emea,88,10,362,20,1
Machine 1,asia,49,9,744,18,1
Machine 1,asia,108,8,698,19,1
Machine 1,us,114,10,427,20,1
Machine 0,emea,144,9,402,21,1
Machine 0,asia,101,10,764,20,1
Machine 0,emea,35,6,429,21,1
Machine 0,emea,133,10,485,19,1
Machine 1,asia,186,9,573,22,1
Machine 0,us,116,9,450,19,1
Machine 0,emea,62,10,455,18,1
Machine 1,us,235,9,415,18,1
Machine 1,us,59,9,599,20,1
Machine 0,asia,201,9,691,18,1
Machine 1,us,196,9,524,18,1
Machine 1,asia,102,9,624,20,1
Machine 1,asia,157,9,582,21,1
Machine 0,emea,1,9,330,18,1
Machine 0,us,169,10,479,20,1
Machine 0,asia,85,10,629,21,1
Machine 1,us,48,10,666,20,1
Machine 0,asia,105,10,648,19,1
Machine 1,us,164,8,458,20,1
Machine 0,us,100,10,489,18,1
Machine 1,us,124,9,502,21,1
Machine 0,emea,238,8,510,19,1
Machine 1,asia,232,10,628,19,1
Machine 1,us,28,9,462,18,1
Machine 0,emea,0,10,596,20,1
Machine 1,asia,174,6,652,19,1
Machine 0,emea,14,8,649,18,1
Machine 0,asia,223,10,762,21,1
Machine 0,asia,122,9,683,20,1
Machine 1,asia,143,10,675,19,1
Machine 0,us,184,8,645,21,1
Machine 0,us,146,9,733,18,1
Machine 1,us,10,7,779,19,1
Machine 1,asia,55,9,747,19,1
Machine 1,us,95,9,543,24,1
Machine 0,emea,77,6,453,21,1
Machine 0,asia,170,10,816,18,1
Machine 0,asia,25,10,609,20,1
Machine 0,us,205,9,512,18,1
Machine 1,us,104,10,548,21,1
Machine 0,emea,208,9,549,21,1
Machine 0,us,7,10,472,18,1
Machine 0,emea,17,10,538,18,1
Machine 0,us,91,10,571,21,1
Machine 0,emea,79,10,612,21,1
Machine 0,asia,18,7,649,21,1
Machine 1,us,31,7,552,18,1
Machine 1,asia,123,9,930,19,1
Machine 1,us,120,9,632,19,1
Machine 1,asia,147,9,717,20,1
Machine 0,us,180,10,719,21,1
Machine 0,emea,84,8,469,19,1
Machine 0,asia,161,9,747,21,1
Machine 1,asia,135,7,901,19,1
Machine 0,asia,209,10,674,19,1
Machine 0,emea,67,10,481,18,1
Machine 0,us,172,8,557,19,1
Machine 0,us,22,10,643,21,1
Machine 0,asia,6,10,968,21,1
Machine 1,us,175,6,622,19,1
Machine 1,asia,57,10,975,19,1
Machine 1,asia,239,6,653,21,1
Machine 1,asia,9,10,737,19,1
Machine 0,emea,20,10,651,20,1
Machine 0,asia,78,10,699,18,1
Machine 1,us,99,6,492,20,1
Machine 0,us,87,10,692,21,1
Machine 1,asia,191,8,748,21,1
Machine 0,asia,126,8,734,20,1
Machine 1,us,111,10,765,19,1
Machine 0,us,213,10,778,19,1
Machine 1,us,98,7,861,20,1
Machine 0,asia,74,10,821,19,1
Machine 0,emea,227,6,528,20,1
Machine 0,emea,198,6,564,21,1
Machine 1,us,138,7,550,20,1
Machine 1,asia,248,6,884,19,1
Machine 1,asia,151,7,620,21,1
Machine 0,emea,160,8,569,18,1
Machine 0,us,167,10,635,18,1
Machine 0,emea,24,10,604,19,1
Machine 0,emea,47,7,686,21,1
Machine 1,asia,158,10,1000,21,1
Machine 1,us,216,4,651,18,1
Machine 1,us,242,10,728,20,1
Machine 1,us,107,7,672,18,1
Machine 1,us,112,10,730,19,1
Machine 0,emea,121,10,743,21,1
Machine 0,us,218,4,705,21,1
Machine 0,us,212,10,808,20,1
Machine 0,asia,70,9,841,20,1
Machine 1,us,134,6,869,19,1
Machine 0,asia,226,6,853,21,1
Machine 0,us,37,9,846,19,1
Machine 0,emea,69,10,381,21,1
Machine 1,asia,203,9,885,20,1
Machine 1,asia,190,10,879,18,1
Machine 0,emea,140,2,432,21,1
Machine 0,asia,75,8,902,20,1
Machine 0,asia,204,10,768,20,1
Machine 1,asia,185,10,909,21,1
Machine 0,us,222,2,493,19,1
Machine 1,asia,165,10,743,20,1
Machine 0,asia,41,8,973,20,1
Machine 0,asia,168,8,1000,19,1
Machine 0,us,192,7,527,18,1
Machine 0,emea,221,7,609,18,1
Machine 1,us,113,10,623,19,1
Machine 0,us,166,10,590,22,1
Machine 1,asia,63,8,705,19,1
Machine 0,asia,97,2,680,19,1
Machine 0,emea,92,10,601,20,1
Machine 0,emea,117,9,634,21,1
Machine 0,us,173,10,694,18,1
Machine 1,us,118,9,698,21,1
Machine 1,us,54,9,606,20,1
Machine 0,asia,13,10,729,19,1
Machine 1,us,132,10,722,20,1
Machine 0,us,194,8,628,21,1
Machine 1,asia,244,9,740,21,1
Machine 0,emea,125,6,372,18,1
Machine 0,asia,109,9,798,21,1
Machine 0,asia,234,8,896,19,1
Machine 1,asia,240,10,884,18,1
Machine 1,asia,228,9,857,19,1
Machine 1,us,94,7,474,19,1
Machine 0,emea,116,10,536,20,1
Machine 0,emea,49,10,592,20,1
Machine 0,us,38,10,573,20,1
Machine 1,asia,233,9,597,20,1
Machine 1,us,59,10,555,21,1
Machine 0,asia,4,10,826,20,1
Machine 0,us,108,9,598,21,1
Machine 1,us,144,10,605,20,1
Machine 0,us,235,10,610,21,1
Machine 0,asia,243,10,740,20,1
Machine 0,emea,102,10,548,20,1
Machine 1,us,1,10,493,20,1
Machine 1,asia,215,10,759,18,1
Machine 1,asia,186,10,701,19,1
Machine 0,us,157,10,528,21,1
Machine 0,asia,201,10,729,21,1
Machine 0,asia,35,7,733,18,1
Machine 0,emea,238,9,503,18,1
Machine 0,us,28,10,501,21,1
Machine 0,emea,184,9,497,20,1
Machine 1,us,174,7,525,19,1
Machine 1,us,10,8,502,20,1
Machine 0,us,205,10,500,21,1
Machine 1,asia,196,10,747,21,1
Machine 0,emea,123,10,549,21,1
Machine 0,emea,77,7,561,19,1
Machine 0,us,146,10,533,20,1
Machine 0,asia,127,7,722,20,1
Machine 0,asia,164,9,714,20,1
Machine 0,us,120,10,623,19,1
Machine 0,asia,14,9,747,21,1
Machine 0,emea,135,8,501,20,1
Machine 1,us,208,10,706,18,1
Machine 1,asia,124,10,804,18,1
Machine 1,asia,122,10,768,21,1
Machine 1,us,147,10,720,19,1
Machine 0,asia,18,8,781,20,1
Machine 0,asia,55,10,785,20,1
Machine 0,us,172,9,507,18,1
Machine 1,asia,95,10,803,19,1
Machine 0,asia,84,9,915,18,1
Machine 1,asia,161,10,734,20,1
Machine 1,asia,31,8,930,21,1
Machine 1,us,175,7,592,20,1
Machine 0,asia,239,7,652,20,1
Machine 0,emea,138,8,614,21,1
Machine 1,us,98,8,582,18,1
Machine 0,emea,216,5,516,20,1
Machine 0,emea,191,9,659,20,1
Machine 0,us,107,8,566,21,1
Machine 1,us,151,8,636,18,1
Machine 1,asia,99,7,718,20,1
Machine 0,us,126,9,744,20,1
Machine 0,us,248,7,789,19,1
Machine 1,us,218,5,524,20,1
Machine 1,us,168,9,505,19,1
Machine 1,asia,198,7,798,19,1
Machine 0,us,37,10,618,19,1
Machine 1,asia,47,8,901,18,1
Machine 1,asia,134,7,730,19,1
Machine 0,asia,227,7,998,19,1
Machine 1,us,203,10,720,18,1
Machine 0,asia,160,9,1018,20,1
Machine 0,us,41,9,714,19,1
Machine 0,emea,63,9,696,18,1
Machine 1,us,117,10,660,18,1
Machine 0,asia,70,10,769,21,1
Machine 0,emea,226,7,758,19,1
Machine 0,us,97,3,689,20,1
Machine 0,asia,192,8,859,19,1
Machine 0,emea,222,3,842,20,1
Machine 1,asia,75,9,933,21,1
Machine 0,asia,140,3,944,20,1
Machine 0,emea,194,9,591,21,1
Machine 0,emea,238,10,529,21,1
Machine 1,asia,221,8,903,18,1
Machine 0,asia,118,10,841,21,1
Machine 1,us,125,7,599,18,1
Machine 0,us,159,6,641,18,1
Machine 0,emea,207,5,685,20,1
Machine 0,us,244,10,693,19,1
Machine 1,asia,54,10,794,20,1
Machine 0,emea,228,10,708,21,1
Machine 1,us,233,10,708,21,1
Machine 1,asia,35,8,734,21,1
Machine 0,asia,109,10,765,21,1
Machine 1,asia,64,7,808,20,1
Machine 0,us,94,8,801,19,1
Machine 1,us,174,8,563,19,1
Machine 0,us,184,10,752,20,1
Machine 1,us,193,2,461,20,1
Machine 0,asia,189,3,917,18,1
Machine 1,asia,234,9,940,19,1
Machine 0,emea,152,3,527,21,1
Machine 0,us,182,3,572,19,1
Machine 0,emea,127,8,537,18,1
Machine 0,asia,108,10,1015,20,1
Machine 0,us,164,10,553,20,1
Machine 1,us,14,10,572,21,1
Machine 0,asia,10,9,696,18,1
Machine 1,asia,77,8,648,21,1
Machine 0,emea,172,10,398,19,1
Machine 1,asia,18,9,590,20,1
Machine 0,emea,151,9,412,19,1
Machine 0,us,84,10,516,21,1
Machine 1,us,31,9,497,20,1
Machine 0,emea,138,9,501,20,1
Machine 0,us,99,8,552,19,1
Machine 0,asia,175,8,592,18,1
Machine 1,us,47,9,545,18,1
Machine 0,us,98,9,585,18,1
Machine 1,us,216,6,683,21,1
Machine 0,emea,168,10,656,21,1
Machine 0,asia,191,10,639,18,1
Machine 0,us,198,8,663,19,1
Machine 0,emea,160,10,648,19,1
Machine 0,asia,135,9,950,20,1
Machine 1,asia,107,9,717,21,1
Machine 1,asia,239,8,747,20,1
Machine 0,us,41,10,666,20,1
Machine 1,us,126,10,734,18,1
Machine 1,us,75,10,448,21,1
Machine 0,emea,192,9,448,21,1
Machine 0,emea,65,3,421,19,1
Machine 0,us,12,4,431,20,1
Machine 0,emea,32,3,435,18,1
Machine 0,us,222,4,475,20,1
Machine 1,us,63,10,584,19,1
Machine 1,asia,227,8,748,20,1
Machine 1,asia,218,6,819,18,1
Machine 0,emea,221,9,483,21,1
Machine 0,asia,248,8,855,19,1
Machine 1,us,71,4,532,18,1
Machine 0,us,56,3,598,19,1
Machine 1,us,159,7,605,19,1
Machine 0,asia,134,8,938,18,1
Machine 0,asia,226,8,715,19,1
Machine 0,emea,64,8,523,20,1
Machine 1,asia,36,4,702,18,1
Machine 0,us,94,9,555,21,1
Machine 1,asia,97,4,731,19,1
Machine 1,asia,35,9,686,20,1
Machine 1,us,174,9,493,20,1
Machine 0,emea,234,10,336,19,1
Machine 0,us,125,8,833,19,1
Machine 0,asia,140,4,923,21,1
Machine 0,us,18,10,528,21,1
Machine 1,us,151,10,617,19,1
Machine 1,asia,194,10,959,20,1
Machine 0,asia,207,6,883,20,1
Machine 1,us,182,4,636,18,1
Machine 0,asia,193,3,640,19,1
Machine 0,emea,77,9,623,21,1
Machine 0,us,152,4,659,18,1
Machine 0,us,175,9,596,19,1
Machine 1,asia,189,4,734,20,1
Machine 0,asia,127,9,737,21,1
Machine 0,emea,99,9,709,20,1
Machine 1,us,47,10,586,19,1
Machine 1,us,32,4,465,21,1
Machine 1,us,107,10,620,18,1
Machine 1,asia,138,10,877,20,1
Machine 1,asia,10,10,848,19,1
Machine 0,asia,31,10,942,19,1
Machine 0,us,135,10,639,21,1
Machine 0,emea,198,9,642,19,1
Machine 0,emea,218,7,683,20,1
Machine 0,us,221,10,705,20,1
Machine 0,emea,65,4,754,20,1
Machine 0,asia,98,10,860,18,1
Machine 1,asia,192,10,804,20,1
Machine 0,us,12,5,724,19,1
Machine 1,us,226,9,769,19,1
Machine 1,asia,216,7,840,18,1
Machine 0,emea,159,8,803,20,1
Machine 1,us,248,9,831,19,1
Machine 1,asia,227,9,843,20,1
Machine 0,asia,239,9,874,21,1
Machine 1,us,35,10,571,18,1
Machine 0,us,97,5,628,21,1
Machine 0,us,134,9,956,21,1
Machine 0,asia,222,5,1017,20,1
Machine 0,emea,26,7,640,20,1
Machine 0,emea,94,10,673,20,1
Machine 0,emea,140,5,675,18,1
Machine 1,asia,36,5,1000,21,1
Machine 0,asia,71,5,1061,18,1
Machine 0,emea,2,10,717,18,1
Machine 1,asia,56,4,1080,21,1
Machine 0,us,210,6,719,21,1
Machine 0,us,207,7,730,18,1
Machine 0,asia,64,9,944,19,1
Machine 0,emea,152,5,721,20,1
Machine 1,us,182,5,754,21,1
Machine 0,asia,174,10,803,20,1
Machine 1,us,189,5,643,19,1
Machine 1,asia,162,7,796,20,1
Machine 1,asia,153,8,834,19,1
Machine 0,us,175,10,521,19,1
Machine 0,asia,188,6,903,19,1
Machine 0,emea,229,7,888,21,1
Machine 0,us,247,8,890,18,1
Machine 0,emea,32,5,453,21,1
Machine 1,asia,129,4,884,19,1
Machine 1,asia,200,8,921,21,1
Machine 0,asia,106,8,944,20,1
Machine 0,asia,27,9,949,20,1
Machine 0,us,198,10,470,19,1
Machine 1,asia,77,10,932,19,1
Machine 0,asia,40,9,966,18,1
Machine 1,us,218,8,474,18,1
Machine 1,asia,99,10,634,18,1
Machine 0,us,216,8,469,19,1
Machine 0,asia,127,10,638,19,1
Machine 1,us,159,9,431,18,1
Machine 1,asia,125,9,1110,19,1
Machine 0,emea,239,10,437,20,1
Machine 0,asia,193,4,1032,18,1
Machine 0,us,97,6,448,18,1
Machine 0,us,36,6,501,18,1
Machine 0,emea,226,10,471,18,1
Machine 0,emea,140,6,527,18,1
Machine 1,asia,227,10,618,21,1
Machine 0,emea,207,8,404,18,1
Machine 1,us,134,10,562,18,1
Machine 1,us,71,6,571,20,1
Machine 0,asia,65,5,756,19,1
Machine 0,emea,162,8,351,19,1
Machine 1,us,152,6,441,18,1
Machine 0,asia,248,10,721,18,1
Machine 1,asia,26,8,669,20,1
Machine 0,asia,56,5,631,19,1
Machine 0,us,64,10,488,19,1
Machine 1,asia,210,7,648,19,1
Machine 0,us,153,9,408,21,1
Machine 1,asia,12,6,843,20,1
Machine 0,emea,40,10,389,21,1
Machine 1,us,200,9,450,20,1
Machine 0,emea,193,5,405,20,1
Machine 0,asia,222,6,793,21,1
Machine 0,emea,32,6,479,18,1
Machine 1,asia,189,6,617,19,1
Machine 1,us,188,7,524,21,1
Machine 1,us,216,9,487,19,1
Machine 0,us,218,9,519,18,1
Machine 1,asia,247,9,560,18,1
Machine 0,us,129,5,558,18,1
Machine 0,asia,182,6,678,21,1
Machine 0,asia,229,8,616,20,1
Machine 0,us,97,7,506,18,1
Machine 0,asia,106,9,587,19,1
Machine 0,us,73,5,397,18,1
Machine 0,asia,159,10,688,20,1
Machine 1,asia,125,10,659,19,1
Machine 1,us,36,7,442,20,1
Machine 0,us,65,6,504,18,1
Machine 1,asia,27,10,705,20,1
Machine 0,emea,71,7,560,21,1
Machine 1,us,162,9,470,19,1
Machine 0,asia,155,3,603,21,1
Machine 0,asia,140,7,611,19,1
Machine 0,emea,193,6,400,20,1
Machine 1,asia,224,4,693,18,1
Machine 0,us,210,8,478,21,1
Machine 1,us,153,10,458,18,1
Machine 0,emea,56,6,506,18,1
Machine 1,asia,207,9,721,19,1
Machine 0,asia,12,7,604,19,1
Machine 0,us,222,7,491,18,1
Machine 1,asia,26,9,745,18,1
Machine 1,us,32,7,573,20,1
Machine 0,asia,152,7,819,19,1
Machine 0,us,218,10,585,20,1
Machine 0,emea,216,10,584,20,1
Machine 0,emea,229,9,576,19,1
Machine 1,asia,200,10,712,21,1
Machine 1,us,106,10,574,20,1
Machine 1,us,247,10,605,21,1
Machine 0,us,97,8,616,20,1
Machine 0,asia,129,6,741,18,1
Machine 0,us,71,8,474,19,1
Machine 0,asia,189,7,776,21,1
Machine 1,us,162,10,527,18,1
Machine 0,emea,65,7,537,20,1
Machine 1,asia,182,7,822,20,1
Machine 1,asia,188,8,840,20,1
Machine 0,asia,73,6,843,20,1
Machine 0,emea,193,7,563,19,1
Machine 1,asia,36,8,629,19,1
Machine 0,us,224,5,624,19,1
Machine 1,us,210,9,626,20,1
Machine 1,us,26,10,442,20,1
Machine 0,asia,155,4,799,21,1
Machine 0,emea,229,10,480,21,1
Machine 0,emea,12,8,498,21,1
Machine 1,asia,140,8,836,20,1
Machine 0,asia,56,7,756,20,1
Machine 1,asia,207,10,688,18,1
Machine 0,us,97,9,521,20,1
Machine 0,us,222,8,613,19,1
Machine 0,asia,32,8,702,18,1
Machine 0,emea,36,9,438,21,1
Machine 1,asia,152,8,775,18,1
Machine 1,us,129,7,500,18,1
Machine 0,emea,65,8,495,21,1
Machine 1,us,188,9,532,21,1
Machine 0,us,224,6,518,18,1
Machine 1,us,210,10,513,19,1
Machine 1,asia,189,8,570,18,1
Machine 1,asia,193,8,556,20,1
Machine 0,us,182,8,540,21,1
Machine 0,asia,71,9,737,21,1
Machine 0,emea,140,9,446,18,1
Machine 0,us,56,8,476,21,1
Machine 1,us,97,10,507,20,1
Machine 0,asia,73,7,776,21,1
Machine 0,asia,155,5,547,19,1
Machine 0,emea,36,10,450,19,1
Machine 1,asia,12,9,652,20,1
Machine 0,emea,224,7,410,20,1
Machine 0,us,152,9,522,19,1
Machine 0,asia,222,9,650,19,1
Machine 1,asia,32,9,647,19,1
Machine 1,us,129,8,516,21,1
Machine 1,us,193,9,516,21,1
Machine 0,us,189,9,524,20,1
Machine 0,asia,65,9,708,21,1
Machine 1,us,73,8,474,18,1
Machine 1,asia,188,10,663,19,1
Machine 0,emea,140,10,509,19,1
Machine 0,asia,182,9,727,22,1
Machine 0,emea,224,8,329,20,1
Machine 0,us,56,9,570,21,1
Machine 0,asia,155,6,636,18,1
Machine 1,us,222,10,427,19,1
Machine 1,asia,71,10,755,18,1
Machine 0,emea,193,10,464,19,1
Machine 0,us,152,10,495,19,1
Machine 1,asia,12,10,631,21,1
Machine 0,us,189,10,518,18,1
Machine 0,emea,224,9,315,21,1
Machine 1,us,65,10,417,20,1
Machine 0,us,56,10,384,20,1
Machine 1,asia,129,9,710,20,1
Machine 0,asia,32,10,711,18,1
Machine 1,us,155,7,397,19,1
Machine 0,asia,73,9,548,19,1
Machine 1,asia,182,10,575,19,1
Machine 0,asia,224,10,567,19,1
Machine 0,emea,155,8,388,18,1
Machine 0,emea,5,6,350,19,1
Machine 0,us,73,10,446,19,1
Machine 1,asia,129,10,556,20,1
Machine 0,us,176,4,418,21,1
Machine 0,emea,46,5,404,21,1
Machine 0,us,181,4,430,18,1
Machine 0,emea,136,5,432,20,1
Machine 0,emea,45,6,398,21,1
Machine 0,asia,154,4,555,23,1
Machine 0,asia,131,4,606,19,1
Machine 0,asia,178,6,621,19,1
Machine 1,asia,80,5,730,21,1
Machine 1,us,155,9,465,20,1
Machine 0,emea,46,6,353,19,1
Machine 0,asia,5,7,576,19,1
Machine 1,us,136,6,461,20,1
Machine 0,us,181,5,465,20,1
Machine 0,emea,131,5,380,21,1
Machine 1,asia,176,5,583,19,1
Machine 0,us,178,7,375,18,1
Machine 1,us,80,6,342,18,1
Machine 0,asia,45,7,615,18,1
Machine 1,asia,154,5,587,20,1
Machine 0,emea,5,8,382,18,1
Machine 0,asia,155,10,572,20,1
Machine 1,us,181,6,410,20,1
Machine 0,us,136,7,444,21,1
Machine 0,emea,178,8,383,18,1
Machine 1,asia,46,7,635,18,1
Machine 0,us,80,7,450,18,1
Machine 1,us,45,8,401,20,1
Machine 1,asia,176,6,609,18,1
Machine 0,asia,131,6,611,18,1
Machine 0,asia,154,6,679,19,1
Machine 0,us,136,8,401,19,1
Machine 1,us,178,9,370,20,1
Machine 0,emea,181,7,433,18,1
Machine 1,asia,5,9,558,18,1
Machine 0,emea,45,9,420,21,1
Machine 0,us,176,7,421,18,1
Machine 0,asia,46,8,595,19,1
Machine 1,us,131,7,436,19,1
Machine 0,emea,178,10,374,18,1
Machine 1,us,5,10,411,20,1
Machine 0,us,181,8,441,20,1
Machine 1,asia,80,8,727,19,1
Machine 1,asia,136,9,532,21,1
Machine 0,asia,154,7,693,19,1
Machine 0,emea,46,9,400,20,1
Machine 0,asia,45,10,557,18,1
Machine 0,us,131,8,442,20,1
Machine 1,asia,176,8,551,21,1
Machine 1,us,181,9,421,18,1
Machine 0,asia,80,9,577,20,1
Machine 0,emea,154,8,370,20,1
Machine 0,us,46,10,400,21,1
Machine 1,us,131,9,362,18,1
Machine 1,asia,136,10,570,18,1
Machine 0,emea,80,10,332,19,1
Machine 1,asia,181,10,530,18,1
Machine 0,asia,176,9,576,20,1
Machine 0,us,154,9,398,21,1
Machine 1,us,131,10,362,18,1
Machine 0,asia,176,10,533,21,1
Machine 1,asia,154,10,503,19,1
