Machine 0,emea,5,1,625,18,1
Machine 0,asia,8,1,580,18,1
Machine 0,emea,0,1,664,18,1
Machine 0,us,11,1,671,19,1
Machine 1,us,2,1,679,20,1
Machine 0,emea,15,1,687,18,1
Machine 0,emea,10,1,692,18,1
Machine 0,us,16,1,748,19,1
Machine 1,us,7,1,719,18,1
Machine 1,asia,4,1,703,21,1
Machine 0,us,1,1,761,19,1
Machine 0,asia,28,1,873,21,1
Machine 0,asia,3,1,854,18,1
Machine 0,us,6,1,766,18,1
Machine 1,us,22,1,870,18,1
Machine 1,asia,24,1,886,18,1
Machine 1,asia,14,1,924,18,1
Machine 1,us,27,1,954,20,1
Machine 1,asia,9,1,931,21,1
Machine 1,us,12,1,994,21,1
Machine 0,emea,25,1,942,18,1
Machine 1,us,32,1,988,19,1
Machine 0,emea,70,1,937,21,1
Machine 0,emea,20,1,1053,21,1
Machine 0,us,31,1,1014,20,1
Machine 1,us,52,1,1034,20,1
Machine 0,us,21,1,1057,20,1
Machine 1,us,17,1,1080,21,1
Machine 0,us,41,1,1051,18,1
Machine 0,emea,50,1,1045,21,1
Machine 1,us,67,1,1022,21,1
Machine 1,us,37,1,1053,20,1
Machine 0,us,36,1,1065,19,1
Machine 1,asia,19,1,1100,18,1
Machine 0,emea,35,1,1079,20,1
Machine 0,asia,18,1,1104,19,1
Machine 0,us,56,1,1060,20,1
Machine 0,emea,65,1,1071,20,1
Machine 1,us,72,1,1058,20,1
Machine 0,asia,33,1,1104,18,1
Machine 0,emea,30,1,1122,19,1
Machine 1,asia,34,1,1118,20,1
Machine 0,us,26,1,1123,18,1
Machine 0,emea,55,1,1108,19,1
Machine 0,asia,23,1,1175,20,1
Machine 1,us,47,1,1140,18,1
Machine 1,us,77,1,982,20,1
Machine 1,us,42,1,1181,20,1
Machine 0,us,66,1,1155,19,1
Machine 1,asia,49,1,1165,20,1
Machine 0,emea,45,1,1186,20,1
Machine 0,emea,40,1,1205,19,1
Machine 0,asia,38,1,1243,21,1
Machine 0,asia,53,1,1223,20,1
Machine 0,asia,13,1,1276,21,1
Machine 1,asia,29,1,1256,18,1
Machine 0,us,71,1,1198,21,1
Machine 1,us,57,1,1236,18,1
Machine 1,us,62,1,1226,18,1
Machine 0,asia,58,1,1245,21,1
Machine 0,emea,75,1,1214,21,1
Machine 0,asia,48,1,1292,21,1
Machine 1,asia,39,1,1290,21,1
Machine 1,asia,59,1,1276,18,1
Machine 0,us,76,1,1218,21,1
Machine 0,asia,63,1,1304,19,1
Machine 0,us,61,1,1304,19,1
Machine 1,asia,54,1,1342,21,1
Machine 0,us,51,1,1348,21,1
Machine 1,asia,64,1,1330,19,1
Machine 0,asia,73,1,1330,20,1
Machine 1,us,82,1,580,20,1
Machine 1,asia,44,1,1372,19,1
Machine 0,asia,43,1,1374,18,1
Machine 0,emea,80,1,457,18,1
Machine 0,us,46,1,1387,19,1
Machine 1,asia,74,1,1268,20,1
Machine 1,asia,69,1,1345,20,1
Machine 0,us,81,1,1172,21,1
Machine 1,us,87,1,433,19,1
Machine 1,asia,79,1,1252,21,1
Machine 0,emea,85,1,467,18,1
Machine 0,asia,68,1,1453,20,1
Machine 0,asia,78,1,1263,19,1
Machine 0,us,91,1,466,21,1
Machine 0,emea,95,1,447,18,1
Machine 0,emea,60,1,1385,18,1
Machine 0,asia,88,1,553,21,1
Machine 0,us,86,1,485,19,1
Machine 0,asia,83,1,609,18,1
Machine 0,emea,90,1,435,20,1
Machine 1,asia,84,1,607,20,1
Machine 0,emea,5,2,519,18,1
Machine 0,us,96,1,540,21,1
Machine 0,asia,93,1,622,20,1
Machine 1,asia,89,1,660,18,1
Machine 1,us,97,1,561,18,1
Machine 0,us,8,2,472,20,1
Machine 1,asia,94,1,607,20,1
Machine 0,emea,15,2,400,20,1
Machine 1,us,92,1,693,18,1
Machine 1,us,0,2,532,21,1
Machine 0,emea,1,2,439,21,1
Machine 0,asia,98,1,723,21,1
Machine 1,asia,99,1,663,21,1
Machine 0,us,10,2,500,21,1
Machine 1,us,16,2,514,20,1
Machine 1,asia,2,2,561,18,1
Machine 0,emea,24,2,507,19,1
Machine 0,us,14,2,535,18,1
Machine 1,us,3,2,598,21,1
Machine 0,asia,11,2,680,19,1
Machine 0,us,28,2,636,20,1
Machine 1,us,27,2,612,20,1
Machine 1,asia,4,2,652,20,1
Machine 0,emea,52,2,488,21,1
Machine 1,asia,12,2,695,20,1
Machine 0,asia,7,2,730,21,1
Machine 0,us,21,2,423,18,1
Machine 0,emea,25,2,408,20,1
Machine 0,asia,6,2,741,19,1
Machine 0,us,32,2,589,19,1
Machine 0,asia,20,2,689,21,1
Machine 1,asia,31,2,606,20,1
Machine 1,us,70,2,605,21,1
Machine 1,asia,50,2,549,19,1
Machine 0,us,37,2,558,18,1
Machine 1,asia,22,2,762,18,1
Machine 0,emea,67,2,503,21,1
Machine 0,asia,41,2,667,18,1
Machine 0,us,56,2,602,21,1
Machine 0,asia,9,2,871,19,1
Machine 0,emea,18,2,611,19,1
Machine 0,emea,30,2,609,19,1
Machine 1,us,65,2,648,18,1
Machine 0,us,34,2,642,21,1
Machine 0,emea,47,2,728,19,1
Machine 1,us,36,2,686,19,1
Machine 0,asia,19,2,726,21,1
Machine 1,asia,33,2,722,21,1
Machine 1,asia,35,2,769,21,1
Machine 0,emea,45,2,727,21,1
Machine 0,emea,75,2,751,18,1
Machine 1,us,17,2,796,21,1
Machine 0,asia,55,2,822,20,1
Machine 1,us,42,2,802,21,1
Machine 0,us,40,2,841,19,1
Machine 1,us,38,2,856,18,1
Machine 0,us,77,2,869,20,1
Machine 1,asia,13,2,855,18,1
Machine 0,emea,63,2,826,21,1
Machine 0,us,48,2,838,18,1
Machine 1,asia,23,2,917,21,1
Machine 0,asia,66,2,911,20,1
Machine 1,asia,49,2,921,20,1
Machine 0,asia,72,2,943,21,1
Machine 1,us,26,2,950,19,1
Machine 0,us,61,2,899,18,1
Machine 0,asia,59,2,933,18,1
Machine 1,us,57,2,954,19,1
Machine 1,us,44,2,906,18,1
Machine 1,us,68,2,626,18,1
Machine 0,us,71,2,958,18,1
Machine 0,emea,79,2,719,18,1
Machine 0,emea,29,2,1018,18,1
Machine 0,asia,53,2,990,18,1
Machine 0,emea,73,2,944,19,1
Machine 1,asia,58,2,1060,18,1
Machine 0,asia,43,2,980,18,1
Machine 0,us,82,2,1000,21,1
Machine 0,emea,46,2,982,19,1
Machine 0,us,74,2,982,21,1
Machine 1,us,54,2,1020,20,1
Machine 1,us,69,2,1002,20,1
Machine 1,asia,80,2,987,21,1
Machine 1,asia,76,2,1108,18,1
Machine 1,asia,91,2,918,19,1
Machine 1,asia,87,2,958,20,1
Machine 1,asia,64,2,1114,18,1
Machine 1,us,39,2,1074,21,1
Machine 0,asia,81,2,1051,21,1
Machine 0,us,85,2,522,20,1
Machine 0,asia,62,2,1258,19,1
Machine 0,us,84,2,504,21,1
Machine 0,emea,95,2,524,21,1
Machine 0,emea,89,2,579,20,1
Machine 0,us,97,2,647,19,1
Machine 0,emea,90,2,673,21,1
Machine 0,asia,78,2,711,18,1
Machine 1,us,8,3,691,20,1
Machine 1,asia,93,2,729,18,1
Machine 1,asia,83,2,714,20,1
Machine 0,asia,51,2,1461,20,1
Machine 0,emea,10,3,553,19,1
Machine 1,us,2,3,704,18,1
Machine 0,emea,92,2,927,21,1
Machine 0,asia,86,2,919,18,1
Machine 0,us,60,2,750,18,1
Machine 0,asia,96,2,988,21,1
Machine 0,asia,94,2,976,18,1
Machine 0,asia,24,3,696,18,1
Machine 0,us,0,3,982,19,1
Machine 1,asia,15,3,1049,20,1
Machine 0,emea,3,3,769,20,1
Machine 1,us,5,3,1041,18,1
Machine 1,us,88,2,1125,20,1
Machine 0,asia,98,2,1093,20,1
Machine 0,us,32,3,792,18,1
Machine 0,asia,67,3,797,19,1
Machine 1,us,1,3,1213,20,1
Machine 0,emea,50,3,805,18,1
Machine 0,us,16,3,934,18,1
Machine 0,emea,52,3,958,20,1
Machine 1,asia,14,3,1062,20,1
Machine 1,asia,4,3,994,20,1
Machine 0,us,11,3,1086,21,1
Machine 0,emea,6,3,1078,20,1
Machine 0,us,37,3,1033,20,1
Machine 0,asia,21,3,1085,21,1
Machine 1,asia,99,2,1354,21,1
Machine 0,asia,27,3,1104,18,1
Machine 1,us,18,3,1081,21,1
Machine 0,emea,63,3,1064,18,1
Machine 0,asia,31,3,1148,18,1
Machine 1,us,28,3,1173,19,1
Machine 0,emea,81,3,772,21,1
Machine 1,us,36,3,1109,21,1
Machine 0,emea,34,3,1135,21,1
Machine 1,us,38,3,1121,19,1
Machine 1,us,75,3,1143,21,1
Machine 0,emea,35,3,1151,19,1
Machine 0,us,47,3,1166,20,1
Machine 0,us,40,3,1148,18,1
Machine 0,us,12,3,1209,21,1
Machine 1,us,7,3,1216,21,1
Machine 0,us,45,3,1164,18,1
Machine 0,us,68,3,1122,20,1
Machine 1,us,23,3,1158,20,1
Machine 0,us,73,3,1092,19,1
Machine 1,us,22,3,1200,20,1
Machine 1,us,58,3,1117,20,1
Machine 0,emea,72,3,1163,18,1
Machine 1,us,20,3,1242,19,1
Machine 0,emea,42,3,1196,20,1
Machine 1,asia,41,3,1246,19,1
Machine 1,asia,25,3,1265,19,1
Machine 1,asia,70,3,1235,18,1
Machine 0,us,9,3,1242,18,1
Machine 0,emea,46,3,1139,19,1
Machine 0,us,91,3,1125,18,1
Machine 1,asia,55,3,1289,19,1
Machine 0,us,74,3,1239,19,1
Machine 0,emea,44,3,1212,18,1
Machine 0,asia,17,3,1242,20,1
Machine 0,us,48,3,1266,19,1
Machine 1,asia,33,3,1296,18,1
Machine 1,us,87,3,1132,19,1
Machine 0,emea,53,3,1287,19,1
Machine 0,asia,77,3,1340,20,1
Machine 0,asia,66,3,1334,21,1
Machine 1,asia,65,3,1299,19,1
Machine 0,emea,76,3,1245,20,1
Machine 1,asia,49,3,1343,19,1
Machine 1,us,61,3,1326,19,1
Machine 1,us,71,3,1327,20,1
Machine 1,us,54,3,1256,21,1
Machine 0,asia,79,3,1292,21,1
Machine 0,asia,19,3,1393,20,1
Machine 0,asia,30,3,1409,19,1
Machine 1,asia,29,3,1332,19,1
Machine 1,asia,13,3,1378,20,1
Machine 0,asia,59,3,1353,18,1
Machine 0,us,26,3,1367,19,1
Machine 0,emea,89,3,339,21,1
Machine 1,asia,57,3,1375,21,1
Machine 0,emea,56,3,1412,18,1
Machine 1,asia,82,3,1374,19,1
Machine 0,us,85,3,643,21,1
Machine 0,asia,43,3,1411,21,1
Machine 1,us,62,3,521,19,1
Machine 1,asia,39,3,1367,18,1
Machine 1,us,90,3,449,19,1
Machine 0,asia,69,3,1482,19,1
Machine 0,asia,64,3,1488,18,1
Machine 1,asia,80,3,1504,21,1
Machine 0,us,83,3,464,19,1
Machine 0,emea,93,3,465,20,1
Machine 0,us,97,3,567,19,1
Machine 0,asia,84,3,693,18,1
Machine 0,emea,92,3,454,19,1
Machine 1,us,51,3,540,18,1
Machine 0,asia,78,3,594,20,1
Machine 1,asia,8,4,601,18,1
Machine 1,asia,95,3,661,18,1
Machine 0,us,86,3,544,18,1
Machine 1,asia,2,4,622,21,1
Machine 0,emea,24,4,429,21,1
Machine 1,us,60,3,470,21,1
Machine 0,emea,88,3,431,20,1
Machine 0,asia,10,4,647,18,1
Machine 0,emea,50,4,437,18,1
Machine 1,us,15,4,492,18,1
Machine 0,us,98,3,505,19,1
Machine 1,asia,94,3,604,21,1
Machine 0,us,0,4,613,19,1
Machine 1,us,37,4,571,21,1
Machine 1,us,32,4,599,20,1
Machine 0,us,16,4,602,20,1
Machine 0,asia,3,4,620,20,1
Machine 0,us,6,4,628,19,1
Machine 0,asia,96,3,709,20,1
Machine 0,emea,35,4,418,20,1
Machine 0,us,36,4,567,21,1
Machine 0,emea,81,4,558,20,1
Machine 1,asia,5,4,664,18,1
Machine 0,emea,27,4,657,20,1
Machine 0,emea,11,4,676,18,1
Machine 1,us,52,4,722,20,1
Machine 1,asia,4,4,750,20,1
Machine 0,asia,67,4,720,18,1
Machine 0,asia,14,4,702,20,1
Machine 0,us,47,4,432,21,1
Machine 0,asia,21,4,739,19,1
Machine 1,us,63,4,777,20,1
Machine 1,asia,28,4,796,19,1
Machine 0,us,18,4,736,19,1
Machine 1,asia,75,4,640,18,1
Machine 1,us,34,4,704,20,1
Machine 0,asia,38,4,738,20,1
Machine 1,asia,99,3,938,20,1
Machine 1,us,40,4,529,21,1
Machine 1,asia,1,4,891,21,1
Machine 0,emea,55,4,572,18,1
Machine 1,us,23,4,518,19,1
Machine 1,asia,7,4,569,20,1
Machine 0,emea,25,4,513,19,1
Machine 0,emea,45,4,489,18,1
Machine 1,us,49,4,589,20,1
Machine 0,asia,31,4,978,21,1
Machine 0,emea,54,4,624,21,1
Machine 0,us,72,4,683,20,1
Machine 0,us,70,4,704,20,1
Machine 1,us,9,4,698,19,1
Machine 1,us,20,4,685,18,1
Machine 0,emea,65,4,711,19,1
Machine 1,us,26,4,519,18,1
Machine 0,us,68,4,745,19,1
Machine 0,emea,56,4,500,18,1
Machine 1,asia,41,4,778,21,1
Machine 0,emea,13,4,590,21,1
Machine 1,asia,22,4,832,20,1
Machine 0,asia,73,4,861,19,1
Machine 0,us,59,4,636,19,1
Machine 1,asia,66,4,850,19,1
Machine 0,asia,12,4,907,20,1
Machine 1,us,53,4,820,21,1
Machine 0,asia,42,4,840,18,1
Machine 0,asia,61,4,861,18,1
Machine 0,emea,58,4,814,18,1
Machine 0,us,76,4,861,18,1
Machine 1,us,19,4,844,20,1
Machine 1,us,44,4,920,19,1
Machine 0,emea,33,4,877,20,1
Machine 0,us,79,4,888,18,1
Machine 1,asia,91,4,931,18,1
Machine 1,asia,48,4,946,21,1
Machine 0,us,87,4,946,21,1
Machine 0,us,74,4,971,20,1
Machine 0,asia,46,4,992,19,1
Machine 1,asia,29,4,927,21,1
Machine 1,asia,71,4,975,20,1
Machine 0,emea,39,4,424,20,1
Machine 0,asia,89,4,801,20,1
Machine 0,emea,83,4,440,18,1
Machine 0,us,82,4,631,18,1
Machine 1,us,85,4,509,21,1
Machine 0,asia,17,4,1040,19,1
Machine 1,us,69,4,480,19,1
Machine 0,us,93,4,485,18,1
Machine 0,us,90,4,548,20,1
Machine 0,asia,77,4,1117,19,1
Machine 0,emea,2,5,505,21,1
Machine 0,emea,51,4,542,20,1
Machine 0,asia,30,4,1095,20,1
Machine 1,us,60,4,576,20,1
Machine 1,asia,57,4,994,20,1
Machine 0,asia,43,4,690,21,1
Machine 1,us,8,5,616,19,1
Machine 0,us,24,5,612,18,1
Machine 1,asia,62,4,665,19,1
Machine 0,asia,84,4,647,21,1
Machine 1,us,97,4,630,18,1
Machine 0,us,78,4,684,18,1
Machine 1,us,16,5,556,20,1
Machine 1,us,98,4,587,20,1
Machine 0,us,15,5,648,18,1
Machine 1,asia,92,4,672,21,1
Machine 0,asia,95,4,694,21,1
Machine 0,asia,64,4,726,21,1
Machine 0,emea,50,5,684,20,1
Machine 1,asia,80,4,734,19,1
Machine 0,us,32,5,451,19,1
Machine 0,asia,88,4,758,19,1
Machine 1,asia,86,4,796,21,1
Machine 0,emea,96,4,440,19,1
Machine 1,asia,10,5,834,20,1
Machine 0,asia,94,4,737,21,1
Machine 0,emea,37,5,560,21,1
Machine 1,asia,0,5,750,20,1
Machine 0,emea,27,5,440,19,1
Machine 0,emea,14,5,523,21,1
Machine 1,us,36,5,481,19,1
Machine 0,us,35,5,557,20,1
Machine 0,asia,3,5,573,21,1
Machine 0,us,47,5,577,19,1
Machine 0,us,11,5,605,19,1
Machine 1,us,21,5,573,20,1
Machine 1,us,52,5,622,20,1
Machine 0,emea,40,5,427,18,1
Machine 0,emea,18,5,627,20,1
Machine 1,asia,6,5,680,21,1
Machine 0,us,1,5,641,18,1
Machine 1,asia,5,5,681,19,1
Machine 0,emea,25,5,502,21,1
Machine 0,asia,4,5,717,20,1
Machine 0,asia,63,5,709,19,1
Machine 0,us,75,5,456,20,1
Machine 0,asia,81,5,778,20,1
Machine 0,asia,38,5,682,20,1
Machine 1,asia,67,5,782,18,1
Machine 0,asia,23,5,765,18,1
Machine 1,us,49,5,526,19,1
Machine 0,emea,72,5,496,20,1
Machine 0,emea,26,5,463,18,1
Machine 1,us,9,5,501,20,1
Machine 1,us,55,5,542,21,1
Machine 0,us,45,5,580,21,1
Machine 1,us,34,5,579,20,1
Machine 0,us,73,5,575,19,1
Machine 0,emea,53,5,574,21,1
Machine 0,emea,22,5,552,19,1
Machine 1,asia,54,5,620,20,1
Machine 1,us,59,5,631,21,1
Machine 1,us,61,5,651,21,1
Machine 1,asia,99,4,692,18,1
Machine 0,emea,19,5,667,19,1
Machine 0,us,68,5,689,21,1
Machine 0,us,42,5,678,20,1
Machine 0,asia,31,5,781,21,1
Machine 0,us,87,5,668,18,1
Machine 1,asia,28,5,799,19,1
Machine 1,asia,13,5,778,21,1
Machine 1,us,56,5,780,19,1
Machine 0,us,70,5,798,18,1
Machine 1,asia,7,5,796,21,1
Machine 1,us,33,5,766,19,1
Machine 0,asia,20,5,793,20,1
Machine 0,asia,58,5,788,19,1
Machine 1,asia,65,5,808,18,1
Machine 0,emea,48,5,554,18,1
Machine 0,us,44,5,794,21,1
Machine 0,asia,66,5,826,21,1
Machine 1,us,74,5,431,21,1
Machine 1,asia,76,5,831,18,1
Machine 1,asia,12,5,825,21,1
Machine 0,asia,79,5,821,21,1
Machine 1,us,89,5,444,19,1
Machine 0,emea,71,5,414,19,1
Machine 1,asia,91,5,865,19,1
Machine 0,emea,77,5,453,20,1
Machine 0,asia,46,5,634,18,1
Machine 0,us,39,5,521,18,1
Machine 0,asia,41,5,969,19,1
Machine 0,emea,85,5,440,19,1
Machine 0,us,17,5,534,21,1
Machine 1,us,51,5,515,19,1
Machine 1,asia,29,5,616,21,1
Machine 1,us,69,5,548,20,1
Machine 0,emea,84,5,539,21,1
Machine 0,us,2,6,581,20,1
Machine 0,emea,57,5,589,21,1
Machine 1,asia,82,5,672,19,1
Machine 0,us,43,5,638,21,1
Machine 0,asia,83,5,646,18,1
Machine 0,asia,30,5,649,21,1
Machine 1,us,95,5,573,18,1
Machine 1,us,78,5,454,18,1
Machine 0,asia,93,5,739,19,1
Machine 0,emea,80,5,384,20,1
Machine 0,us,92,5,440,21,1
Machine 1,asia,60,5,761,19,1
Machine 1,us,8,6,755,20,1
Machine 0,us,97,5,474,19,1
Machine 1,asia,90,5,841,21,1
Machine 0,emea,15,6,472,18,1
Machine 0,asia,24,6,830,21,1
Machine 1,asia,98,5,588,21,1
Machine 1,asia,62,5,909,18,1
Machine 0,emea,10,6,457,21,1
Machine 0,asia,16,6,611,20,1
Machine 0,asia,64,5,567,21,1
Machine 0,us,94,5,545,18,1
Machine 0,us,32,6,612,18,1
Machine 1,us,88,5,604,18,1
Machine 0,emea,14,6,445,18,1
Machine 1,us,37,6,558,18,1
Machine 1,asia,96,5,677,20,1
Machine 0,emea,11,6,440,20,1
Machine 1,asia,50,6,762,18,1
Machine 0,asia,86,5,710,21,1
Machine 1,asia,27,6,616,18,1
Machine 0,us,21,6,623,19,1
Machine 0,asia,0,6,618,18,1
Machine 1,asia,47,6,647,20,1
Machine 0,us,1,6,626,20,1
Machine 0,emea,63,6,597,21,1
Machine 0,asia,3,6,663,19,1
Machine 0,emea,6,6,634,19,1
Machine 0,us,36,6,689,18,1
Machine 1,us,35,6,688,20,1
Machine 1,us,81,6,639,21,1
Machine 0,emea,23,6,416,18,1
Machine 1,asia,18,6,691,18,1
Machine 1,us,5,6,750,20,1
Machine 1,asia,4,6,695,18,1
Machine 1,us,52,6,759,19,1
Machine 0,emea,55,6,457,18,1
Machine 0,asia,25,6,762,21,1
Machine 0,emea,22,6,412,18,1
Machine 0,us,49,6,538,18,1
Machine 0,us,75,6,553,19,1
Machine 1,asia,9,6,574,20,1
Machine 0,asia,40,6,834,20,1
Machine 1,us,72,6,679,19,1
Machine 0,asia,38,6,647,19,1
Machine 1,asia,67,6,691,20,1
Machine 0,us,45,6,574,20,1
Machine 0,asia,26,6,678,21,1
Machine 0,asia,73,6,654,19,1
Machine 1,us,59,6,514,21,1
Machine 1,us,34,6,685,20,1
Machine 0,emea,19,6,452,19,1
Machine 1,asia,53,6,798,18,1
Machine 0,emea,28,6,497,18,1
Machine 0,us,54,6,519,21,1
Machine 0,asia,61,6,631,19,1
Machine 1,asia,99,5,637,21,1
Machine 1,us,42,6,537,20,1
Machine 0,us,68,6,616,18,1
Machine 0,us,13,6,577,21,1
Machine 0,emea,33,6,421,19,1
Machine 1,us,56,6,521,19,1
Machine 0,us,20,6,533,18,1
Machine 1,asia,87,6,784,20,1
Machine 0,us,89,6,645,20,1
Machine 1,asia,12,6,672,20,1
Machine 1,asia,7,6,683,21,1
Machine 0,asia,31,6,713,19,1
Machine 1,us,74,6,697,21,1
Machine 0,emea,79,6,700,20,1
Machine 0,emea,44,6,769,18,1
Machine 0,emea,51,6,468,19,1
Machine 0,us,66,6,795,21,1
Machine 1,us,41,6,565,20,1
Machine 1,us,71,6,607,18,1
Machine 0,us,39,6,559,21,1
Machine 0,asia,91,6,870,19,1
Machine 0,asia,70,6,1031,21,1
Machine 1,asia,48,6,971,20,1
Machine 0,asia,65,6,963,21,1
Machine 0,us,29,6,677,21,1
Machine 0,emea,46,6,709,20,1
Machine 1,us,43,6,674,21,1
Machine 0,emea,95,6,660,19,1
Machine 0,asia,84,6,758,18,1
Machine 0,asia,76,6,1001,20,1
Machine 1,asia,77,6,902,21,1
Machine 0,emea,57,6,780,20,1
Machine 1,us,69,6,790,19,1
Machine 1,asia,30,6,818,20,1
Machine 1,asia,92,6,847,21,1
Machine 1,us,93,6,884,19,1
Machine 0,asia,85,6,957,21,1
Machine 0,emea,60,6,550,20,1
Machine 1,us,58,6,1342,21,1
Machine 1,asia,17,6,1007,18,1
Machine 0,asia,80,6,961,21,1
Machine 1,us,97,6,652,19,1
Machine 0,asia,83,6,978,20,1
Machine 1,us,62,6,673,19,1
Machine 0,us,8,7,875,21,1
Machine 0,us,78,6,968,19,1
Machine 0,us,82,6,1155,21,1
Machine 0,us,96,6,727,18,1
Machine 0,emea,24,7,771,19,1
Machine 1,asia,2,7,1182,18,1
Machine 0,emea,27,7,820,18,1
Machine 0,emea,37,7,736,19,1
Machine 0,emea,64,6,709,18,1
Machine 1,us,6,7,812,20,1
Machine 0,us,98,6,861,20,1
Machine 1,asia,16,7,853,20,1
Machine 0,us,55,7,800,20,1
Machine 1,us,32,7,888,20,1
Machine 0,us,3,7,866,20,1
Machine 1,asia,14,7,902,21,1
Machine 0,asia,90,6,929,19,1
Machine 0,asia,10,7,908,18,1
Machine 0,us,23,7,880,18,1
Machine 1,us,11,7,907,20,1
Machine 1,us,0,7,915,18,1
Machine 1,us,18,7,903,19,1
Machine 0,us,21,7,933,18,1
Machine 0,emea,81,7,926,18,1
Machine 0,emea,63,7,945,19,1
Machine 1,asia,35,7,941,21,1
Machine 0,asia,50,7,962,18,1
Machine 1,asia,15,7,986,21,1
Machine 0,emea,75,7,843,18,1
Machine 0,asia,22,7,916,21,1
Machine 1,asia,49,7,960,20,1
Machine 0,emea,52,7,997,21,1
Machine 0,asia,88,6,1043,20,1
Machine 0,asia,36,7,1039,18,1
Machine 0,us,94,6,1057,20,1
Machine 1,asia,86,6,1134,19,1
Machine 1,asia,1,7,1128,21,1
Machine 1,us,25,7,1109,21,1
Machine 0,emea,67,7,437,20,1
Machine 0,asia,5,7,1112,21,1
Machine 1,us,40,7,995,21,1
Machine 1,asia,4,7,1196,21,1
Machine 1,asia,38,7,791,21,1
Machine 0,us,45,7,450,19,1
Machine 1,us,26,7,644,19,1
Machine 0,asia,47,7,1257,20,1
Machine 0,asia,72,7,608,19,1
Machine 0,emea,61,7,532,21,1
Machine 0,us,9,7,458,19,1
Machine 0,emea,34,7,451,21,1
Machine 0,us,19,7,552,21,1
Machine 1,us,53,7,626,21,1
Machine 0,us,99,6,624,19,1
Machine 1,asia,59,7,672,20,1
Machine 0,asia,73,7,675,18,1
Machine 1,us,42,7,587,19,1
Machine 1,asia,54,7,686,18,1
Machine 0,emea,33,7,496,18,1
Machine 0,asia,28,7,798,19,1
Machine 0,asia,68,7,650,18,1
Machine 0,emea,12,7,640,18,1
Machine 0,us,56,7,654,18,1
Machine 1,us,20,7,697,20,1
Machine 0,us,91,7,646,20,1
Machine 1,asia,13,7,736,20,1
Machine 1,asia,89,7,778,20,1
Machine 0,emea,44,7,787,21,1
Machine 0,us,51,7,757,18,1
Machine 1,asia,71,7,779,18,1
Machine 1,us,43,7,695,20,1
Machine 0,asia,87,7,812,21,1
Machine 1,us,31,7,817,21,1
Machine 0,emea,39,7,812,19,1
Machine 1,asia,79,7,859,21,1
Machine 1,us,66,7,853,18,1
Machine 0,us,77,7,776,19,1
Machine 0,asia,95,7,837,20,1
Machine 0,emea,76,7,797,21,1
Machine 0,emea,29,7,858,21,1
Machine 0,asia,41,7,873,19,1
Machine 1,us,70,7,881,20,1
Machine 0,us,7,7,905,19,1
Machine 1,asia,65,7,877,19,1
Machine 0,emea,92,7,411,18,1
Machine 0,us,46,7,906,19,1
Machine 0,asia,74,7,945,18,1
Machine 1,us,57,7,647,21,1
Machine 1,asia,84,7,945,20,1
Machine 0,asia,48,7,957,21,1
Machine 1,us,85,7,487,20,1
Machine 0,emea,17,7,474,20,1
Machine 0,us,78,7,457,19,1
Machine 0,emea,8,8,455,19,1
Machine 0,asia,69,7,588,20,1
Machine 0,us,93,7,572,20,1
Machine 1,us,82,7,543,18,1
Machine 0,asia,60,7,626,18,1
Machine 1,asia,30,7,667,21,1
Machine 0,emea,2,8,362,21,1
Machine 0,us,80,7,517,18,1
Machine 1,us,97,7,663,20,1
Machine 0,emea,98,7,416,21,1
Machine 1,asia,58,7,702,19,1
Machine 0,us,27,8,448,21,1
Machine 1,asia,24,8,552,18,1
Machine 0,emea,14,8,346,18,1
Machine 1,us,37,8,515,19,1
Machine 0,asia,83,7,747,20,1
Machine 1,asia,62,7,575,21,1
Machine 1,asia,6,8,632,20,1
Machine 0,asia,64,7,646,18,1
Machine 0,us,90,7,459,20,1
Machine 0,asia,96,7,682,18,1
Machine 0,us,16,8,633,20,1
Machine 1,asia,3,8,574,18,1
Machine 1,us,55,8,677,20,1
Machine 0,us,18,8,520,19,1
Machine 1,us,10,8,539,18,1
Machine 0,asia,32,8,648,20,1
Machine 0,emea,0,8,563,21,1
Machine 0,us,52,8,464,20,1
Machine 0,us,50,8,557,21,1
Machine 1,asia,11,8,594,20,1
Machine 0,emea,35,8,591,18,1
Machine 1,us,21,8,593,20,1
Machine 0,emea,86,7,375,21,1
Machine 0,asia,23,8,608,21,1
Machine 0,us,1,8,501,21,1
Machine 0,emea,49,8,532,19,1
Machine 0,asia,81,8,638,18,1
Machine 1,us,15,8,621,18,1
Machine 1,asia,63,8,627,21,1
Machine 1,us,88,7,595,18,1
Machine 0,asia,75,8,691,18,1
Machine 1,asia,22,8,647,20,1
Machine 0,us,4,8,514,18,1
Machine 0,emea,40,8,498,19,1
Machine 1,asia,94,7,675,21,1
Machine 1,us,38,8,488,21,1
Machine 0,asia,67,8,583,20,1
Machine 1,us,25,8,541,18,1
Machine 1,asia,5,8,585,19,1
Machine 0,asia,36,8,748,18,1
Machine 0,emea,47,8,475,19,1
Machine 0,emea,42,8,532,21,1
Machine 0,us,54,8,521,18,1
Machine 0,us,72,8,578,21,1
Machine 0,us,56,8,518,19,1
Machine 1,us,61,8,549,18,1
Machine 0,emea,19,8,644,18,1
Machine 1,us,99,7,642,19,1
Machine 0,emea,12,8,589,19,1
Machine 1,us,33,8,634,21,1
Machine 0,emea,89,8,485,19,1
Machine 1,us,20,8,530,20,1
Machine 0,asia,9,8,692,18,1
Machine 1,us,51,8,539,21,1
Machine 1,asia,26,8,777,20,1
Machine 0,us,44,8,592,19,1
Machine 1,asia,34,8,752,21,1
Machine 0,asia,45,8,767,18,1
Machine 1,asia,13,8,606,19,1
Machine 0,asia,59,8,794,19,1
Machine 0,asia,28,8,784,21,1
Machine 0,emea,87,8,436,19,1
Machine 0,us,53,8,767,21,1
Machine 0,asia,91,8,639,18,1
Machine 0,us,31,8,482,19,1
Machine 1,asia,43,8,645,18,1
Machine 1,asia,73,8,848,20,1
Machine 1,us,39,8,504,21,1
Machine 0,asia,71,8,649,19,1
Machine 1,asia,68,8,866,21,1
Machine 0,emea,77,8,488,21,1
Machine 0,emea,74,8,526,21,1
Machine 0,us,95,8,598,21,1
Machine 1,us,65,8,579,19,1
Machine 0,us,57,8,633,20,1
Machine 1,us,84,8,591,21,1
Machine 0,emea,70,8,593,18,1
Machine 0,asia,29,8,768,18,1
Machine 0,us,7,8,768,18,1
Machine 1,asia,41,8,752,21,1
Machine 0,asia,92,8,784,20,1
Machine 1,asia,66,8,834,19,1
Machine 1,us,76,8,791,18,1
Machine 0,asia,79,8,933,18,1
Machine 1,asia,46,8,796,19,1
Machine 0,emea,17,8,596,20,1
Machine 0,emea,82,8,590,19,1
Machine 0,asia,48,8,782,21,1
Machine 1,us,30,8,600,19,1
Machine 1,us,8,9,636,20,1
Machine 0,emea,97,8,623,18,1
Machine 0,asia,69,8,662,19,1
Machine 1,asia,85,8,662,18,1
Machine 0,emea,14,9,670,19,1
Machine 0,us,78,8,668,19,1
Machine 1,us,58,8,729,20,1
Machine 1,asia,93,8,746,21,1
Machine 0,emea,64,8,719,21,1
Machine 0,us,98,8,733,19,1
Machine 0,us,37,9,753,20,1
Machine 0,us,18,9,740,19,1
Machine 0,emea,86,8,688,21,1
Machine 0,us,60,8,803,20,1
Machine 1,asia,6,9,782,21,1
Machine 1,us,96,8,826,21,1
Machine 0,asia,27,9,821,19,1
Machine 1,asia,80,8,858,19,1
Machine 0,asia,16,9,863,18,1
Machine 0,us,23,9,734,21,1
Machine 1,us,83,8,898,21,1
Machine 0,asia,62,8,897,18,1
Machine 0,us,50,9,866,19,1
Machine 0,asia,2,9,939,18,1
Machine 1,asia,24,9,902,19,1
Machine 0,us,90,8,917,21,1
Machine 0,emea,55,9,925,20,1
Machine 0,emea,52,9,898,19,1
Machine 1,us,10,9,965,19,1
Machine 0,asia,32,9,912,19,1
Machine 1,asia,0,9,967,21,1
Machine 1,us,11,9,962,19,1
Machine 1,us,1,9,477,18,1
Machine 0,asia,35,9,1076,21,1
Machine 1,asia,21,9,697,21,1
Machine 0,emea,15,9,437,19,1
Machine 0,emea,4,9,487,20,1
Machine 0,us,40,9,528,18,1
Machine 0,us,63,9,532,18,1
Machine 0,emea,25,9,461,21,1
Machine 1,us,94,8,552,21,1
Machine 1,asia,81,9,607,21,1
Machine 1,us,88,8,570,19,1
Machine 1,asia,3,9,1168,18,1
Machine 0,emea,54,9,534,18,1
Machine 0,us,72,9,545,18,1
Machine 0,asia,75,9,639,21,1
Machine 1,us,36,9,608,20,1
Machine 1,asia,22,9,668,19,1
Machine 0,emea,9,9,355,21,1
Machine 0,asia,49,9,667,18,1
Machine 0,emea,99,8,572,20,1
Machine 1,asia,67,9,703,19,1
Machine 1,us,56,9,678,21,1
Machine 0,us,12,9,468,20,1
Machine 0,us,5,9,695,19,1
Machine 1,asia,19,9,732,21,1
Machine 0,asia,47,9,793,19,1
Machine 0,us,51,9,522,18,1
Machine 0,asia,61,9,798,21,1
Machine 0,asia,38,9,817,21,1
Machine 1,us,26,9,488,21,1
Machine 1,asia,20,9,598,18,1
Machine 1,us,33,9,636,20,1
Machine 1,asia,42,9,898,19,1
Machine 0,asia,89,9,639,18,1
Machine 1,us,59,9,501,18,1
Machine 1,asia,34,9,606,18,1
Machine 0,emea,45,9,448,20,1
Machine 0,emea,39,9,478,20,1
Machine 0,us,13,9,676,21,1
Machine 1,us,31,9,552,19,1
Machine 0,asia,28,9,684,18,1
Machine 1,asia,87,9,615,20,1
Machine 0,us,7,9,673,20,1
Machine 0,asia,44,9,847,19,1
Machine 1,us,68,9,702,19,1
Machine 0,us,91,9,740,18,1
Machine 0,asia,77,9,726,20,1
Machine 1,asia,73,9,737,18,1
Machine 0,emea,53,9,758,21,1
Machine 0,emea,95,9,794,21,1
Machine 0,asia,43,9,805,19,1
Machine 0,emea,29,9,733,21,1
Machine 0,us,79,9,776,18,1
Machine 1,us,41,9,814,20,1
Machine 0,us,71,9,818,19,1
Machine 1,us,46,9,792,18,1
Machine 1,asia,66,9,811,21,1
Machine 1,us,57,9,825,20,1
Machine 0,asia,84,9,826,18,1
Machine 0,emea,76,9,823,18,1
Machine 0,emea,48,9,705,19,1
Machine 0,asia,17,9,834,19,1
Machine 0,asia,92,9,854,21,1
Machine 0,us,14,10,498,20,1
Machine 0,us,65,9,915,21,1
Machine 1,asia,70,9,914,19,1
Machine 1,asia,74,9,995,21,1
Machine 1,us,8,10,608,21,1
Machine 0,us,30,9,654,21,1
Machine 1,asia,69,9,648,19,1
Machine 0,emea,85,9,673,19,1
Machine 0,emea,60,9,659,18,1
Machine 0,asia,97,9,717,21,1
Machine 1,asia,82,9,979,18,1
Machine 0,emea,64,9,698,19,1
Machine 0,emea,16,10,708,19,1
Machine 1,us,96,9,715,20,1
Machine 0,asia,18,10,775,21,1
Machine 0,emea,2,10,540,18,1
Machine 1,us,37,10,779,19,1
Machine 1,asia,93,9,784,19,1
Machine 0,asia,58,9,832,21,1
Machine 1,us,78,9,836,20,1
Machine 0,us,6,10,794,20,1
Machine 0,us,24,10,690,20,1
Machine 1,us,83,9,783,18,1
Machine 0,us,98,9,839,20,1
Machine 0,us,23,10,819,19,1
Machine 0,asia,27,10,852,18,1
Machine 1,asia,86,9,890,20,1
Machine 0,emea,10,10,465,19,1
Machine 0,asia,62,9,762,20,1
Machine 1,asia,80,9,929,20,1
Machine 1,asia,50,10,826,18,1
Machine 0,us,32,10,549,18,1
Machine 0,emea,35,10,394,20,1
Machine 1,us,90,9,638,21,1
Machine 0,asia,55,10,592,20,1
Machine 1,asia,52,10,617,20,1
Machine 1,us,0,10,550,21,1
Machine 0,us,21,10,497,20,1
Machine 1,us,15,10,488,18,1
Machine 1,asia,1,10,604,18,1
Machine 0,emea,63,10,446,20,1
Machine 0,asia,11,10,652,21,1
Machine 0,emea,3,10,395,21,1
Machine 1,asia,88,9,598,21,1
Machine 1,asia,40,10,668,18,1
Machine 0,us,9,10,499,20,1
Machine 0,emea,22,10,478,18,1
Machine 0,asia,4,10,620,18,1
Machine 0,asia,81,10,698,18,1
Machine 0,us,25,10,531,18,1
Machine 1,us,94,9,557,21,1
Machine 1,asia,36,10,606,20,1
Machine 1,us,72,10,548,18,1
Machine 0,us,54,10,547,19,1
Machine 1,us,49,10,549,21,1
Machine 0,us,12,10,460,18,1
Machine 0,asia,75,10,700,19,1
Machine 0,emea,51,10,529,19,1
Machine 0,asia,99,9,683,19,1
Machine 1,asia,67,10,628,20,1
Machine 1,us,5,10,589,21,1
Machine 0,emea,33,10,597,20,1
Machine 1,us,38,10,609,21,1
Machine 1,asia,47,10,692,19,1
Machine 0,emea,56,10,622,21,1
Machine 1,asia,20,10,710,21,1
Machine 0,us,61,10,684,19,1
Machine 1,us,89,10,707,18,1
Machine 0,asia,19,10,750,21,1
Machine 0,us,42,10,736,18,1
Machine 0,emea,45,10,700,21,1
Machine 0,asia,26,10,746,21,1
Machine 0,emea,77,10,467,18,1
Machine 1,asia,34,10,756,18,1
Machine 0,us,39,10,770,20,1
Machine 0,emea,87,10,708,19,1
Machine 1,asia,28,10,762,20,1
Machine 0,us,73,10,445,18,1
Machine 1,us,13,10,828,18,1
Machine 0,asia,68,10,778,18,1
Machine 1,us,44,10,793,19,1
Machine 0,us,7,10,799,20,1
Machine 0,us,79,10,420,18,1
Machine 1,us,53,10,544,18,1
Machine 0,asia,59,10,873,18,1
Machine 1,us,41,10,528,20,1
Machine 1,asia,91,10,860,19,1
Machine 0,asia,95,10,632,20,1
Machine 0,asia,31,10,953,18,1
Machine 0,emea,17,10,597,19,1
Machine 0,asia,71,10,601,18,1
Machine 1,us,84,10,634,20,1
Machine 0,emea,66,10,626,18,1
Machine 0,emea,29,10,650,18,1
Machine 0,us,57,10,667,21,1
Machine 0,us,92,10,638,21,1
Machine 0,emea,30,10,407,19,1
Machine 1,asia,46,10,748,21,1
Machine 1,asia,43,10,779,20,1
Machine 0,emea,82,10,443,20,1
Machine 0,asia,70,10,699,18,1
Machine 1,asia,48,10,766,21,1
Machine 0,asia,76,10,779,20,1
Machine 1,us,65,10,738,19,1
Machine 1,asia,74,10,674,19,1
Machine 0,us,83,10,485,19,1
Machine 1,us,85,10,547,18,1
Machine 0,us,69,10,575,18,1
Machine 0,emea,80,10,535,19,1
Machine 1,us,88,10,540,18,1
Machine 1,us,96,10,577,18,1
Machine 0,emea,78,10,575,20,1
Machine 0,us,64,10,594,21,1
Machine 1,asia,58,10,641,20,1
Machine 1,us,98,10,649,20,1
Machine 0,asia,86,10,651,19,1
Machine 0,asia,93,10,669,20,1
Machine 0,us,90,10,644,18,1
Machine 1,asia,97,10,715,20,1
Machine 1,asia,99,10,649,18,1
Machine 0,asia,60,10,768,21,1
Machine 1,asia,62,10,742,21,1
Machine 0,asia,94,10,732,19,1
