Machine 0,emea,20,1,381,19,1
Machine 0,emea,0,1,396,20,1
Machine 1,us,17,1,489,20,1
Machine 1,us,27,1,561,19,1
Machine 0,us,6,1,602,20,1
Machine 1,us,2,1,673,20,1
Machine 0,us,16,1,694,18,1
Machine 0,us,26,1,738,21,1
Machine 1,us,7,1,818,18,1
Machine 0,us,1,1,835,18,1
Machine 0,asia,18,1,895,21,1
Machine 1,us,22,1,845,19,1
Machine 0,emea,25,1,908,21,1
Machine 1,asia,19,1,990,20,1
Machine 0,emea,10,1,1136,18,1
Machine 0,emea,35,1,1033,19,1
Machine 0,asia,8,1,1212,19,1
Machine 0,asia,23,1,1372,18,1
Machine 0,emea,45,1,1333,18,1
Machine 0,asia,3,1,1379,19,1
Machine 0,us,11,1,1286,19,1
Machine 1,asia,9,1,1395,18,1
Machine 1,us,32,1,1357,19,1
Machine 1,us,12,1,1419,21,1
Machine 1,asia,14,1,1499,21,1
Machine 1,us,52,1,1560,21,1
Machine 0,emea,40,1,1772,19,1
Machine 0,asia,28,1,1632,18,1
Machine 0,asia,43,1,1759,20,1
Machine 0,us,61,1,1761,19,1
Machine 1,asia,29,1,1579,19,1
Machine 0,us,41,1,1817,18,1
Machine 0,asia,13,1,1895,19,1
Machine 0,asia,33,1,1847,18,1
Machine 1,asia,49,1,1903,20,1
Machine 1,asia,4,1,1954,20,1
Machine 0,us,21,1,1973,19,1
Machine 1,asia,34,1,1923,21,1
Machine 1,asia,24,1,1919,18,1
Machine 0,emea,75,1,1864,19,1
Machine 0,us,56,1,1905,18,1
Machine 0,asia,38,1,1905,21,1
Machine 0,emea,15,1,2013,21,1
Machine 0,us,31,1,2013,20,1
Machine 1,us,62,1,2060,21,1
Machine 0,asia,53,1,2086,18,1
Machine 1,us,42,1,2085,19,1
Machine 0,us,36,1,2028,20,1
Machine 1,us,47,1,2133,18,1
Machine 1,us,67,1,2014,21,1
Machine 1,us,37,1,2152,21,1
Machine 0,emea,5,1,2180,19,1
Machine 0,us,51,1,2115,21,1
Machine 0,asia,68,1,2163,20,1
Machine 0,emea,70,1,2159,20,1
Machine 1,asia,64,1,2131,21,1
Machine 1,us,82,1,2204,19,1
Machine 1,asia,39,1,2328,19,1
Machine 0,asia,48,1,2260,19,1
Machine 1,asia,59,1,2244,19,1
Machine 0,emea,60,1,2243,21,1
Machine 1,asia,44,1,2322,18,1
Machine 1,asia,54,1,2338,20,1
Machine 1,us,217,1,1617,19,1
Machine 0,emea,30,1,2367,21,1
Machine 0,emea,55,1,2363,20,1
Machine 0,asia,58,1,2331,18,1
Machine 0,emea,50,1,2374,20,1
Machine 0,emea,80,1,2371,18,1
Machine 0,us,46,1,2409,18,1
Machine 0,us,86,1,2149,19,1
Machine 1,us,77,1,2435,20,1
Machine 1,us,167,1,1814,19,1
Machine 0,us,221,1,1796,20,1
Machine 0,us,236,1,1882,19,1
Machine 0,emea,65,1,2518,21,1
Machine 0,us,81,1,2498,18,1
Machine 0,emea,90,1,2278,18,1
Machine 1,asia,174,1,1888,20,1
Machine 0,asia,158,1,1924,20,1
Machine 1,us,72,1,2509,20,1
Machine 1,asia,209,1,1935,19,1
Machine 1,us,227,1,1926,20,1
Machine 1,us,57,1,2590,20,1
Machine 1,us,242,1,1982,18,1
Machine 0,us,66,1,2564,19,1
Machine 0,asia,188,1,1944,20,1
Machine 0,emea,105,1,1869,21,1
Machine 1,us,127,1,1971,20,1
Machine 0,asia,153,1,1941,21,1
Machine 0,us,71,1,2602,20,1
Machine 0,emea,115,1,1996,20,1
Machine 0,asia,178,1,1903,21,1
Machine 1,asia,84,1,2570,20,1
Machine 1,asia,79,1,2635,20,1
Machine 1,us,177,1,1197,19,1
Machine 1,us,107,1,1922,18,1
Machine 0,us,76,1,2617,18,1
Machine 1,us,157,1,1979,18,1
Machine 1,us,162,1,1969,21,1
Machine 1,asia,124,1,1993,21,1
Machine 1,asia,74,1,2688,21,1
Machine 0,asia,63,1,2809,19,1
Machine 0,emea,190,1,1945,21,1
Machine 0,asia,168,1,2110,21,1
Machine 0,asia,213,1,2093,21,1
Machine 1,us,237,1,2135,18,1
Machine 0,us,101,1,2165,20,1
Machine 1,asia,139,1,2119,20,1
Machine 0,emea,85,1,2715,20,1
Machine 0,emea,200,1,2092,21,1
Machine 0,asia,78,1,2744,18,1
Machine 1,us,192,1,2165,18,1
Machine 0,asia,88,1,2739,19,1
Machine 0,us,96,1,2305,20,1
Machine 0,us,106,1,2139,20,1
Machine 1,asia,214,1,2141,20,1
Machine 0,emea,95,1,2248,18,1
Machine 0,emea,165,1,2060,18,1
Machine 0,emea,145,1,2111,21,1
Machine 0,asia,108,1,2217,21,1
Machine 1,us,92,1,2495,20,1
Machine 0,us,186,1,2199,18,1
Machine 1,us,212,1,2238,21,1
Machine 0,asia,228,1,2289,20,1
Machine 0,asia,93,1,2688,19,1
Machine 1,us,87,1,2547,19,1
Machine 1,us,112,1,934,19,1
Machine 1,asia,94,1,2754,19,1
Machine 0,emea,220,1,1764,20,1
Machine 0,emea,245,1,825,20,1
Machine 0,emea,100,1,2519,20,1
Machine 0,emea,205,1,2199,20,1
Machine 1,asia,179,1,2418,20,1
Machine 0,asia,83,1,3097,21,1
Machine 0,us,91,1,2526,20,1
Machine 0,us,156,1,1376,20,1
Machine 1,us,97,1,2730,21,1
Machine 1,us,247,1,2216,18,1
Machine 0,us,121,1,1934,18,1
Machine 1,asia,99,1,2595,19,1
Machine 0,emea,110,1,2482,21,1
Machine 0,asia,73,1,3173,20,1
Machine 0,emea,230,1,2509,21,1
Machine 0,us,241,1,2635,18,1
Machine 1,asia,69,1,3225,20,1
Machine 1,asia,89,1,2975,20,1
Machine 0,emea,120,1,700,18,1
Machine 1,asia,104,1,2640,20,1
Machine 0,asia,98,1,2684,18,1
Machine 0,asia,183,1,2790,18,1
Machine 0,emea,235,1,780,18,1
Machine 0,asia,123,1,2782,21,1
Machine 1,asia,129,1,2787,19,1
Machine 1,asia,164,1,2688,18,1
Machine 0,emea,225,1,768,18,1
Machine 0,emea,130,1,829,18,1
Machine 1,us,207,1,802,20,1
Machine 1,us,147,1,807,19,1
Machine 0,emea,185,1,926,21,1
Machine 1,us,132,1,860,20,1
Machine 0,emea,195,1,931,18,1
Machine 1,asia,109,1,2944,19,1
Machine 1,asia,239,1,1009,20,1
Machine 0,asia,193,1,1092,18,1
Machine 0,emea,160,1,883,20,1
Machine 0,emea,150,1,837,21,1
Machine 1,asia,224,1,989,21,1
Machine 0,us,171,1,944,20,1
Machine 1,us,172,1,992,18,1
Machine 0,us,246,1,1024,19,1
Machine 0,us,226,1,1011,18,1
Machine 0,asia,133,1,1057,18,1
Machine 1,asia,219,1,1233,18,1
Machine 0,asia,218,1,1122,19,1
Machine 0,us,206,1,1035,21,1
Machine 1,asia,149,1,1154,21,1
Machine 0,asia,208,1,1238,19,1
Machine 0,asia,148,1,1203,18,1
Machine 0,us,151,1,1131,21,1
Machine 0,us,126,1,1298,18,1
Machine 0,asia,238,1,1232,19,1
Machine 0,emea,135,1,468,19,1
Machine 0,us,141,1,1235,18,1
Machine 0,asia,128,1,1242,19,1
Machine 1,asia,189,1,1159,18,1
Machine 0,us,111,1,520,20,1
Machine 0,us,216,1,600,18,1
Machine 0,asia,143,1,1310,19,1
Machine 0,emea,180,1,581,20,1
Machine 0,us,196,1,593,18,1
Machine 0,us,131,1,582,21,1
Machine 1,us,122,1,601,18,1
Machine 1,asia,249,1,1359,19,1
Machine 1,asia,229,1,1342,19,1
Machine 1,asia,114,1,1401,18,1
Machine 1,asia,119,1,1402,18,1
Machine 0,emea,215,1,639,18,1
Machine 0,emea,155,1,644,20,1
Machine 0,us,146,1,653,21,1
Machine 0,asia,198,1,914,18,1
Machine 0,us,181,1,681,21,1
Machine 0,asia,113,1,1399,18,1
Machine 0,emea,125,1,704,20,1
Machine 1,us,102,1,697,22,1
Machine 0,us,201,1,743,20,1
Machine 0,asia,223,1,739,20,1
Machine 0,emea,0,2,678,18,1
Machine 1,us,152,1,743,19,1
Machine 0,us,231,1,714,20,1
Machine 0,asia,248,1,833,18,1
Machine 1,us,187,1,740,21,1
Machine 1,us,17,2,784,19,1
Machine 1,us,222,1,821,21,1
Machine 1,us,142,1,797,20,1
Machine 1,us,182,1,782,19,1
Machine 0,us,16,2,792,21,1
Machine 0,us,6,2,820,21,1
Machine 1,asia,184,1,902,20,1
Machine 1,us,27,2,823,18,1
Machine 1,asia,204,1,913,20,1
Machine 0,us,1,2,757,19,1
Machine 1,us,137,1,861,21,1
Machine 1,us,2,2,911,19,1
Machine 1,asia,134,1,1017,21,1
Machine 0,us,26,2,1024,18,1
Machine 1,us,7,2,946,18,1
Machine 1,us,22,2,960,19,1
Machine 0,us,176,1,548,19,1
Machine 1,us,117,1,1103,20,1
Machine 0,us,211,1,949,19,1
Machine 0,asia,103,1,1103,18,1
Machine 0,emea,175,1,447,20,1
Machine 0,asia,18,2,1062,21,1
Machine 0,us,191,1,551,21,1
Machine 1,us,197,1,439,19,1
Machine 1,us,232,1,678,18,1
Machine 0,us,166,1,499,18,1
Machine 0,asia,203,1,961,19,1
Machine 1,asia,244,1,834,18,1
Machine 0,emea,240,1,546,19,1
Machine 1,asia,194,1,822,20,1
Machine 0,asia,243,1,963,18,1
Machine 0,emea,140,1,595,18,1
Machine 0,emea,170,1,611,20,1
Machine 0,asia,118,1,669,18,1
Machine 0,us,136,1,616,20,1
Machine 0,us,116,1,645,19,1
Machine 1,asia,234,1,692,21,1
Machine 1,us,202,1,652,18,1
Machine 0,emea,20,2,668,19,1
Machine 1,asia,199,1,767,21,1
Machine 1,asia,169,1,851,20,1
Machine 0,asia,233,1,828,20,1
Machine 0,us,161,1,777,21,1
Machine 1,asia,144,1,820,20,1
Machine 0,asia,173,1,851,18,1
Machine 0,emea,210,1,848,21,1
Machine 0,emea,25,2,476,21,1
Machine 0,emea,10,2,471,19,1
Machine 0,emea,35,2,471,21,1
Machine 0,asia,138,1,800,20,1
Machine 1,asia,154,1,695,20,1
Machine 0,emea,40,2,481,19,1
Machine 1,asia,159,1,673,20,1
Machine 0,us,61,2,532,20,1
Machine 0,emea,45,2,575,21,1
Machine 0,asia,8,2,648,20,1
Machine 0,us,11,2,654,19,1
Machine 0,asia,163,1,703,21,1
Machine 1,asia,19,2,729,18,1
Machine 0,asia,23,2,791,21,1
Machine 1,asia,14,2,783,20,1
Machine 1,us,32,2,776,21,1
Machine 1,us,12,2,799,21,1
Machine 0,asia,28,2,871,18,1
Machine 1,us,52,2,815,18,1
Machine 0,asia,3,2,903,21,1
Machine 0,asia,43,2,853,19,1
Machine 0,us,21,2,751,21,1
Machine 0,emea,5,2,443,18,1
Machine 0,us,41,2,897,18,1
Machine 0,us,31,2,589,20,1
Machine 0,us,56,2,565,19,1
Machine 0,emea,15,2,899,20,1
Machine 1,asia,49,2,912,18,1
Machine 1,asia,29,2,920,19,1
Machine 0,asia,13,2,972,20,1
Machine 0,asia,33,2,697,18,1
Machine 1,asia,34,2,995,19,1
Machine 1,asia,4,2,1047,20,1
Machine 1,us,62,2,634,20,1
Machine 1,asia,9,2,1038,20,1
Machine 0,asia,38,2,879,18,1
Machine 0,emea,75,2,1081,19,1
Machine 0,emea,30,2,638,20,1
Machine 1,us,37,2,666,21,1
Machine 1,us,42,2,687,21,1
Machine 0,emea,70,2,696,20,1
Machine 1,asia,24,2,775,18,1
Machine 0,asia,53,2,741,20,1
Machine 1,us,217,2,748,21,1
Machine 0,us,36,2,747,19,1
Machine 1,us,67,2,797,21,1
Machine 1,us,47,2,804,21,1
Machine 0,us,51,2,766,20,1
Machine 1,us,82,2,794,20,1
Machine 1,asia,59,2,841,20,1
Machine 1,us,57,2,794,20,1
Machine 0,emea,115,2,795,20,1
Machine 0,us,236,2,848,20,1
Machine 0,emea,55,2,863,20,1
Machine 1,us,227,2,831,21,1
Machine 0,emea,80,2,886,20,1
Machine 1,asia,54,2,940,21,1
Machine 1,us,77,2,928,21,1
Machine 0,us,81,2,919,19,1
Machine 0,asia,68,2,1010,18,1
Machine 1,asia,39,2,977,19,1
Machine 1,us,72,2,897,21,1
Machine 0,emea,60,2,884,18,1
Machine 0,emea,65,2,907,19,1
Machine 1,asia,44,2,955,18,1
Machine 1,asia,64,2,1005,21,1
Machine 0,us,66,2,899,19,1
Machine 1,us,242,2,941,21,1
Machine 0,asia,188,2,964,20,1
Machine 0,emea,50,2,989,21,1
Machine 0,emea,90,2,988,19,1
Machine 0,us,71,2,966,20,1
Machine 0,us,46,2,1064,19,1
Machine 0,us,76,2,1051,20,1
Machine 0,emea,200,2,543,19,1
Machine 0,asia,153,2,1066,19,1
Machine 1,us,157,2,1027,19,1
Machine 0,asia,58,2,1119,21,1
Machine 0,asia,48,2,1124,21,1
Machine 1,asia,174,2,1122,29,1
Machine 1,us,127,2,1089,21,1
Machine 1,us,162,2,954,20,1
Machine 1,us,107,2,1107,20,1
Machine 0,asia,158,2,1171,20,1
Machine 1,us,177,2,633,18,1
Machine 1,asia,79,2,863,18,1
Machine 0,emea,95,2,451,21,1
Machine 0,emea,165,2,493,19,1
Machine 0,asia,63,2,1002,21,1
Machine 0,emea,85,2,474,19,1
Machine 0,emea,120,2,434,20,1
Machine 1,us,192,2,508,18,1
Machine 1,asia,209,2,1279,18,1
Machine 0,asia,213,2,648,21,1
Machine 0,emea,110,2,537,19,1
Machine 0,emea,185,2,573,21,1
Machine 1,asia,124,2,889,19,1
Machine 0,asia,168,2,736,20,1
Machine 1,asia,104,2,703,20,1
Machine 0,asia,73,2,710,19,1
Machine 1,asia,214,2,717,20,1
Machine 1,us,172,2,592,19,1
Machine 0,emea,160,2,597,21,1
Machine 0,asia,108,2,789,21,1
Machine 0,asia,88,2,840,20,1
Machine 1,asia,179,2,793,20,1
Machine 0,us,226,2,550,20,1
Machine 0,asia,183,2,810,21,1
Machine 0,asia,193,2,762,19,1
Machine 1,us,132,2,761,19,1
Machine 0,emea,150,2,745,18,1
Machine 0,emea,130,2,819,19,1
Machine 0,asia,228,2,855,20,1
Machine 1,asia,109,2,1001,18,1
Machine 0,asia,123,2,916,19,1
Machine 1,asia,69,2,848,20,1
Machine 1,asia,129,2,1037,21,1
Machine 1,asia,219,2,717,18,1
Machine 1,us,147,2,910,20,1
Machine 1,asia,74,2,1130,18,1
Machine 1,asia,239,2,917,19,1
Machine 0,us,216,2,752,20,1
Machine 0,us,246,2,780,21,1
Machine 0,us,131,2,755,20,1
Machine 0,emea,135,2,756,20,1
Machine 1,us,102,2,736,20,1
Machine 1,us,122,2,769,20,1
Machine 0,emea,155,2,737,18,1
Machine 0,asia,148,2,834,19,1
Machine 0,asia,133,2,852,20,1
Machine 0,emea,0,3,793,20,1
Machine 1,us,182,2,815,18,1
Machine 0,emea,125,2,875,18,1
Machine 0,asia,218,2,944,19,1
Machine 0,us,181,2,929,20,1
Machine 0,us,1,3,890,19,1
Machine 1,asia,224,2,1111,21,1
Machine 0,emea,230,2,910,19,1
Machine 0,us,241,2,948,21,1
Machine 1,asia,99,2,949,19,1
Machine 0,emea,235,2,897,19,1
Machine 0,asia,223,2,1010,18,1
Machine 1,us,152,2,1020,21,1
Machine 0,asia,198,2,1029,20,1
Machine 0,us,231,2,1044,18,1
Machine 1,asia,249,2,1136,18,1
Machine 1,us,17,3,1061,18,1
Machine 0,asia,248,2,1088,18,1
Machine 1,us,2,3,1008,18,1
Machine 1,us,187,2,1118,20,1
Machine 0,emea,170,2,1069,18,1
Machine 1,us,222,2,1116,18,1
Machine 0,us,16,3,1074,18,1
Machine 1,asia,114,2,1154,18,1
Machine 0,us,26,3,1109,21,1
Machine 0,asia,118,2,1137,21,1
Machine 1,asia,234,2,1085,21,1
Machine 1,asia,229,2,1215,19,1
Machine 0,us,201,2,1189,18,1
Machine 1,asia,184,2,1109,18,1
Machine 1,us,27,3,1110,20,1
Machine 0,emea,25,3,490,20,1
Machine 0,us,161,2,685,19,1
Machine 0,asia,113,2,1305,18,1
Machine 1,us,202,2,1229,21,1
Machine 1,asia,204,2,1318,20,1
Machine 0,asia,98,2,1335,21,1
Machine 0,asia,138,2,668,19,1
Machine 0,us,206,2,689,20,1
Machine 0,us,61,3,799,21,1
Machine 1,asia,199,2,1248,18,1
Machine 0,emea,40,3,641,19,1
Machine 0,emea,210,2,834,20,1
Machine 0,us,171,2,795,20,1
Machine 0,us,151,2,825,19,1
Machine 0,emea,45,3,805,18,1
Machine 0,emea,195,2,802,20,1
Machine 1,asia,149,2,821,18,1
Machine 0,emea,35,3,873,19,1
Machine 0,us,126,2,797,21,1
Machine 0,emea,10,3,845,19,1
Machine 0,us,141,2,835,20,1
Machine 0,asia,173,2,904,19,1
Machine 1,asia,159,2,920,20,1
Machine 0,emea,180,2,880,20,1
Machine 0,emea,215,2,868,19,1
Machine 1,us,32,3,873,18,1
Machine 0,us,111,2,958,19,1
Machine 1,us,232,2,895,20,1
Machine 1,us,142,2,915,21,1
Machine 0,asia,163,2,934,20,1
Machine 1,asia,144,2,1056,19,1
Machine 0,asia,8,3,992,18,1
Machine 1,asia,154,2,1066,19,1
Machine 1,asia,189,2,1023,19,1
Machine 0,asia,208,2,1039,20,1
Machine 0,asia,143,2,1027,19,1
Machine 1,asia,14,3,1048,19,1
Machine 1,asia,19,3,1029,20,1
Machine 1,us,12,3,1004,19,1
Machine 0,us,11,3,1080,20,1
Machine 0,emea,240,2,1029,19,1
Machine 0,us,191,2,1092,18,1
Machine 1,us,7,3,1075,20,1
Machine 0,us,211,2,1161,20,1
Machine 1,us,137,2,1162,18,1
Machine 0,emea,5,3,689,20,1
Machine 0,us,146,2,1121,19,1
Machine 0,us,196,2,1192,19,1
Machine 1,us,117,2,1225,19,1
Machine 0,emea,140,2,1154,21,1
Machine 1,us,197,2,1254,21,1
Machine 0,asia,128,2,1295,20,1
Machine 0,asia,238,2,1327,21,1
Machine 0,asia,23,3,1315,21,1
Machine 1,us,22,3,562,19,1
Machine 1,asia,119,2,1371,20,1
Machine 0,us,166,2,640,19,1
Machine 1,asia,194,2,1339,18,1
Machine 0,asia,203,2,1385,20,1
Machine 0,emea,115,3,678,21,1
Machine 1,asia,134,2,1384,20,1
Machine 0,us,21,3,1244,19,1
Machine 0,emea,30,3,753,21,1
Machine 0,us,71,3,873,19,1
Machine 1,us,57,3,911,18,1
Machine 0,emea,20,3,785,21,1
Machine 1,us,37,3,826,18,1
Machine 0,emea,70,3,931,18,1
Machine 0,asia,18,3,1697,18,1
Machine 0,us,41,3,968,18,1
Machine 1,asia,49,3,1024,18,1
Machine 0,asia,13,3,1112,19,1
Machine 0,asia,243,2,1735,19,1
Machine 0,emea,95,3,1069,18,1
Machine 0,us,236,3,1081,19,1
Machine 1,us,242,3,1082,21,1
Machine 0,emea,80,3,1059,18,1
Machine 1,us,162,3,946,20,1
Machine 0,us,116,2,1145,19,1
Machine 0,emea,85,3,1047,20,1
Machine 1,asia,174,3,1120,21,1
Machine 1,us,127,3,1125,19,1
Machine 0,emea,55,3,1206,18,1
Machine 1,us,227,3,1220,18,1
Machine 1,asia,169,2,1222,20,1
Machine 0,us,106,2,1185,18,1
Machine 1,us,42,3,1292,18,1
Machine 1,us,82,3,1278,20,1
Machine 1,us,217,3,1285,21,1
Machine 0,emea,150,3,732,19,1
Machine 0,emea,120,3,1209,20,1
Machine 0,us,6,3,1202,20,1
Machine 1,us,212,2,1232,21,1
Machine 1,us,107,3,1280,18,1
Machine 0,asia,93,2,1237,19,1
Machine 0,asia,188,3,1295,21,1
Machine 0,emea,105,2,1273,21,1
Machine 1,asia,54,3,1304,18,1
Machine 0,emea,165,3,1293,20,1
Machine 0,asia,103,2,1379,20,1
Machine 0,asia,53,3,1369,21,1
Machine 1,us,177,3,1343,18,1
Machine 1,asia,39,3,1375,20,1
Machine 0,emea,220,2,1248,19,1
Machine 0,emea,190,2,1299,18,1
Machine 1,us,237,2,1383,21,1
Machine 1,asia,59,3,1473,20,1
Machine 1,asia,24,3,1500,18,1
Machine 1,asia,84,2,1341,19,1
Machine 0,us,226,3,1301,18,1
Machine 1,us,72,3,1369,20,1
Machine 0,emea,110,3,1399,19,1
Machine 0,us,101,2,1422,20,1
Machine 0,asia,48,3,1479,19,1
Machine 0,asia,78,2,1443,19,1
Machine 0,asia,178,2,1462,18,1
Machine 0,emea,100,2,1451,20,1
Machine 0,emea,205,2,1450,19,1
Machine 0,us,46,3,1526,19,1
Machine 0,us,186,2,1455,21,1
Machine 0,asia,213,3,1516,19,1
Machine 0,asia,58,3,1524,18,1
Machine 0,us,96,2,1510,20,1
Machine 0,asia,88,3,1452,19,1
Machine 1,us,192,3,1527,18,1
Machine 0,asia,193,3,1222,18,1
Machine 1,asia,79,3,1604,18,1
Machine 0,us,91,2,1581,18,1
Machine 0,emea,145,2,1596,21,1
Machine 1,us,97,2,1582,18,1
Machine 0,asia,158,3,1636,18,1
Machine 1,asia,139,2,1638,21,1
Machine 0,us,81,3,1597,18,1
Machine 1,asia,209,3,1689,20,1
Machine 1,us,92,2,1634,20,1
Machine 0,emea,245,2,1607,18,1
Machine 0,asia,63,3,1716,19,1
Machine 0,emea,130,3,735,18,1
Machine 1,asia,244,2,1672,21,1
Machine 0,us,156,2,1658,21,1
Machine 0,asia,68,3,1649,21,1
Machine 1,us,247,2,1669,21,1
Machine 1,asia,94,2,1733,20,1
Machine 0,asia,183,3,1461,21,1
Machine 1,asia,179,3,1733,19,1
Machine 0,emea,0,4,508,19,1
Machine 1,us,147,3,597,19,1
Machine 1,us,132,3,745,20,1
Machine 0,us,66,3,618,21,1
Machine 0,emea,65,3,630,18,1
Machine 1,asia,74,3,825,21,1
Machine 1,us,102,3,717,18,1
Machine 0,asia,133,3,760,19,1
Machine 1,asia,129,3,761,18,1
Machine 0,asia,83,2,1973,19,1
Machine 0,us,246,3,740,19,1
Machine 1,us,182,3,738,21,1
Machine 1,asia,69,3,774,20,1
Machine 0,emea,90,3,735,19,1
Machine 0,us,216,3,815,21,1
Machine 0,emea,60,3,726,20,1
Machine 0,emea,200,3,615,18,1
Machine 1,asia,64,3,889,19,1
Machine 0,asia,123,3,822,21,1
Machine 0,asia,228,3,1317,20,1
Machine 0,emea,125,3,744,18,1
Machine 1,asia,44,3,859,19,1
Machine 0,asia,148,3,863,21,1
Machine 0,emea,50,3,826,20,1
Machine 0,us,121,2,571,21,1
Machine 1,asia,219,3,817,21,1
Machine 0,emea,175,2,495,18,1
Machine 0,emea,185,3,484,20,1
Machine 1,us,87,2,505,18,1
Machine 1,us,157,3,521,21,1
Machine 0,us,176,2,584,19,1
Machine 0,asia,218,3,951,20,1
Machine 0,us,136,2,561,18,1
Machine 0,emea,155,3,1007,19,1
Machine 0,asia,153,3,664,19,1
Machine 0,us,241,3,623,21,1
Machine 0,emea,230,3,659,20,1
Machine 0,emea,235,3,538,19,1
Machine 1,asia,124,3,781,18,1
Machine 0,us,1,4,747,19,1
Machine 0,us,181,3,804,20,1
Machine 0,us,76,3,831,18,1
Machine 0,asia,168,3,831,21,1
Machine 0,emea,170,3,415,20,1
Machine 1,us,152,3,446,18,1
Machine 1,asia,99,3,818,20,1
Machine 1,asia,104,3,873,20,1
Machine 1,us,222,3,515,19,1
Machine 1,asia,224,3,857,18,1
Machine 0,us,16,4,561,18,1
Machine 1,us,17,4,528,21,1
Machine 0,us,231,3,605,21,1
Machine 0,asia,198,3,748,18,1
Machine 1,asia,249,3,641,19,1
Machine 1,us,27,4,618,18,1
Machine 1,us,2,4,596,19,1
Machine 1,us,187,3,655,19,1
Machine 0,asia,248,3,688,19,1
Machine 0,us,61,4,670,19,1
Machine 0,us,126,3,699,19,1
Machine 0,emea,35,4,671,19,1
Machine 1,asia,229,3,727,20,1
Machine 0,us,26,4,679,18,1
Machine 1,us,202,3,758,19,1
Machine 0,asia,118,3,775,18,1
Machine 0,emea,40,4,736,18,1
Machine 0,emea,45,4,763,18,1
Machine 0,emea,210,3,800,21,1
Machine 0,us,161,3,817,21,1
Machine 0,us,206,3,759,19,1
Machine 0,asia,98,3,841,21,1
Machine 0,emea,10,4,831,18,1
Machine 0,asia,223,3,837,20,1
Machine 0,us,141,3,842,21,1
Machine 0,asia,138,3,869,21,1
Machine 0,emea,180,3,832,20,1
Machine 0,us,151,3,857,21,1
Machine 0,emea,215,3,831,21,1
Machine 1,asia,204,3,880,20,1
Machine 1,asia,199,3,877,21,1
Machine 1,us,172,3,876,18,1
Machine 0,emea,195,3,876,21,1
Machine 1,us,122,3,780,18,1
Machine 0,us,171,3,893,20,1
Machine 1,us,32,4,878,20,1
Machine 0,emea,160,3,891,20,1
Machine 0,us,111,3,867,18,1
Machine 1,asia,159,3,952,18,1
Machine 1,us,232,3,894,21,1
Machine 1,us,142,3,918,21,1
Machine 0,us,131,3,825,20,1
Machine 1,asia,149,3,1080,18,1
Machine 0,asia,233,2,1027,18,1
Machine 0,emea,135,3,855,21,1
Machine 1,asia,154,3,905,21,1
Machine 0,asia,163,3,1076,19,1
Machine 0,asia,108,3,1064,21,1
Machine 0,asia,173,3,1097,19,1
Machine 1,asia,214,3,1218,19,1
Machine 1,us,52,3,660,21,1
Machine 1,asia,144,3,1114,21,1
Machine 1,us,62,3,474,18,1
Machine 1,asia,239,3,1129,18,1
Machine 0,asia,8,4,1062,19,1
Machine 0,asia,28,3,952,21,1
Machine 1,asia,189,3,996,18,1
Machine 0,asia,43,3,943,19,1
Machine 1,asia,14,4,753,18,1
Machine 0,asia,208,3,984,20,1
Machine 0,asia,143,3,1085,19,1
Machine 1,asia,19,4,722,20,1
Machine 0,us,56,3,632,21,1
Machine 0,emea,15,3,593,20,1
Machine 0,asia,3,3,1065,20,1
Machine 1,asia,109,3,1352,18,1
Machine 0,emea,75,3,684,19,1
Machine 0,us,36,3,660,21,1
Machine 0,us,51,3,696,21,1
Machine 0,us,191,3,676,21,1
Machine 1,asia,34,3,790,21,1
Machine 0,us,201,3,773,20,1
Machine 0,us,31,3,817,19,1
Machine 1,us,77,3,772,20,1
Machine 0,us,146,3,762,20,1
Machine 0,emea,240,3,773,21,1
Machine 0,emea,140,3,780,18,1
Machine 0,emea,20,4,761,21,1
Machine 1,asia,29,3,898,19,1
Machine 0,us,71,4,771,21,1
Machine 1,us,12,4,913,19,1
Machine 0,us,211,3,841,20,1
Machine 1,asia,9,3,950,20,1
Machine 0,emea,70,4,822,20,1
Machine 1,us,197,3,891,18,1
Machine 1,asia,114,3,925,21,1
Machine 0,asia,38,3,975,18,1
Machine 1,us,22,4,901,21,1
Machine 0,us,166,3,919,19,1
Machine 1,asia,4,3,1006,21,1
Machine 0,emea,30,4,891,19,1
Machine 1,us,67,3,999,20,1
Machine 0,emea,120,4,590,21,1
Machine 0,asia,23,4,938,19,1
Machine 0,us,196,3,964,18,1
Machine 1,us,47,3,1022,19,1
Machine 0,asia,113,3,998,21,1
Machine 1,us,217,4,891,18,1
Machine 0,us,41,4,919,19,1
Machine 0,emea,55,4,908,19,1
Machine 0,asia,33,3,1085,18,1
Machine 0,emea,150,4,785,21,1
Machine 1,us,137,3,1003,19,1
Machine 0,asia,128,3,1002,21,1
Machine 1,asia,119,3,1014,18,1
Machine 0,us,6,4,651,20,1
Machine 1,us,7,4,1112,21,1
Machine 1,us,107,4,601,21,1
Machine 1,asia,194,3,1084,19,1
Machine 0,asia,203,3,1097,19,1
Machine 1,us,82,4,1040,20,1
Machine 1,us,42,4,1015,20,1
Machine 0,asia,238,3,1148,21,1
Machine 1,us,212,3,455,20,1
Machine 1,asia,134,3,1123,21,1
Machine 0,emea,105,3,424,21,1
Machine 0,asia,93,3,702,21,1
Machine 0,asia,188,4,591,19,1
Machine 1,us,177,4,596,18,1
Machine 0,us,226,4,682,19,1
Machine 0,us,11,4,662,18,1
Machine 1,asia,184,3,689,20,1
Machine 0,asia,103,3,773,18,1
Machine 0,us,86,2,793,19,1
Machine 0,asia,53,4,782,19,1
Machine 1,asia,54,4,795,21,1
Machine 0,emea,165,4,807,20,1
Machine 0,asia,48,4,841,20,1
Machine 1,us,72,4,859,20,1
Machine 0,asia,178,3,870,18,1
Machine 0,emea,110,4,879,20,1
Machine 0,emea,220,3,895,19,1
Machine 0,emea,100,3,934,21,1
Machine 0,asia,78,3,983,18,1
Machine 0,emea,205,3,926,21,1
Machine 1,us,192,4,1004,21,1
Machine 0,us,101,3,1095,18,1
Machine 0,emea,145,3,1046,20,1
Machine 1,us,92,3,857,18,1
Machine 0,asia,73,3,1227,21,1
Machine 0,us,91,3,1061,18,1
Machine 0,asia,213,4,1095,19,1
Machine 0,emea,245,3,907,19,1
Machine 0,us,46,4,1123,19,1
Machine 1,us,97,3,1070,21,1
Machine 1,us,247,3,917,19,1
Machine 0,us,66,4,912,18,1
Machine 0,us,246,4,949,21,1
Machine 1,us,147,4,967,18,1
Machine 1,asia,139,3,1084,20,1
Machine 1,us,87,3,982,18,1
Machine 0,us,156,3,984,18,1
Machine 0,us,136,3,985,21,1
Machine 1,us,102,4,1009,21,1
Machine 0,emea,130,4,1060,18,1
Machine 1,us,132,4,1044,19,1
Machine 0,asia,183,4,1046,19,1
Machine 0,asia,193,4,1243,19,1
Machine 0,emea,230,4,960,19,1
Machine 1,asia,129,4,1086,18,1
Machine 0,emea,155,4,993,21,1
Machine 1,asia,79,4,1280,20,1
Machine 1,us,57,4,1068,18,1
Machine 1,us,162,4,1099,18,1
Machine 0,asia,158,4,1325,18,1
Machine 1,us,157,4,1128,19,1
Machine 1,us,37,4,1141,20,1
Machine 0,emea,65,4,1157,21,1
Machine 1,asia,244,3,1202,19,1
Machine 0,asia,68,4,1197,18,1
Machine 0,emea,0,5,1204,21,1
Machine 0,us,81,4,1247,21,1
Machine 0,asia,18,4,1253,19,1
Machine 0,emea,115,4,1194,19,1
Machine 0,us,181,4,773,21,1
Machine 0,emea,170,4,413,20,1
Machine 0,us,1,5,658,21,1
Machine 0,emea,185,4,1316,19,1
Machine 0,asia,83,3,1318,21,1
Machine 0,asia,63,4,1420,19,1
Machine 0,asia,133,4,1330,19,1
Machine 1,asia,179,4,1338,20,1
Machine 0,asia,88,4,1539,18,1
Machine 0,emea,235,4,916,21,1
Machine 1,asia,44,4,1411,20,1
Machine 1,asia,169,3,791,19,1
Machine 0,emea,25,4,549,19,1
Machine 1,asia,69,4,1497,19,1
Machine 1,asia,209,4,1510,19,1
Machine 0,emea,35,5,583,20,1
Machine 0,us,61,5,629,19,1
Machine 1,us,222,4,663,21,1
Machine 1,us,17,5,689,20,1
Machine 0,asia,168,4,823,18,1
Machine 0,us,26,5,693,19,1
Machine 0,us,126,4,710,20,1
Machine 1,us,202,4,701,19,1
Machine 1,us,207,2,670,19,1
Machine 1,us,27,5,809,19,1
Machine 1,asia,99,4,831,20,1
Machine 0,emea,180,4,702,20,1
Machine 1,asia,229,4,783,18,1
Machine 1,us,32,5,475,18,1
Machine 0,us,141,4,730,21,1
Machine 0,emea,40,5,762,19,1
Machine 1,asia,234,3,935,21,1
Machine 0,emea,215,4,454,20,1
Machine 0,us,151,4,718,21,1
Machine 0,us,171,4,587,20,1
Machine 0,asia,138,4,879,20,1
Machine 1,asia,164,2,845,20,1
Machine 0,asia,118,4,901,20,1
Machine 0,asia,98,4,906,21,1
Machine 1,us,232,4,460,21,1
Machine 0,emea,160,4,539,20,1
Machine 0,us,111,4,480,19,1
Machine 1,asia,24,4,644,20,1
Machine 0,us,186,3,534,19,1
Machine 0,us,116,3,587,19,1
Machine 0,us,96,3,617,18,1
Machine 0,emea,95,4,635,21,1
Machine 0,emea,90,4,645,21,1
Machine 0,asia,58,4,675,20,1
Machine 1,asia,159,4,746,19,1
Machine 1,us,182,4,652,18,1
Machine 0,emea,125,4,682,21,1
Machine 0,us,216,4,645,20,1
Machine 1,asia,94,3,739,18,1
Machine 0,emea,175,3,723,19,1
Machine 0,us,131,4,731,18,1
Machine 0,asia,148,4,776,21,1
Machine 1,us,142,4,785,21,1
Machine 1,asia,74,4,780,21,1
Machine 0,emea,200,4,763,20,1
Machine 0,emea,60,4,770,21,1
Machine 0,emea,225,2,807,19,1
Machine 0,emea,15,4,715,21,1
Machine 1,us,52,4,775,21,1
Machine 0,us,176,3,830,18,1
Machine 0,emea,190,3,754,18,1
Machine 1,asia,219,4,891,18,1
Machine 0,us,56,4,768,18,1
Machine 1,us,237,3,816,20,1
Machine 0,us,31,4,736,20,1
Machine 0,asia,228,4,1050,20,1
Machine 0,us,146,4,656,21,1
Machine 0,emea,240,4,637,19,1
Machine 0,us,191,4,904,18,1
Machine 1,asia,104,4,957,18,1
Machine 1,us,77,4,732,20,1
Machine 1,asia,64,4,1055,20,1
Machine 0,emea,75,4,915,18,1
Machine 0,asia,123,4,1074,20,1
Machine 1,asia,39,4,986,20,1
Machine 0,us,71,5,604,20,1
Machine 1,asia,199,4,1027,19,1
Machine 1,asia,189,4,1039,20,1
Machine 0,emea,120,5,550,20,1
Machine 1,asia,34,4,998,18,1
Machine 1,asia,19,5,1023,18,1
Machine 0,us,211,4,649,18,1
Machine 1,asia,109,4,1063,19,1
Machine 0,asia,143,4,1080,21,1
Machine 0,us,196,4,695,20,1
Machine 0,emea,55,5,692,20,1
Machine 0,emea,50,4,734,19,1
Machine 1,asia,29,4,786,20,1
Machine 1,us,217,5,712,19,1
Machine 1,us,47,4,709,19,1
Machine 1,us,117,3,739,18,1
Machine 1,us,12,5,780,18,1
Machine 1,us,82,5,815,21,1
Machine 0,us,41,5,745,20,1
Machine 0,emea,210,4,823,20,1
Machine 0,asia,113,4,799,18,1
Machine 1,asia,114,4,906,20,1
Machine 1,asia,9,4,911,19,1
Machine 0,us,121,3,755,20,1
Machine 1,us,137,4,956,18,1
Machine 0,emea,85,4,901,21,1
Machine 0,asia,248,4,1003,19,1
Machine 1,us,42,5,864,20,1
Machine 1,us,107,5,928,18,1
Machine 0,emea,80,4,907,18,1
Machine 1,asia,149,4,957,19,1
Machine 1,us,242,4,963,20,1
Machine 0,asia,33,4,961,20,1
Machine 0,emea,135,4,943,19,1
Machine 0,asia,203,4,989,20,1
Machine 0,emea,105,4,958,18,1
Machine 0,asia,223,4,1088,19,1
Machine 1,us,212,4,1049,21,1
Machine 0,asia,233,3,1069,18,1
Machine 1,asia,194,4,1199,19,1
Machine 0,asia,238,4,1168,19,1
Machine 1,us,62,4,808,20,1
Machine 0,asia,243,3,1186,19,1
Machine 0,asia,163,4,1208,19,1
Machine 1,asia,214,4,1058,18,1
Machine 0,asia,13,4,1155,21,1
Machine 0,us,21,4,1260,21,1
Machine 1,asia,174,4,1255,21,1
Machine 1,us,227,4,1123,21,1
Machine 1,asia,154,4,1229,21,1
Machine 0,asia,28,4,924,20,1
Machine 0,us,106,3,1076,18,1
Machine 1,us,127,4,1307,18,1
Machine 0,asia,43,4,904,19,1
Machine 1,asia,144,4,1181,18,1
Machine 0,us,226,5,861,19,1
Machine 1,us,177,5,944,18,1
Machine 0,asia,8,5,1109,21,1
Machine 0,asia,108,4,1360,19,1
Machine 1,asia,239,4,1170,19,1
Machine 0,us,236,4,1441,20,1
Machine 1,asia,49,4,1485,18,1
Machine 0,asia,23,5,994,19,1
Machine 0,asia,173,4,1340,18,1
Machine 0,us,86,3,560,19,1
Machine 0,emea,205,4,652,20,1
Machine 0,emea,110,5,703,21,1
Machine 1,us,7,5,714,19,1
Machine 0,emea,220,4,735,18,1
Machine 1,asia,54,5,743,18,1
Machine 0,us,46,5,737,18,1
Machine 0,asia,103,4,806,19,1
Machine 1,asia,184,4,845,19,1
Machine 1,us,92,4,765,20,1
Machine 1,us,147,5,792,20,1
Machine 0,emea,165,5,843,19,1
Machine 0,emea,155,5,795,21,1
Machine 0,emea,145,4,840,21,1
Machine 0,asia,53,5,898,19,1
Machine 0,emea,130,5,863,21,1
Machine 1,us,152,4,850,21,1
Machine 1,us,57,5,823,18,1
Machine 0,us,241,4,957,19,1
Machine 0,asia,213,5,927,18,1
Machine 0,asia,193,5,1112,19,1
Machine 1,asia,139,4,980,18,1
Machine 1,asia,134,4,1167,20,1
Machine 1,asia,14,5,973,21,1
Machine 0,asia,208,4,1252,21,1
Machine 0,emea,185,5,712,21,1
Machine 0,emea,0,6,845,19,1
Machine 1,asia,224,4,876,19,1
Machine 0,emea,25,5,652,19,1
Machine 0,asia,68,5,885,19,1
Machine 0,emea,115,5,840,20,1
Machine 1,us,102,5,1228,19,1
Machine 0,us,1,6,853,21,1
Machine 0,us,126,5,913,19,1
Machine 0,us,181,5,944,21,1
Machine 1,us,207,3,972,18,1
Machine 0,us,16,5,906,21,1
Machine 1,asia,69,5,987,18,1
Machine 0,us,6,5,954,18,1
Machine 1,us,2,5,976,19,1
Machine 0,emea,170,5,1049,18,1
Machine 1,asia,169,4,1060,20,1
Machine 1,us,202,5,1032,20,1
Machine 0,asia,18,5,1096,19,1
Machine 0,us,111,5,1008,18,1
Machine 0,emea,230,5,977,18,1
Machine 0,asia,138,5,1161,21,1
Machine 0,emea,10,5,1173,18,1
Machine 0,asia,188,5,1226,19,1
Machine 0,emea,35,6,1231,21,1
Machine 1,asia,209,5,1233,19,1
Machine 0,asia,198,4,1203,20,1
Machine 1,us,187,4,1236,20,1
Machine 1,asia,99,5,1206,18,1
Machine 0,asia,93,4,1248,21,1
Machine 0,us,61,6,1272,21,1
Machine 0,us,26,6,1274,21,1
Machine 0,us,161,4,1259,18,1
Machine 1,us,27,6,1295,18,1
Machine 1,us,222,5,1322,20,1
Machine 0,emea,195,4,1284,18,1
Machine 0,us,96,4,1265,18,1
Machine 0,us,206,4,1359,21,1
Machine 0,emea,95,5,1277,21,1
Machine 1,us,17,6,1349,20,1
Machine 1,asia,44,5,1431,21,1
Machine 0,emea,45,5,1386,18,1
Machine 1,asia,229,5,1358,19,1
Machine 0,emea,90,5,1220,21,1
Machine 0,asia,168,5,1407,20,1
Machine 1,us,232,5,1380,20,1
Machine 1,us,172,4,1422,21,1
Machine 1,us,122,4,1442,20,1
Machine 0,emea,125,5,629,19,1
Machine 0,emea,160,5,1423,20,1
Machine 1,asia,234,4,1436,18,1
Machine 0,asia,83,4,1520,19,1
Machine 0,us,231,4,1470,20,1
Machine 0,us,216,5,596,21,1
Machine 0,us,116,4,1456,18,1
Machine 0,emea,175,4,556,20,1
Machine 1,asia,24,5,1633,21,1
Machine 0,asia,58,5,1214,20,1
Machine 0,us,186,4,1524,19,1
Machine 1,us,182,5,802,18,1
Machine 0,asia,178,4,1662,18,1
Machine 1,asia,204,4,1746,20,1
Machine 0,emea,225,3,858,21,1
Machine 1,asia,249,4,1869,20,1
Machine 1,asia,129,5,914,20,1
Machine 0,asia,148,5,909,18,1
Machine 0,emea,15,5,910,21,1
Machine 0,us,176,4,1067,21,1
Machine 1,us,157,5,1077,19,1
Machine 1,asia,74,5,1028,19,1
Machine 1,us,162,5,1106,19,1
Machine 0,emea,200,5,1233,20,1
Machine 1,asia,79,5,1134,22,1
Machine 1,asia,94,4,1173,20,1
Machine 1,us,142,5,1291,20,1
Machine 1,asia,159,5,1613,20,1
Machine 1,us,217,6,1195,19,1
Machine 0,asia,88,5,1267,21,1
Machine 0,emea,235,5,1266,18,1
Machine 0,emea,60,5,1317,21,1
Machine 0,emea,80,5,1204,21,1
Machine 0,us,131,5,1412,19,1
Machine 1,asia,104,5,1258,18,1
Machine 0,asia,158,5,1351,19,1
Machine 1,asia,219,5,1391,19,1
Machine 0,us,146,5,1365,20,1
Machine 1,us,77,5,1461,19,1
Machine 1,us,52,5,1465,21,1
Machine 0,us,36,4,1463,18,1
Machine 0,emea,100,4,921,21,1
Machine 0,us,191,5,1465,20,1
Machine 1,us,37,5,1514,21,1
Machine 0,asia,133,5,1484,18,1
Machine 1,us,42,6,1425,18,1
Machine 0,emea,240,5,1499,21,1
Machine 0,emea,65,5,1522,20,1
Machine 1,us,32,6,1490,21,1
Machine 0,us,56,5,1544,21,1
Machine 0,emea,245,4,784,20,1
Machine 0,emea,85,5,1474,20,1
Machine 0,asia,228,5,1551,21,1
Machine 0,asia,243,4,1509,20,1
Machine 1,us,137,5,1479,18,1
Machine 1,asia,244,4,1550,21,1
Machine 0,emea,55,6,1575,19,1
Machine 0,us,81,5,1616,18,1
Machine 1,us,227,5,1519,20,1
Machine 0,emea,190,4,1634,21,1
Machine 1,us,237,4,1643,20,1
Machine 1,us,47,5,1626,20,1
Machine 0,emea,120,6,1535,21,1
Machine 1,us,82,6,1620,20,1
Machine 1,asia,179,5,1669,19,1
Machine 0,us,41,6,1623,18,1
Machine 0,us,31,5,1708,20,1
Machine 0,asia,238,5,1613,20,1
Machine 1,asia,119,4,1656,21,1
Machine 1,us,72,5,1403,19,1
Machine 0,us,201,4,1711,19,1
Machine 0,us,86,4,1655,18,1
Machine 0,emea,150,5,1747,20,1
Machine 0,emea,50,5,1779,21,1
Machine 1,asia,64,5,1768,20,1
Machine 0,us,21,5,1706,19,1
Machine 0,asia,113,5,1759,20,1
Machine 1,us,12,6,1864,19,1
Machine 0,us,11,5,1744,19,1
Machine 0,emea,180,5,1946,20,1
Machine 0,us,171,5,1958,18,1
Machine 1,us,117,4,1788,18,1
Machine 0,asia,78,4,1421,19,1
Machine 1,us,242,5,1929,18,1
Machine 0,asia,203,5,1956,20,1
Machine 1,asia,29,5,1988,18,1
Machine 1,us,177,6,2010,18,1
Machine 0,us,121,4,2074,20,1
Machine 0,asia,28,5,2036,18,1
Machine 1,asia,199,5,1677,18,1
Machine 1,asia,214,5,2068,18,1
Machine 0,asia,123,5,2114,19,1
Machine 0,asia,43,5,2057,20,1
Machine 0,asia,128,4,2149,19,1
Machine 0,asia,8,6,2139,21,1
Machine 0,asia,248,5,2185,19,1
Machine 0,asia,73,4,877,20,1
Machine 0,emea,135,5,2182,21,1
Machine 1,us,192,5,1273,21,1
Machine 0,asia,33,5,2223,19,1
Machine 1,asia,174,5,2201,20,1
Machine 1,asia,34,5,2188,20,1
Machine 0,asia,63,5,2348,19,1
Machine 0,us,91,4,1477,20,1
Machine 0,asia,48,5,1977,19,1
Machine 0,asia,13,5,2276,19,1
Machine 0,asia,163,5,2354,21,1
Machine 1,asia,49,5,2318,21,1
Machine 0,asia,173,5,2337,19,1
Machine 1,us,97,4,853,19,1
Machine 0,us,101,4,896,20,1
Machine 0,us,66,5,907,19,1
Machine 0,us,246,5,902,19,1
Machine 1,us,107,6,800,18,1
Machine 1,asia,154,5,2393,18,1
Machine 0,emea,5,4,836,21,1
Machine 1,asia,189,5,2443,21,1
Machine 0,emea,205,5,854,18,1
Machine 1,asia,114,5,2477,19,1
Machine 0,asia,183,5,947,21,1
Machine 1,us,247,4,928,19,1
Machine 1,asia,19,6,2360,21,1
Machine 0,us,211,5,915,18,1
Machine 0,emea,165,6,848,20,1
Machine 0,us,156,4,977,21,1
Machine 0,us,106,4,2493,21,1
Machine 1,us,127,5,858,21,1
Machine 0,emea,145,5,887,21,1
Machine 0,emea,130,6,940,18,1
Machine 0,asia,103,5,983,19,1
Machine 0,emea,105,5,1032,21,1
Machine 1,us,87,4,1115,20,1
Machine 0,emea,220,5,1004,19,1
Machine 0,us,136,4,1145,21,1
Machine 0,us,241,5,988,18,1
Machine 0,us,236,5,1014,20,1
Machine 0,us,46,6,1078,20,1
Machine 1,asia,9,5,1188,21,1
Machine 1,us,132,5,1274,19,1
Machine 0,emea,110,6,1234,21,1
Machine 0,asia,233,4,1213,18,1
Machine 0,asia,53,6,1222,19,1
Machine 0,asia,3,4,1276,21,1
Machine 1,asia,239,5,1244,19,1
Machine 0,asia,23,6,1186,18,1
Machine 0,emea,25,6,1176,18,1
Machine 1,us,102,6,1150,18,1
Machine 1,asia,109,5,1389,19,1
Machine 0,emea,210,5,1291,21,1
Machine 1,asia,54,6,1300,19,1
Machine 0,asia,143,5,1393,19,1
Machine 0,us,126,6,771,18,1
Machine 1,us,57,6,1277,18,1
Machine 0,emea,185,6,1248,19,1
Machine 1,us,152,5,1362,20,1
Machine 0,asia,223,5,1411,21,1
Machine 1,us,212,5,1345,18,1
Machine 0,emea,0,7,930,18,1
Machine 0,asia,108,5,1346,18,1
Machine 1,asia,149,5,1455,18,1
Machine 0,asia,213,6,1386,20,1
Machine 0,us,16,6,800,18,1
Machine 0,emea,170,6,787,18,1
Machine 0,us,226,6,1419,21,1
Machine 1,asia,14,6,1494,19,1
Machine 1,asia,144,5,1467,20,1
Machine 1,us,147,6,1477,19,1
Machine 0,emea,230,6,738,21,1
Machine 0,emea,40,6,755,20,1
Machine 0,emea,75,5,1444,18,1
Machine 0,us,196,5,1556,21,1
Machine 0,us,1,7,860,21,1
Machine 0,emea,215,5,773,21,1
Machine 1,asia,184,5,1428,19,1
Machine 1,us,207,4,720,19,1
Machine 0,us,141,5,813,18,1
Machine 1,us,2,6,819,21,1
Machine 1,asia,69,6,916,19,1
Machine 0,asia,68,6,1246,20,1
Machine 0,us,151,5,957,19,1
Machine 0,asia,18,6,946,20,1
Machine 1,asia,209,6,954,20,1
Machine 1,us,27,7,847,18,1
Machine 0,us,61,7,974,21,1
Machine 1,us,202,6,1054,20,1
Machine 0,emea,35,7,1009,21,1
Machine 0,us,6,6,1109,20,1
Machine 0,asia,138,6,1065,18,1
Machine 0,us,111,6,1094,20,1
Machine 0,emea,195,5,943,21,1
Machine 0,us,76,4,1034,21,1
Machine 0,us,161,5,1046,19,1
Machine 0,emea,10,6,1138,20,1
Machine 1,us,187,5,1089,21,1
Machine 1,us,222,6,1051,21,1
Machine 0,asia,98,5,1148,21,1
Machine 0,us,96,5,1022,21,1
Machine 1,asia,59,4,1224,19,1
Machine 0,us,26,7,1089,19,1
Machine 0,asia,153,4,1182,21,1
Machine 1,us,92,5,717,18,1
Machine 0,asia,93,5,1170,18,1
Machine 1,asia,84,3,1290,21,1
Machine 1,asia,39,5,940,18,1
Machine 0,asia,198,5,1264,18,1
Machine 1,asia,124,4,1262,18,1
Machine 1,asia,164,3,1305,20,1
Machine 0,asia,118,5,1388,19,1
Machine 1,asia,99,6,1293,21,1
Machine 0,us,71,6,1045,20,1
Machine 0,emea,155,6,724,21,1
Machine 0,asia,218,4,1417,21,1
Machine 1,asia,224,5,892,20,1
Machine 1,us,7,6,1347,21,1
Machine 0,asia,188,6,1642,21,1
Machine 1,us,167,2,1060,19,1
Machine 0,asia,193,6,950,20,1
Machine 0,emea,95,6,888,19,1
Machine 1,us,122,5,1091,21,1
Machine 0,emea,60,6,1085,21,1
Machine 0,emea,125,6,1104,18,1
Machine 0,emea,90,6,1056,21,1
Machine 1,us,232,6,1100,20,1
Machine 0,emea,115,6,1213,20,1
Machine 1,us,172,5,1143,21,1
Machine 1,us,17,7,1097,21,1
Machine 1,us,112,2,1221,20,1
Machine 0,us,181,6,1227,19,1
Machine 1,asia,139,5,1258,21,1
Machine 0,emea,175,5,1167,21,1
Machine 1,asia,169,5,1226,21,1
Machine 0,emea,45,6,1270,20,1
Machine 0,emea,225,4,1205,18,1
Machine 0,us,206,5,1284,20,1
Machine 0,emea,160,6,1191,19,1
Machine 1,asia,44,6,1297,21,1
Machine 1,asia,134,5,1330,21,1
Machine 0,asia,178,5,1229,18,1
Machine 0,asia,168,6,1264,18,1
Machine 0,us,221,2,1313,19,1
Machine 1,us,182,6,1252,20,1
Machine 0,us,216,6,1249,21,1
Machine 0,us,186,5,1250,21,1
Machine 1,asia,24,6,1258,18,1
Machine 0,emea,15,6,1259,18,1
Machine 1,asia,159,6,1254,21,1
Machine 1,asia,229,6,1302,19,1
Machine 0,emea,235,6,1253,21,1
Machine 1,us,157,6,1315,21,1
Machine 0,asia,208,5,1424,21,1
Machine 0,us,191,6,1299,21,1
Machine 1,asia,194,5,1425,18,1
Machine 0,emea,245,5,1309,18,1
Machine 0,emea,200,6,1364,18,1
Machine 0,asia,148,6,1375,21,1
Machine 0,emea,80,6,1382,19,1
Machine 0,us,31,6,1211,20,1
Machine 0,us,131,6,1432,21,1
Machine 1,asia,234,5,1490,19,1
Machine 1,us,217,7,1428,21,1
Machine 0,us,116,5,1498,21,1
Machine 0,emea,120,7,1466,20,1
Machine 0,asia,88,6,1524,21,1
Machine 1,us,52,6,1556,20,1
Machine 1,us,82,7,1470,19,1
Machine 1,asia,89,2,1575,19,1
Machine 1,asia,249,5,1600,18,1
Machine 1,us,42,7,1547,19,1
Machine 1,us,162,6,1592,18,1
Machine 0,emea,100,5,1549,19,1
Machine 1,asia,179,6,1582,18,1
Machine 0,emea,240,6,1571,21,1
Machine 0,us,41,7,1472,21,1
Machine 1,us,47,6,1656,20,1
Machine 1,asia,129,6,1643,21,1
Machine 0,asia,83,5,1727,21,1
Machine 0,us,36,5,1633,20,1
Machine 0,us,56,6,1636,18,1
Machine 1,us,227,6,1676,20,1
Machine 0,asia,158,6,1695,20,1
Machine 0,asia,58,6,1736,20,1
Machine 1,asia,104,6,1701,20,1
Machine 1,us,77,6,1690,18,1
Machine 1,asia,204,5,1792,21,1
Machine 1,asia,219,6,1744,19,1
Machine 0,asia,238,6,1259,19,1
Machine 0,us,146,6,1791,19,1
Machine 0,emea,180,6,523,20,1
Machine 0,us,231,5,1851,19,1
Machine 1,asia,74,6,1888,19,1
Machine 0,emea,20,5,636,18,1
Machine 0,asia,133,6,1881,18,1
Machine 0,us,86,5,633,21,1
Machine 1,us,62,5,653,21,1
Machine 0,us,166,4,702,19,1
Machine 1,us,22,5,668,21,1
Machine 0,us,91,5,703,18,1
Machine 1,us,177,7,762,21,1
Machine 1,asia,119,5,753,18,1
Machine 0,emea,5,5,627,18,1
Machine 1,asia,29,6,825,19,1
Machine 0,asia,78,5,797,19,1
Machine 0,asia,33,6,886,20,1
Machine 0,us,101,5,834,18,1
Machine 1,asia,64,6,906,20,1
Machine 1,us,107,7,756,20,1
Machine 1,asia,199,6,895,20,1
Machine 0,asia,43,6,893,21,1
Machine 1,us,72,6,946,19,1
Machine 0,us,121,5,912,21,1
Machine 0,asia,28,6,903,18,1
Machine 0,asia,123,6,923,19,1
Machine 1,asia,174,6,935,20,1
Machine 1,asia,214,6,949,19,1
Machine 1,asia,34,6,949,21,1
Machine 1,us,97,5,899,20,1
Machine 0,us,246,6,909,18,1
Machine 0,emea,205,6,539,19,1
Machine 1,asia,49,6,984,21,1
Machine 0,asia,63,6,1041,20,1
Machine 0,emea,145,6,517,21,1
Machine 0,asia,183,6,811,20,1
Machine 0,asia,13,6,1130,18,1
Machine 1,asia,154,6,1048,20,1
Machine 0,asia,48,6,1079,19,1
Machine 1,asia,189,6,780,18,1
Machine 0,asia,163,6,1171,21,1
Machine 0,us,241,6,439,19,1
Machine 1,us,37,6,620,21,1
Machine 1,asia,19,7,783,18,1
Machine 1,us,87,5,564,18,1
Machine 0,us,176,5,684,19,1
Machine 1,asia,79,6,720,18,1
Machine 0,emea,65,6,699,21,1
Machine 0,emea,130,7,724,19,1
Machine 1,asia,114,6,819,20,1
Machine 1,us,142,6,748,20,1
Machine 1,us,137,6,701,21,1
Machine 1,asia,94,5,788,18,1
Machine 0,emea,25,7,444,19,1
Machine 0,asia,103,6,810,19,1
Machine 0,asia,228,6,800,18,1
Machine 0,asia,243,5,826,18,1
Machine 0,us,236,6,601,19,1
Machine 1,us,102,7,524,21,1
Machine 0,asia,3,5,654,21,1
Machine 1,us,152,6,533,21,1
Machine 0,asia,53,7,700,21,1
Machine 0,emea,210,6,669,21,1
Machine 0,emea,185,7,678,19,1
Machine 0,emea,0,8,649,19,1
Machine 1,us,57,7,659,20,1
Machine 1,asia,54,7,707,21,1
Machine 1,asia,109,6,740,19,1
Machine 1,us,212,6,671,18,1
Machine 1,asia,239,6,760,21,1
Machine 0,emea,40,7,491,21,1
Machine 0,us,126,7,752,20,1
Machine 0,asia,223,6,917,19,1
Machine 0,asia,143,6,907,21,1
Machine 1,asia,149,6,753,21,1
Machine 0,us,196,6,548,20,1
Machine 0,us,16,7,597,18,1
Machine 1,asia,144,6,642,21,1
Machine 0,emea,75,6,630,19,1
Machine 0,asia,23,7,1027,19,1
Machine 0,asia,213,7,746,18,1
Machine 1,us,2,7,628,20,1
Machine 1,us,12,7,657,21,1
Machine 1,asia,14,7,859,21,1
Machine 0,emea,170,7,716,18,1
Machine 0,asia,68,7,709,20,1
Machine 0,us,226,7,716,21,1
Machine 1,us,242,6,740,20,1
Machine 1,us,207,5,802,21,1
Machine 0,us,171,6,773,18,1
Machine 0,us,106,5,698,21,1
Machine 1,asia,184,6,835,20,1
Machine 1,us,32,7,727,18,1
Machine 0,asia,18,7,828,19,1
Machine 0,emea,135,6,809,20,1
Machine 0,us,211,6,879,21,1
Machine 0,us,151,6,919,18,1
Machine 1,us,202,7,868,21,1
Machine 0,us,156,5,907,18,1
Machine 1,us,27,8,850,19,1
Machine 0,emea,35,8,879,21,1
Machine 0,emea,85,6,926,21,1
Machine 0,us,66,6,922,21,1
Machine 0,asia,203,6,1036,19,1
Machine 1,us,247,5,1057,20,1
Machine 0,asia,248,6,1046,19,1
Machine 1,us,127,6,1073,21,1
Machine 1,asia,69,7,1227,19,1
Machine 0,us,11,6,1090,20,1
Machine 0,asia,128,5,1207,18,1
Machine 0,asia,173,6,1120,19,1
Machine 0,emea,140,4,1130,21,1
Machine 1,us,117,5,1205,20,1
Machine 0,asia,138,7,1229,21,1
Machine 0,emea,220,6,1028,18,1
Machine 0,us,111,7,1113,19,1
Machine 0,emea,110,7,667,21,1
Machine 0,us,6,7,1292,18,1
Machine 0,us,61,8,1308,21,1
Machine 0,emea,105,6,1177,21,1
Machine 1,asia,209,7,1342,21,1
Machine 0,asia,73,5,1386,20,1
Machine 1,us,222,7,769,19,1
Machine 1,us,92,6,744,21,1
Machine 0,emea,165,7,1390,21,1
Machine 1,asia,84,4,752,18,1
Machine 0,us,76,5,851,21,1
Machine 0,emea,195,6,806,18,1
Machine 0,asia,8,7,1497,19,1
Machine 1,us,132,6,804,21,1
Machine 0,us,46,7,832,18,1
Machine 0,emea,45,7,781,20,1
Machine 1,us,192,6,1526,20,1
Machine 1,us,7,7,750,18,1
Machine 1,asia,4,4,1475,21,1
Machine 0,us,136,5,1154,19,1
Machine 1,asia,99,7,822,20,1
Machine 1,us,232,7,803,19,1
Machine 1,asia,59,5,882,19,1
Machine 0,emea,125,7,888,19,1
Machine 0,emea,90,7,887,21,1
Machine 0,emea,245,6,977,19,1
Machine 1,asia,9,6,1099,18,1
Machine 0,emea,155,7,1033,19,1
Machine 0,us,71,7,1052,20,1
Machine 1,us,122,6,1053,20,1
Machine 1,us,17,8,1092,18,1
Machine 0,asia,198,6,1221,18,1
Machine 0,emea,115,7,1112,21,1
Machine 0,us,161,6,1200,20,1
Machine 0,emea,95,7,1219,19,1
Machine 0,asia,153,5,1272,19,1
Machine 0,us,221,3,1203,21,1
Machine 0,emea,175,6,1246,21,1
Machine 0,asia,93,6,1303,21,1
Machine 0,us,181,7,1263,18,1
Machine 0,asia,218,5,1318,19,1
Machine 1,asia,194,6,1307,21,1
Machine 1,asia,44,7,1395,21,1
Machine 0,us,191,7,1425,18,1
Machine 0,asia,188,7,1317,21,1
Machine 1,us,167,3,1465,20,1
Machine 0,emea,80,7,728,20,1
Machine 1,asia,224,6,1488,18,1
Machine 1,us,172,6,1469,19,1
Machine 0,emea,20,6,716,19,1
Machine 1,us,182,7,1474,20,1
Machine 0,asia,168,7,1517,18,1
Machine 0,asia,193,7,1517,21,1
Machine 0,emea,200,7,974,18,1
Machine 1,us,82,8,827,21,1
Machine 0,asia,238,7,845,20,1
Machine 1,asia,89,3,901,19,1
Machine 1,asia,249,6,818,18,1
Machine 0,asia,178,6,1593,20,1
Machine 1,asia,134,6,1575,18,1
Machine 0,asia,148,7,920,19,1
Machine 1,us,107,8,861,19,1
Machine 1,asia,39,6,837,19,1
Machine 0,us,116,6,935,20,1
Machine 0,emea,180,7,878,21,1
Machine 0,emea,10,7,968,19,1
Machine 0,emea,120,8,952,20,1
Machine 0,us,166,5,926,20,1
Machine 1,us,52,7,1073,18,1
Machine 1,asia,49,7,984,19,1
Machine 0,asia,58,7,1070,20,1
Machine 1,asia,234,6,1130,18,1
Machine 0,asia,43,7,1065,21,1
Machine 1,us,62,6,1058,18,1
Machine 0,us,91,6,1076,18,1
Machine 0,asia,158,7,1227,20,1
Machine 1,asia,124,5,1148,20,1
Machine 0,us,236,7,1116,21,1
Machine 0,asia,33,7,1215,20,1
Machine 0,us,246,7,1251,19,1
Machine 1,us,97,6,1202,21,1
Machine 0,us,101,6,1251,19,1
Machine 0,asia,123,7,1272,19,1
Machine 0,us,121,6,1357,21,1
Machine 0,asia,133,7,1401,18,1
Machine 1,asia,164,4,1385,21,1
Machine 0,asia,13,7,1367,18,1
Machine 0,us,241,7,1363,18,1
Machine 1,asia,104,7,1459,20,1
Machine 0,asia,183,7,1453,19,1
Machine 0,asia,28,7,1470,19,1
Machine 0,us,26,8,1434,20,1
Machine 0,emea,100,6,1577,20,1
Machine 1,us,142,7,1481,20,1
Machine 1,asia,19,8,1508,21,1
Machine 0,us,31,7,1361,19,1
Machine 0,emea,130,8,1472,20,1
Machine 0,asia,243,6,1596,21,1
Machine 0,asia,98,6,1697,18,1
Machine 1,us,217,8,1011,21,1
Machine 0,us,96,6,1829,18,1
Machine 1,asia,74,7,1834,20,1
Machine 1,asia,189,7,1806,20,1
Machine 0,us,56,7,935,19,1
Machine 1,asia,174,7,1840,21,1
Machine 1,asia,94,6,1874,19,1
Machine 0,asia,163,7,1844,18,1
Machine 0,emea,205,7,1833,18,1
Machine 0,us,176,6,1963,19,1
Machine 1,us,87,6,1062,21,1
Machine 1,asia,119,6,2076,18,1
Machine 1,us,102,8,1912,20,1
Machine 0,asia,88,7,2141,19,1
Machine 1,asia,154,7,1381,19,1
Machine 1,us,162,7,1246,21,1
Machine 0,us,36,6,1202,21,1
Machine 0,asia,233,5,1631,21,1
Machine 0,asia,48,7,2141,18,1
Machine 0,us,1,8,1457,18,1
Machine 0,emea,230,7,1480,20,1
Machine 1,asia,79,7,2192,21,1
Machine 0,us,131,7,1545,18,1
Machine 1,us,47,7,1629,21,1
Machine 1,asia,129,7,1553,21,1
Machine 0,us,11,7,1597,20,1
Machine 0,asia,53,8,1538,19,1
Machine 0,asia,103,7,2463,19,1
Machine 0,asia,108,6,1774,20,1
Machine 0,asia,63,7,1806,21,1
Machine 1,us,72,7,1839,21,1
Machine 0,asia,3,6,1833,18,1
Machine 1,asia,204,6,1692,20,1
Machine 0,us,171,7,1695,19,1
Machine 1,us,77,7,1794,20,1
Machine 0,emea,25,8,1823,20,1
Machine 1,us,192,7,1631,20,1
Machine 0,us,226,8,1842,18,1
Machine 0,us,41,8,1893,20,1
Machine 0,emea,215,6,1883,20,1
Machine 1,asia,179,7,1949,21,1
Machine 1,us,27,9,1786,20,1
Machine 0,us,141,6,1891,19,1
Machine 1,us,247,6,1786,20,1
Machine 1,us,137,7,1821,20,1
Machine 0,emea,135,7,1873,18,1
Machine 0,emea,0,9,1734,19,1
Machine 0,emea,210,7,1886,19,1
Machine 1,us,42,8,1950,19,1
Machine 1,us,147,7,1938,20,1
Machine 1,us,132,7,1709,18,1
Machine 1,us,12,8,1888,18,1
Machine 0,emea,65,7,1874,18,1
Machine 0,emea,240,7,1981,19,1
Machine 0,emea,170,8,1905,18,1
Machine 1,us,202,8,1814,18,1
Machine 0,emea,40,8,1914,21,1
Machine 0,asia,143,7,1903,19,1
Machine 0,emea,195,7,1823,18,1
Machine 1,us,32,8,1862,22,1
Machine 1,us,227,7,2000,18,1
Machine 0,us,61,9,1779,21,1
Machine 0,asia,173,7,1869,21,1
Machine 0,us,111,8,1887,20,1
Machine 0,asia,83,6,1999,20,1
Machine 0,us,106,6,1940,21,1
Machine 1,us,242,7,1935,18,1
Machine 0,asia,73,6,1799,20,1
Machine 0,emea,145,7,1936,21,1
Machine 1,us,232,8,1816,18,1
Machine 1,asia,114,7,1921,19,1
Machine 1,us,2,8,1977,19,1
Machine 1,asia,209,8,2002,18,1
Machine 1,asia,184,7,2009,19,1
Machine 0,us,146,7,1977,21,1
Machine 0,emea,165,8,1992,19,1
Machine 0,asia,228,7,1972,21,1
Machine 1,asia,239,7,2115,21,1
Machine 0,asia,8,8,2013,18,1
Machine 0,asia,68,8,2107,18,1
Machine 0,us,6,8,2025,21,1
Machine 1,asia,69,8,2037,19,1
Machine 0,emea,185,8,2057,20,1
Machine 0,asia,223,7,2127,18,1
Machine 1,us,207,6,2124,20,1
Machine 1,asia,84,5,2028,20,1
Machine 1,asia,214,7,2161,18,1
Machine 1,asia,34,7,2122,18,1
Machine 0,asia,18,8,2167,21,1
Machine 0,emea,45,8,2027,20,1
Machine 0,us,46,8,2085,20,1
Machine 1,us,127,7,2111,20,1
Machine 1,us,7,8,2068,21,1
Machine 1,us,117,6,2122,18,1
Machine 1,us,37,7,2207,19,1
Machine 0,emea,220,7,2146,21,1
Machine 1,us,57,8,2196,20,1
Machine 1,us,92,7,2240,21,1
Machine 0,emea,110,8,2195,19,1
Machine 0,emea,85,7,2352,19,1
Machine 0,us,156,6,2361,21,1
Machine 0,us,66,7,2351,19,1
Machine 1,us,222,8,2390,19,1
Machine 0,asia,118,6,2332,20,1
Machine 1,us,152,7,2529,19,1
Machine 1,asia,59,6,1849,21,1
Machine 0,asia,128,6,2458,19,1
Machine 0,asia,203,7,2474,18,1
Machine 0,emea,105,7,2465,20,1
Machine 0,us,76,6,2456,20,1
Machine 0,emea,140,5,2504,20,1
Machine 0,us,136,6,2439,19,1
Machine 0,emea,35,9,2548,20,1
Machine 1,us,187,6,2580,21,1
Machine 0,emea,235,7,739,19,1
Machine 0,asia,138,8,2615,18,1
Machine 1,us,112,3,1032,20,1
Machine 0,emea,60,7,824,18,1
Machine 0,us,211,7,2715,21,1
Machine 0,emea,160,7,866,19,1
Machine 1,asia,139,6,1488,19,1
Machine 0,emea,15,7,867,21,1
Machine 0,us,151,7,2806,21,1
Machine 0,asia,213,8,2794,19,1
Machine 0,us,181,8,848,22,1
Machine 0,asia,248,7,2824,19,1
Machine 1,asia,99,8,2704,21,1
Machine 1,asia,169,6,1088,20,1
Machine 0,us,216,7,914,18,1
Machine 1,us,212,7,982,21,1
Machine 0,emea,125,8,964,18,1
Machine 0,us,126,8,961,18,1
Machine 1,us,157,7,1072,18,1
Machine 0,us,196,7,1014,18,1
Machine 0,emea,225,5,1112,20,1
Machine 0,emea,20,7,1013,21,1
Machine 0,us,16,8,1043,18,1
Machine 1,us,17,9,971,20,1
Machine 0,us,221,4,985,21,1
Machine 0,us,206,6,990,19,1
Machine 1,us,82,9,1005,21,1
Machine 0,us,166,6,983,19,1
Machine 0,emea,95,8,1060,20,1
Machine 0,emea,75,7,996,18,1
Machine 1,us,22,6,1022,20,1
Machine 1,asia,24,7,1146,19,1
Machine 0,emea,175,7,1103,18,1
Machine 1,asia,54,8,1178,18,1
Machine 1,asia,159,7,1192,18,1
Machine 0,asia,153,6,1142,19,1
Machine 0,emea,80,8,1124,20,1
Machine 0,us,86,6,1052,18,1
Machine 1,asia,229,7,1184,21,1
Machine 1,asia,44,8,1150,21,1
Machine 0,us,191,8,1130,18,1
Machine 0,us,186,6,1229,20,1
Machine 0,us,231,6,1077,21,1
Machine 0,us,116,7,1117,18,1
Machine 0,asia,193,8,1150,18,1
Machine 1,us,52,8,1140,18,1
Machine 0,asia,208,6,1236,21,1
Machine 1,asia,144,7,1252,18,1
Machine 1,asia,109,7,1259,18,1
Machine 0,emea,200,8,1195,21,1
Machine 1,us,167,4,1225,19,1
Machine 0,emea,180,8,1232,21,1
Machine 1,asia,49,8,1132,18,1
Machine 0,emea,120,9,1226,21,1
Machine 1,asia,89,4,1342,18,1
Machine 0,asia,168,8,1249,18,1
Machine 1,asia,224,7,1425,18,1
Machine 0,asia,198,7,1405,21,1
Machine 1,asia,149,7,1383,18,1
Machine 0,asia,218,6,1449,21,1
Machine 1,asia,219,7,1410,20,1
Machine 0,asia,148,8,1432,20,1
Machine 0,emea,5,6,521,20,1
Machine 0,emea,90,8,499,21,1
Machine 1,asia,29,7,925,21,1
Machine 0,asia,93,7,1652,19,1
Machine 1,us,62,7,647,21,1
Machine 0,asia,78,6,740,18,1
Machine 0,asia,58,8,788,19,1
Machine 1,us,177,8,569,21,1
Machine 0,emea,150,6,442,21,1
Machine 0,us,21,6,668,21,1
Machine 1,asia,199,7,709,20,1
Machine 0,us,91,7,560,21,1
Machine 0,us,81,6,513,21,1
Machine 1,asia,4,5,981,21,1
Machine 0,emea,50,6,604,19,1
Machine 0,us,201,5,521,20,1
Machine 0,emea,245,7,489,21,1
Machine 1,us,237,5,554,20,1
Machine 0,asia,43,8,780,20,1
Machine 1,asia,234,7,809,18,1
Machine 0,emea,155,8,570,20,1
Machine 0,emea,190,5,645,18,1
Machine 0,emea,55,7,663,21,1
Machine 1,us,107,9,715,19,1
Machine 0,us,71,8,739,21,1
Machine 1,us,172,7,674,21,1
Machine 0,us,161,7,660,20,1
Machine 1,asia,64,7,1050,19,1
Machine 0,emea,115,8,663,20,1
Machine 0,emea,10,8,649,20,1
Machine 1,asia,244,5,835,21,1
Machine 0,asia,113,6,846,21,1
Machine 1,us,122,7,819,20,1
Machine 1,us,182,8,800,20,1
Machine 0,asia,188,8,825,20,1
Machine 0,asia,238,8,859,20,1
Machine 0,us,51,4,485,18,1
Machine 0,emea,30,5,477,19,1
Machine 0,asia,178,7,924,21,1
Machine 1,us,197,4,514,19,1
Machine 0,us,236,8,522,18,1
Machine 1,asia,134,7,961,20,1
Machine 1,asia,9,7,967,22,1
Machine 0,asia,23,8,677,20,1
Machine 0,asia,158,8,784,20,1
Machine 1,asia,249,7,901,18,1
Machine 1,asia,194,7,1009,18,1
Machine 1,asia,39,7,876,19,1
Machine 1,asia,124,6,646,21,1
Machine 1,asia,14,8,737,20,1
Machine 1,us,67,4,692,19,1
Machine 0,us,121,7,652,21,1
Machine 0,emea,70,5,732,21,1
Machine 1,us,97,7,701,18,1
Machine 0,emea,100,7,724,19,1
Machine 0,asia,33,8,800,21,1
Machine 0,emea,130,9,757,20,1
Machine 0,us,241,8,764,18,1
Machine 0,us,246,8,807,21,1
Machine 0,us,101,7,840,20,1
Machine 1,asia,164,5,889,18,1
Machine 1,us,142,8,871,21,1
Machine 0,asia,38,4,930,19,1
Machine 0,asia,123,8,901,18,1
Machine 0,asia,133,8,926,18,1
Machine 0,us,26,9,913,20,1
Machine 1,us,217,9,931,20,1
Machine 0,us,176,7,811,19,1
Machine 0,us,96,7,947,19,1
Machine 0,asia,183,8,965,21,1
Machine 0,us,31,8,979,21,1
Machine 1,asia,189,8,972,21,1
Machine 1,asia,19,9,995,18,1
Machine 0,asia,13,8,1015,21,1
Machine 1,us,87,7,771,18,1
Machine 1,asia,104,8,1011,19,1
Machine 0,asia,243,7,1022,19,1
Machine 1,asia,74,8,1049,20,1
Machine 0,us,56,8,1064,19,1
Machine 0,asia,98,7,1093,19,1
Machine 1,asia,94,7,1127,19,1
Machine 0,emea,205,8,1067,18,1
Machine 0,asia,28,8,1061,19,1
Machine 0,us,1,9,799,21,1
Machine 1,us,162,8,815,21,1
Machine 1,asia,119,7,1012,21,1
Machine 0,emea,230,8,820,20,1
Machine 1,asia,174,8,1227,20,1
Machine 1,us,47,8,900,21,1
Machine 0,emea,215,7,841,18,1
Machine 0,us,131,8,898,19,1
Machine 1,us,72,8,853,20,1
Machine 0,emea,210,8,769,20,1
Machine 1,asia,154,8,1047,21,1
Machine 0,asia,88,8,1061,18,1
Machine 1,us,77,8,926,18,1
Machine 0,us,36,7,988,21,1
Machine 0,us,171,8,951,20,1
Machine 0,us,11,8,971,18,1
Machine 0,asia,233,6,1023,21,1
Machine 1,us,137,8,925,18,1
Machine 1,us,102,9,1133,19,1
Machine 0,emea,25,9,953,21,1
Machine 0,emea,170,9,777,20,1
Machine 0,asia,163,8,1379,19,1
Machine 1,asia,179,8,1003,18,1
Machine 0,asia,53,9,1017,19,1
Machine 1,us,202,9,969,19,1
Machine 1,asia,129,8,1009,20,1
Machine 1,asia,79,8,1053,21,1
Machine 1,us,147,8,992,18,1
Machine 0,emea,240,8,1037,18,1
Machine 1,us,27,10,1022,18,1
Machine 1,us,132,8,1016,20,1
Machine 0,asia,48,8,1112,20,1
Machine 1,us,192,8,1110,21,1
Machine 0,asia,63,8,1109,18,1
Machine 0,us,141,7,1103,21,1
Machine 0,emea,195,8,764,21,1
Machine 0,emea,135,8,897,21,1
Machine 0,asia,103,8,1120,21,1
Machine 0,us,41,9,1083,20,1
Machine 1,us,42,9,1138,20,1
Machine 0,emea,40,9,1109,20,1
Machine 0,asia,108,7,1142,18,1
Machine 0,asia,3,7,1224,19,1
Machine 0,emea,0,10,566,18,1
Machine 1,asia,204,7,1272,20,1
Machine 1,us,242,8,534,21,1
Machine 0,us,106,7,619,21,1
Machine 0,asia,143,8,1298,21,1
Machine 1,us,207,7,694,21,1
Machine 0,emea,185,9,702,20,1
Machine 1,us,57,9,680,21,1
Machine 0,asia,223,8,725,20,1
Machine 0,emea,220,8,831,18,1
Machine 1,us,37,8,841,21,1
Machine 0,asia,18,9,861,19,1
Machine 0,asia,8,9,868,18,1
Machine 0,emea,110,9,874,20,1
Machine 0,emea,105,8,883,21,1
Machine 0,us,66,8,888,19,1
Machine 0,us,181,9,831,18,1
Machine 0,us,76,7,917,20,1
Machine 1,us,92,8,934,20,1
Machine 1,asia,34,8,965,18,1
Machine 1,us,152,8,924,18,1
Machine 0,emea,140,6,917,18,1
Machine 0,emea,35,10,902,19,1
Machine 0,emea,15,8,856,21,1
Machine 1,us,187,7,967,19,1
Machine 1,asia,214,8,1024,20,1
Machine 0,emea,235,8,939,20,1
Machine 0,us,136,7,999,21,1
Machine 1,asia,84,6,1061,18,1
Machine 0,asia,203,8,1020,19,1
Machine 0,us,211,8,1006,20,1
Machine 1,us,212,8,1000,19,1
Machine 0,us,151,8,1008,18,1
Machine 1,us,112,4,1043,18,1
Machine 1,asia,59,7,1110,18,1
Machine 0,emea,160,8,1039,21,1
Machine 0,asia,118,7,1134,18,1
Machine 0,emea,175,8,1027,18,1
Machine 0,asia,138,9,1046,19,1
Machine 0,emea,60,8,1118,18,1
Machine 0,us,191,9,1091,18,1
Machine 0,emea,80,9,1096,18,1
Machine 1,asia,169,7,1244,20,1
Machine 0,us,196,8,1254,20,1
Machine 0,asia,213,9,1179,19,1
Machine 0,asia,68,9,1239,19,1
Machine 0,us,6,9,1167,21,1
Machine 1,us,22,7,1275,20,1
Machine 1,asia,44,9,1320,18,1
Machine 0,us,186,7,1175,20,1
Machine 1,asia,99,9,1362,21,1
Machine 1,us,167,5,884,18,1
Machine 0,us,86,7,1374,21,1
Machine 0,asia,208,7,915,18,1
Machine 0,us,81,7,787,21,1
Machine 0,us,116,8,836,19,1
Machine 1,asia,144,8,1162,21,1
Machine 1,us,127,8,736,19,1
Machine 0,us,231,7,1322,18,1
Machine 1,asia,89,5,863,21,1
Machine 0,emea,180,9,975,21,1
Machine 1,asia,224,8,897,21,1
Machine 1,asia,229,8,1432,21,1
Machine 0,asia,218,7,903,21,1
Machine 1,us,52,9,905,21,1
Machine 1,asia,49,9,958,21,1
Machine 0,asia,193,9,1317,18,1
Machine 1,asia,149,8,944,18,1
Machine 0,emea,5,7,921,19,1
Machine 0,emea,120,10,973,19,1
Machine 0,emea,50,7,926,20,1
Machine 0,asia,78,7,964,21,1
Machine 0,emea,30,6,809,21,1
Machine 1,us,237,6,952,19,1
Machine 0,asia,198,8,1053,18,1
Machine 0,emea,155,9,988,21,1
Machine 1,asia,109,8,1107,21,1
Machine 1,asia,29,8,1037,18,1
Machine 0,emea,150,7,1053,18,1
Machine 0,emea,90,9,1053,19,1
Machine 1,us,122,8,948,19,1
Machine 0,us,46,9,937,21,1
Machine 0,asia,58,9,1086,20,1
Machine 0,emea,45,9,1014,18,1
Machine 0,asia,128,7,935,21,1
Machine 0,emea,190,6,1049,20,1
Machine 0,emea,245,8,1108,21,1
Machine 0,us,236,9,990,18,1
Machine 0,asia,238,9,1000,21,1
Machine 0,emea,225,6,947,18,1
Machine 0,us,51,5,1023,21,1
Machine 1,us,7,9,1029,18,1
Machine 1,us,17,10,952,20,1
Machine 1,us,62,8,1268,18,1
Machine 0,asia,93,8,1158,18,1
Machine 0,emea,55,8,1220,20,1
Machine 0,us,156,7,1229,19,1
Machine 0,emea,125,9,476,21,1
Machine 1,us,117,7,1111,19,1
Machine 0,emea,20,8,1121,19,1
Machine 0,us,206,7,1048,20,1
Machine 1,us,82,10,1136,21,1
Machine 0,emea,10,9,1267,18,1
Machine 0,us,216,8,799,21,1
Machine 1,asia,194,8,1240,21,1
Machine 0,us,126,9,883,19,1
Machine 0,asia,178,8,1309,21,1
Machine 0,asia,168,9,1469,20,1
Machine 0,asia,158,9,1375,18,1
Machine 1,asia,39,8,1351,21,1
Machine 0,asia,23,9,1320,20,1
Machine 1,asia,249,8,1413,18,1
Machine 0,us,166,7,679,18,1
Machine 1,asia,9,8,1445,21,1
Machine 1,asia,199,8,1608,19,1
Machine 1,asia,124,7,1448,19,1
Machine 0,emea,100,8,785,21,1
Machine 1,us,67,5,771,19,1
Machine 0,us,221,5,747,18,1
Machine 1,us,157,8,775,19,1
Machine 1,asia,139,7,815,19,1
Machine 0,asia,248,8,1475,18,1
Machine 1,asia,134,8,1612,21,1
Machine 0,us,16,9,805,18,1
Machine 0,us,31,9,856,18,1
Machine 0,us,96,8,793,19,1
Machine 0,emea,70,6,875,19,1
Machine 0,us,121,8,905,18,1
Machine 0,emea,95,9,911,20,1
Machine 0,emea,75,8,810,18,1
Machine 0,us,56,9,881,20,1
Machine 1,us,97,8,902,18,1
Machine 0,us,1,10,895,19,1
Machine 1,us,87,8,911,21,1
Machine 1,asia,14,9,1008,21,1
Machine 1,us,142,9,999,21,1
Machine 1,asia,104,9,951,18,1
Machine 1,us,227,8,1022,20,1
Machine 0,asia,38,5,1057,18,1
Machine 0,emea,25,10,978,21,1
Machine 1,us,182,9,1057,20,1
Machine 1,asia,189,9,1122,19,1
Machine 1,asia,24,8,1163,19,1
Machine 1,us,72,9,1093,21,1
Machine 1,us,77,9,1046,18,1
Machine 0,emea,170,10,1126,19,1
Machine 0,asia,98,8,1172,21,1
Machine 0,us,36,8,1157,19,1
Machine 0,us,131,9,1170,20,1
Machine 0,us,11,9,1142,19,1
Machine 1,asia,154,9,1194,18,1
Machine 1,asia,244,6,1260,21,1
Machine 0,emea,210,9,1216,18,1
Machine 0,asia,88,9,1234,20,1
Machine 1,asia,129,9,886,19,1
Machine 0,emea,215,8,1345,19,1
Machine 1,asia,179,9,1348,20,1
Machine 1,us,47,9,1435,21,1
Machine 0,asia,53,10,1144,20,1
Machine 0,asia,113,7,1450,18,1
Machine 0,emea,230,9,1443,20,1
Machine 1,asia,19,10,1614,18,1
Machine 0,us,226,9,763,20,1
Machine 1,asia,94,8,1480,20,1
Machine 1,asia,79,9,1055,18,1
Machine 1,us,197,5,1507,21,1
Machine 1,us,202,10,1016,20,1
Machine 0,asia,163,9,1468,19,1
Machine 1,asia,119,8,1606,18,1
Machine 0,emea,135,9,815,20,1
Machine 1,us,232,9,840,20,1
Machine 1,us,147,9,887,21,1
Machine 0,emea,240,9,851,21,1
Machine 1,us,102,10,1632,21,1
Machine 1,us,132,9,936,19,1
Machine 0,asia,73,7,949,18,1
Machine 0,emea,165,9,933,18,1
Machine 1,us,192,9,931,21,1
Machine 0,emea,130,10,975,21,1
Machine 0,us,41,10,1028,20,1
Machine 1,asia,69,9,1014,20,1
Machine 0,us,241,9,1080,20,1
Machine 0,us,141,8,1092,21,1
Machine 0,emea,195,9,1121,18,1
Machine 1,asia,164,6,1055,20,1
Machine 0,emea,185,10,1107,18,1
Machine 1,us,57,10,1100,20,1
Machine 1,us,92,9,1046,19,1
Machine 1,us,207,8,1141,20,1
Machine 0,asia,223,9,1105,19,1
Machine 1,us,217,10,1109,19,1
Machine 1,us,42,10,1170,21,1
Machine 0,asia,8,10,1143,18,1
Machine 1,us,37,9,1143,18,1
Machine 1,asia,204,8,1202,18,1
Machine 1,asia,34,9,1142,19,1
Machine 1,asia,209,9,1264,19,1
Machine 0,asia,48,9,1301,18,1
Machine 0,emea,15,9,1157,20,1
Machine 0,asia,143,9,1274,20,1
Machine 0,asia,18,10,1238,18,1
Machine 0,us,171,9,1212,21,1
Machine 0,emea,85,8,1279,21,1
Machine 0,asia,63,9,1349,21,1
Machine 0,us,106,8,1359,21,1
Machine 0,us,181,10,1324,19,1
Machine 0,emea,220,9,1377,19,1
Machine 0,emea,110,10,1336,21,1
Machine 0,emea,105,9,1314,21,1
Machine 0,us,101,8,1474,21,1
Machine 0,us,176,8,1308,19,1
Machine 0,asia,108,8,1488,20,1
Machine 0,asia,28,9,1436,20,1
Machine 1,us,187,8,1428,18,1
Machine 0,us,26,10,1387,20,1
Machine 0,asia,123,9,1500,19,1
Machine 0,asia,3,8,1565,19,1
Machine 0,asia,243,8,1486,20,1
Machine 0,asia,183,9,1476,20,1
Machine 0,us,136,8,1492,18,1
Machine 1,us,137,9,1519,19,1
Machine 1,asia,214,9,1501,18,1
Machine 1,asia,74,9,1540,18,1
Machine 1,us,152,9,1547,18,1
Machine 0,asia,103,9,1633,19,1
Machine 1,us,222,9,1577,20,1
Machine 0,emea,235,9,1522,20,1
Machine 0,us,66,9,1594,21,1
Machine 0,us,76,8,1610,18,1
Machine 0,emea,140,7,1593,20,1
Machine 0,emea,205,9,1576,18,1
Machine 1,asia,54,9,1583,18,1
Machine 1,asia,174,9,1613,21,1
Machine 0,emea,200,9,637,21,1
Machine 0,us,91,8,638,21,1
Machine 1,asia,159,8,900,21,1
Machine 0,emea,175,9,598,19,1
Machine 0,emea,40,10,695,19,1
Machine 1,us,162,9,1685,18,1
Machine 0,asia,153,7,1232,21,1
Machine 0,us,211,9,799,21,1
Machine 1,asia,84,7,1639,20,1
Machine 0,asia,233,7,1718,20,1
Machine 1,us,212,9,793,21,1
Machine 1,us,242,9,653,19,1
Machine 0,us,21,7,758,20,1
Machine 0,asia,203,9,973,19,1
Machine 0,us,191,10,750,20,1
Machine 0,asia,133,9,1821,20,1
Machine 1,us,22,8,704,20,1
Machine 0,asia,13,9,1857,18,1
Machine 0,emea,160,9,825,21,1
Machine 0,us,86,8,628,18,1
Machine 1,us,112,5,876,19,1
Machine 0,emea,60,9,825,18,1
Machine 0,us,6,10,820,19,1
Machine 0,us,196,9,820,20,1
Machine 0,asia,138,10,870,21,1
Machine 0,us,151,9,964,20,1
Machine 0,emea,80,10,876,20,1
Machine 0,asia,68,10,909,20,1
Machine 1,asia,219,8,1063,19,1
Machine 1,asia,4,6,1111,20,1
Machine 0,us,116,9,597,21,1
Machine 0,us,186,8,877,21,1
Machine 1,asia,44,10,955,19,1
Machine 0,asia,118,8,1067,21,1
Machine 0,us,231,8,544,20,1
Machine 1,asia,169,8,1025,21,1
Machine 1,asia,59,8,1111,18,1
Machine 0,asia,208,8,968,19,1
Machine 1,us,122,9,723,20,1
Machine 1,asia,149,9,726,21,1
Machine 1,us,237,7,686,20,1
Machine 0,emea,180,10,770,20,1
Machine 0,emea,50,8,645,19,1
Machine 0,emea,5,8,768,21,1
Machine 1,us,52,10,755,19,1
Machine 1,asia,229,9,756,20,1
Machine 0,emea,30,7,752,18,1
Machine 0,asia,193,10,775,19,1
Machine 1,us,172,8,749,20,1
Machine 0,emea,115,9,728,21,1
Machine 0,us,51,6,691,18,1
Machine 0,emea,245,9,797,21,1
Machine 0,asia,218,8,898,19,1
Machine 1,asia,49,10,910,21,1
Machine 0,emea,20,9,806,20,1
Machine 1,asia,224,9,923,18,1
Machine 0,us,71,9,816,19,1
Machine 1,asia,29,9,892,18,1
Machine 0,asia,78,8,921,21,1
Machine 0,emea,155,10,904,20,1
Machine 1,asia,64,8,897,19,1
Machine 0,us,46,10,910,21,1
Machine 0,us,206,8,897,18,1
Machine 0,emea,10,10,920,21,1
Machine 0,asia,198,9,1000,21,1
Machine 0,emea,125,10,926,18,1
Machine 0,asia,128,8,969,18,1
Machine 0,us,161,8,968,21,1
Machine 1,us,7,10,964,19,1
Machine 0,us,216,9,977,19,1
Machine 0,us,126,10,942,20,1
Machine 0,us,246,9,467,19,1
Machine 0,asia,178,9,1003,18,1
Machine 0,us,166,8,783,20,1
Machine 1,asia,249,9,796,19,1
Machine 0,asia,158,10,847,18,1
Machine 0,asia,213,10,1058,19,1
Machine 0,emea,100,9,383,20,1
Machine 1,asia,194,9,935,18,1
Machine 1,us,157,9,520,21,1
Machine 1,asia,39,9,760,18,1
Machine 0,us,31,10,584,21,1
Machine 0,us,16,10,584,18,1
Machine 1,asia,9,9,666,21,1
Machine 1,us,67,6,605,20,1
Machine 0,us,96,9,587,20,1
Machine 0,us,221,6,591,21,1
Machine 1,asia,199,9,635,19,1
Machine 0,asia,23,10,748,21,1
Machine 1,asia,139,8,673,18,1
Machine 1,us,127,9,591,21,1
Machine 1,asia,124,8,699,18,1
Machine 1,us,142,10,646,19,1
Machine 0,us,81,8,587,20,1
Machine 1,us,87,9,715,18,1
Machine 0,asia,168,10,735,20,1
Machine 0,emea,90,10,455,21,1
Machine 1,asia,134,9,770,20,1
Machine 1,us,227,9,677,21,1
Machine 0,asia,248,9,820,18,1
Machine 1,us,167,6,690,21,1
Machine 0,emea,150,8,528,19,1
Machine 0,emea,45,10,412,19,1
Machine 1,asia,104,10,810,21,1
Machine 1,asia,14,10,832,21,1
Machine 1,asia,99,10,846,19,1
Machine 1,us,182,10,470,21,1
Machine 1,asia,144,9,752,18,1
Machine 0,emea,190,7,520,19,1
Machine 0,asia,38,6,753,21,1
Machine 1,asia,89,6,927,18,1
Machine 0,asia,58,10,662,19,1
Machine 0,emea,225,7,546,19,1
Machine 0,us,236,10,546,19,1
Machine 1,asia,189,10,684,21,1
Machine 0,asia,238,10,650,21,1
Machine 1,asia,109,9,690,21,1
Machine 1,us,72,10,616,18,1
Machine 0,emea,75,9,638,18,1
Machine 0,emea,95,10,645,20,1
Machine 0,emea,55,9,635,18,1
Machine 0,us,56,10,672,21,1
Machine 0,us,156,8,687,20,1
Machine 1,us,117,8,686,21,1
Machine 1,asia,24,9,719,21,1
Machine 1,us,62,9,720,20,1
Machine 1,us,77,10,739,21,1
Machine 0,emea,70,7,697,19,1
Machine 0,us,121,9,704,18,1
Machine 0,asia,93,9,829,20,1
Machine 0,us,36,9,781,21,1
Machine 0,emea,210,10,813,21,1
Machine 1,us,97,9,856,21,1
Machine 0,asia,98,9,869,21,1
Machine 0,emea,215,9,759,20,1
Machine 0,asia,88,10,1012,20,1
Machine 0,us,11,10,981,18,1
Machine 1,asia,179,10,913,19,1
Machine 1,us,47,10,751,18,1
Machine 0,emea,230,10,693,19,1
Machine 0,us,131,10,1041,21,1
Machine 0,emea,135,10,728,18,1
Machine 0,us,226,10,712,19,1
Machine 0,emea,240,10,722,20,1
Machine 0,emea,165,10,722,20,1
Machine 0,emea,195,10,739,18,1
Machine 1,us,197,6,745,19,1
Machine 1,us,232,10,769,20,1
Machine 1,us,147,10,768,19,1
Machine 1,us,92,10,793,21,1
Machine 1,asia,154,10,1147,20,1
Machine 1,asia,129,10,1117,18,1
Machine 1,asia,244,7,1170,20,1
Machine 1,us,192,10,835,19,1
Machine 0,asia,113,8,884,18,1
Machine 0,us,141,9,833,20,1
Machine 1,asia,79,10,866,20,1
Machine 1,asia,94,9,882,18,1
Machine 1,us,2,9,865,20,1
Machine 0,us,241,10,867,21,1
Machine 1,asia,119,9,894,19,1
Machine 0,asia,163,10,939,18,1
Machine 1,asia,164,7,941,18,1
Machine 0,emea,15,10,958,20,1
Machine 0,emea,85,9,959,21,1
Machine 0,us,171,10,988,19,1
Machine 1,asia,239,8,1032,19,1
Machine 0,us,106,9,1019,18,1
Machine 0,us,101,9,1034,21,1
Machine 0,us,176,9,1082,20,1
Machine 0,asia,48,10,1108,20,1
Machine 1,us,187,9,1100,21,1
Machine 0,asia,228,8,1146,19,1
Machine 0,asia,63,10,1170,21,1
Machine 1,asia,34,10,1174,18,1
Machine 0,emea,200,10,919,18,1
Machine 0,asia,28,10,1235,19,1
Machine 0,emea,205,10,948,18,1
Machine 0,asia,143,10,1228,20,1
Machine 0,asia,108,9,1304,20,1
Machine 0,asia,123,10,1125,19,1
Machine 1,us,137,10,961,19,1
Machine 0,asia,243,9,1136,20,1
Machine 0,emea,175,10,1096,20,1
Machine 1,us,212,10,1067,21,1
Machine 1,asia,214,10,1182,21,1
Machine 0,asia,183,10,1208,21,1
Machine 0,asia,3,9,1255,20,1
Machine 1,us,162,10,1168,21,1
Machine 0,us,21,8,1158,19,1
Machine 0,asia,153,8,1237,21,1
Machine 1,asia,174,10,1178,21,1
Machine 0,us,66,10,1238,18,1
Machine 0,us,91,9,1254,18,1
Machine 1,us,242,10,1294,20,1
Machine 1,asia,84,8,1300,18,1
Machine 1,asia,74,10,1374,21,1
Machine 0,us,211,10,1419,19,1
Machine 0,asia,133,10,1459,20,1
Machine 0,us,146,8,1387,21,1
Machine 1,asia,54,10,1505,20,1
Machine 1,us,22,9,1458,20,1
Machine 0,us,61,10,1426,19,1
Machine 0,emea,20,10,1433,18,1
Machine 0,asia,203,10,1530,19,1
Machine 0,asia,233,8,1557,18,1
Machine 1,us,12,9,1517,21,1
Machine 0,us,186,9,1514,19,1
Machine 0,emea,145,8,1579,20,1
Machine 1,asia,204,9,1570,18,1
Machine 0,us,196,10,1572,21,1
Machine 0,asia,208,9,1704,19,1
Machine 0,asia,173,8,1675,18,1
Machine 0,emea,5,9,1619,21,1
Machine 0,asia,83,7,1664,20,1
Machine 1,asia,229,10,1882,21,1
Machine 1,asia,4,7,1839,18,1
Machine 1,asia,59,9,1921,19,1
Machine 0,us,71,10,1945,18,1
Machine 0,us,231,9,1985,18,1
Machine 0,emea,50,9,1991,18,1
Machine 0,us,96,10,1743,19,1
Machine 0,us,166,9,1769,18,1
Machine 1,asia,224,10,2004,19,1
Machine 1,us,112,6,1677,20,1
Machine 1,us,107,10,1709,21,1
Machine 1,asia,9,10,1877,18,1
Machine 0,us,151,10,2124,19,1
Machine 1,us,237,8,2236,18,1
Machine 1,asia,29,10,2187,19,1
Machine 0,us,206,9,2177,20,1
Machine 1,asia,139,9,1951,18,1
Machine 0,us,116,10,2284,20,1
Machine 1,asia,124,9,1946,18,1
Machine 0,emea,105,10,2210,19,1
Machine 1,us,127,10,1987,19,1
Machine 0,asia,118,9,2349,20,1
Machine 1,asia,64,9,2304,20,1
Machine 0,us,111,9,2100,19,1
Machine 0,emea,245,10,2378,20,1
Machine 0,us,221,7,2182,21,1
Machine 1,asia,219,9,2491,20,1
Machine 1,us,167,7,2081,19,1
Machine 1,asia,169,9,2498,18,1
Machine 1,asia,199,10,2174,20,1
Machine 0,asia,78,9,2473,20,1
Machine 1,us,32,9,2290,19,1
Machine 0,us,216,10,2477,20,1
Machine 1,us,117,9,2128,19,1
Machine 1,asia,89,7,2225,21,1
Machine 1,asia,209,10,2640,21,1
Machine 0,us,246,10,2364,21,1
Machine 0,emea,100,10,2020,19,1
Machine 0,asia,148,9,2344,19,1
Machine 0,asia,13,10,2345,21,1
Machine 0,emea,30,8,2264,18,1
Machine 0,emea,150,9,2279,20,1
Machine 0,asia,93,10,2133,18,1
Machine 0,us,141,10,1991,20,1
Machine 0,emea,85,10,1448,21,1
Machine 1,us,177,9,2372,20,1
Machine 1,us,62,10,2210,20,1
Machine 0,asia,198,10,2287,18,1
Machine 0,emea,160,10,2356,19,1
Machine 1,us,247,7,2036,20,1
Machine 0,emea,60,10,2340,20,1
Machine 1,us,67,7,2447,18,1
Machine 0,emea,190,8,2331,18,1
Machine 1,us,207,9,2105,20,1
Machine 1,asia,149,10,2328,20,1
Machine 1,us,132,10,2127,18,1
Machine 1,us,87,10,2387,20,1
Machine 0,us,106,10,1417,18,1
Machine 0,us,86,9,2378,20,1
Machine 0,asia,38,7,2406,20,1
Machine 0,us,81,9,2443,20,1
Machine 0,asia,248,10,2448,20,1
Machine 0,asia,218,9,2829,20,1
Machine 0,asia,128,9,2827,21,1
Machine 0,emea,115,10,2457,20,1
Machine 0,asia,188,9,2471,18,1
Machine 0,emea,225,8,2484,18,1
Machine 0,asia,43,9,2595,20,1
Machine 1,us,157,10,2274,20,1
Machine 0,us,176,10,922,20,1
Machine 1,us,197,7,2246,20,1
Machine 1,asia,134,10,2529,18,1
Machine 0,us,36,10,2374,19,1
Machine 1,asia,234,8,2616,19,1
Machine 0,asia,113,9,2283,21,1
Machine 1,asia,119,10,2143,19,1
Machine 1,asia,164,8,2150,20,1
Machine 1,us,97,10,2463,20,1
Machine 1,asia,24,10,2539,18,1
Machine 0,asia,98,10,2403,21,1
Machine 1,us,172,9,2580,20,1
Machine 0,us,51,7,2644,20,1
Machine 0,emea,215,10,2423,18,1
Machine 1,us,122,10,2586,18,1
Machine 1,asia,94,10,2380,19,1
Machine 1,asia,249,10,2809,19,1
Machine 0,emea,220,10,2879,20,1
Machine 1,us,227,10,2688,19,1
Machine 1,asia,239,9,1722,21,1
Machine 0,us,156,9,2709,21,1
Machine 0,us,201,6,2855,18,1
Machine 0,us,101,10,1699,18,1
Machine 1,asia,109,10,2719,20,1
Machine 0,us,161,9,2610,19,1
Machine 1,asia,184,8,2467,19,1
Machine 1,asia,144,10,2792,21,1
Machine 0,emea,75,10,2776,19,1
Machine 0,emea,55,10,2792,20,1
Machine 1,us,2,10,2554,21,1
Machine 0,emea,70,8,2729,18,1
Machine 0,us,121,10,2735,19,1
Machine 0,asia,223,10,2615,21,1
Machine 1,us,37,10,2548,20,1
Machine 0,asia,73,8,2714,19,1
Machine 1,asia,69,10,2726,21,1
Machine 1,asia,194,10,2726,21,1
Machine 0,emea,140,8,572,21,1
Machine 0,emea,235,10,672,20,1
Machine 0,asia,33,9,2879,19,1
Machine 1,us,152,10,647,19,1
Machine 1,us,222,10,619,19,1
Machine 1,asia,244,8,2745,20,1
Machine 1,us,187,10,998,18,1
Machine 1,asia,39,10,2803,20,1
Machine 0,asia,228,9,783,21,1
Machine 0,asia,178,10,2861,19,1
Machine 0,us,76,9,727,20,1
Machine 0,us,136,9,774,19,1
Machine 0,us,21,9,579,20,1
Machine 0,asia,103,10,818,20,1
Machine 1,asia,159,9,895,18,1
Machine 0,asia,3,10,783,18,1
Machine 0,us,91,10,555,21,1
Machine 0,us,146,9,498,22,1
Machine 0,asia,108,10,908,18,1
Machine 1,us,22,10,533,19,1
Machine 0,emea,5,10,552,20,1
Machine 0,asia,153,9,734,20,1
Machine 0,us,186,10,648,21,1
Machine 1,asia,84,9,622,19,1
Machine 0,emea,145,9,610,20,1
Machine 0,us,111,10,562,18,1
Machine 0,asia,243,10,972,18,1
Machine 1,us,12,10,653,19,1
Machine 0,asia,233,9,700,21,1
Machine 1,us,112,7,676,21,1
Machine 1,us,237,9,691,18,1
Machine 0,us,166,10,699,18,1
Machine 0,asia,208,10,759,19,1
Machine 0,emea,50,10,702,20,1
Machine 0,us,231,10,739,21,1
Machine 0,us,206,10,722,18,1
Machine 1,asia,4,8,793,21,1
Machine 1,us,167,8,704,20,1
Machine 1,asia,59,10,797,19,1
Machine 1,asia,204,10,834,18,1
Machine 0,asia,173,9,828,18,1
Machine 1,us,117,10,727,21,1
Machine 0,emea,30,9,722,18,1
Machine 0,asia,83,8,917,18,1
Machine 0,us,221,8,822,18,1
Machine 1,us,207,10,516,18,1
Machine 1,us,32,10,826,18,1
Machine 1,asia,169,10,852,19,1
Machine 0,asia,118,10,888,19,1
Machine 0,emea,150,10,844,19,1
Machine 1,asia,64,10,894,21,1
Machine 1,asia,124,10,932,18,1
Machine 1,asia,219,10,900,20,1
Machine 1,us,247,8,844,21,1
Machine 1,us,177,10,877,19,1
Machine 0,asia,78,10,944,21,1
Machine 0,asia,148,10,950,19,1
Machine 0,us,86,10,527,19,1
Machine 1,asia,139,10,1018,21,1
Machine 0,us,81,10,444,21,1
Machine 0,emea,225,9,435,19,1
Machine 0,emea,190,9,665,18,1
Machine 1,us,67,8,846,21,1
Machine 1,asia,89,8,1110,18,1
Machine 1,us,172,10,639,20,1
Machine 0,us,201,7,621,18,1
Machine 0,us,51,8,706,18,1
Machine 0,asia,38,8,768,21,1
Machine 0,emea,70,9,484,21,1
Machine 0,asia,43,10,791,21,1
Machine 0,asia,218,10,704,19,1
Machine 0,us,161,10,718,21,1
Machine 1,us,197,8,772,20,1
Machine 1,asia,164,9,793,18,1
Machine 0,asia,113,10,812,18,1
Machine 0,asia,188,10,854,19,1
Machine 0,us,156,10,784,21,1
Machine 0,asia,128,10,867,19,1
Machine 1,asia,239,10,815,19,1
Machine 1,asia,184,9,743,20,1
Machine 1,asia,234,9,850,18,1
Machine 0,asia,73,9,580,19,1
Machine 0,emea,140,9,538,21,1
Machine 0,us,76,10,506,20,1
Machine 0,emea,145,10,553,21,1
Machine 0,us,146,10,657,21,1
Machine 0,asia,228,10,690,21,1
Machine 0,us,21,10,686,21,1
Machine 0,emea,30,10,529,21,1
Machine 1,asia,244,9,726,21,1
Machine 0,us,136,10,698,20,1
Machine 0,asia,33,10,733,18,1
Machine 1,us,167,9,656,21,1
Machine 1,us,237,10,663,18,1
Machine 1,asia,159,10,702,18,1
Machine 1,us,112,8,700,18,1
Machine 0,us,221,9,574,20,1
Machine 1,us,247,9,565,20,1
Machine 1,asia,4,9,783,18,1
Machine 0,emea,225,10,470,20,1
Machine 0,asia,83,9,736,19,1
Machine 0,asia,233,10,815,18,1
Machine 0,us,201,8,506,18,1
Machine 0,asia,153,10,857,21,1
Machine 1,asia,84,10,853,21,1
Machine 1,us,67,9,481,19,1
Machine 0,emea,70,10,498,18,1
Machine 0,emea,190,10,532,18,1
Machine 0,us,51,9,498,18,1
Machine 1,us,197,9,538,21,1
Machine 0,asia,173,10,929,19,1
Machine 0,emea,140,10,461,18,1
Machine 1,asia,89,9,677,19,1
Machine 0,asia,38,9,719,21,1
Machine 1,us,167,10,397,20,1
Machine 1,us,112,9,398,21,1
Machine 1,asia,164,10,730,21,1
Machine 1,us,247,10,397,20,1
Machine 0,us,221,10,413,21,1
Machine 1,asia,184,10,760,20,1
Machine 0,asia,73,10,731,21,1
Machine 1,asia,234,10,814,20,1
Machine 0,us,201,9,421,21,1
Machine 0,us,51,10,399,20,1
Machine 1,asia,244,10,604,19,1
Machine 1,us,67,10,434,18,1
Machine 1,us,197,10,411,19,1
Machine 1,asia,4,10,581,19,1
Machine 0,asia,83,10,576,21,1
Machine 1,us,112,10,369,18,1
Machine 0,emea,65,8,327,20,1
Machine 1,asia,89,10,572,18,1
Machine 0,asia,38,10,552,18,1
Machine 0,us,201,10,392,20,1
Machine 1,asia,114,8,565,20,1
Machine 0,emea,65,9,332,18,1
Machine 0,emea,65,10,321,20,1
Machine 1,asia,114,9,531,20,1
Machine 1,asia,114,10,523,19,1
