Machine 0,emea,2,1,406,21,1
Machine 0,emea,6,1,423,20,1
Machine 0,emea,11,1,474,21,1
Machine 0,us,3,1,474,19,1
Machine 1,us,13,1,490,19,1
Machine 0,us,12,1,610,18,1
Machine 0,asia,14,1,649,18,1
Machine 0,us,27,1,645,19,1
Machine 0,asia,0,1,681,18,1
Machine 1,asia,15,1,679,20,1
Machine 0,emea,21,1,667,20,1
Machine 0,asia,9,1,736,18,1
Machine 0,us,7,1,760,21,1
Machine 1,us,8,1,773,19,1
Machine 1,asia,1,1,767,18,1
Machine 0,emea,16,1,744,20,1
Machine 0,us,17,1,783,20,1
Machine 1,asia,20,1,844,19,1
Machine 1,us,38,1,826,20,1
Machine 1,us,18,1,853,21,1
Machine 0,us,22,1,866,21,1
Machine 0,asia,4,1,919,20,1
Machine 1,asia,5,1,890,21,1
Machine 0,asia,19,1,874,18,1
Machine 0,asia,39,1,915,19,1
Machine 0,asia,29,1,1044,21,1
Machine 0,asia,24,1,981,21,1
Machine 1,us,43,1,910,20,1
Machine 1,us,23,1,973,18,1
Machine 1,us,28,1,1134,19,1
Machine 0,asia,34,1,989,19,1
Machine 1,asia,30,1,1040,19,1
Machine 0,us,32,1,1048,21,1
Machine 1,asia,25,1,1070,19,1
Machine 1,us,48,1,1060,20,1
Machine 0,us,37,1,1125,20,1
Machine 0,emea,41,1,1125,21,1
Machine 0,emea,26,1,1184,19,1
Machine 0,emea,56,1,1139,20,1
Machine 0,emea,46,1,1162,21,1
Machine 0,emea,36,1,1189,21,1
Machine 1,asia,50,1,1196,19,1
Machine 0,emea,66,1,1140,18,1
Machine 0,us,52,1,1155,19,1
Machine 0,us,42,1,1215,18,1
Machine 1,asia,10,1,1216,18,1
Machine 0,emea,71,1,1193,18,1
Machine 0,us,77,1,1177,20,1
Machine 1,asia,35,1,1261,20,1
Machine 0,emea,31,1,1299,20,1
Machine 1,asia,40,1,1279,19,1
Machine 1,us,58,1,1258,18,1
Machine 1,us,53,1,1274,20,1
Machine 0,us,57,1,1249,21,1
Machine 0,asia,49,1,1300,18,1
Machine 1,us,33,1,1302,21,1
Machine 1,us,78,1,1242,19,1
Machine 1,us,73,1,1299,20,1
Machine 1,asia,65,1,1319,21,1
Machine 0,asia,44,1,1359,21,1
Machine 0,us,47,1,1442,18,1
Machine 0,asia,64,1,1399,19,1
Machine 0,asia,74,1,1399,19,1
Machine 0,emea,51,1,1478,18,1
Machine 0,emea,81,1,1226,19,1
Machine 0,us,67,1,1566,21,1
Machine 0,emea,76,1,1551,21,1
Machine 0,asia,54,1,1603,18,1
Machine 1,us,63,1,1585,20,1
Machine 1,asia,70,1,1583,18,1
Machine 0,us,72,1,1582,18,1
Machine 1,asia,55,1,1626,21,1
Machine 0,emea,61,1,1632,21,1
Machine 0,us,62,1,1620,18,1
Machine 1,asia,45,1,1669,20,1
Machine 1,us,83,1,1359,20,1
Machine 1,asia,60,1,1685,18,1
Machine 1,asia,80,1,1618,20,1
Machine 1,asia,75,1,1569,20,1
Machine 0,us,82,1,1476,19,1
Machine 1,us,68,1,1702,20,1
Machine 0,emea,86,1,1118,20,1
Machine 0,asia,79,1,1578,19,1
Machine 0,asia,69,1,1792,18,1
Machine 0,asia,59,1,1801,19,1
Machine 0,asia,89,1,1167,20,1
Machine 0,asia,84,1,1220,22,1
Machine 1,asia,85,1,1301,20,1
Machine 1,us,88,1,751,19,1
Machine 0,us,87,1,603,18,1
Machine 1,us,93,1,444,19,1
Machine 0,emea,91,1,503,19,1
Machine 0,emea,99,1,437,21,1
Machine 1,asia,90,1,722,20,1
Machine 0,asia,94,1,633,21,1
Machine 0,us,92,1,533,21,1
Machine 0,emea,191,1,536,21,1
Machine 1,us,183,1,516,20,1
Machine 0,us,187,1,538,18,1
Machine 1,us,123,1,555,21,1
Machine 1,us,208,1,580,21,1
Machine 1,us,168,1,581,18,1
Machine 0,us,112,1,531,18,1
Machine 1,asia,95,1,628,18,1
Machine 1,us,188,1,636,20,1
Machine 0,asia,97,1,651,19,1
Machine 1,asia,96,1,674,19,1
Machine 1,us,148,1,628,21,1
Machine 0,us,152,1,637,19,1
Machine 1,us,133,1,561,18,1
Machine 0,emea,136,1,491,21,1
Machine 0,us,107,1,682,21,1
Machine 1,us,113,1,725,19,1
Machine 0,emea,186,1,427,18,1
Machine 1,asia,175,1,742,21,1
Machine 0,us,182,1,430,21,1
Machine 1,asia,98,1,872,18,1
Machine 1,asia,125,1,748,19,1
Machine 1,us,138,1,614,20,1
Machine 1,asia,196,1,825,21,1
Machine 1,asia,120,1,882,20,1
Machine 0,asia,184,1,1008,20,1
Machine 1,asia,140,1,910,19,1
Machine 1,asia,190,1,958,18,1
Machine 0,us,147,1,648,18,1
Machine 1,asia,170,1,1040,18,1
Machine 0,emea,156,1,733,21,1
Machine 1,asia,205,1,1025,18,1
Machine 1,asia,155,1,1226,21,1
Machine 0,emea,199,1,778,20,1
Machine 0,asia,129,1,1196,20,1
Machine 0,emea,151,1,972,21,1
Machine 0,asia,144,1,918,19,1
Machine 0,emea,116,1,931,21,1
Machine 0,emea,126,1,1112,21,1
Machine 0,emea,181,1,1149,21,1
Machine 1,asia,185,1,1025,18,1
Machine 0,us,203,1,1158,21,1
Machine 1,us,158,1,1073,20,1
Machine 0,emea,131,1,1174,19,1
Machine 0,emea,146,1,1090,21,1
Machine 0,us,172,1,1097,21,1
Machine 1,us,108,1,1246,19,1
Machine 0,us,167,1,1099,18,1
Machine 0,us,103,1,1005,21,1
Machine 0,us,192,1,1247,20,1
Machine 1,asia,198,1,1284,20,1
Machine 0,us,127,1,1228,19,1
Machine 0,us,207,1,1187,19,1
Machine 0,emea,206,1,1267,21,1
Machine 0,asia,134,1,1284,19,1
Machine 0,emea,166,1,1272,21,1
Machine 0,asia,169,1,1354,18,1
Machine 1,asia,130,1,1352,21,1
Machine 0,asia,119,1,1338,19,1
Machine 0,emea,202,1,1262,21,1
Machine 0,us,122,1,1339,20,1
Machine 0,emea,111,1,1283,19,1
Machine 0,asia,109,1,1382,18,1
Machine 0,asia,154,1,1398,19,1
Machine 0,emea,102,1,1290,21,1
Machine 0,asia,200,1,1398,18,1
Machine 0,asia,149,1,1334,21,1
Machine 1,us,173,1,1198,19,1
Machine 0,us,157,1,1355,21,1
Machine 1,us,143,1,1432,19,1
Machine 1,us,153,1,1359,19,1
Machine 0,us,162,1,1410,18,1
Machine 0,emea,121,1,1425,21,1
Machine 1,asia,115,1,1275,20,1
Machine 0,us,177,1,590,19,1
Machine 0,asia,139,1,1441,20,1
Machine 0,asia,204,1,1590,18,1
Machine 0,emea,171,1,390,21,1
Machine 0,emea,141,1,438,20,1
Machine 0,asia,174,1,1410,18,1
Machine 1,asia,105,1,1573,19,1
Machine 1,asia,195,1,1605,20,1
Machine 1,asia,201,1,749,21,1
Machine 0,asia,104,1,1448,21,1
Machine 1,asia,150,1,1467,19,1
Machine 0,us,142,1,488,20,1
Machine 0,asia,189,1,1553,20,1
Machine 0,asia,159,1,882,18,1
Machine 1,asia,145,1,1557,21,1
Machine 1,asia,135,1,1654,19,1
Machine 0,emea,176,1,504,18,1
Machine 0,us,132,1,537,19,1
Machine 1,us,163,1,544,20,1
Machine 0,us,137,1,561,19,1
Machine 1,us,193,1,594,19,1
Machine 0,emea,106,1,565,19,1
Machine 1,us,178,1,571,18,1
Machine 0,emea,161,1,574,18,1
Machine 0,us,117,1,629,18,1
Machine 1,asia,180,1,759,18,1
Machine 0,emea,14,2,417,21,1
Machine 1,us,128,1,611,21,1
Machine 0,asia,194,1,721,20,1
Machine 0,asia,114,1,756,19,1
Machine 1,asia,165,1,735,19,1
Machine 0,emea,216,1,698,19,1
Machine 1,us,3,2,636,20,1
Machine 0,emea,6,2,734,21,1
Machine 0,asia,197,1,754,18,1
Machine 0,asia,124,1,857,19,1
Machine 1,asia,110,1,775,18,1
Machine 0,us,212,1,548,19,1
Machine 0,asia,179,1,818,19,1
Machine 1,asia,101,1,828,19,1
Machine 0,us,11,2,808,18,1
Machine 1,us,118,1,951,20,1
Machine 0,us,27,2,666,21,1
Machine 0,asia,164,1,890,21,1
Machine 0,asia,229,1,843,19,1
Machine 0,asia,100,1,950,18,1
Machine 0,emea,4,2,478,18,1
Machine 1,asia,160,1,932,18,1
Machine 1,us,223,1,490,19,1
Machine 0,asia,13,2,843,21,1
Machine 0,us,222,1,529,18,1
Machine 1,asia,12,2,812,18,1
Machine 1,us,19,2,530,20,1
Machine 0,asia,209,1,730,21,1
Machine 1,asia,210,1,1003,20,1
Machine 1,us,23,2,551,18,1
Machine 0,emea,31,2,532,18,1
Machine 0,us,43,2,586,19,1
Machine 0,us,5,2,620,19,1
Machine 0,asia,18,2,626,21,1
Machine 1,asia,215,1,671,18,1
Machine 1,us,56,2,607,18,1
Machine 0,emea,55,2,558,21,1
Machine 0,emea,76,2,571,21,1
Machine 0,emea,78,2,643,20,1
Machine 0,us,26,2,709,19,1
Machine 1,us,65,2,657,21,1
Machine 0,us,73,2,703,21,1
Machine 0,emea,41,2,756,21,1
Machine 1,asia,22,2,793,21,1
Machine 1,asia,34,2,790,18,1
Machine 0,emea,50,2,744,18,1
Machine 1,asia,29,2,842,21,1
Machine 0,asia,46,2,747,18,1
Machine 0,us,66,2,814,20,1
Machine 0,asia,48,2,853,18,1
Machine 1,us,63,2,705,19,1
Machine 1,asia,35,2,854,18,1
Machine 0,asia,39,2,899,20,1
Machine 1,asia,10,2,872,20,1
Machine 1,asia,47,2,847,20,1
Machine 0,asia,81,2,857,19,1
Machine 0,asia,219,1,683,20,1
Machine 1,asia,71,2,927,20,1
Machine 1,asia,36,2,944,19,1
Machine 1,asia,33,2,1015,18,1
Machine 1,us,218,1,862,21,1
Machine 1,us,75,2,481,21,1
Machine 0,asia,214,1,792,20,1
Machine 0,emea,86,2,484,20,1
Machine 0,emea,221,1,649,18,1
Machine 1,us,88,2,506,20,1
Machine 0,us,80,2,627,21,1
Machine 1,us,69,2,505,18,1
Machine 0,emea,84,2,524,21,1
Machine 0,us,183,2,408,18,1
Machine 0,emea,211,1,602,19,1
Machine 0,emea,91,2,609,19,1
Machine 1,us,90,2,612,19,1
Machine 0,us,79,2,619,20,1
Machine 0,us,85,2,654,19,1
Machine 1,asia,93,2,654,20,1
Machine 1,asia,68,2,714,19,1
Machine 0,asia,82,2,746,18,1
Machine 0,us,227,1,665,21,1
Machine 1,us,187,2,559,20,1
Machine 0,us,99,2,728,19,1
Machine 0,emea,191,2,583,19,1
Machine 0,us,217,1,648,19,1
Machine 0,asia,59,2,773,18,1
Machine 1,us,95,2,480,19,1
Machine 0,asia,94,2,754,18,1
Machine 1,asia,92,2,757,18,1
Machine 0,asia,87,2,781,23,1
Machine 0,emea,168,2,532,18,1
Machine 1,us,0,2,603,21,1
Machine 1,asia,89,2,825,20,1
Machine 0,emea,96,2,355,18,1
Machine 0,us,112,2,588,21,1
Machine 0,asia,123,2,808,18,1
Machine 1,asia,208,2,840,20,1
Machine 0,us,148,2,659,19,1
Machine 0,asia,224,1,1078,21,1
Machine 1,us,213,1,1093,20,1
Machine 1,asia,220,1,868,21,1
Machine 1,asia,97,2,684,19,1
Machine 0,asia,15,2,977,18,1
Machine 0,emea,9,2,767,19,1
Machine 1,asia,21,2,712,18,1
Machine 0,asia,188,2,739,21,1
Machine 1,us,8,2,780,21,1
Machine 1,asia,225,1,1169,18,1
Machine 1,us,38,2,768,18,1
Machine 1,us,152,2,782,21,1
Machine 0,us,20,2,788,19,1
Machine 1,us,186,2,783,21,1
Machine 0,us,61,2,784,21,1
Machine 0,us,113,2,785,18,1
Machine 0,us,125,2,813,21,1
Machine 0,emea,17,2,827,18,1
Machine 0,emea,156,2,779,21,1
Machine 1,us,25,2,824,19,1
Machine 0,asia,1,2,855,21,1
Machine 0,emea,184,2,817,20,1
Machine 0,us,7,2,867,19,1
Machine 0,emea,98,2,849,19,1
Machine 1,us,190,2,910,21,1
Machine 1,asia,16,2,964,18,1
Machine 0,emea,151,2,881,19,1
Machine 1,asia,120,2,966,21,1
Machine 0,us,205,2,933,19,1
Machine 0,asia,196,2,984,20,1
Machine 1,us,138,2,1017,19,1
Machine 1,us,155,2,981,18,1
Machine 1,us,158,2,949,19,1
Machine 1,asia,182,2,1050,20,1
Machine 0,asia,28,2,1058,21,1
Machine 0,us,144,2,966,21,1
Machine 1,asia,146,2,979,19,1
Machine 0,emea,172,2,747,21,1
Machine 1,asia,170,2,1033,18,1
Machine 0,emea,122,2,335,19,1
Machine 1,us,167,2,868,21,1
Machine 1,asia,129,2,1031,20,1
Machine 0,asia,147,2,1131,21,1
Machine 0,asia,134,2,858,19,1
Machine 0,asia,131,2,1111,20,1
Machine 0,asia,199,2,1175,22,1
Machine 0,emea,139,2,376,18,1
Machine 0,us,32,2,450,21,1
Machine 0,emea,24,2,433,20,1
Machine 0,asia,127,2,956,20,1
Machine 1,asia,198,2,1013,19,1
Machine 0,us,108,2,513,18,1
Machine 1,asia,166,2,626,20,1
Machine 0,emea,30,2,513,20,1
Machine 1,us,171,2,484,21,1
Machine 0,emea,105,2,471,21,1
Machine 0,us,204,2,517,18,1
Machine 1,asia,202,2,597,18,1
Machine 0,asia,119,2,641,18,1
Machine 1,asia,37,2,632,18,1
Machine 0,asia,115,2,663,18,1
Machine 0,emea,142,2,468,21,1
Machine 1,asia,174,2,642,20,1
Machine 0,asia,157,2,735,21,1
Machine 1,us,201,2,406,20,1
Machine 0,us,189,2,500,18,1
Machine 1,us,163,2,468,20,1
Machine 1,us,159,2,496,19,1
Machine 0,asia,141,2,689,20,1
Machine 0,us,195,2,600,19,1
Machine 0,asia,104,2,663,20,1
Machine 0,us,178,2,508,20,1
Machine 1,asia,143,2,810,19,1
Machine 1,us,161,2,542,18,1
Machine 1,asia,150,2,570,18,1
Machine 0,us,132,2,589,21,1
Machine 1,us,194,2,606,21,1
Machine 0,emea,14,3,608,19,1
Machine 0,emea,106,2,595,21,1
Machine 1,asia,135,2,661,18,1
Machine 0,us,128,2,629,21,1
Machine 0,emea,118,2,635,18,1
Machine 0,emea,107,2,653,21,1
Machine 0,emea,12,3,631,20,1
Machine 1,us,6,3,687,21,1
Machine 0,asia,137,2,740,21,1
Machine 0,emea,185,2,728,20,1
Machine 0,us,3,3,747,18,1
Machine 1,asia,180,2,771,20,1
Machine 0,us,203,2,711,19,1
Machine 0,asia,114,2,770,18,1
Machine 0,emea,216,2,767,18,1
Machine 0,asia,103,2,786,21,1
Machine 0,us,19,3,701,21,1
Machine 1,us,116,2,789,21,1
Machine 0,emea,169,2,788,21,1
Machine 0,us,140,2,817,19,1
Machine 0,emea,65,3,496,21,1
Machine 1,asia,165,2,848,19,1
Machine 1,us,5,3,758,20,1
Machine 1,us,76,3,598,20,1
Machine 0,asia,117,2,871,20,1
Machine 0,emea,56,3,649,18,1
Machine 0,us,43,3,786,21,1
Machine 0,asia,175,2,897,18,1
Machine 0,us,130,2,563,21,1
Machine 0,asia,78,3,758,21,1
Machine 1,asia,11,3,967,21,1
Machine 0,us,73,3,453,21,1
Machine 1,asia,23,3,919,19,1
Machine 1,asia,181,2,990,20,1
Machine 0,asia,18,3,877,19,1
Machine 0,asia,126,2,1013,20,1
Machine 1,asia,222,2,968,21,1
Machine 0,us,55,3,781,18,1
Machine 0,emea,53,2,426,21,1
Machine 1,asia,215,2,933,19,1
Machine 0,us,54,2,470,20,1
Machine 1,asia,26,3,822,18,1
Machine 1,us,121,2,484,21,1
Machine 1,us,41,3,493,18,1
Machine 1,asia,34,3,665,21,1
Machine 0,emea,60,2,553,20,1
Machine 1,us,62,2,499,21,1
Machine 0,asia,77,2,644,20,1
Machine 0,asia,22,3,668,19,1
Machine 0,us,75,3,614,19,1
Machine 0,emea,88,3,495,19,1
Machine 0,asia,47,3,666,19,1
Machine 1,asia,39,3,675,21,1
Machine 0,asia,66,3,690,18,1
Machine 0,us,162,2,682,21,1
Machine 1,asia,48,3,693,19,1
Machine 1,us,214,2,644,21,1
Machine 0,asia,70,2,697,19,1
Machine 1,asia,63,3,726,21,1
Machine 1,asia,33,3,725,21,1
Machine 0,us,57,2,392,18,1
Machine 0,us,80,3,558,21,1
Machine 1,us,69,3,459,20,1
Machine 0,emea,211,2,387,20,1
Machine 1,us,52,2,450,19,1
Machine 0,asia,35,3,849,23,1
Machine 1,asia,177,2,864,21,1
Machine 1,asia,221,2,815,21,1
Machine 1,asia,83,2,710,20,1
Machine 0,asia,45,2,747,18,1
Machine 1,us,90,3,408,19,1
Machine 0,asia,86,3,868,19,1
Machine 0,asia,49,2,560,21,1
Machine 0,emea,93,3,434,18,1
Machine 0,us,91,3,470,19,1
Machine 1,asia,58,2,622,19,1
Machine 0,emea,110,2,395,20,1
Machine 0,asia,42,2,610,20,1
Machine 1,asia,183,3,632,19,1
Machine 0,us,68,3,540,21,1
Machine 0,asia,40,2,620,20,1
Machine 1,us,179,2,413,20,1
Machine 1,asia,85,3,630,20,1
Machine 0,asia,84,3,714,20,1
Machine 0,emea,4,3,447,20,1
Machine 0,asia,197,2,648,21,1
Machine 0,us,212,2,538,20,1
Machine 0,asia,36,3,699,19,1
Machine 0,us,27,3,543,21,1
Machine 1,us,223,2,524,18,1
Machine 0,us,160,2,558,21,1
Machine 1,us,209,2,546,21,1
Machine 1,asia,124,2,665,21,1
Machine 1,us,164,2,593,19,1
Machine 0,asia,101,2,632,21,1
Machine 0,asia,79,3,820,21,1
Machine 0,us,191,3,576,21,1
Machine 0,emea,94,3,548,18,1
Machine 0,asia,210,2,662,21,1
Machine 0,emea,89,3,407,21,1
Machine 0,asia,13,3,683,18,1
Machine 0,emea,99,3,647,20,1
Machine 1,us,217,2,636,20,1
Machine 0,us,92,3,539,21,1
Machine 0,asia,229,2,773,20,1
Machine 1,us,112,3,428,19,1
Machine 0,asia,59,3,704,18,1
Machine 1,asia,100,2,793,21,1
Machine 0,emea,31,3,426,21,1
Machine 1,asia,0,3,614,21,1
Machine 1,asia,187,3,844,20,1
Machine 1,us,213,2,510,19,1
Machine 0,us,96,3,542,21,1
Machine 0,emea,218,2,1570,19,1
Machine 0,us,224,2,543,18,1
Machine 0,emea,61,3,522,21,1
Machine 0,emea,190,3,534,19,1
Machine 0,us,1,3,563,19,1
Machine 0,us,9,3,575,18,1
Machine 0,emea,28,3,534,19,1
Machine 0,emea,25,3,596,19,1
Machine 0,asia,123,3,686,19,1
Machine 1,us,151,3,567,20,1
Machine 0,asia,7,3,677,19,1
Machine 0,us,16,3,681,19,1
Machine 0,us,144,3,699,19,1
Machine 0,emea,122,3,668,18,1
Machine 0,emea,196,3,822,21,1
Machine 1,asia,98,3,849,20,1
Machine 0,asia,158,3,835,20,1
Machine 0,asia,172,3,866,21,1
Machine 0,us,167,3,593,20,1
Machine 1,asia,8,3,918,20,1
Machine 1,us,129,3,743,18,1
Machine 0,emea,219,2,726,21,1
Machine 1,asia,170,3,937,20,1
Machine 0,asia,120,3,977,21,1
Machine 0,us,198,3,560,21,1
Machine 1,asia,81,3,701,19,1
Machine 0,asia,147,3,664,18,1
Machine 1,us,139,3,627,21,1
Machine 0,emea,127,3,634,19,1
Machine 0,us,199,3,701,20,1
Machine 1,asia,205,3,1170,21,1
Machine 0,emea,131,3,737,20,1
Machine 0,asia,32,3,718,20,1
Machine 1,us,108,3,749,18,1
Machine 0,emea,206,2,712,21,1
Machine 1,asia,207,2,876,19,1
Machine 1,asia,192,2,901,19,1
Machine 1,asia,24,3,910,20,1
Machine 0,asia,166,3,919,20,1
Machine 0,emea,202,3,665,20,1
Machine 1,asia,171,3,704,20,1
Machine 1,asia,30,3,929,20,1
Machine 0,asia,119,3,804,19,1
Machine 1,asia,134,3,1133,19,1
Machine 1,asia,204,3,818,20,1
Machine 1,us,109,2,491,19,1
Machine 0,us,111,2,794,19,1
Machine 0,emea,115,3,422,21,1
Machine 1,asia,37,3,785,19,1
Machine 0,emea,200,2,629,18,1
Machine 1,us,173,2,538,18,1
Machine 1,asia,102,2,765,19,1
Machine 0,us,149,2,586,18,1
Machine 0,asia,105,3,1074,20,1
Machine 0,emea,195,3,627,21,1
Machine 0,emea,135,3,434,19,1
Machine 0,asia,154,2,738,20,1
Machine 1,us,194,3,453,20,1
Machine 0,us,132,3,486,18,1
Machine 1,us,118,3,430,18,1
Machine 0,emea,6,4,416,21,1
Machine 0,us,137,3,490,20,1
Machine 0,emea,15,3,496,19,1
Machine 1,us,87,3,505,20,1
Machine 0,asia,14,4,621,21,1
Machine 1,asia,161,3,756,21,1
Machine 1,asia,95,3,574,21,1
Machine 1,asia,12,4,634,20,1
Machine 0,emea,148,3,637,21,1
Machine 0,asia,227,2,723,21,1
Machine 0,emea,176,2,718,21,1
Machine 1,asia,106,3,793,19,1
Machine 0,asia,220,2,714,21,1
Machine 1,us,216,3,686,18,1
Machine 0,emea,5,4,396,19,1
Machine 0,us,38,3,727,18,1
Machine 1,asia,193,2,753,19,1
Machine 0,emea,203,3,758,21,1
Machine 1,us,117,3,436,18,1
Machine 0,asia,17,3,715,18,1
Machine 0,asia,107,3,839,18,1
Machine 0,emea,175,3,465,18,1
Machine 1,us,146,3,760,19,1
Machine 0,asia,168,3,867,20,1
Machine 1,us,140,3,639,19,1
Machine 0,asia,145,2,879,22,1
Machine 1,asia,208,3,905,21,1
Machine 0,emea,121,3,487,20,1
Machine 1,asia,97,3,929,19,1
Machine 0,us,76,4,583,19,1
Machine 1,asia,180,3,914,20,1
Machine 1,us,18,4,576,20,1
Machine 1,asia,19,4,888,20,1
Machine 0,emea,39,4,515,19,1
Machine 0,us,130,3,651,21,1
Machine 0,us,181,3,769,19,1
Machine 0,asia,56,4,691,20,1
Machine 1,asia,26,4,736,19,1
Machine 1,us,75,4,650,18,1
Machine 0,us,22,4,717,18,1
Machine 1,us,78,4,774,21,1
Machine 0,emea,55,4,809,18,1
Machine 0,us,66,4,635,20,1
Machine 0,asia,126,3,833,20,1
Machine 1,asia,222,3,832,19,1
Machine 0,asia,60,3,805,19,1
Machine 1,asia,43,4,829,19,1
Machine 0,asia,54,3,954,20,1
Machine 1,asia,62,3,912,19,1
Machine 0,us,53,3,957,20,1
Machine 0,us,41,4,888,19,1
Machine 1,us,34,4,914,21,1
Machine 1,us,33,4,505,19,1
Machine 1,asia,47,4,803,19,1
Machine 0,emea,201,3,565,18,1
Machine 0,us,142,3,568,20,1
Machine 0,us,63,4,571,18,1
Machine 1,asia,80,4,639,19,1
Machine 1,us,52,3,627,18,1
Machine 0,emea,221,3,622,19,1
Machine 0,us,29,3,612,19,1
Machine 1,asia,214,3,668,21,1
Machine 0,asia,48,4,811,20,1
Machine 1,us,163,3,659,21,1
Machine 0,asia,174,3,729,21,1
Machine 0,emea,49,3,712,19,1
Machine 0,emea,40,3,598,21,1
Machine 0,asia,183,4,759,26,1
Machine 0,asia,143,3,897,21,1
Machine 1,asia,157,3,909,21,1
Machine 1,us,185,3,545,21,1
Machine 0,asia,57,3,914,18,1
Machine 1,asia,68,4,834,20,1
Machine 1,us,125,3,876,20,1
Machine 1,asia,86,4,891,21,1
Machine 1,us,46,3,393,18,1
Machine 0,us,93,4,874,18,1
Machine 0,emea,84,4,424,18,1
Machine 1,us,45,3,953,19,1
Machine 0,us,71,3,440,20,1
Machine 0,asia,3,4,881,18,1
Machine 0,us,4,4,521,21,1
Machine 1,asia,110,3,1048,19,1
Machine 0,us,189,3,545,21,1
Machine 1,us,89,4,517,20,1
Machine 0,asia,58,3,1080,29,1
Machine 0,us,114,3,610,19,1
Machine 1,asia,42,3,1047,18,1
Machine 1,us,91,4,595,20,1
Machine 0,emea,217,3,599,21,1
Machine 1,asia,85,4,714,19,1
Machine 0,us,169,3,684,20,1
Machine 0,asia,90,4,1217,19,1
Machine 0,emea,124,3,733,20,1
Machine 0,asia,103,3,797,18,1
Machine 1,us,229,3,716,18,1
Machine 0,emea,100,3,553,20,1
Machine 0,asia,197,3,809,20,1
Machine 1,us,224,3,485,21,1
Machine 0,us,218,3,480,21,1
Machine 0,emea,96,4,550,20,1
Machine 0,emea,1,4,492,19,1
Machine 1,asia,99,4,921,19,1
Machine 1,asia,209,3,899,20,1
Machine 0,emea,77,3,616,21,1
Machine 0,asia,187,4,699,18,1
Machine 0,asia,61,4,670,19,1
Machine 0,us,113,3,649,20,1
Machine 0,asia,112,4,981,20,1
Machine 1,asia,213,3,750,18,1
Machine 0,asia,88,4,751,18,1
Machine 0,emea,196,4,732,19,1
Machine 0,asia,25,4,744,21,1
Machine 0,us,27,4,719,18,1
Machine 1,us,219,3,813,20,1
Machine 1,us,223,3,511,20,1
Machine 0,asia,170,4,804,20,1
Machine 1,us,131,4,502,18,1
Machine 1,asia,123,4,905,21,1
Machine 0,us,205,4,738,19,1
Machine 1,us,192,3,545,21,1
Machine 1,asia,122,4,917,19,1
Machine 0,us,104,3,577,19,1
Machine 1,us,30,4,644,18,1
Machine 0,emea,204,4,637,19,1
Machine 0,asia,144,4,1051,20,1
Machine 0,emea,202,4,655,21,1
Machine 0,asia,32,4,748,18,1
Machine 1,asia,134,4,745,18,1
Machine 1,us,16,4,706,20,1
Machine 0,asia,24,4,761,19,1
Machine 1,asia,166,4,767,20,1
Machine 0,us,207,3,787,18,1
Machine 1,asia,190,4,1185,20,1
Machine 0,emea,36,4,1582,20,1
Machine 0,asia,139,4,1190,20,1
Machine 0,emea,151,4,646,19,1
Machine 0,us,7,4,819,20,1
Machine 0,emea,200,3,454,19,1
Machine 0,asia,115,4,879,19,1
Machine 0,emea,150,3,507,19,1
Machine 1,us,178,3,850,21,1
Machine 0,us,98,4,531,21,1
Machine 1,asia,141,3,1014,19,1
Machine 1,us,158,4,527,18,1
Machine 0,us,135,4,579,20,1
Machine 0,emea,195,4,590,20,1
Machine 0,asia,159,3,956,19,1
Machine 1,asia,37,4,735,19,1
Machine 0,asia,119,4,1122,21,1
Machine 0,asia,133,2,630,19,1
Machine 0,us,173,3,685,19,1
Machine 1,us,102,3,681,21,1
Machine 0,us,128,3,713,20,1
Machine 1,us,154,3,697,19,1
Machine 0,us,129,4,648,21,1
Machine 0,emea,8,4,573,21,1
Machine 0,emea,116,3,375,27,1
Machine 0,us,6,5,733,19,1
Machine 0,emea,118,4,709,25,1
Machine 1,asia,105,4,755,19,1
Machine 0,asia,172,4,724,19,1
Machine 1,asia,132,4,784,18,1
Machine 1,us,137,4,462,21,1
Machine 0,asia,149,3,831,21,1
Machine 1,asia,136,2,891,18,1
Machine 1,asia,167,4,782,20,1
Machine 0,emea,198,4,539,19,1
Machine 0,us,81,4,506,20,1
Machine 1,us,147,4,555,19,1
Machine 0,emea,199,4,565,18,1
Machine 1,asia,87,4,652,20,1
Machine 0,asia,194,4,984,20,1
Machine 1,us,215,3,470,18,1
Machine 0,asia,161,4,769,20,1
Machine 0,emea,176,3,439,19,1
Machine 1,asia,120,4,779,20,1
Machine 0,us,106,4,499,18,1
Machine 0,asia,65,4,769,19,1
Machine 1,asia,95,4,708,18,1
Machine 1,asia,165,3,785,21,1
Machine 0,asia,15,4,833,18,1
Machine 1,us,175,4,514,18,1
Machine 1,asia,14,5,832,19,1
Machine 1,asia,127,4,607,18,1
Machine 0,emea,5,5,624,21,1
Machine 0,emea,17,4,553,18,1
Machine 0,us,107,4,598,20,1
Machine 0,asia,11,4,867,20,1
Machine 1,asia,216,4,675,18,1
Machine 0,emea,140,4,604,18,1
Machine 1,us,193,3,666,19,1
Machine 0,emea,70,3,383,19,1
Machine 1,us,208,4,465,20,1
Machine 0,us,38,4,675,20,1
Machine 0,asia,220,3,736,20,1
Machine 1,asia,117,4,688,18,1
Machine 0,asia,148,4,810,19,1
Machine 1,asia,168,4,747,19,1
Machine 0,us,145,3,723,19,1
Machine 0,asia,146,4,812,21,1
Machine 1,us,162,3,502,20,1
Machine 1,us,111,3,488,20,1
Machine 0,us,78,5,454,19,1
Machine 0,us,109,3,487,21,1
Machine 0,asia,203,4,919,19,1
Machine 0,emea,76,5,566,18,1
Machine 0,us,180,4,572,19,1
Machine 0,emea,22,5,459,21,1
Machine 0,us,171,4,612,20,1
Machine 1,asia,97,4,691,18,1
Machine 0,asia,121,4,671,20,1
Machine 0,emea,222,4,417,19,1
Machine 0,us,60,4,479,20,1
Machine 0,us,41,5,455,18,1
Machine 1,us,55,5,478,19,1
Machine 1,us,34,5,486,21,1
Machine 1,asia,126,4,660,20,1
Machine 0,us,142,4,493,19,1
Machine 0,emea,53,4,501,18,1
Machine 0,asia,35,4,841,19,1
Machine 1,us,40,4,506,19,1
Machine 0,emea,201,4,528,19,1
Machine 0,asia,66,5,731,21,1
Machine 0,emea,221,4,523,18,1
Machine 0,asia,26,5,846,23,1
Machine 0,us,49,4,545,20,1
Machine 1,us,57,4,515,19,1
Machine 0,asia,54,4,653,20,1
Machine 0,emea,157,4,534,21,1
Machine 0,us,92,4,609,21,1
Machine 1,us,43,5,568,19,1
Machine 0,us,210,3,669,19,1
Machine 0,us,185,4,536,18,1
Machine 0,us,29,4,647,20,1
Machine 0,asia,80,5,713,18,1
Machine 0,emea,86,5,433,20,1
Machine 1,asia,52,4,746,20,1
Machine 1,us,93,5,406,21,1
Machine 0,asia,13,4,741,23,1
Machine 1,asia,143,4,741,18,1
Machine 1,asia,212,3,771,20,1
Machine 0,asia,183,5,769,18,1
Machine 1,asia,163,4,792,19,1
Machine 0,emea,71,4,461,18,1
Machine 0,asia,68,5,611,19,1
Machine 1,us,28,4,498,20,1
Machine 0,us,31,4,498,21,1
Machine 1,asia,125,4,571,18,1
Machine 0,us,46,4,491,19,1
Machine 0,us,58,4,532,21,1
Machine 0,emea,217,4,498,18,1
Machine 1,asia,59,4,578,20,1
Machine 1,us,114,4,562,20,1
Machine 1,asia,227,3,622,18,1
Machine 1,us,169,4,488,21,1
Machine 1,asia,45,4,645,19,1
Machine 0,asia,84,5,662,21,1
Machine 0,emea,50,3,372,21,1
Machine 1,asia,189,4,629,18,1
Machine 0,emea,103,4,388,18,1
Machine 0,asia,110,4,733,19,1
Machine 1,us,100,4,436,20,1
Machine 0,us,229,4,606,20,1
Machine 0,emea,10,3,473,19,1
Machine 0,asia,42,4,783,18,1
Machine 0,asia,90,5,712,21,1
Machine 0,emea,205,5,425,18,1
Machine 0,emea,218,4,592,19,1
Machine 1,asia,91,5,819,20,1
Machine 1,asia,124,4,739,20,1
Machine 0,emea,174,4,611,19,1
Machine 1,asia,224,4,688,19,1
Machine 0,emea,88,5,662,19,1
Machine 1,us,122,5,584,18,1
Machine 0,asia,48,5,698,18,1
Machine 1,asia,39,5,727,21,1
Machine 1,asia,27,5,710,18,1
Machine 0,us,196,5,689,21,1
Machine 0,asia,187,5,732,18,1
Machine 0,asia,99,5,716,18,1
Machine 0,emea,206,3,405,21,1
Machine 0,us,192,4,624,19,1
Machine 1,asia,61,5,807,21,1
Machine 1,us,4,5,463,21,1
Machine 0,emea,219,4,737,21,1
Machine 0,us,3,5,472,19,1
Machine 1,asia,213,4,846,21,1
Machine 1,us,202,5,471,20,1
Machine 0,asia,131,5,848,20,1
Machine 1,asia,123,5,869,20,1
Machine 0,asia,25,5,899,18,1
Machine 0,emea,16,5,572,21,1
Machine 0,asia,104,4,593,26,1
Machine 1,us,166,5,583,18,1
Machine 1,us,151,5,581,21,1
Machine 0,us,24,5,615,18,1
Machine 1,asia,30,5,611,21,1
Machine 0,emea,204,5,612,19,1
Machine 1,asia,108,4,826,19,1
Machine 0,emea,36,5,569,18,1
Machine 0,us,144,5,692,20,1
Machine 1,asia,134,5,743,21,1
Machine 0,us,139,5,616,19,1
Machine 0,asia,32,5,688,20,1
Machine 0,emea,115,5,431,20,1
Machine 1,us,173,4,495,18,1
Machine 1,asia,190,5,801,20,1
Machine 0,us,85,5,508,19,1
Machine 0,us,129,5,553,19,1
Machine 0,us,133,3,564,18,1
Machine 1,us,8,5,555,19,1
Machine 0,asia,207,4,869,18,1
Machine 0,emea,118,5,577,20,1
Machine 0,emea,119,5,600,20,1
Machine 0,us,105,5,534,18,1
Machine 0,asia,7,5,625,19,1
Machine 1,asia,200,4,660,18,1
Machine 1,us,172,5,523,21,1
Machine 1,asia,37,5,682,19,1
Machine 0,emea,154,4,658,20,1
Machine 0,asia,197,4,779,20,1
Machine 1,us,167,5,417,21,1
Machine 0,asia,102,4,751,19,1
Machine 0,emea,113,4,478,19,1
Machine 1,asia,6,6,797,19,1
Machine 0,emea,12,5,484,19,1
Machine 0,us,199,5,486,20,1
Machine 0,asia,116,4,833,18,1
Machine 1,asia,209,4,728,19,1
Machine 0,emea,161,5,354,20,1
Machine 0,emea,147,5,474,20,1
Machine 1,asia,137,5,601,20,1
Machine 1,asia,77,4,615,18,1
Machine 1,us,87,5,568,18,1
Machine 0,asia,132,5,642,21,1
Machine 0,emea,95,5,353,19,1
Machine 0,us,176,4,430,18,1
Machine 0,asia,194,5,678,19,1
Machine 1,asia,81,5,706,18,1
Machine 1,asia,215,4,602,20,1
Machine 0,asia,198,5,753,21,1
Machine 0,us,140,5,466,22,1
Machine 0,emea,216,5,473,19,1
Machine 1,us,15,5,453,20,1
Machine 1,us,120,5,521,20,1
Machine 0,asia,106,5,663,19,1
Machine 0,us,150,4,535,19,1
Machine 0,emea,145,4,414,21,1
Machine 0,us,5,6,654,18,1
Machine 1,us,193,4,631,20,1
Machine 1,us,18,5,640,18,1
Machine 1,us,178,4,514,21,1
Machine 1,asia,14,6,684,18,1
Machine 1,asia,208,5,666,19,1
Machine 1,us,117,5,662,19,1
Machine 0,asia,175,5,693,20,1
Machine 0,emea,130,4,424,19,1
Machine 0,asia,70,4,729,18,1
Machine 0,asia,148,5,614,20,1
Machine 0,emea,158,5,466,19,1
Machine 1,asia,11,5,689,19,1
Machine 1,us,56,5,475,18,1
Machine 0,asia,19,5,820,18,1
Machine 0,asia,98,5,778,21,1
Machine 0,us,135,5,584,21,1
Machine 0,us,181,4,576,21,1
Machine 1,us,195,5,588,19,1
Machine 0,emea,149,4,513,20,1
Machine 1,asia,168,5,739,19,1
Machine 1,us,214,4,631,19,1
Machine 0,emea,41,6,579,21,1
Machine 1,asia,141,4,655,18,1
Machine 0,asia,159,4,697,22,1
Machine 1,asia,128,4,691,20,1
Machine 0,us,55,6,669,19,1
Machine 1,asia,109,4,794,18,1
Machine 0,emea,53,5,491,18,1
Machine 1,asia,75,5,813,19,1
Machine 1,asia,47,5,799,21,1
Machine 0,asia,203,5,812,21,1
Machine 0,asia,33,5,755,26,1
Machine 0,emea,23,4,426,19,1
Machine 1,asia,60,5,810,18,1
Machine 1,us,34,6,813,21,1
Machine 1,asia,78,6,874,21,1
Machine 0,us,35,5,518,19,1
Machine 0,asia,222,5,872,22,1
Machine 0,us,80,6,490,19,1
Machine 1,asia,142,5,757,21,1
Machine 0,asia,126,5,824,18,1
Machine 1,asia,171,5,881,18,1
Machine 0,us,136,3,734,18,1
Machine 0,emea,13,5,386,20,1
Machine 1,us,86,6,601,20,1
Machine 0,asia,210,4,658,20,1
Machine 0,us,143,5,462,19,1
Machine 0,asia,201,5,687,19,1
Machine 1,asia,66,6,715,21,1
Machine 1,us,212,4,512,18,1
Machine 1,us,63,5,551,21,1
Machine 1,asia,73,4,743,20,1
Machine 0,emea,71,5,362,19,1
Machine 1,asia,93,6,652,18,1
Machine 0,asia,52,5,764,21,1
Machine 0,emea,127,5,361,20,1
Machine 0,us,165,4,453,21,1
Machine 1,us,28,5,383,18,1
Machine 1,asia,62,4,642,18,1
Machine 0,us,68,6,447,19,1
Machine 1,asia,65,5,1649,21,1
Machine 0,emea,46,5,490,23,1
Machine 0,emea,38,5,466,19,1
Machine 0,asia,183,6,763,20,1
Machine 0,us,220,4,486,20,1
Machine 0,asia,31,5,640,20,1
Machine 1,us,17,5,591,20,1
Machine 1,asia,163,5,829,19,1
Machine 0,asia,84,6,632,18,1
Machine 1,us,45,5,644,21,1
Machine 0,emea,69,4,507,21,1
Machine 0,us,96,5,578,18,1
Machine 1,asia,125,5,930,18,1
Machine 0,asia,107,5,950,18,1
Machine 1,us,110,5,653,19,1
Machine 0,emea,10,4,667,18,1
Machine 1,asia,50,4,759,21,1
Machine 0,us,83,3,636,20,1
Machine 1,us,1,5,626,19,1
Machine 0,emea,189,5,818,21,1
Machine 0,asia,100,5,750,20,1
Machine 1,asia,229,5,748,18,1
Machine 0,us,211,3,800,18,1
Machine 0,us,42,5,780,19,1
Machine 0,emea,91,6,754,21,1
Machine 0,us,48,6,551,19,1
Machine 0,emea,180,5,599,20,1
Machine 0,us,124,5,821,18,1
Machine 0,us,103,5,961,20,1
Machine 0,asia,179,3,970,18,1
Machine 0,asia,224,5,632,18,1
Machine 0,us,123,6,612,18,1
Machine 1,asia,177,3,969,19,1
Machine 0,us,99,6,640,20,1
Machine 0,asia,205,6,952,21,1
Machine 0,emea,122,6,651,19,1
Machine 0,emea,187,6,635,20,1
Machine 0,emea,29,5,682,20,1
Machine 1,asia,218,5,993,18,1
Machine 1,us,174,5,684,19,1
Machine 0,emea,97,5,678,21,1
Machine 1,us,170,5,738,19,1
Machine 0,us,36,6,736,18,1
Machine 0,us,151,6,771,19,1
Machine 1,us,25,6,777,18,1
Machine 1,asia,196,6,831,20,1
Machine 1,us,39,6,837,20,1
Machine 0,asia,27,6,834,20,1
Machine 1,asia,202,6,916,19,1
Machine 1,asia,88,6,914,20,1
Machine 1,us,144,6,943,19,1
Machine 0,us,223,4,881,20,1
Machine 0,emea,166,6,938,21,1
Machine 1,asia,76,6,1033,18,1
Machine 0,asia,22,6,983,20,1
Machine 0,asia,213,5,946,20,1
Machine 0,asia,112,5,974,21,1
Machine 1,asia,185,5,1003,18,1
Machine 0,asia,16,6,969,22,1
Machine 1,asia,139,6,959,18,1
Machine 0,us,9,4,954,18,1
Machine 0,us,58,5,1000,20,1
Machine 0,emea,190,6,451,21,1
Machine 0,asia,59,5,605,18,1
Machine 1,asia,173,5,656,21,1
Machine 0,asia,134,6,675,21,1
Machine 0,asia,115,6,801,19,1
Machine 0,us,169,5,648,18,1
Machine 0,us,8,6,669,21,1
Machine 1,us,7,6,671,18,1
Machine 0,emea,113,5,473,21,1
Machine 1,us,217,5,719,19,1
Machine 1,asia,32,6,746,20,1
Machine 0,us,154,5,672,21,1
Machine 0,us,105,6,692,19,1
Machine 1,asia,118,6,730,20,1
Machine 0,emea,119,6,726,21,1
Machine 0,asia,85,6,739,19,1
Machine 1,us,197,5,666,21,1
Machine 0,emea,209,5,405,20,1
Machine 1,us,95,6,420,20,1
Machine 1,us,12,6,450,18,1
Machine 0,us,132,6,478,18,1
Machine 0,us,6,7,526,19,1
Machine 1,asia,172,6,806,20,1
Machine 1,asia,116,5,581,18,1
Machine 0,us,161,6,539,19,1
Machine 1,asia,133,4,929,19,1
Machine 0,emea,87,6,564,18,1
Machine 0,us,121,5,562,21,1
Machine 1,us,147,6,577,21,1
Machine 0,asia,167,6,795,19,1
Machine 0,emea,81,6,573,21,1
Machine 0,us,215,5,574,19,1
Machine 0,emea,15,6,560,20,1
Machine 0,emea,4,6,417,19,1
Machine 0,us,120,6,570,20,1
Machine 1,us,206,4,627,19,1
Machine 1,us,198,6,626,21,1
Machine 0,asia,137,6,741,18,1
Machine 1,us,3,6,447,20,1
Machine 0,us,219,5,388,21,1
Machine 0,asia,176,5,843,18,1
Machine 0,asia,140,6,834,20,1
Machine 1,asia,77,5,831,19,1
Machine 0,asia,192,5,786,19,1
Machine 1,asia,216,6,830,18,1
Machine 1,us,106,6,490,18,1
Machine 1,asia,61,6,806,20,1
Machine 1,asia,194,6,904,21,1
Machine 0,us,117,6,514,18,1
Machine 0,asia,150,5,586,20,1
Machine 0,us,193,5,568,20,1
Machine 0,asia,178,5,635,19,1
Machine 0,emea,129,6,618,20,1
Machine 1,us,181,5,655,20,1
Machine 0,emea,98,6,663,20,1
Machine 1,asia,145,5,678,21,1
Machine 0,emea,208,6,731,20,1
Machine 1,us,18,6,754,19,1
Machine 0,emea,168,6,717,19,1
Machine 1,us,175,6,812,21,1
Machine 1,asia,14,7,818,21,1
Machine 0,asia,56,6,831,20,1
Machine 0,emea,47,6,817,21,1
Machine 1,us,33,6,828,18,1
Machine 1,asia,67,2,849,18,1
Machine 0,emea,221,5,713,19,1
Machine 0,us,135,6,842,18,1
Machine 0,emea,64,2,846,21,1
Machine 1,asia,75,6,864,18,1
Machine 1,us,11,6,916,20,1
Machine 0,emea,86,7,849,21,1
Machine 0,emea,157,5,714,21,1
Machine 0,asia,195,6,922,18,1
Machine 1,us,109,5,915,19,1
Machine 0,us,203,6,919,19,1
Machine 0,emea,65,6,650,21,1
Machine 1,asia,19,6,965,19,1
Machine 1,us,49,5,796,18,1
Machine 1,asia,149,5,982,21,1
Machine 0,emea,148,6,642,21,1
Machine 1,us,162,4,979,19,1
Machine 1,us,73,5,988,20,1
Machine 0,us,92,5,846,19,1
Machine 1,asia,80,7,1006,20,1
Machine 0,asia,207,5,1050,18,1
Machine 0,emea,220,5,801,20,1
Machine 1,asia,52,6,1085,18,1
Machine 1,us,43,6,981,19,1
Machine 1,asia,159,5,1150,19,1
Machine 0,asia,53,6,1141,20,1
Machine 1,asia,165,5,1051,21,1
Machine 0,emea,28,6,1033,20,1
Machine 1,us,40,5,1074,20,1
Machine 1,asia,60,6,1163,20,1
Machine 0,us,158,6,811,18,1
Machine 0,emea,227,4,414,18,1
Machine 0,us,31,6,465,20,1
Machine 0,us,26,6,1161,20,1
Machine 0,asia,71,6,1170,23,1
Machine 1,asia,93,7,1252,21,1
Machine 0,asia,127,6,1276,20,1
Machine 1,asia,68,7,1116,18,1
Machine 1,us,17,6,496,18,1
Machine 0,us,214,5,494,18,1
Machine 0,asia,130,5,1058,19,1
Machine 0,emea,45,6,441,20,1
Machine 0,emea,142,6,430,18,1
Machine 1,asia,54,5,1277,21,1
Machine 0,asia,62,5,1241,20,1
Machine 0,emea,34,7,462,20,1
Machine 1,us,96,6,509,21,1
Machine 1,asia,70,5,635,19,1
Machine 0,asia,163,6,686,21,1
Machine 0,us,69,5,592,21,1
Machine 1,asia,114,5,655,18,1
Machine 1,us,35,6,521,21,1
Machine 1,us,41,7,655,18,1
Machine 0,asia,57,5,1380,21,1
Machine 0,asia,23,5,660,19,1
Machine 0,emea,128,5,652,21,1
Machine 0,asia,141,5,673,18,1
Machine 0,us,55,7,596,19,1
Machine 0,us,126,6,428,20,1
Machine 1,us,90,6,599,19,1
Machine 1,asia,84,7,730,18,1
Machine 0,us,78,7,584,19,1
Machine 0,us,210,5,392,19,1
Machine 1,us,171,6,504,21,1
Machine 0,asia,222,6,821,18,1
Machine 0,us,63,6,489,19,1
Machine 1,us,143,6,500,19,1
Machine 1,us,123,7,576,20,1
Machine 1,us,170,6,581,21,1
Machine 0,asia,125,6,697,18,1
Machine 0,asia,136,4,646,20,1
Machine 1,us,50,5,631,21,1
Machine 0,emea,179,4,618,21,1
Machine 1,asia,13,6,677,18,1
Machine 1,asia,42,6,647,20,1
Machine 0,asia,211,4,664,19,1
Machine 1,us,229,6,674,18,1
Machine 0,us,224,6,666,19,1
Machine 0,asia,83,4,744,19,1
Machine 0,us,100,6,770,19,1
Machine 0,emea,88,7,534,20,1
Machine 1,asia,103,6,799,21,1
Machine 1,asia,1,6,874,21,1
Machine 0,asia,29,6,857,21,1
Machine 1,us,39,7,563,19,1
Machine 0,emea,25,7,578,20,1
Machine 1,us,223,5,560,20,1
Machine 0,us,196,7,576,21,1
Machine 0,us,9,5,621,18,1
Machine 0,asia,36,7,783,18,1
Machine 0,emea,22,7,658,21,1
Machine 1,asia,16,7,718,18,1
Machine 0,emea,37,6,648,18,1
Machine 1,us,112,6,703,19,1
Machine 0,asia,27,7,740,20,1
Machine 1,us,58,6,702,20,1
Machine 0,asia,166,7,791,21,1
Machine 0,us,134,7,716,20,1
Machine 1,asia,202,7,786,20,1
Machine 1,us,115,7,659,21,1
Machine 0,us,144,7,852,21,1
Machine 0,emea,139,7,789,21,1
Machine 1,asia,151,7,918,19,1
Machine 0,emea,7,7,411,19,1
Machine 0,emea,173,6,861,20,1
Machine 1,asia,59,6,886,18,1
Machine 0,us,213,6,947,19,1
Machine 0,asia,190,7,896,19,1
Machine 0,asia,200,5,948,20,1
Machine 0,emea,153,2,459,21,1
Machine 0,emea,89,5,479,19,1
Machine 0,asia,185,6,1079,21,1
Machine 1,asia,102,5,937,19,1
Machine 0,emea,209,6,609,19,1
Machine 1,asia,76,7,1142,19,1
Machine 1,us,119,7,600,20,1
Machine 0,us,95,7,620,18,1
Machine 1,us,217,6,673,19,1
Machine 0,emea,105,7,664,20,1
Machine 0,asia,169,6,763,19,1
Machine 0,emea,172,7,362,19,1
Machine 1,us,12,7,640,18,1
Machine 0,us,113,6,848,20,1
Machine 0,asia,199,6,861,18,1
Machine 1,asia,154,6,920,21,1
Machine 0,asia,32,7,915,18,1
Machine 1,asia,107,6,722,20,1
Machine 0,asia,85,7,911,20,1
Machine 0,emea,110,6,536,18,1
Machine 1,us,167,7,591,21,1
Machine 0,us,116,6,489,18,1
Machine 0,asia,132,7,800,21,1
Machine 1,asia,6,8,731,18,1
Machine 1,us,161,7,703,20,1
Machine 1,asia,215,6,699,21,1
Machine 0,emea,121,6,706,21,1
Machine 1,us,180,6,577,18,1
Machine 0,us,147,7,737,19,1
Machine 0,emea,91,7,505,19,1
Machine 0,us,10,5,755,21,1
Machine 0,emea,189,6,505,21,1
Machine 1,asia,87,7,855,20,1
Machine 0,emea,205,7,495,19,1
Machine 0,asia,133,5,865,21,1
Machine 0,us,122,7,526,22,1
Machine 1,us,187,7,545,20,1
Machine 0,us,48,7,551,18,1
Machine 0,us,219,6,547,20,1
Machine 0,us,97,6,586,19,1
Machine 0,emea,206,5,546,18,1
Machine 1,asia,15,7,931,20,1
Machine 0,emea,174,6,594,21,1
Machine 0,emea,5,7,578,18,1
Machine 0,asia,81,7,948,20,1
Machine 1,asia,120,7,884,19,1
Machine 0,emea,77,6,601,19,1
Machine 0,us,192,6,627,19,1
Machine 1,asia,99,7,728,18,1
Machine 0,asia,4,7,1003,18,1
Machine 0,asia,124,6,857,21,1
Machine 0,emea,194,7,411,18,1
Machine 0,emea,3,7,736,19,1
Machine 1,asia,137,7,840,18,1
Machine 0,asia,177,4,875,18,1
Machine 0,asia,198,7,875,21,1
Machine 1,asia,218,6,878,19,1
Machine 1,us,216,7,822,20,1
Machine 1,asia,140,7,916,18,1
Machine 0,us,117,7,518,18,1
Machine 1,asia,61,7,623,18,1
Machine 1,us,150,6,495,21,1
Machine 0,emea,195,7,488,18,1
Machine 0,asia,106,7,930,21,1
Machine 0,asia,176,6,1023,18,1
Machine 0,emea,129,7,708,20,1
Machine 0,asia,193,6,694,21,1
Machine 0,us,181,6,705,21,1
Machine 0,asia,145,6,701,21,1
Machine 0,emea,64,3,689,19,1
Machine 0,us,118,7,699,19,1
Machine 1,us,11,7,686,21,1
Machine 0,emea,47,7,706,19,1
Machine 0,us,75,7,712,21,1
Machine 0,emea,212,5,699,20,1
Machine 0,emea,92,6,385,20,1
Machine 0,us,80,8,417,20,1
Machine 1,us,148,7,441,20,1
Machine 1,asia,56,7,883,19,1
Machine 0,us,149,6,468,20,1
Machine 1,asia,157,6,899,21,1
Machine 1,us,53,7,492,19,1
Machine 0,us,159,6,489,20,1
Machine 1,asia,197,6,910,18,1
Machine 0,emea,43,7,456,20,1
Machine 0,asia,14,8,873,18,1
Machine 1,asia,178,6,892,20,1
Machine 1,us,207,6,541,18,1
Machine 1,asia,208,7,1014,21,1
Machine 1,asia,66,7,900,18,1
Machine 1,us,93,8,535,19,1
Machine 1,asia,73,6,619,18,1
Machine 0,asia,201,6,984,19,1
Machine 0,emea,26,7,456,21,1
Machine 1,us,158,7,532,21,1
Machine 0,asia,165,6,657,18,1
Machine 0,asia,220,6,699,19,1
Machine 0,us,71,7,441,21,1
Machine 0,emea,17,7,420,21,1
Machine 1,asia,52,7,732,20,1
Machine 0,us,69,6,457,19,1
Machine 1,asia,28,7,750,20,1
Machine 0,us,214,6,525,21,1
Machine 0,emea,163,7,482,21,1
Machine 1,asia,31,7,771,20,1
Machine 0,asia,127,7,593,19,1
Machine 0,us,90,7,553,19,1
Machine 1,us,114,6,593,21,1
Machine 0,us,23,6,580,20,1
Machine 1,us,84,8,596,20,1
Machine 1,asia,70,6,639,18,1
Machine 0,emea,57,6,632,18,1
Machine 1,asia,41,8,664,18,1
Machine 0,emea,171,7,612,20,1
Machine 1,us,128,6,667,18,1
Machine 0,emea,126,7,673,19,1
Machine 0,emea,18,7,323,20,1
Machine 0,us,222,7,613,18,1
Machine 1,asia,55,8,786,21,1
Machine 0,us,168,7,404,21,1
Machine 0,asia,78,8,720,21,1
Machine 0,asia,35,7,698,20,1
Machine 1,us,63,7,617,21,1
Machine 1,us,98,7,422,20,1
Machine 0,asia,141,6,797,18,1
Machine 0,emea,50,6,459,18,1
Machine 0,emea,42,7,478,21,1
Machine 0,asia,143,7,686,18,1
Machine 1,us,67,3,497,20,1
Machine 1,asia,210,6,893,18,1
Machine 0,emea,83,5,519,18,1
Machine 1,us,175,7,555,21,1
Machine 1,asia,136,5,633,18,1
Machine 0,us,211,5,530,20,1
Machine 0,asia,221,6,659,22,1
Machine 1,asia,135,7,688,18,1
Machine 0,us,33,7,683,18,1
Machine 1,us,88,8,620,20,1
Machine 0,asia,179,5,690,20,1
Machine 1,asia,13,7,732,20,1
Machine 0,emea,9,6,481,21,1
Machine 1,us,130,6,674,18,1
Machine 0,asia,229,7,745,18,1
Machine 1,us,25,8,781,20,1
Machine 0,us,100,7,809,19,1
Machine 1,asia,224,7,866,18,1
Machine 0,us,27,8,483,18,1
Machine 1,us,22,8,618,19,1
Machine 0,asia,188,3,892,21,1
Machine 0,asia,223,6,722,19,1
Machine 0,emea,112,7,538,18,1
Machine 0,asia,103,7,894,21,1
Machine 0,emea,202,8,545,20,1
Machine 0,us,115,8,490,20,1
Machine 0,asia,16,8,614,20,1
Machine 0,emea,7,8,468,19,1
Machine 1,asia,1,7,971,20,1
Machine 1,us,58,7,573,21,1
Machine 0,us,173,7,507,20,1
Machine 1,us,119,8,523,19,1
Machine 1,us,59,7,576,19,1
Machine 1,us,155,3,606,20,1
Machine 1,asia,37,7,695,18,1
Machine 1,us,89,6,647,21,1
Machine 0,us,76,8,681,20,1
Machine 0,emea,200,6,628,21,1
Machine 0,emea,105,8,486,20,1
Machine 0,asia,213,7,719,18,1
Machine 1,us,172,8,456,18,1
Machine 0,asia,185,7,790,19,1
Machine 0,us,169,7,593,20,1
Machine 0,asia,95,8,768,20,1
Machine 1,asia,134,8,889,19,1
Machine 0,asia,166,8,978,20,1
Machine 1,asia,102,6,841,19,1
Machine 0,emea,199,7,467,21,1
Machine 1,asia,186,3,876,20,1
Machine 0,emea,110,7,418,20,1
Machine 0,us,138,3,466,21,1
Machine 1,us,152,3,497,21,1
Machine 0,asia,12,8,589,18,1
Machine 1,asia,217,7,595,20,1
Machine 0,us,154,7,487,19,1
Machine 1,asia,113,7,592,20,1
Machine 1,us,32,8,506,19,1
Machine 0,emea,29,7,512,19,1
Machine 1,us,121,7,508,18,1
Machine 0,us,215,7,510,19,1
Machine 0,us,10,6,493,20,1
Machine 0,us,122,8,526,18,1
Machine 1,us,189,7,548,21,1
Machine 1,asia,170,7,619,19,1
Machine 0,asia,107,7,609,20,1
Machine 0,emea,161,8,594,20,1
Machine 0,emea,131,6,515,20,1
Machine 1,asia,123,8,676,18,1
Machine 0,emea,108,5,503,19,1
Machine 0,asia,125,7,661,21,1
Machine 1,asia,85,8,680,21,1
Machine 0,asia,180,7,675,19,1
Machine 0,emea,91,8,660,20,1
Machine 1,us,187,8,662,18,1
Machine 1,us,24,6,524,18,1
Machine 0,emea,133,6,678,19,1
Machine 1,asia,147,8,718,19,1
Machine 0,asia,87,8,699,18,1
Machine 0,emea,81,8,359,19,1
Machine 1,asia,204,6,708,21,1
Machine 0,asia,48,8,779,22,1
Machine 0,asia,30,6,738,35,1
Machine 0,us,36,8,437,21,1
Machine 1,asia,219,7,579,21,1
Machine 1,us,77,7,552,21,1
Machine 1,us,194,8,469,18,1
Machine 0,emea,4,8,487,20,1
Machine 1,asia,104,5,948,19,1
Machine 1,asia,196,8,816,20,1
Machine 0,emea,129,8,509,19,1
Machine 0,emea,177,5,508,18,1
Machine 0,us,124,7,537,19,1
Machine 0,asia,192,7,631,18,1
Machine 0,us,120,8,578,18,1
Machine 0,emea,209,7,544,18,1
Machine 0,emea,64,4,498,20,1
Machine 1,us,218,7,572,20,1
Machine 0,us,198,8,593,18,1
Machine 0,us,153,3,589,21,1
Machine 1,asia,137,8,645,20,1
Machine 0,us,193,7,643,20,1
Machine 1,asia,190,8,675,18,1
Machine 0,us,118,8,657,18,1
Machine 1,asia,99,8,729,20,1
Machine 0,asia,3,8,693,21,1
Machine 0,us,92,7,679,19,1
Machine 0,emea,149,7,481,19,1
Machine 1,asia,19,7,725,21,1
Machine 0,us,157,7,532,19,1
Machine 1,asia,75,8,814,20,1
Machine 1,us,80,9,737,18,1
Machine 0,emea,212,6,739,18,1
Machine 1,us,53,8,566,19,1
Machine 0,asia,47,8,817,21,1
Machine 0,emea,43,8,526,19,1
Machine 1,us,11,8,830,18,1
Machine 0,us,60,7,824,20,1
Machine 0,emea,40,6,749,18,1
Machine 0,asia,148,8,852,19,1
Machine 1,asia,176,7,898,19,1
Machine 0,asia,227,5,858,23,1
Machine 1,asia,56,8,756,19,1
Machine 0,us,165,7,439,21,1
Machine 1,us,15,8,494,19,1
Machine 0,asia,162,5,973,18,1
Machine 1,us,220,7,452,20,1
Machine 0,us,69,7,498,18,1
Machine 0,asia,159,7,757,20,1
Machine 0,emea,97,7,521,18,1
Machine 0,emea,52,8,510,21,1
Machine 1,asia,68,8,1013,19,1
Machine 0,us,206,6,531,20,1
Machine 1,us,28,8,590,21,1
Machine 0,asia,71,8,630,23,1
Machine 1,asia,142,7,658,21,1
Machine 0,us,127,8,571,20,1
Machine 0,asia,96,7,678,21,1
Machine 1,asia,17,8,644,21,1
Machine 0,emea,31,8,629,20,1
Machine 1,us,90,8,435,19,1
Machine 0,asia,214,7,784,20,1
Machine 1,us,18,8,464,19,1
Machine 0,asia,174,7,801,20,1
Machine 0,emea,195,8,419,19,1
Machine 1,asia,163,8,856,20,1
Machine 1,asia,5,8,746,18,1
Machine 0,emea,84,9,517,19,1
Machine 0,asia,216,8,583,20,1
Machine 0,asia,114,7,596,26,1
Machine 0,emea,128,7,557,21,1
Machine 1,asia,23,7,580,19,1
Machine 0,us,50,7,484,19,1
Machine 0,us,126,8,538,18,1
Machine 1,asia,140,8,623,20,1
Machine 1,us,57,7,616,19,1
Machine 1,us,175,8,407,20,1
Machine 0,us,78,9,589,18,1
Machine 0,emea,210,7,470,21,1
Machine 0,us,83,6,450,21,1
Machine 1,us,42,8,549,20,1
Machine 1,asia,117,8,684,19,1
Machine 1,asia,150,7,672,20,1
Machine 0,us,70,7,665,18,1
Machine 1,asia,171,8,784,20,1
Machine 0,asia,61,8,695,31,1
Machine 0,us,39,8,493,19,1
Machine 0,asia,143,8,680,23,1
Machine 0,asia,41,9,823,20,1
Machine 1,asia,145,7,579,21,1
Machine 0,emea,66,8,536,19,1
Machine 0,emea,221,7,567,21,1
Machine 0,us,14,9,583,19,1
Machine 0,us,112,8,530,19,1
Machine 1,us,178,7,564,21,1
Machine 0,us,135,8,575,19,1
Machine 0,us,224,8,587,20,1
Machine 1,us,1,8,571,20,1
Machine 0,us,46,6,586,19,1
Machine 1,us,27,9,628,20,1
Machine 0,asia,181,7,732,20,1
Machine 1,us,103,8,721,21,1
Machine 0,emea,16,9,692,19,1
Machine 0,asia,136,6,797,23,1
Machine 1,asia,211,6,810,18,1
Machine 0,emea,37,8,711,18,1
Machine 0,us,7,9,774,18,1
Machine 1,asia,208,8,811,21,1
Machine 1,us,144,8,781,21,1
Machine 1,asia,179,6,809,20,1
Machine 1,us,73,7,797,21,1
Machine 0,us,93,9,804,18,1
Machine 0,asia,38,6,807,21,1
Machine 1,asia,197,7,905,20,1
Machine 0,asia,89,7,709,20,1
Machine 1,asia,119,9,874,19,1
Machine 1,us,33,8,886,20,1
Machine 0,asia,207,7,871,25,1
Machine 0,emea,223,7,885,18,1
Machine 1,asia,115,9,888,20,1
Machine 1,asia,151,8,977,19,1
Machine 1,asia,76,9,698,18,1
Machine 0,asia,22,9,904,18,1
Machine 1,asia,155,4,981,21,1
Machine 0,emea,13,8,1008,21,1
Machine 1,asia,173,8,926,19,1
Machine 0,asia,59,8,1081,18,1
Machine 0,emea,185,8,572,18,1
Machine 0,emea,200,7,645,21,1
Machine 1,us,95,9,506,19,1
Machine 1,us,217,8,707,18,1
Machine 1,asia,183,7,1199,21,1
Machine 0,asia,139,8,1097,23,1
Machine 0,us,169,8,622,18,1
Machine 0,emea,102,7,767,21,1
Machine 0,emea,122,9,740,20,1
Machine 0,emea,131,7,719,19,1
Machine 1,us,121,8,763,18,1
Machine 1,asia,166,9,770,18,1
Machine 0,us,123,9,820,20,1
Machine 0,us,105,9,824,18,1
Machine 1,asia,172,9,750,18,1
Machine 0,asia,134,9,795,18,1
Machine 0,asia,213,8,894,21,1
Machine 0,us,29,8,818,21,1
Machine 0,us,189,8,854,20,1
Machine 0,emea,180,8,670,18,1
Machine 1,us,170,8,808,19,1
Machine 1,us,108,6,833,21,1
Machine 1,asia,138,4,819,18,1
Machine 1,us,130,7,768,19,1
Machine 0,us,167,8,848,18,1
Machine 1,asia,161,9,893,18,1
Machine 1,us,116,7,896,20,1
Machine 1,asia,10,7,938,18,1
Machine 0,asia,125,8,949,19,1
Machine 0,asia,107,8,960,19,1
Machine 0,asia,132,8,987,19,1
Machine 1,asia,25,9,938,19,1
Machine 1,asia,188,4,938,21,1
Machine 0,emea,100,8,1042,19,1
Machine 1,asia,205,8,1051,20,1
Machine 0,asia,215,8,1113,19,1
Machine 0,us,91,9,1064,18,1
Machine 0,asia,202,9,1063,27,1
Machine 0,asia,88,9,1104,18,1
Machine 0,asia,58,8,1220,20,1
Machine 0,us,9,7,1224,21,1
Machine 0,asia,24,7,1195,20,1
Machine 1,asia,6,9,1289,21,1
Machine 0,us,87,9,1024,18,1
Machine 1,asia,133,7,1212,21,1
Machine 1,us,187,9,1315,18,1
Machine 1,asia,85,9,1318,21,1
Machine 1,us,81,9,809,18,1
Machine 0,asia,229,8,1565,19,1
Machine 0,emea,147,9,1510,21,1
Machine 0,us,192,8,1027,21,1
Machine 0,emea,212,7,992,19,1
Machine 1,us,99,9,990,20,1
Machine 0,emea,56,9,964,19,1
Machine 0,emea,18,9,844,18,1
Machine 0,emea,218,8,1041,18,1
Machine 0,emea,30,7,960,19,1
Machine 1,us,120,9,1101,20,1
Machine 0,asia,204,7,1105,21,1
Machine 0,us,19,8,1063,19,1
Machine 0,us,165,8,986,21,1
Machine 1,asia,194,9,1096,21,1
Machine 0,us,104,6,1115,18,1
Machine 1,us,186,4,989,21,1
Machine 1,asia,48,9,1168,20,1
Machine 0,emea,4,9,1158,19,1
Machine 0,emea,124,8,1161,18,1
Machine 1,asia,227,6,1068,21,1
Machine 0,asia,129,9,1169,21,1
Machine 0,asia,209,8,1160,21,1
Machine 0,us,198,9,1151,21,1
Machine 1,us,219,8,1206,18,1
Machine 0,emea,152,4,1049,20,1
Machine 0,emea,92,8,1157,21,1
Machine 1,us,157,8,1154,19,1
Machine 0,asia,75,9,1166,19,1
Machine 0,emea,17,9,1094,19,1
Machine 1,asia,80,10,1183,20,1
Machine 1,us,47,9,1176,19,1
Machine 0,asia,77,8,1281,19,1
Machine 1,us,15,9,1167,19,1
Machine 0,asia,28,9,1147,20,1
Machine 0,us,36,9,1322,18,1
Machine 1,asia,71,9,1162,18,1
Machine 1,asia,206,7,1171,19,1
Machine 1,asia,193,8,1260,18,1
Machine 0,asia,176,8,1317,23,1
Machine 0,emea,60,8,1412,18,1
Machine 1,asia,214,8,1290,21,1
Machine 1,asia,68,9,1435,19,1
Machine 0,us,174,8,913,18,1
Machine 0,us,12,9,1418,19,1
Machine 1,us,97,8,1403,21,1
Machine 1,us,148,9,1473,19,1
Machine 0,us,31,9,1476,20,1
Machine 0,asia,52,9,1468,20,1
Machine 0,us,199,8,1474,20,1
Machine 1,asia,11,9,1605,20,1
Machine 0,emea,32,9,1609,18,1
Machine 1,asia,113,8,1596,21,1
Machine 1,us,195,9,1225,21,1
Machine 0,asia,154,8,1744,20,1
Machine 0,asia,127,9,1662,20,1
Machine 0,asia,90,9,1814,21,1
Machine 0,emea,84,10,931,19,1
Machine 0,us,216,9,981,20,1
Machine 1,asia,220,8,1958,20,1
Machine 0,asia,163,9,1054,18,1
Machine 0,asia,43,9,2018,21,1
Machine 1,asia,177,6,1072,20,1
Machine 1,asia,5,9,1079,19,1
Machine 0,asia,201,7,1389,21,1
Machine 0,asia,128,8,1068,20,1
Machine 0,emea,158,8,1141,19,1
Machine 1,asia,26,8,1114,20,1
Machine 1,us,196,9,1110,21,1
Machine 0,emea,1,9,994,18,1
Machine 0,emea,190,9,979,19,1
Machine 1,us,153,4,1099,18,1
Machine 0,us,70,8,1089,20,1
Machine 0,us,210,8,1104,21,1
Machine 1,us,114,8,1133,20,1
Machine 0,us,109,6,968,21,1
Machine 0,emea,50,8,1134,21,1
Machine 0,us,159,8,905,20,1
Machine 1,us,171,9,1139,21,1
Machine 1,us,140,9,1157,19,1
Machine 0,us,118,9,1017,20,1
Machine 1,asia,221,8,1106,19,1
Machine 0,us,112,9,1117,20,1
Machine 0,emea,150,8,1153,18,1
Machine 0,emea,78,10,1196,21,1
Machine 0,asia,137,9,1219,18,1
Machine 0,emea,49,6,1052,19,1
Machine 1,asia,117,9,1230,19,1
Machine 0,asia,3,9,2331,18,1
Machine 0,emea,143,9,1239,20,1
Machine 0,emea,141,7,1112,19,1
Machine 0,us,126,9,1288,20,1
Machine 0,us,41,10,1257,20,1
Machine 1,asia,23,8,1319,21,1
Machine 1,us,145,8,1256,18,1
Machine 0,emea,16,10,1077,18,1
Machine 1,us,203,7,1127,21,1
Machine 1,asia,64,5,1362,19,1
Machine 0,asia,61,9,1302,20,1
Machine 1,asia,103,9,1137,19,1
Machine 0,asia,57,8,1370,18,1
Machine 1,us,178,8,1311,21,1
Machine 0,us,53,9,1258,20,1
Machine 0,us,40,7,1362,18,1
Machine 0,asia,63,8,1310,19,1
Machine 0,asia,42,9,1451,21,1
Machine 0,asia,222,8,1371,20,1
Machine 1,us,35,8,1416,18,1
Machine 0,asia,66,9,1512,20,1
Machine 1,asia,175,9,1567,20,1
Machine 0,us,46,7,1440,21,1
Machine 1,asia,39,9,1551,21,1
Machine 0,asia,65,7,1420,21,1
Machine 0,emea,69,8,1365,18,1
Machine 0,emea,14,10,1550,19,1
Machine 0,emea,142,8,1304,19,1
Machine 1,asia,224,9,1525,19,1
Machine 1,us,83,7,1615,19,1
Machine 0,emea,168,8,1539,19,1
Machine 1,asia,149,8,1582,21,1
Machine 1,asia,67,4,1537,21,1
Machine 0,us,136,7,815,20,1
Machine 1,us,211,7,848,20,1
Machine 0,asia,181,8,1712,18,1
Machine 0,asia,86,8,1649,21,1
Machine 0,emea,208,9,715,21,1
Machine 1,us,34,8,754,19,1
Machine 0,asia,135,9,1800,21,1
Machine 0,emea,22,10,698,19,1
Machine 1,asia,96,8,1250,18,1
Machine 1,asia,55,9,1737,19,1
Machine 0,emea,139,9,714,18,1
Machine 1,asia,98,8,1768,20,1
Machine 1,us,27,10,1785,18,1
Machine 0,asia,73,8,800,21,1
Machine 0,asia,162,6,1685,19,1
Machine 0,us,155,5,757,18,1
Machine 1,us,89,8,796,21,1
Machine 1,us,102,8,786,20,1
Machine 0,us,197,8,874,20,1
Machine 0,us,166,10,793,21,1
Machine 0,us,223,8,877,18,1
Machine 0,emea,38,7,897,19,1
Machine 0,us,169,9,847,19,1
Machine 1,asia,93,10,913,18,1
Machine 0,asia,45,7,938,20,1
Machine 0,emea,185,9,907,21,1
Machine 1,us,29,9,858,18,1
Machine 0,asia,37,9,992,18,1
Machine 1,asia,33,9,940,20,1
Machine 0,emea,170,9,847,18,1
Machine 1,us,95,10,929,19,1
Machine 0,us,108,7,902,19,1
Machine 0,us,144,9,769,18,1
Machine 0,emea,207,8,1029,19,1
Machine 1,asia,183,8,967,20,1
Machine 1,asia,131,8,986,20,1
Machine 0,asia,217,9,988,19,1
Machine 1,asia,59,9,1007,19,1
Machine 0,emea,125,9,714,19,1
Machine 1,asia,172,10,1001,18,1
Machine 0,asia,130,8,1022,21,1
Machine 0,asia,116,8,981,18,1
Machine 0,emea,25,10,488,18,1
Machine 1,asia,76,10,1183,18,1
Machine 0,asia,119,10,1165,48,1
Machine 0,asia,105,10,1112,21,1
Machine 1,asia,132,9,718,19,1
Machine 1,asia,10,8,1000,20,1
Machine 0,us,188,5,493,18,1
Machine 0,emea,215,9,412,19,1
Machine 1,us,179,7,468,18,1
Machine 0,asia,107,9,685,18,1
Machine 0,asia,110,8,657,20,1
Machine 1,us,13,9,453,18,1
Machine 0,us,200,8,467,19,1
Machine 1,us,115,10,470,21,1
Machine 0,asia,100,9,697,26,1
Machine 1,asia,205,9,785,20,1
Machine 0,asia,173,9,790,18,1
Machine 0,emea,121,9,737,19,1
Machine 0,asia,151,9,827,18,1
Machine 1,asia,7,10,703,21,1
Machine 1,us,202,10,917,21,1
Machine 0,emea,9,8,937,19,1
Machine 0,emea,165,9,606,18,1
Machine 1,us,6,10,784,18,1
Machine 0,us,85,10,724,19,1
Machine 0,asia,122,10,1013,20,1
Machine 1,asia,180,9,1039,20,1
Machine 1,us,81,10,802,19,1
Machine 0,asia,189,9,1034,19,1
Machine 0,emea,187,10,815,19,1
Machine 0,asia,88,10,1119,21,1
Machine 0,us,91,10,1133,18,1
Machine 0,us,24,8,877,19,1
Machine 0,emea,134,10,847,19,1
Machine 0,us,212,8,835,21,1
Machine 0,us,213,9,847,19,1
Machine 1,asia,58,9,920,19,1
Machine 0,emea,28,10,696,20,1
Machine 0,us,124,9,731,21,1
Machine 1,us,152,5,788,19,1
Machine 1,us,138,5,953,20,1
Machine 1,asia,167,9,962,19,1
Machine 1,us,123,10,1102,18,1
Machine 1,us,104,7,844,18,1
Machine 0,emea,4,10,850,21,1
Machine 1,us,227,7,890,21,1
Machine 0,emea,198,10,892,18,1
Machine 1,us,71,10,899,19,1
Machine 0,asia,186,5,963,23,1
Machine 1,asia,18,10,992,20,1
Machine 1,asia,19,9,1074,20,1
Machine 1,asia,133,8,1132,18,1
Machine 0,asia,87,10,1135,22,1
Machine 1,asia,15,10,943,20,1
Machine 0,emea,176,9,926,20,1
Machine 1,asia,161,10,1153,19,1
Machine 1,us,47,10,981,18,1
Machine 0,asia,77,9,1024,21,1
Machine 1,us,214,9,1006,20,1
Machine 1,asia,174,9,710,19,1
Machine 1,asia,157,9,1210,19,1
Machine 0,asia,229,9,1292,21,1
Machine 0,us,194,10,1261,21,1
Machine 1,asia,147,10,1210,21,1
Machine 0,asia,129,10,1297,20,1
Machine 1,asia,209,9,1358,20,1
Machine 1,asia,193,9,1326,19,1
Machine 0,emea,75,10,1371,18,1
Machine 0,us,36,10,1383,21,1
Machine 0,us,60,9,1375,18,1
Machine 0,asia,206,8,1386,21,1
Machine 0,us,146,5,1419,21,1
Machine 0,asia,204,8,1629,21,1
Machine 0,emea,12,10,960,21,1
Machine 0,asia,111,4,1517,18,1
Machine 0,asia,92,9,1564,20,1
Machine 0,us,17,10,1542,19,1
Machine 0,us,30,8,765,18,1
Machine 0,asia,68,10,1420,18,1
Machine 1,us,148,10,1044,18,1
Machine 0,emea,218,9,915,18,1
Machine 0,us,97,9,1053,19,1
Machine 0,emea,192,9,936,19,1
Machine 1,us,120,10,983,20,1
Machine 0,us,50,9,855,19,1
Machine 0,us,43,10,949,19,1
Machine 0,asia,113,9,992,19,1
Machine 0,emea,163,10,946,19,1
Machine 0,emea,154,9,986,21,1
Machine 1,us,70,9,894,18,1
Machine 1,asia,48,10,1071,19,1
Machine 0,us,3,10,865,21,1
Machine 0,us,219,9,1875,18,1
Machine 0,us,11,10,1025,20,1
Machine 0,us,127,10,1016,19,1
Machine 1,us,26,9,1028,21,1
Machine 0,us,158,9,1021,20,1
Machine 1,asia,220,9,1122,20,1
Machine 0,emea,117,10,912,20,1
Machine 1,us,32,10,1151,21,1
Machine 0,asia,31,10,1254,21,1
Machine 0,emea,61,10,683,21,1
Machine 1,asia,52,10,1177,18,1
Machine 1,asia,195,10,1243,20,1
Machine 0,emea,199,9,1262,21,1
Machine 0,asia,171,10,1070,20,1
Machine 0,asia,143,10,1105,18,1
Machine 0,asia,106,8,1051,21,1
Machine 1,us,177,7,1224,18,1
Machine 0,asia,56,10,1296,21,1
Machine 0,asia,5,10,1229,18,1
Machine 1,us,145,9,1102,20,1
Machine 0,us,153,5,1228,18,1
Machine 0,us,103,10,622,18,1
Machine 0,asia,196,10,1192,20,1
Machine 1,asia,141,8,1153,19,1
Machine 0,emea,109,7,1160,21,1
Machine 1,us,90,10,1295,19,1
Machine 0,emea,190,10,1267,20,1
Machine 0,us,23,9,1168,20,1
Machine 1,us,99,10,1357,19,1
Machine 1,asia,114,9,1269,20,1
Machine 1,us,159,9,1248,18,1
Machine 0,emea,126,10,1199,19,1
Machine 0,emea,128,9,1312,21,1
Machine 0,emea,150,9,1234,21,1
Machine 1,asia,201,8,1340,18,1
Machine 1,asia,118,10,1266,19,1
Machine 1,asia,140,10,1397,18,1
Machine 0,emea,40,8,421,19,1
Machine 0,us,63,9,499,18,1
Machine 0,asia,137,10,1363,26,1
Machine 1,asia,1,10,1514,20,1
Machine 1,us,57,9,562,18,1
Machine 0,asia,216,10,1549,21,1
Machine 1,asia,49,7,1436,21,1
Machine 1,us,46,8,569,21,1
Machine 1,asia,53,10,638,21,1
Machine 0,emea,66,10,613,20,1
Machine 0,asia,210,9,1549,18,1
Machine 1,asia,112,10,1444,19,1
Machine 0,emea,69,9,559,19,1
Machine 1,us,224,10,586,20,1
Machine 0,us,175,10,666,20,1
Machine 0,emea,149,9,386,18,1
Machine 0,us,67,5,374,21,1
Machine 0,asia,39,10,764,19,1
Machine 1,asia,65,8,808,19,1
Machine 0,us,208,10,460,18,1
Machine 0,asia,83,8,796,21,1
Machine 1,us,34,9,477,21,1
Machine 0,emea,55,10,508,18,1
Machine 1,us,102,9,470,21,1
Machine 0,emea,155,6,499,18,1
Machine 1,asia,168,9,762,20,1
Machine 0,emea,38,8,368,20,1
Machine 1,asia,181,9,595,18,1
Machine 0,us,169,10,384,19,1
Machine 1,us,98,9,583,20,1
Machine 0,us,89,9,564,21,1
Machine 0,asia,135,10,647,20,1
Machine 1,us,45,8,442,19,1
Machine 0,asia,211,8,653,21,1
Machine 0,emea,207,9,415,20,1
Machine 1,us,170,10,444,21,1
Machine 0,emea,37,10,447,19,1
Machine 0,us,33,10,473,19,1
Machine 0,emea,188,6,504,20,1
Machine 0,asia,197,9,708,21,1
Machine 0,us,183,9,531,20,1
Machine 1,us,116,9,552,19,1
Machine 0,emea,13,10,542,21,1
Machine 1,asia,223,9,613,20,1
Machine 0,asia,108,8,613,18,1
Machine 0,emea,231,1,536,21,1
Machine 1,us,131,9,612,19,1
Machine 0,emea,246,1,498,21,1
Machine 0,asia,185,10,667,19,1
Machine 1,asia,29,10,656,20,1
Machine 0,emea,241,1,627,19,1
Machine 0,us,215,10,665,21,1
Machine 0,asia,203,8,673,23,1
Machine 1,us,233,1,637,18,1
Machine 1,us,179,8,667,21,1
Machine 0,us,200,9,685,19,1
Machine 0,asia,132,10,736,19,1
Machine 1,us,238,1,657,19,1
Machine 0,emea,236,1,430,20,1
Machine 0,asia,107,10,744,20,1
Machine 1,asia,110,9,750,21,1
Machine 0,emea,226,1,363,19,1
Machine 1,asia,64,6,771,20,1
Machine 0,us,232,1,514,21,1
Machine 1,asia,144,10,851,19,1
Machine 1,us,228,1,450,20,1
Machine 0,us,247,1,436,20,1
Machine 1,asia,235,1,846,21,1
Machine 1,asia,2,2,911,20,1
Machine 1,asia,10,9,942,19,1
Machine 0,asia,249,1,878,28,1
Machine 0,asia,244,1,857,18,1
Machine 1,asia,240,1,922,20,1
Machine 1,us,9,9,497,19,1
Machine 1,us,243,1,507,20,1
Machine 0,us,237,1,590,19,1
Machine 1,asia,245,1,903,19,1
Machine 0,emea,189,10,529,21,1
Machine 0,asia,239,1,659,19,1
Machine 0,us,242,1,614,21,1
Machine 0,emea,124,10,390,18,1
Machine 1,asia,230,1,669,19,1
Machine 0,asia,205,10,648,20,1
Machine 0,us,24,9,630,18,1
Machine 1,asia,173,10,651,20,1
Machine 1,us,138,6,478,18,1
Machine 0,us,152,6,450,21,1
Machine 0,asia,234,1,714,19,1
Machine 1,us,212,9,667,22,1
Machine 0,asia,165,10,724,19,1
Machine 0,us,130,9,495,19,1
Machine 1,asia,58,10,655,20,1
Machine 0,asia,213,10,626,19,1
Machine 0,emea,125,10,522,18,1
Machine 0,emea,133,9,518,20,1
Machine 1,asia,104,8,600,19,1
Machine 1,us,248,1,579,18,1
Machine 0,asia,217,10,654,23,1
Machine 0,asia,167,10,658,21,1
Machine 0,asia,186,6,678,21,1
Machine 0,emea,214,10,574,20,1
Machine 1,asia,19,10,691,21,1
Machine 0,asia,176,10,688,20,1
Machine 0,emea,121,10,411,19,1
Machine 0,us,151,10,520,21,1
Machine 0,us,174,10,700,18,1
Machine 1,asia,227,8,699,20,1
Machine 1,us,100,10,693,18,1
Machine 0,us,193,10,625,19,1
Machine 0,emea,209,10,702,18,1
Machine 0,us,74,2,725,18,1
Machine 1,asia,59,10,784,18,1
Machine 1,us,51,2,741,18,1
Machine 0,asia,44,2,751,26,1
Machine 0,emea,204,9,363,19,1
Machine 1,us,60,10,467,19,1
Machine 0,emea,97,10,420,19,1
Machine 0,asia,157,10,891,19,1
Machine 0,us,111,5,476,21,1
Machine 1,asia,77,10,1002,18,1
Machine 0,asia,221,9,976,20,1
Machine 1,asia,146,6,580,19,1
Machine 0,us,192,10,525,18,1
Machine 0,asia,30,9,656,21,1
Machine 0,emea,70,10,609,18,1
Machine 1,asia,72,2,1087,21,1
Machine 1,asia,180,10,745,19,1
Machine 1,asia,218,10,720,21,1
Machine 0,us,219,10,727,18,1
Machine 1,us,26,10,672,20,1
Machine 0,emea,199,10,598,24,1
Machine 1,us,92,10,799,20,1
Machine 0,asia,206,9,821,20,1
Machine 0,us,106,9,558,21,1
Machine 1,us,50,10,842,20,1
Machine 1,asia,229,10,1267,18,1
Machine 0,us,150,10,572,19,1
Machine 0,emea,128,10,570,20,1
Machine 0,emea,141,9,585,21,1
Machine 1,us,177,8,614,20,1
Machine 0,asia,113,10,880,20,1
Machine 0,asia,178,9,627,19,1
Machine 0,asia,145,10,632,18,1
Machine 1,us,23,10,661,19,1
Machine 0,asia,158,10,920,18,1
Machine 1,asia,153,6,690,21,1
Machine 0,emea,149,10,678,18,1
Machine 0,us,142,9,684,21,1
Machine 1,us,42,10,704,20,1
Machine 1,asia,220,10,924,20,1
Machine 0,us,109,8,724,18,1
Machine 1,us,201,9,738,19,1
Machine 1,asia,154,10,1054,18,1
Machine 0,asia,114,10,821,20,1
Machine 1,us,136,8,793,20,1
Machine 0,emea,57,10,845,20,1
Machine 1,us,46,9,855,21,1
Machine 1,asia,159,10,869,19,1
Machine 0,asia,222,9,874,18,1
Machine 0,asia,40,9,873,20,1
Machine 0,emea,86,9,843,20,1
Machine 0,us,67,6,536,21,1
Machine 0,asia,210,10,879,21,1
Machine 1,asia,63,10,908,18,1
Machine 0,us,139,10,869,34,1
Machine 0,us,49,8,917,18,1
Machine 1,asia,35,9,976,21,1
Machine 1,asia,69,10,1022,20,1
Machine 0,emea,102,10,469,21,1
Machine 1,asia,96,9,809,20,1
Machine 1,us,65,9,516,18,1
Machine 0,us,155,7,527,24,1
Machine 0,asia,73,9,613,23,1
Machine 0,emea,98,10,483,18,1
Machine 0,us,89,10,550,21,1
Machine 1,asia,34,10,622,21,1
Machine 1,asia,162,7,637,20,1
Machine 1,us,168,10,620,21,1
Machine 1,us,45,9,489,20,1
Machine 0,us,197,10,379,24,1
Machine 0,asia,83,9,697,19,1
Machine 1,asia,181,10,679,19,1
Machine 0,asia,38,9,730,18,1
Machine 1,us,183,10,432,20,1
Machine 0,emea,188,7,457,18,1
Machine 1,us,131,10,443,18,1
Machine 0,emea,108,9,476,19,1
Machine 1,asia,8,7,624,21,1
Machine 1,asia,207,10,627,20,1
Machine 1,us,226,2,521,21,1
Machine 1,asia,223,10,615,20,1
Machine 0,asia,116,10,629,18,1
Machine 0,emea,203,9,631,20,1
Machine 0,asia,211,9,724,23,1
Machine 1,us,179,9,626,20,1
Machine 0,us,233,2,628,20,1
Machine 0,emea,236,2,620,20,1
Machine 0,asia,246,2,685,21,1
Machine 1,asia,238,2,696,20,1
Machine 0,us,231,2,704,20,1
Machine 1,asia,241,2,732,19,1
Machine 1,us,235,2,498,20,1
Machine 0,asia,64,7,719,20,1
Machine 0,us,110,10,853,21,1
Machine 0,us,244,2,599,21,1
Machine 0,emea,228,2,579,21,1
Machine 0,asia,200,10,956,19,1
Machine 0,us,245,2,606,19,1
Machine 0,emea,249,2,623,20,1
Machine 1,us,240,2,614,19,1
Machine 0,asia,2,3,644,19,1
Machine 1,asia,232,2,690,18,1
Machine 0,emea,237,2,684,20,1
Machine 1,asia,243,2,703,19,1
Machine 0,us,247,2,734,21,1
Machine 0,us,104,9,705,18,1
Machine 0,asia,9,10,769,20,1
Machine 1,us,239,2,771,19,1
Machine 0,us,74,3,798,19,1
Machine 0,emea,133,10,776,19,1
Machine 0,asia,138,7,900,25,1
Machine 1,asia,152,7,943,21,1
Machine 0,emea,227,9,744,25,1
Machine 1,us,146,7,546,19,1
Machine 0,emea,111,6,753,20,1
Machine 0,emea,54,6,773,21,1
Machine 0,us,221,10,756,22,1
Machine 1,asia,10,10,1042,21,1
Machine 0,emea,234,2,944,20,1
Machine 1,us,51,3,937,19,1
Machine 1,asia,24,10,1036,20,1
Machine 0,asia,248,2,990,21,1
Machine 0,asia,242,2,957,20,1
Machine 0,asia,212,10,977,20,1
Machine 0,asia,44,3,945,21,1
Machine 0,us,62,6,793,18,1
Machine 1,asia,230,2,1042,20,1
Machine 1,asia,186,7,978,20,1
Machine 0,us,106,10,523,21,1
Machine 0,emea,206,10,634,21,1
Machine 1,us,141,10,548,18,1
Machine 0,asia,30,10,778,19,1
Machine 1,asia,130,10,1188,18,1
Machine 0,emea,153,7,441,18,1
Machine 1,asia,204,10,1141,19,1
Machine 0,emea,46,10,617,18,1
Machine 0,us,142,10,601,19,1
Machine 1,us,109,9,534,19,1
Machine 0,asia,177,9,653,19,1
Machine 1,asia,72,3,993,18,1
Machine 1,us,40,10,551,20,1
Machine 0,asia,201,10,681,18,1
Machine 0,emea,49,9,499,19,1
Machine 0,us,35,10,567,21,1
Machine 1,asia,178,10,720,19,1
Machine 0,us,222,10,648,18,1
Machine 1,asia,67,7,665,18,1
Machine 0,asia,86,10,705,18,1
Machine 1,us,96,10,622,20,1
Machine 1,asia,136,9,798,21,1
Machine 1,asia,155,8,557,18,1
Machine 0,emea,73,10,520,20,1
Machine 0,emea,188,8,527,21,1
Machine 0,us,162,8,538,21,1
Machine 0,emea,211,10,569,19,1
Machine 1,us,82,3,574,20,1
Machine 1,us,45,10,587,18,1
Machine 1,asia,38,10,655,20,1
Machine 0,emea,225,2,655,21,1
Machine 1,us,233,3,647,19,1
Machine 1,us,8,8,698,21,1
Machine 0,asia,83,10,711,20,1
Machine 0,us,179,10,667,19,1
Machine 1,us,21,3,653,19,1
Machine 0,us,108,10,707,19,1
Machine 0,emea,238,3,690,19,1
Machine 1,asia,203,10,763,20,1
Machine 1,us,241,3,596,18,1
Machine 0,us,231,3,656,19,1
Machine 0,asia,226,3,798,18,1
Machine 1,us,184,3,754,21,1
Machine 0,asia,65,10,868,18,1
Machine 1,asia,182,3,833,18,1
Machine 0,emea,244,3,405,18,1
Machine 0,us,228,3,523,23,1
Machine 1,asia,246,3,919,19,1
Machine 1,us,245,3,437,21,1
Machine 0,us,232,3,456,19,1
Machine 0,asia,235,3,659,19,1
Machine 1,asia,156,3,965,20,1
Machine 0,asia,20,3,932,18,1
Machine 0,us,239,3,517,19,1
Machine 1,us,237,3,559,19,1
Machine 0,emea,2,4,563,19,1
Machine 0,asia,236,3,1050,19,1
Machine 1,asia,64,8,696,20,1
Machine 0,us,146,8,571,22,1
Machine 0,emea,104,10,609,21,1
Machine 1,asia,240,3,655,18,1
Machine 1,us,74,4,463,19,1
Machine 0,asia,249,3,708,23,1
Machine 1,us,111,7,487,20,1
Machine 0,emea,227,10,384,19,1
Machine 1,asia,247,3,842,19,1
Machine 0,asia,243,3,857,20,1
Machine 1,us,242,3,538,20,1
Machine 0,emea,51,4,527,20,1
Machine 0,asia,44,4,580,21,1
Machine 0,us,248,3,572,19,1
Machine 0,asia,54,7,644,20,1
Machine 1,us,153,8,570,18,1
Machine 1,us,67,8,540,20,1
Machine 0,emea,230,3,600,19,1
Machine 1,asia,152,8,626,18,1
Machine 0,emea,72,4,574,21,1
Machine 0,us,49,10,586,21,1
Machine 0,us,186,8,657,21,1
Machine 0,emea,188,9,475,21,1
Machine 1,asia,177,10,704,18,1
Machine 0,asia,136,10,687,18,1
Machine 1,asia,234,3,720,18,1
Machine 0,asia,109,10,754,18,1
Machine 1,asia,62,7,699,19,1
Machine 0,asia,138,8,893,21,1
Machine 0,us,162,9,540,18,1
Machine 0,emea,241,4,519,20,1
Machine 1,us,82,4,531,21,1
Machine 1,asia,155,9,729,21,1
Machine 0,asia,225,3,602,19,1
Machine 0,emea,246,4,587,21,1
Machine 1,asia,233,4,615,21,1
Machine 0,asia,21,4,614,22,1
Machine 0,emea,20,4,611,21,1
Machine 0,us,182,4,640,20,1
Machine 0,us,245,4,664,20,1
Machine 1,asia,228,4,677,19,1
Machine 1,asia,238,4,706,18,1
Machine 1,asia,226,4,715,19,1
Machine 1,asia,8,9,752,18,1
Machine 0,asia,231,4,833,21,1
Machine 0,asia,2,5,807,20,1
Machine 1,asia,236,4,834,20,1
Machine 1,us,237,4,1072,18,1
Machine 0,emea,64,9,1081,18,1
Machine 0,us,146,9,1149,21,1
Machine 0,us,239,4,1139,18,1
Machine 1,us,240,4,1180,18,1
Machine 0,emea,184,4,1216,19,1
Machine 1,us,232,4,1204,20,1
Machine 0,emea,44,5,736,18,1
Machine 0,asia,244,4,1255,28,1
Machine 0,emea,111,8,1221,21,1
Machine 1,us,243,4,1022,20,1
Machine 0,us,247,4,1093,18,1
Machine 1,us,54,8,886,20,1
Machine 0,us,248,4,871,19,1
Machine 0,asia,74,5,1377,20,1
Machine 0,asia,235,4,1442,20,1
Machine 1,asia,249,4,1376,20,1
Machine 1,asia,156,4,1422,19,1
Machine 0,emea,230,4,927,18,1
Machine 0,emea,234,4,921,21,1
Machine 0,us,62,8,915,18,1
Machine 1,us,138,9,949,21,1
Machine 1,us,225,4,909,21,1
Machine 0,emea,21,5,948,20,1
Machine 1,us,8,10,795,19,1
Machine 0,us,226,5,879,20,1
Machine 0,asia,153,9,1118,21,1
Machine 0,emea,82,5,1136,18,1
Machine 0,emea,236,5,734,18,1
Machine 0,us,20,5,1011,19,1
Machine 1,asia,51,5,1131,20,1
Machine 1,us,72,5,1065,21,1
Machine 0,emea,238,5,1049,19,1
Machine 0,asia,231,5,898,20,1
Machine 1,asia,228,5,1064,18,1
Machine 0,emea,94,4,991,18,1
Machine 0,asia,186,9,1151,21,1
Machine 0,us,164,3,1025,20,1
Machine 1,asia,191,4,1002,21,1
Machine 0,us,155,10,1203,18,1
Machine 0,us,152,9,1244,20,1
Machine 1,us,0,4,1038,20,1
Machine 1,us,182,5,1132,21,1
Machine 0,asia,242,4,1274,20,1
Machine 0,asia,79,4,1074,18,1
Machine 1,asia,67,9,1269,19,1
Machine 1,asia,188,10,1273,21,1
Machine 1,us,64,10,444,20,1
Machine 1,us,101,3,1072,21,1
Machine 1,asia,241,5,1247,20,1
Machine 1,asia,2,6,1013,19,1
Machine 0,us,237,5,735,19,1
Machine 0,emea,240,5,450,19,1
Machine 0,us,184,5,471,21,1
Machine 0,emea,111,9,464,21,1
Machine 1,asia,233,5,1321,20,1
Machine 0,asia,246,5,1337,21,1
Machine 1,us,247,5,423,19,1
Machine 0,asia,160,3,1240,20,1
Machine 1,us,232,5,542,18,1
Machine 0,asia,245,5,1329,21,1
Machine 1,asia,239,5,633,21,1
Machine 1,us,249,5,512,20,1
Machine 0,asia,162,10,1511,21,1
Machine 0,us,235,5,531,19,1
Machine 0,us,243,5,613,19,1
Machine 0,emea,74,6,574,19,1
Machine 0,emea,234,5,558,21,1
Machine 0,asia,44,6,723,21,1
Machine 0,asia,146,10,729,18,1
Machine 1,us,138,10,640,21,1
Machine 0,asia,54,9,700,20,1
Machine 1,asia,244,5,819,19,1
Machine 0,us,62,9,720,20,1
Machine 1,asia,230,5,727,18,1
Machine 0,asia,225,5,730,30,1
Machine 1,asia,21,6,738,18,1
Machine 0,emea,226,6,536,19,1
Machine 1,asia,248,5,771,21,1
Machine 0,emea,94,5,416,19,1
Machine 0,emea,51,6,469,21,1
Machine 0,us,153,10,488,18,1
Machine 0,asia,156,5,824,19,1
Machine 1,us,82,6,497,20,1
Machine 1,us,238,6,588,21,1
Machine 0,us,72,6,574,20,1
Machine 1,us,164,4,579,19,1
Machine 0,us,2,7,547,19,1
Machine 0,asia,236,6,714,18,1
Machine 0,asia,231,6,697,21,1
Machine 0,emea,241,6,590,19,1
Machine 0,asia,191,5,776,22,1
Machine 1,asia,20,6,824,19,1
Machine 0,us,186,10,681,18,1
Machine 0,emea,184,6,640,20,1
Machine 0,asia,182,6,784,20,1
Machine 1,asia,0,5,833,20,1
Machine 0,emea,79,5,766,18,1
Machine 1,asia,228,6,856,18,1
Machine 1,us,245,6,493,20,1
Machine 1,us,233,6,515,21,1
Machine 0,emea,160,4,502,20,1
Machine 0,us,111,10,579,20,1
Machine 0,emea,235,6,503,21,1
Machine 1,us,62,10,560,21,1
Machine 0,us,232,6,580,19,1
Machine 0,asia,237,6,952,30,1
Machine 1,asia,240,6,900,18,1
Machine 1,asia,101,4,1022,19,1
Machine 1,us,248,6,570,18,1
Machine 0,asia,67,10,1076,34,1
Machine 1,asia,247,6,729,20,1
Machine 1,asia,152,10,1121,21,1
Machine 1,us,74,7,715,19,1
Machine 1,asia,242,5,1102,18,1
Machine 0,us,244,6,779,18,1
Machine 1,asia,249,6,774,18,1
Machine 0,emea,54,10,755,20,1
Machine 0,us,243,6,736,21,1
Machine 0,emea,21,7,777,21,1
Machine 0,asia,234,6,817,23,1
Machine 0,asia,246,6,850,18,1
Machine 0,us,226,7,798,19,1
Machine 0,asia,239,6,826,22,1
Machine 0,emea,156,6,652,21,1
Machine 1,asia,44,7,821,19,1
Machine 1,asia,225,6,860,20,1
Machine 1,us,238,7,457,18,1
Machine 1,asia,51,7,784,21,1
Machine 0,us,82,7,534,18,1
Machine 0,emea,20,7,494,20,1
Machine 0,asia,230,6,964,21,1
Machine 0,asia,72,7,615,19,1
Machine 0,us,236,7,579,19,1
Machine 1,asia,164,5,624,20,1
Machine 0,emea,2,8,638,20,1
Machine 1,us,182,7,646,20,1
Machine 0,asia,241,7,670,20,1
Machine 0,asia,94,6,1061,19,1
Machine 0,us,184,7,653,18,1
Machine 0,emea,232,7,432,21,1
Machine 1,us,231,7,706,21,1
Machine 0,emea,228,7,652,21,1
Machine 0,emea,247,7,364,20,1
Machine 0,us,245,7,668,20,1
Machine 0,us,237,7,387,20,1
Machine 1,us,233,7,688,21,1
Machine 0,emea,243,7,419,22,1
Machine 0,us,74,8,445,20,1
Machine 1,asia,191,6,819,21,1
Machine 1,us,240,7,470,21,1
Machine 0,asia,0,6,842,18,1
Machine 1,us,234,7,595,21,1
Machine 1,asia,79,6,866,18,1
Machine 1,asia,248,7,626,19,1
Machine 1,asia,235,7,867,20,1
Machine 0,asia,160,5,953,18,1
Machine 0,us,21,8,527,20,1
Machine 1,us,242,6,631,20,1
Machine 0,asia,101,5,640,23,1
Machine 0,emea,51,8,394,21,1
Machine 0,emea,239,7,647,27,1
Machine 1,us,44,8,545,19,1
Machine 1,asia,226,8,705,21,1
Machine 0,asia,244,7,705,21,1
Machine 1,asia,249,7,749,20,1
Machine 0,us,156,7,633,19,1
Machine 0,emea,236,8,438,21,1
Machine 0,emea,94,7,390,21,1
Machine 0,asia,246,7,721,21,1
Machine 0,us,82,8,499,19,1
Machine 0,us,164,6,483,18,1
Machine 1,us,20,8,523,19,1
Machine 1,asia,238,8,607,20,1
Machine 1,us,2,9,513,18,1
Machine 0,asia,225,7,811,19,1
Machine 0,emea,247,8,547,19,1
Machine 0,us,245,8,543,19,1
Machine 1,us,232,8,573,21,1
Machine 0,us,184,8,584,18,1
Machine 1,asia,72,8,652,21,1
Machine 1,us,237,8,533,18,1
Machine 0,asia,182,8,663,18,1
Machine 0,emea,74,9,456,19,1
Machine 0,asia,231,8,783,18,1
Machine 1,asia,241,8,827,19,1
Machine 0,asia,230,7,839,20,1
Machine 1,us,240,8,552,19,1
Machine 0,us,191,7,561,21,1
Machine 0,emea,160,6,517,21,1
Machine 1,asia,228,8,747,18,1
Machine 0,asia,233,8,715,19,1
Machine 1,asia,243,8,580,21,1
Machine 0,emea,101,6,460,18,1
Machine 0,asia,0,7,716,20,1
Machine 0,us,51,9,440,23,1
Machine 0,asia,248,8,813,20,1
Machine 1,asia,234,8,830,21,1
Machine 0,emea,94,8,528,19,1
Machine 1,asia,235,8,737,19,1
Machine 1,asia,79,7,730,18,1
Machine 0,us,246,8,543,21,1
Machine 0,asia,21,9,698,21,1
Machine 1,asia,242,7,829,20,1
Machine 0,us,244,8,576,20,1
Machine 0,emea,238,9,453,20,1
Machine 0,emea,226,9,593,21,1
Machine 0,emea,232,9,391,19,1
Machine 1,us,249,8,643,20,1
Machine 1,us,82,9,652,19,1
Machine 0,asia,239,8,729,19,1
Machine 0,us,184,9,495,18,1
Machine 0,us,231,9,500,20,1
Machine 1,us,225,8,475,21,1
Machine 0,us,2,10,686,20,1
Machine 1,asia,20,9,761,20,1
Machine 0,asia,156,8,756,18,1
Machine 1,us,72,9,528,21,1
Machine 1,us,241,9,510,21,1
Machine 1,asia,236,9,784,20,1
Machine 1,asia,44,9,827,20,1
Machine 0,asia,164,7,789,18,1
Machine 0,emea,191,8,555,18,1
Machine 0,emea,101,7,567,21,1
Machine 0,emea,74,10,593,18,1
Machine 1,us,228,9,611,18,1
Machine 0,us,160,7,617,20,1
Machine 0,asia,237,9,685,19,1
Machine 0,asia,247,9,692,18,1
Machine 0,us,0,8,463,18,1
Machine 1,asia,182,9,769,21,1
Machine 1,asia,245,9,691,21,1
Machine 1,asia,240,9,729,21,1
Machine 0,emea,94,9,499,20,1
Machine 0,asia,233,9,822,18,1
Machine 0,asia,230,8,830,18,1
Machine 0,emea,242,8,537,18,1
Machine 0,us,235,9,554,20,1
Machine 1,us,238,10,546,19,1
Machine 0,us,244,9,547,18,1
Machine 1,us,51,10,577,21,1
Machine 1,asia,243,9,837,19,1
Machine 0,emea,249,9,466,18,1
Machine 1,us,79,8,610,21,1
Machine 0,us,82,10,436,19,1
Machine 1,us,239,9,418,18,1
Machine 0,asia,248,9,741,19,1
Machine 1,asia,234,9,722,18,1
Machine 0,emea,225,9,461,18,1
Machine 0,asia,246,9,749,21,1
Machine 1,asia,21,10,749,18,1
Machine 0,us,20,10,483,18,1
Machine 1,asia,232,10,596,20,1
Machine 0,asia,226,10,838,23,1
Machine 0,emea,236,10,570,20,1
Machine 1,us,164,8,584,20,1
Machine 1,us,156,9,602,21,1
Machine 1,asia,231,10,732,20,1
Machine 0,asia,184,10,710,19,1
Machine 0,asia,72,10,666,20,1
Machine 0,us,160,8,664,20,1
Machine 0,us,44,10,659,19,1
Machine 1,us,237,10,429,21,1
Machine 0,emea,228,10,605,18,1
Machine 1,asia,101,8,767,18,1
Machine 1,asia,241,10,868,21,1
Machine 0,emea,230,9,578,19,1
Machine 0,emea,249,10,579,21,1
Machine 1,us,240,10,595,18,1
Machine 0,asia,247,10,714,21,1
Machine 1,asia,0,9,612,18,1
Machine 0,emea,182,10,654,20,1
Machine 1,us,235,10,614,20,1
Machine 0,asia,191,9,929,18,1
Machine 0,us,245,10,653,18,1
Machine 1,us,239,10,636,18,1
Machine 0,us,79,9,710,20,1
Machine 0,us,242,9,736,19,1
Machine 1,asia,233,10,708,18,1
Machine 0,emea,225,10,432,19,1
Machine 0,asia,244,10,768,20,1
Machine 0,asia,94,10,834,19,1
Machine 0,us,246,10,467,19,1
Machine 1,asia,234,10,578,19,1
Machine 0,asia,248,10,758,18,1
Machine 1,us,164,9,531,18,1
Machine 1,asia,243,10,939,19,1
Machine 0,emea,101,9,386,18,1
Machine 0,us,230,10,380,18,1
Machine 1,us,0,10,421,19,1
Machine 1,asia,160,9,687,18,1
Machine 0,asia,156,10,739,19,1
Machine 0,asia,191,10,605,21,1
Machine 1,asia,242,10,569,19,1
Machine 1,asia,79,10,591,20,1
Machine 0,emea,160,10,314,20,1
Machine 0,asia,164,10,535,20,1
Machine 1,asia,101,10,530,18,1
