Machine 0,asia,0,1,628,18,1
Machine 0,emea,6,1,539,18,1
Machine 0,emea,11,1,511,19,1
Machine 0,us,3,1,718,19,1
Machine 0,emea,2,1,623,20,1
Machine 0,us,7,1,736,19,1
Machine 0,asia,9,1,737,21,1
Machine 0,asia,4,1,749,18,1
Machine 1,asia,20,1,884,20,1
Machine 0,emea,21,1,726,18,1
Machine 1,us,28,1,783,20,1
Machine 1,asia,5,1,927,19,1
Machine 0,us,22,1,799,19,1
Machine 1,us,13,1,934,21,1
Machine 0,emea,26,1,909,20,1
Machine 0,emea,31,1,875,20,1
Machine 0,us,17,1,930,21,1
Machine 1,asia,1,1,1000,18,1
Machine 1,us,8,1,1025,21,1
Machine 0,us,32,1,1009,19,1
Machine 0,us,27,1,1025,20,1
Machine 1,asia,10,1,1064,19,1
Machine 0,us,12,1,1064,20,1
Machine 0,emea,56,1,1003,19,1
Machine 0,asia,19,1,1066,20,1
Machine 0,emea,16,1,1079,20,1
Machine 1,asia,25,1,1056,18,1
Machine 0,us,57,1,1001,19,1
Machine 1,us,23,1,1067,20,1
Machine 0,us,42,1,1057,19,1
Machine 1,us,18,1,1131,20,1
Machine 0,emea,41,1,1070,20,1
Machine 0,asia,14,1,1144,20,1
Machine 0,asia,44,1,1095,18,1
Machine 0,asia,59,1,1019,18,1
Machine 0,asia,29,1,1135,19,1
Machine 1,us,48,1,1109,19,1
Machine 0,us,52,1,1090,21,1
Machine 0,emea,36,1,1130,20,1
Machine 0,us,37,1,1132,19,1
Machine 0,us,47,1,1122,21,1
Machine 0,asia,39,1,1145,20,1
Machine 1,asia,35,1,1152,21,1
Machine 1,us,33,1,1173,19,1
Machine 1,us,38,1,1154,21,1
Machine 1,asia,30,1,1199,18,1
Machine 0,asia,24,1,1220,19,1
Machine 0,emea,61,1,966,20,1
Machine 0,emea,46,1,1181,19,1
Machine 0,asia,49,1,1191,19,1
Machine 1,asia,45,1,1205,20,1
Machine 1,us,58,1,1066,19,1
Machine 0,emea,66,1,946,19,1
Machine 0,emea,51,1,1240,20,1
Machine 1,asia,55,1,1191,18,1
Machine 1,us,43,1,1259,21,1
Machine 0,us,62,1,1074,21,1
Machine 1,asia,60,1,1078,21,1
Machine 1,us,53,1,1286,19,1
Machine 1,asia,40,1,1295,21,1
Machine 0,asia,34,1,1304,21,1
Machine 1,us,63,1,1107,21,1
Machine 1,us,68,1,546,18,1
Machine 1,asia,15,1,1441,19,1
Machine 1,asia,50,1,1399,19,1
Machine 0,asia,54,1,1439,20,1
Machine 0,asia,69,1,610,20,1
Machine 0,us,77,1,565,20,1
Machine 0,asia,64,1,650,20,1
Machine 1,asia,65,1,1092,21,1
Machine 0,us,67,1,650,18,1
Machine 0,emea,71,1,601,19,1
Machine 0,us,72,1,650,20,1
Machine 1,us,73,1,651,19,1
Machine 0,emea,86,1,671,20,1
Machine 0,emea,76,1,675,20,1
Machine 0,emea,81,1,611,19,1
Machine 1,asia,70,1,816,21,1
Machine 0,us,82,1,675,20,1
Machine 1,asia,75,1,690,20,1
Machine 0,emea,11,2,595,18,1
Machine 0,asia,79,1,795,19,1
Machine 1,us,78,1,691,19,1
Machine 0,us,87,1,767,18,1
Machine 1,us,88,1,756,20,1
Machine 1,us,83,1,789,21,1
Machine 0,us,3,2,721,18,1
Machine 0,emea,99,1,717,20,1
Machine 0,emea,91,1,758,19,1
Machine 1,us,93,1,741,18,1
Machine 1,asia,85,1,853,20,1
Machine 0,emea,9,2,546,18,1
Machine 1,asia,90,1,821,18,1
Machine 0,asia,84,1,870,21,1
Machine 0,asia,89,1,853,21,1
Machine 0,us,92,1,816,20,1
Machine 1,asia,98,1,839,19,1
Machine 0,asia,74,1,954,19,1
Machine 1,asia,96,1,847,21,1
Machine 1,asia,80,1,914,21,1
Machine 0,emea,5,2,357,18,1
Machine 0,us,4,2,630,21,1
Machine 1,asia,95,1,885,21,1
Machine 0,asia,97,1,889,20,1
Machine 0,us,22,2,422,18,1
Machine 1,us,20,2,473,19,1
Machine 1,asia,6,2,911,19,1
Machine 0,asia,0,2,957,18,1
Machine 0,asia,94,1,983,21,1
Machine 0,asia,2,2,994,21,1
Machine 1,asia,7,2,910,21,1
Machine 1,us,13,2,508,20,1
Machine 1,asia,28,2,565,21,1
Machine 0,emea,17,2,503,19,1
Machine 0,asia,21,2,601,20,1
Machine 1,us,8,2,462,21,1
Machine 0,us,1,2,521,18,1
Machine 0,emea,10,2,406,20,1
Machine 0,asia,26,2,632,20,1
Machine 0,asia,32,2,681,21,1
Machine 0,us,12,2,593,20,1
Machine 1,asia,31,2,603,19,1
Machine 0,us,57,2,543,20,1
Machine 1,asia,27,2,613,21,1
Machine 0,emea,41,2,627,19,1
Machine 1,us,44,2,641,21,1
Machine 1,us,56,2,768,18,1
Machine 1,asia,16,2,816,21,1
Machine 0,asia,19,2,833,20,1
Machine 0,emea,25,2,834,19,1
Machine 1,asia,18,2,784,18,1
Machine 0,asia,42,2,800,19,1
Machine 0,emea,39,2,571,20,1
Machine 0,us,14,2,812,19,1
Machine 1,asia,29,2,600,18,1
Machine 0,asia,59,2,767,21,1
Machine 1,us,23,2,841,19,1
Machine 1,us,33,2,648,20,1
Machine 0,emea,24,2,670,20,1
Machine 0,us,35,2,717,18,1
Machine 0,us,52,2,774,19,1
Machine 1,us,46,2,750,21,1
Machine 1,us,36,2,731,19,1
Machine 1,asia,45,2,756,18,1
Machine 0,asia,37,2,817,18,1
Machine 1,asia,47,2,829,18,1
Machine 0,us,61,2,798,19,1
Machine 0,emea,58,2,799,18,1
Machine 0,asia,38,2,853,21,1
Machine 0,asia,49,2,855,18,1
Machine 0,us,66,2,847,21,1
Machine 0,emea,62,2,817,19,1
Machine 0,asia,55,2,858,21,1
Machine 1,us,53,2,853,18,1
Machine 1,us,51,2,861,20,1
Machine 0,emea,63,2,707,20,1
Machine 0,asia,40,2,893,21,1
Machine 1,asia,30,2,1002,18,1
Machine 0,us,60,2,958,19,1
Machine 0,us,68,2,726,18,1
Machine 1,asia,34,2,871,21,1
Machine 0,emea,69,2,528,21,1
Machine 1,asia,43,2,1073,20,1
Machine 1,us,64,2,628,20,1
Machine 1,us,15,2,606,20,1
Machine 1,us,73,2,628,18,1
Machine 0,emea,71,2,645,21,1
Machine 0,emea,79,2,623,18,1
Machine 0,emea,81,2,641,19,1
Machine 0,emea,3,3,598,20,1
Machine 0,asia,50,2,710,18,1
Machine 0,us,70,2,660,20,1
Machine 0,us,72,2,703,21,1
Machine 0,us,77,2,747,18,1
Machine 1,asia,54,2,752,18,1
Machine 1,us,82,2,728,19,1
Machine 0,us,99,2,735,19,1
Machine 0,asia,65,2,857,20,1
Machine 1,us,87,2,827,21,1
Machine 0,asia,86,2,856,20,1
Machine 0,us,78,2,852,18,1
Machine 0,emea,48,2,1476,18,1
Machine 1,asia,76,2,899,21,1
Machine 0,emea,9,3,443,20,1
Machine 1,us,91,2,644,20,1
Machine 1,asia,67,2,912,21,1
Machine 0,asia,75,2,925,21,1
Machine 1,asia,83,2,797,20,1
Machine 0,emea,95,2,435,18,1
Machine 1,asia,11,3,992,21,1
Machine 0,emea,80,2,464,19,1
Machine 1,us,84,2,516,19,1
Machine 0,us,90,2,595,21,1
Machine 0,asia,93,2,891,19,1
Machine 0,asia,88,2,921,18,1
Machine 1,asia,85,2,792,21,1
Machine 0,asia,89,2,639,20,1
Machine 0,emea,6,3,574,18,1
Machine 1,asia,92,2,673,19,1
Machine 1,asia,96,2,613,19,1
Machine 0,us,97,2,619,19,1
Machine 1,asia,98,2,661,18,1
Machine 0,us,28,3,638,21,1
Machine 1,asia,20,3,719,19,1
Machine 0,asia,21,3,744,21,1
Machine 1,asia,4,3,697,20,1
Machine 0,us,0,3,756,20,1
Machine 0,emea,31,3,735,19,1
Machine 0,asia,74,2,684,21,1
Machine 0,us,10,3,752,20,1
Machine 1,us,94,2,769,20,1
Machine 1,us,17,3,747,21,1
Machine 0,emea,13,3,773,18,1
Machine 0,us,57,3,664,18,1
Machine 0,asia,2,3,802,19,1
Machine 0,asia,22,3,725,18,1
Machine 0,asia,5,3,787,20,1
Machine 0,emea,1,3,788,19,1
Machine 0,emea,56,3,680,18,1
Machine 1,asia,7,3,838,21,1
Machine 1,us,27,3,807,20,1
Machine 0,asia,41,3,839,18,1
Machine 1,us,26,3,880,18,1
Machine 0,emea,42,3,498,19,1
Machine 0,us,16,3,762,20,1
Machine 1,asia,18,3,845,21,1
Machine 1,asia,12,3,971,20,1
Machine 1,asia,8,3,1013,19,1
Machine 0,asia,32,3,1003,19,1
Machine 1,asia,44,3,892,18,1
Machine 0,us,39,3,530,19,1
Machine 0,asia,25,3,790,21,1
Machine 1,us,19,3,733,18,1
Machine 1,us,14,3,440,20,1
Machine 1,us,24,3,528,21,1
Machine 0,emea,23,3,540,20,1
Machine 0,us,33,3,548,19,1
Machine 1,us,53,3,620,21,1
Machine 0,emea,62,3,519,18,1
Machine 1,asia,47,3,651,20,1
Machine 0,us,30,3,614,18,1
Machine 0,us,36,3,671,18,1
Machine 0,asia,35,3,690,21,1
Machine 1,asia,59,3,727,18,1
Machine 0,emea,61,3,737,18,1
Machine 0,emea,46,3,711,19,1
Machine 0,us,58,3,742,20,1
Machine 0,asia,29,3,759,19,1
Machine 1,us,38,3,790,19,1
Machine 1,asia,52,3,797,19,1
Machine 1,us,45,3,874,21,1
Machine 0,us,43,3,840,21,1
Machine 0,us,55,3,883,21,1
Machine 0,asia,37,3,931,18,1
Machine 1,us,64,3,887,21,1
Machine 1,us,81,3,749,19,1
Machine 0,emea,71,3,872,18,1
Machine 1,asia,66,3,906,19,1
Machine 0,emea,69,3,906,20,1
Machine 0,emea,40,3,924,19,1
Machine 1,us,60,3,950,19,1
Machine 1,asia,34,3,947,20,1
Machine 0,asia,15,3,965,20,1
Machine 0,us,79,3,989,18,1
Machine 1,asia,73,3,1064,21,1
Machine 0,asia,51,3,1182,20,1
Machine 0,asia,49,3,1031,18,1
Machine 1,asia,63,3,1024,19,1
Machine 0,asia,3,4,1111,21,1
Machine 0,asia,68,3,1154,19,1
Machine 1,us,77,3,835,18,1
Machine 0,emea,70,3,887,18,1
Machine 1,asia,50,3,918,21,1
Machine 0,us,72,3,774,20,1
Machine 0,asia,54,3,878,20,1
Machine 0,emea,99,3,647,19,1
Machine 1,asia,82,3,1024,18,1
Machine 1,us,87,3,575,20,1
Machine 0,us,65,3,605,20,1
Machine 0,asia,86,3,757,20,1
Machine 0,emea,48,3,808,19,1
Machine 0,us,76,3,700,18,1
Machine 1,asia,78,3,863,18,1
Machine 0,emea,75,3,549,20,1
Machine 1,us,9,4,817,19,1
Machine 0,asia,91,3,829,21,1
Machine 0,emea,5,4,598,20,1
Machine 0,emea,84,3,679,18,1
Machine 1,us,95,3,697,19,1
Machine 0,us,83,3,672,19,1
Machine 1,us,93,3,709,19,1
Machine 1,asia,80,3,791,18,1
Machine 1,asia,67,3,831,19,1
Machine 0,asia,97,3,771,21,1
Machine 0,us,90,3,780,20,1
Machine 0,us,31,4,817,18,1
Machine 1,asia,92,3,836,20,1
Machine 0,asia,21,4,833,20,1
Machine 0,asia,11,4,872,18,1
Machine 1,asia,94,3,851,21,1
Machine 0,us,1,4,539,19,1
Machine 0,emea,17,4,862,18,1
Machine 0,emea,28,4,876,19,1
Machine 1,asia,85,3,910,21,1
Machine 0,us,20,4,892,18,1
Machine 0,emea,96,3,901,20,1
Machine 0,emea,0,4,926,19,1
Machine 1,us,74,3,888,18,1
Machine 1,asia,98,3,1002,19,1
Machine 1,asia,4,4,993,21,1
Machine 1,asia,22,4,980,20,1
Machine 0,us,13,4,1007,20,1
Machine 0,asia,2,4,1003,20,1
Machine 0,asia,10,4,905,18,1
Machine 0,asia,88,3,1050,20,1
Machine 0,emea,41,4,515,19,1
Machine 0,asia,6,4,1086,18,1
Machine 1,us,42,4,555,18,1
Machine 1,us,57,4,538,18,1
Machine 1,us,32,4,640,20,1
Machine 0,asia,7,4,717,21,1
Machine 1,asia,89,3,1243,18,1
Machine 1,us,14,4,688,19,1
Machine 0,us,26,4,753,19,1
Machine 0,emea,33,4,725,18,1
Machine 0,asia,61,4,636,21,1
Machine 1,asia,18,4,790,19,1
Machine 0,emea,36,4,764,19,1
Machine 0,emea,12,4,831,18,1
Machine 0,asia,24,4,801,21,1
Machine 0,us,8,4,841,21,1
Machine 1,asia,27,4,832,18,1
Machine 1,us,56,4,870,21,1
Machine 0,emea,58,4,435,21,1
Machine 0,us,35,4,784,18,1
Machine 1,asia,30,4,820,20,1
Machine 1,us,59,4,813,18,1
Machine 0,emea,25,4,873,20,1
Machine 0,us,19,4,870,20,1
Machine 1,asia,39,4,874,20,1
Machine 1,asia,23,4,846,18,1
Machine 0,us,53,4,843,21,1
Machine 0,asia,44,4,880,21,1
Machine 0,us,29,4,679,21,1
Machine 1,us,62,4,875,20,1
Machine 0,asia,47,4,930,18,1
Machine 0,asia,16,4,939,18,1
Machine 1,us,38,4,547,18,1
Machine 0,emea,43,4,569,19,1
Machine 1,asia,46,4,651,21,1
Machine 0,us,15,4,567,21,1
Machine 0,asia,64,4,631,18,1
Machine 0,asia,52,4,641,21,1
Machine 1,asia,45,4,646,18,1
Machine 0,us,55,4,630,20,1
Machine 0,emea,71,4,645,21,1
Machine 1,us,69,4,629,21,1
Machine 0,emea,34,4,612,21,1
Machine 0,us,66,4,702,21,1
Machine 0,emea,70,4,354,20,1
Machine 1,asia,81,4,720,18,1
Machine 1,us,3,5,541,18,1
Machine 0,us,63,4,664,20,1
Machine 1,us,37,4,790,19,1
Machine 1,asia,60,4,754,19,1
Machine 1,us,79,4,428,19,1
Machine 0,emea,49,4,454,18,1
Machine 0,us,50,4,488,20,1
Machine 1,asia,51,4,803,20,1
Machine 0,asia,40,4,877,20,1
Machine 0,emea,82,4,475,18,1
Machine 1,asia,77,4,581,18,1
Machine 0,asia,68,4,579,19,1
Machine 1,us,65,4,571,20,1
Machine 0,asia,73,4,615,21,1
Machine 0,us,87,4,567,18,1
Machine 0,emea,76,4,462,19,1
Machine 1,us,72,4,593,20,1
Machine 0,asia,54,4,669,21,1
Machine 0,emea,80,4,465,20,1
Machine 1,asia,99,4,697,20,1
Machine 1,us,75,4,514,21,1
Machine 0,emea,5,5,515,19,1
Machine 1,us,95,4,513,20,1
Machine 0,us,78,4,536,21,1
Machine 0,asia,86,4,729,20,1
Machine 1,asia,48,4,696,21,1
Machine 0,emea,28,5,537,18,1
Machine 0,us,84,4,589,18,1
Machine 0,asia,9,5,612,21,1
Machine 0,emea,94,4,609,18,1
Machine 0,us,67,4,624,20,1
Machine 1,asia,91,4,702,19,1
Machine 1,asia,93,4,734,18,1
Machine 0,asia,83,4,723,20,1
Machine 0,us,85,4,681,19,1
Machine 0,asia,90,4,729,18,1
Machine 1,asia,31,5,729,21,1
Machine 0,emea,0,5,725,20,1
Machine 0,us,74,4,710,19,1
Machine 1,us,97,4,734,20,1
Machine 0,emea,6,5,544,18,1
Machine 0,us,2,5,700,19,1
Machine 1,asia,22,5,786,19,1
Machine 0,asia,4,5,798,21,1
Machine 1,asia,96,4,870,21,1
Machine 1,us,10,5,640,20,1
Machine 1,asia,17,5,1003,19,1
Machine 1,asia,11,5,981,20,1
Machine 1,us,98,4,965,19,1
Machine 0,us,42,5,603,21,1
Machine 0,emea,13,5,921,20,1
Machine 0,asia,1,5,1075,21,1
Machine 0,emea,89,4,601,21,1
Machine 0,asia,20,5,1082,18,1
Machine 0,emea,18,5,544,19,1
Machine 1,asia,92,4,1095,19,1
Machine 1,us,57,5,687,21,1
Machine 0,asia,21,5,1163,21,1
Machine 1,asia,7,5,683,20,1
Machine 1,asia,41,5,960,21,1
Machine 0,asia,88,4,942,21,1
Machine 1,us,26,5,713,19,1
Machine 0,asia,32,5,770,19,1
Machine 0,us,14,5,817,20,1
Machine 0,us,56,5,801,19,1
Machine 1,asia,61,5,855,20,1
Machine 0,us,36,5,871,19,1
Machine 0,us,25,5,853,18,1
Machine 1,us,12,5,913,19,1
Machine 1,asia,8,5,930,20,1
Machine 0,emea,27,5,901,18,1
Machine 0,asia,33,5,979,18,1
Machine 0,us,44,5,965,20,1
Machine 1,asia,23,5,929,18,1
Machine 1,us,29,5,1027,21,1
Machine 0,us,38,5,900,19,1
Machine 1,asia,30,5,1009,20,1
Machine 0,emea,69,5,747,19,1
Machine 0,emea,53,5,1001,19,1
Machine 0,emea,59,5,1051,21,1
Machine 0,emea,16,5,1054,18,1
Machine 1,us,19,5,1068,20,1
Machine 0,us,52,5,1130,20,1
Machine 0,asia,39,5,1149,18,1
Machine 1,us,45,5,1064,18,1
Machine 1,us,58,5,1168,19,1
Machine 0,emea,64,5,1161,20,1
Machine 1,asia,15,5,1134,18,1
Machine 0,asia,62,5,1158,20,1
Machine 1,asia,71,5,1141,21,1
Machine 1,us,43,5,1209,20,1
Machine 0,us,34,5,880,18,1
Machine 1,us,66,5,644,19,1
Machine 1,us,37,5,607,20,1
Machine 0,emea,3,6,597,19,1
Machine 0,us,63,5,635,18,1
Machine 0,us,50,5,607,21,1
Machine 1,asia,47,5,1319,21,1
Machine 0,emea,76,5,585,20,1
Machine 0,asia,55,5,1199,21,1
Machine 0,asia,35,5,1373,21,1
Machine 0,asia,24,5,1379,21,1
Machine 1,asia,79,5,795,20,1
Machine 0,asia,70,5,809,21,1
Machine 0,emea,77,5,730,19,1
Machine 1,us,51,5,782,21,1
Machine 0,asia,46,5,1512,18,1
Machine 0,us,68,5,741,18,1
Machine 1,asia,81,5,883,20,1
Machine 0,emea,49,5,818,21,1
Machine 1,us,54,5,628,20,1
Machine 1,asia,87,5,759,19,1
Machine 0,asia,73,5,795,18,1
Machine 0,emea,75,5,464,19,1
Machine 0,asia,40,5,858,21,1
Machine 1,us,65,5,835,20,1
Machine 0,us,72,5,783,21,1
Machine 0,emea,48,5,450,20,1
Machine 1,asia,82,5,896,20,1
Machine 1,us,95,5,552,18,1
Machine 1,asia,99,5,637,20,1
Machine 0,asia,60,5,1077,21,1
Machine 0,us,5,6,586,21,1
Machine 0,emea,2,6,539,21,1
Machine 1,us,84,5,657,20,1
Machine 0,asia,80,5,692,20,1
Machine 0,us,28,6,670,21,1
Machine 0,asia,9,6,674,19,1
Machine 0,asia,78,5,715,21,1
Machine 1,asia,85,5,679,21,1
Machine 0,emea,67,5,692,19,1
Machine 0,us,91,5,711,19,1
Machine 0,emea,74,5,376,18,1
Machine 1,us,93,5,747,19,1
Machine 0,us,22,6,508,20,1
Machine 0,asia,83,5,842,21,1
Machine 1,asia,90,5,773,19,1
Machine 1,asia,86,5,902,20,1
Machine 1,asia,0,6,826,20,1
Machine 0,us,17,6,502,20,1
Machine 0,asia,31,6,874,20,1
Machine 0,asia,97,5,767,19,1
Machine 0,emea,10,6,560,18,1
Machine 1,asia,94,5,941,20,1
Machine 0,emea,13,6,590,19,1
Machine 0,us,1,6,560,19,1
Machine 1,asia,96,5,706,20,1
Machine 0,emea,92,5,693,20,1
Machine 1,asia,18,6,804,19,1
Machine 0,asia,4,6,857,18,1
Machine 1,us,11,6,795,20,1
Machine 0,emea,61,6,553,21,1
Machine 0,emea,88,5,666,19,1
Machine 1,asia,6,6,904,20,1
Machine 0,us,57,6,810,19,1
Machine 1,asia,42,6,927,20,1
Machine 0,asia,20,6,944,21,1
Machine 1,asia,41,6,612,21,1
Machine 1,us,21,6,915,19,1
Machine 1,us,25,6,657,19,1
Machine 0,us,26,6,681,18,1
Machine 0,emea,58,6,667,18,1
Machine 0,asia,7,6,723,19,1
Machine 0,asia,14,6,717,19,1
Machine 1,us,32,6,727,21,1
Machine 0,asia,98,5,1043,18,1
Machine 0,us,33,6,713,21,1
Machine 1,asia,56,6,726,18,1
Machine 1,us,89,5,1045,19,1
Machine 0,emea,38,6,733,19,1
Machine 0,asia,12,6,751,21,1
Machine 1,asia,8,6,784,18,1
Machine 0,emea,27,6,820,20,1
Machine 1,us,44,6,821,20,1
Machine 0,us,36,6,839,21,1
Machine 0,us,19,6,855,19,1
Machine 0,us,64,6,778,19,1
Machine 0,emea,16,6,856,18,1
Machine 1,us,52,6,869,21,1
Machine 1,us,66,6,871,20,1
Machine 0,us,30,6,878,18,1
Machine 1,us,69,6,888,18,1
Machine 0,asia,53,6,912,20,1
Machine 0,emea,35,6,808,21,1
Machine 0,asia,23,6,954,19,1
Machine 1,asia,71,6,912,18,1
Machine 0,us,34,6,950,20,1
Machine 0,asia,62,6,971,19,1
Machine 0,us,50,6,881,18,1
Machine 1,us,15,6,990,18,1
Machine 1,asia,59,6,1012,19,1
Machine 0,asia,39,6,1001,18,1
Machine 0,emea,63,6,986,19,1
Machine 0,emea,43,6,999,18,1
Machine 0,us,24,6,492,21,1
Machine 1,asia,55,6,615,18,1
Machine 0,asia,76,6,951,21,1
Machine 1,asia,29,6,1103,18,1
Machine 1,asia,45,6,1096,19,1
Machine 1,asia,3,7,1077,21,1
Machine 1,us,79,6,428,20,1
Machine 0,emea,51,6,415,18,1
Machine 1,us,47,6,1073,19,1
Machine 0,asia,37,6,1124,19,1
Machine 0,us,46,6,518,18,1
Machine 0,asia,70,6,635,21,1
Machine 0,us,87,6,460,20,1
Machine 0,emea,65,6,470,21,1
Machine 1,us,73,6,501,18,1
Machine 1,asia,77,6,573,19,1
Machine 0,emea,54,6,549,21,1
Machine 1,asia,49,6,622,20,1
Machine 0,emea,99,6,417,21,1
Machine 1,us,68,6,550,19,1
Machine 0,asia,81,6,674,21,1
Machine 1,us,48,6,615,18,1
Machine 1,asia,40,6,653,20,1
Machine 0,us,72,6,581,21,1
Machine 0,emea,80,6,482,18,1
Machine 1,us,5,7,495,19,1
Machine 0,asia,75,6,741,19,1
Machine 0,us,60,6,484,20,1
Machine 1,asia,95,6,712,20,1
Machine 0,asia,82,6,709,20,1
Machine 0,emea,67,6,445,21,1
Machine 1,us,9,7,490,21,1
Machine 0,us,28,7,547,20,1
Machine 0,asia,2,7,616,19,1
Machine 0,us,91,6,588,18,1
Machine 1,asia,84,6,643,20,1
Machine 1,asia,85,6,670,21,1
Machine 1,us,74,6,631,19,1
Machine 0,emea,0,7,457,19,1
Machine 0,emea,97,6,480,19,1
Machine 0,asia,78,6,822,19,1
Machine 0,asia,93,6,755,18,1
Machine 1,asia,86,6,580,21,1
Machine 1,asia,31,7,684,18,1
Machine 1,asia,22,7,773,21,1
Machine 0,asia,90,6,763,20,1
Machine 0,asia,17,7,691,20,1
Machine 0,us,61,7,492,19,1
Machine 1,us,92,6,677,20,1
Machine 0,emea,1,7,690,18,1
Machine 1,asia,83,6,872,20,1
Machine 0,emea,11,7,712,18,1
Machine 0,us,96,6,782,18,1
Machine 0,asia,94,6,835,19,1
Machine 1,us,88,6,630,18,1
Machine 0,emea,42,7,515,20,1
Machine 0,us,10,7,888,21,1
Machine 0,emea,26,7,557,21,1
Machine 1,asia,13,7,888,18,1
Machine 0,us,20,7,579,18,1
Machine 0,emea,12,7,584,21,1
Machine 0,us,33,7,623,20,1
Machine 1,asia,4,7,749,20,1
Machine 1,us,41,7,555,21,1
Machine 0,us,58,7,713,18,1
Machine 0,asia,18,7,1046,20,1
Machine 1,asia,32,7,730,21,1
Machine 0,asia,6,7,785,19,1
Machine 1,us,27,7,692,20,1
Machine 0,emea,98,6,802,18,1
Machine 0,us,8,7,754,18,1
Machine 1,us,56,7,810,18,1
Machine 1,us,7,7,880,20,1
Machine 0,emea,19,7,429,20,1
Machine 0,asia,21,7,890,21,1
Machine 1,asia,57,7,931,19,1
Machine 1,us,53,7,508,20,1
Machine 0,asia,14,7,996,21,1
Machine 0,emea,30,7,511,19,1
Machine 1,asia,38,7,974,19,1
Machine 1,asia,25,7,1008,21,1
Machine 0,emea,71,7,576,18,1
Machine 1,us,16,7,587,21,1
Machine 0,asia,35,7,656,20,1
Machine 0,asia,44,7,694,21,1
Machine 1,asia,36,7,799,20,1
Machine 0,us,64,7,648,18,1
Machine 0,asia,89,6,1099,21,1
Machine 1,asia,66,7,706,19,1
Machine 0,us,34,7,666,20,1
Machine 0,emea,59,7,434,20,1
Machine 1,us,62,7,677,21,1
Machine 0,us,69,7,786,21,1
Machine 0,asia,52,7,810,18,1
Machine 1,asia,23,7,796,18,1
Machine 1,us,63,7,498,18,1
Machine 0,emea,79,7,534,18,1
Machine 0,emea,54,7,507,20,1
Machine 0,us,39,7,646,18,1
Machine 0,asia,50,7,833,21,1
Machine 1,us,29,7,637,18,1
Machine 0,emea,70,7,575,19,1
Machine 0,us,76,7,645,21,1
Machine 0,emea,55,7,674,21,1
Machine 1,us,47,7,660,21,1
Machine 1,us,65,7,649,19,1
Machine 1,asia,15,7,818,19,1
Machine 0,us,87,7,673,21,1
Machine 1,asia,46,7,686,20,1
Machine 0,us,49,7,653,18,1
Machine 1,asia,24,7,747,18,1
Machine 0,emea,75,7,376,20,1
Machine 0,asia,37,7,778,21,1
Machine 0,emea,48,7,460,18,1
Machine 0,emea,9,8,468,19,1
Machine 1,us,99,7,658,21,1
Machine 0,us,51,7,802,20,1
Machine 0,us,60,7,485,21,1
Machine 1,asia,77,7,790,21,1
Machine 0,asia,45,7,858,21,1
Machine 0,asia,43,7,917,19,1
Machine 0,asia,73,7,835,18,1
Machine 1,asia,3,8,867,21,1
Machine 0,us,40,7,517,21,1
Machine 0,asia,68,7,660,19,1
Machine 0,asia,80,7,594,19,1
Machine 0,us,74,7,658,19,1
Machine 1,asia,81,7,648,19,1
Machine 1,us,72,7,579,20,1
Machine 1,us,2,8,691,21,1
Machine 1,us,0,8,604,18,1
Machine 0,us,28,8,671,19,1
Machine 0,emea,85,7,704,21,1
Machine 0,emea,61,8,540,18,1
Machine 1,us,95,7,712,19,1
Machine 0,emea,11,8,548,21,1
Machine 0,asia,91,7,811,18,1
Machine 0,asia,82,7,795,20,1
Machine 0,emea,22,8,498,21,1
Machine 1,asia,67,7,726,20,1
Machine 0,emea,10,8,574,19,1
Machine 0,us,92,7,605,21,1
Machine 0,us,4,8,580,19,1
Machine 0,asia,97,7,792,21,1
Machine 1,asia,84,7,968,18,1
Machine 1,asia,78,7,819,20,1
Machine 1,asia,83,7,681,20,1
Machine 0,asia,86,7,724,18,1
Machine 0,us,6,8,684,20,1
Machine 1,us,13,8,712,20,1
Machine 1,us,94,7,759,19,1
Machine 1,asia,5,8,1076,18,1
Machine 1,asia,17,8,776,19,1
Machine 1,asia,93,7,811,19,1
Machine 0,asia,90,7,776,19,1
Machine 0,emea,56,8,556,18,1
Machine 0,emea,33,8,737,21,1
Machine 0,asia,1,8,783,21,1
Machine 1,us,41,8,763,20,1
Machine 0,asia,88,7,867,20,1
Machine 0,emea,32,8,755,18,1
Machine 1,us,27,8,821,21,1
Machine 1,asia,42,8,877,18,1
Machine 0,us,96,7,886,21,1
Machine 0,asia,98,7,757,19,1
Machine 1,asia,18,8,858,21,1
Machine 0,us,7,8,544,21,1
Machine 0,us,26,8,901,19,1
Machine 0,asia,20,8,917,21,1
Machine 0,asia,58,8,914,21,1
Machine 1,asia,31,8,978,21,1
Machine 0,emea,64,8,440,18,1
Machine 1,asia,12,8,954,21,1
Machine 1,asia,8,8,861,19,1
Machine 0,emea,71,8,508,19,1
Machine 0,us,16,8,561,22,1
Machine 0,us,14,8,593,18,1
Machine 0,asia,21,8,599,21,1
Machine 1,asia,25,8,620,21,1
Machine 0,us,69,8,549,20,1
Machine 1,us,30,8,618,19,1
Machine 1,asia,57,8,668,21,1
Machine 0,emea,62,8,605,20,1
Machine 1,us,66,8,610,18,1
Machine 0,us,89,7,634,20,1
Machine 1,us,52,8,637,18,1
Machine 0,asia,44,8,711,20,1
Machine 0,asia,38,8,721,20,1
Machine 1,us,19,8,807,18,1
Machine 1,asia,36,8,733,18,1
Machine 0,asia,23,8,716,21,1
Machine 0,emea,53,8,759,19,1
Machine 1,us,35,8,753,21,1
Machine 0,asia,34,8,754,20,1
Machine 1,us,39,8,509,19,1
Machine 1,asia,63,8,742,18,1
Machine 0,us,87,8,489,20,1
Machine 0,emea,79,8,638,21,1
Machine 0,us,54,8,586,18,1
Machine 0,emea,75,8,491,18,1
Machine 0,emea,70,8,552,21,1
Machine 0,emea,15,8,574,18,1
Machine 0,us,76,8,600,19,1
Machine 1,us,55,8,615,20,1
Machine 1,asia,59,8,948,21,1
Machine 1,us,48,8,576,20,1
Machine 0,asia,50,8,676,18,1
Machine 1,asia,65,8,650,18,1
Machine 1,asia,29,8,664,18,1
Machine 0,us,3,9,572,20,1
Machine 1,us,40,8,581,19,1
Machine 0,asia,47,8,696,19,1
Machine 0,us,60,8,684,19,1
Machine 0,emea,51,8,708,20,1
Machine 0,us,37,8,746,18,1
Machine 1,us,46,8,747,21,1
Machine 1,us,77,8,731,19,1
Machine 1,asia,43,8,783,20,1
Machine 0,emea,73,8,712,19,1
Machine 1,asia,24,8,802,21,1
Machine 0,asia,49,8,838,18,1
Machine 1,asia,80,8,717,20,1
Machine 0,asia,45,8,798,20,1
Machine 0,us,81,8,502,21,1
Machine 0,emea,74,8,498,19,1
Machine 1,us,72,8,539,20,1
Machine 1,asia,99,8,876,20,1
Machine 0,emea,28,9,428,20,1
Machine 0,us,82,8,470,20,1
Machine 0,emea,91,8,478,20,1
Machine 0,asia,68,8,675,18,1
Machine 0,us,85,8,550,20,1
Machine 0,emea,86,8,500,18,1
Machine 0,asia,9,9,1044,20,1
Machine 1,asia,11,9,623,21,1
Machine 0,asia,2,9,730,18,1
Machine 1,us,22,9,720,21,1
Machine 1,asia,0,9,671,21,1
Machine 0,asia,67,8,733,20,1
Machine 0,emea,84,8,623,19,1
Machine 1,us,61,9,733,21,1
Machine 1,asia,83,8,668,19,1
Machine 0,asia,78,8,727,21,1
Machine 1,us,93,8,441,21,1
Machine 0,asia,95,8,829,19,1
Machine 0,asia,4,9,760,20,1
Machine 1,asia,97,8,762,20,1
Machine 0,us,6,9,654,18,1
Machine 0,asia,13,9,679,18,1
Machine 1,asia,92,8,1002,21,1
Machine 1,asia,10,9,1015,20,1
Machine 0,us,17,9,596,18,1
Machine 0,emea,33,9,719,21,1
Machine 1,us,41,9,711,18,1
Machine 0,emea,27,9,725,18,1
Machine 0,asia,90,8,753,21,1
Machine 1,asia,94,8,812,18,1
Machine 0,us,26,9,708,19,1
Machine 1,us,20,9,711,20,1
Machine 0,emea,7,9,757,19,1
Machine 0,emea,5,9,803,18,1
Machine 0,us,1,9,830,20,1
Machine 0,asia,98,8,820,19,1
Machine 0,us,42,9,833,18,1
Machine 1,us,96,8,832,21,1
Machine 1,asia,32,9,847,20,1
Machine 0,emea,64,9,730,20,1
Machine 0,asia,88,8,888,20,1
Machine 0,emea,14,9,458,20,1
Machine 0,asia,58,9,811,21,1
Machine 0,us,12,9,529,19,1
Machine 0,emea,57,9,480,19,1
Machine 1,us,8,9,531,20,1
Machine 1,asia,56,9,989,19,1
Machine 1,asia,31,9,891,20,1
Machine 0,emea,53,9,510,19,1
Machine 1,asia,16,9,570,19,1
Machine 0,us,21,9,592,18,1
Machine 0,asia,71,9,622,19,1
Machine 0,emea,15,9,545,19,1
Machine 0,emea,44,9,613,19,1
Machine 1,us,25,9,615,19,1
Machine 1,asia,18,9,1056,18,1
Machine 0,us,62,9,635,21,1
Machine 1,us,66,9,655,20,1
Machine 0,asia,69,9,663,21,1
Machine 1,us,54,9,650,21,1
Machine 0,emea,87,9,656,19,1
Machine 0,us,38,9,721,20,1
Machine 1,us,19,9,721,19,1
Machine 0,emea,50,9,409,18,1
Machine 0,asia,89,8,740,19,1
Machine 1,asia,30,9,748,18,1
Machine 0,us,79,9,716,18,1
Machine 1,us,34,9,778,20,1
Machine 1,asia,63,9,792,20,1
Machine 0,asia,39,9,830,20,1
Machine 0,us,76,9,679,21,1
Machine 0,asia,36,9,862,21,1
Machine 1,asia,52,9,870,21,1
Machine 0,us,35,9,833,18,1
Machine 1,asia,23,9,906,18,1
Machine 1,us,55,9,843,20,1
Machine 1,asia,70,9,934,21,1
Machine 1,asia,48,9,854,18,1
Machine 1,us,29,9,529,20,1
Machine 0,asia,75,9,983,20,1
Machine 1,us,73,9,627,21,1
Machine 0,us,43,9,614,21,1
Machine 0,emea,47,9,582,20,1
Machine 0,us,60,9,624,19,1
Machine 0,emea,80,9,653,20,1
Machine 1,asia,40,9,677,21,1
Machine 1,us,51,9,653,20,1
Machine 0,emea,77,9,676,18,1
Machine 0,asia,59,9,1056,19,1
Machine 0,us,65,9,707,18,1
Machine 0,us,45,9,668,18,1
Machine 0,us,28,10,708,18,1
Machine 1,us,81,9,763,19,1
Machine 1,us,67,9,725,21,1
Machine 0,asia,24,9,861,18,1
Machine 1,us,9,10,802,21,1
Machine 1,asia,46,9,851,20,1
Machine 0,emea,99,9,858,20,1
Machine 0,emea,22,10,802,19,1
Machine 1,asia,68,9,852,18,1
Machine 0,us,86,9,848,20,1
Machine 0,emea,85,9,862,18,1
Machine 0,asia,3,10,846,21,1
Machine 0,us,0,10,788,20,1
Machine 1,us,82,9,904,18,1
Machine 0,asia,37,9,948,21,1
Machine 1,asia,2,10,932,18,1
Machine 0,asia,74,9,966,21,1
Machine 1,asia,72,9,984,21,1
Machine 0,asia,11,10,1005,20,1
Machine 1,asia,49,9,977,18,1
Machine 0,emea,95,9,561,21,1
Machine 0,asia,91,9,1085,21,1
Machine 0,us,33,10,489,19,1
Machine 0,asia,84,9,1009,19,1
Machine 1,asia,97,9,667,19,1
Machine 0,asia,78,9,970,18,1
Machine 0,asia,4,10,948,19,1
Machine 1,asia,93,9,895,21,1
Machine 0,emea,6,10,570,18,1
Machine 1,asia,61,10,1051,18,1
Machine 1,asia,83,9,1022,21,1
Machine 0,emea,17,10,579,18,1
Machine 0,emea,1,10,552,18,1
Machine 0,us,13,10,607,21,1
Machine 0,emea,64,10,621,20,1
Machine 0,us,26,10,598,21,1
Machine 1,us,42,10,630,20,1
Machine 1,us,41,10,654,18,1
Machine 0,asia,92,9,679,21,1
Machine 1,asia,90,9,661,20,1
Machine 1,us,20,10,666,21,1
Machine 0,emea,94,9,687,19,1
Machine 1,asia,10,10,704,19,1
Machine 1,asia,5,10,713,19,1
Machine 0,us,8,10,735,20,1
Machine 1,us,56,10,766,21,1
Machine 0,us,98,9,759,19,1
Machine 0,asia,27,10,777,20,1
Machine 0,emea,16,10,762,20,1
Machine 0,us,21,10,826,21,1
Machine 0,asia,7,10,883,21,1
Machine 0,emea,57,10,807,21,1
Machine 0,asia,58,10,814,18,1
Machine 1,us,62,10,798,18,1
Machine 0,us,18,10,841,18,1
Machine 1,us,14,10,869,20,1
Machine 0,emea,54,10,618,21,1
Machine 1,asia,12,10,892,20,1
Machine 0,asia,96,9,879,20,1
Machine 1,asia,44,10,872,20,1
Machine 0,emea,25,10,881,20,1
Machine 1,us,71,10,891,21,1
Machine 0,us,88,9,957,21,1
Machine 1,asia,53,10,946,21,1
Machine 0,asia,15,10,940,20,1
Machine 1,asia,32,10,984,20,1
Machine 0,us,87,10,639,19,1
Machine 0,asia,66,10,942,18,1
Machine 1,asia,69,10,877,19,1
Machine 0,asia,31,10,1000,18,1
Machine 1,us,38,10,530,19,1
Machine 0,emea,89,9,403,18,1
Machine 0,us,30,10,488,19,1
Machine 0,emea,39,10,476,20,1
Machine 1,asia,50,10,635,19,1
Machine 0,asia,19,10,616,19,1
Machine 1,us,36,10,530,21,1
Machine 0,emea,23,10,445,19,1
Machine 1,us,79,10,680,18,1
Machine 0,us,55,10,466,18,1
Machine 0,emea,75,10,438,21,1
Machine 1,asia,63,10,707,21,1
Machine 0,us,73,10,464,19,1
Machine 0,asia,52,10,630,21,1
Machine 0,us,76,10,676,19,1
Machine 0,emea,80,10,482,20,1
Machine 0,asia,34,10,771,21,1
Machine 0,us,40,10,504,18,1
Machine 1,us,70,10,550,19,1
Machine 0,emea,24,10,453,20,1
Machine 1,asia,35,10,636,18,1
Machine 1,asia,29,10,644,19,1
Machine 0,emea,65,10,546,20,1
Machine 1,us,28,11,617,19,1
Machine 1,us,43,10,614,20,1
Machine 0,us,45,10,638,19,1
Machine 0,asia,77,10,637,20,1
Machine 1,us,51,10,681,19,1
Machine 0,asia,47,10,693,20,1
Machine 0,asia,48,10,707,19,1
Machine 1,asia,59,10,714,20,1
Machine 1,asia,60,10,793,18,1
Machine 1,asia,67,10,671,21,1
Machine 0,emea,82,10,553,21,1
Machine 0,emea,68,10,497,18,1
Machine 0,asia,81,10,776,19,1
Machine 1,us,46,10,534,18,1
Machine 0,us,9,11,668,21,1
Machine 0,emea,4,11,575,21,1
Machine 0,emea,11,11,589,19,1
Machine 0,us,86,10,596,18,1
Machine 0,emea,61,11,606,18,1
Machine 0,asia,99,10,689,20,1
Machine 1,us,85,10,651,19,1
Machine 1,asia,22,11,695,21,1
Machine 0,emea,92,10,645,21,1
Machine 1,us,2,11,684,18,1
Machine 0,us,37,10,688,18,1
Machine 0,emea,13,11,689,20,1
Machine 1,asia,0,11,749,21,1
Machine 0,us,49,10,692,19,1
Machine 1,us,26,11,731,18,1
Machine 1,asia,72,10,778,18,1
Machine 0,asia,3,11,787,21,1
Machine 0,asia,17,11,782,21,1
Machine 1,asia,33,11,810,18,1
Machine 0,us,83,10,796,18,1
Machine 1,us,20,11,755,18,1
Machine 0,asia,74,10,819,18,1
Machine 0,us,64,11,787,20,1
Machine 1,asia,6,11,820,20,1
Machine 0,asia,97,10,824,20,1
Machine 1,us,95,10,829,20,1
Machine 0,us,90,10,812,18,1
Machine 1,us,56,11,641,21,1
Machine 0,emea,5,11,728,19,1
Machine 1,asia,84,10,843,18,1
Machine 0,us,8,11,694,18,1
Machine 1,asia,41,11,940,21,1
Machine 0,asia,98,10,631,18,1
Machine 0,asia,91,10,983,20,1
Machine 1,asia,27,11,618,19,1
Machine 1,asia,78,10,1021,18,1
Machine 1,asia,10,11,933,20,1
Machine 0,asia,42,11,957,21,1
Machine 1,asia,1,11,1041,18,1
Machine 0,asia,93,10,1041,20,1
Machine 0,asia,94,10,1018,19,1
Machine 1,us,7,11,534,18,1
Machine 0,emea,62,11,626,19,1
Machine 1,us,14,11,704,20,1
Machine 0,us,44,11,753,18,1
Machine 1,asia,58,11,792,19,1
Machine 0,emea,96,10,801,20,1
Machine 0,asia,57,11,805,18,1
Machine 0,us,21,11,811,20,1
Machine 0,emea,16,11,809,20,1
Machine 0,asia,54,11,717,18,1
Machine 0,us,15,11,802,19,1
Machine 1,us,25,11,913,19,1
Machine 0,emea,52,11,872,21,1
Machine 0,emea,69,11,908,21,1
Machine 0,emea,79,11,894,19,1
Machine 0,asia,87,11,928,21,1
Machine 1,us,19,11,921,18,1
Machine 1,asia,12,11,977,20,1
Machine 0,asia,71,11,999,18,1
Machine 0,emea,70,11,1003,19,1
Machine 0,us,18,11,1142,20,1
Machine 1,us,80,11,1114,20,1
Machine 1,asia,88,10,1155,18,1
Machine 0,us,31,11,1207,20,1
Machine 1,us,32,11,1173,20,1
Machine 0,us,24,11,1218,20,1
Machine 0,us,55,11,1260,21,1
Machine 0,us,76,11,1198,18,1
Machine 0,us,50,11,1259,19,1
Machine 0,emea,53,11,1369,20,1
Machine 0,emea,39,11,1316,19,1
Machine 1,asia,30,11,1370,19,1
Machine 1,asia,66,11,1380,19,1
Machine 0,asia,89,10,1607,21,1
Machine 0,asia,34,11,1582,20,1
Machine 1,asia,73,11,1677,20,1
Machine 1,asia,40,11,1675,20,1
Machine 0,emea,47,11,1009,18,1
Machine 0,emea,4,12,1078,20,1
Machine 1,us,35,11,1740,18,1
Machine 0,us,43,11,1682,20,1
Machine 1,asia,23,11,1879,20,1
Machine 1,us,45,11,1026,19,1
Machine 0,asia,63,11,1873,20,1
Machine 0,asia,36,11,1895,18,1
Machine 0,emea,83,11,1112,20,1
Machine 0,asia,29,11,1888,18,1
Machine 0,us,48,11,1280,18,1
Machine 1,us,75,11,2069,18,1
Machine 1,us,91,11,1182,20,1
Machine 0,emea,28,12,1399,19,1
Machine 1,us,38,11,2106,19,1
Machine 0,us,68,11,1359,18,1
Machine 0,emea,64,12,1238,19,1
Machine 0,us,11,12,1356,20,1
Machine 0,emea,13,12,1307,21,1
Machine 0,asia,26,12,1322,21,1
Machine 0,us,22,12,1329,19,1
Machine 0,emea,82,11,1407,21,1
Machine 0,us,62,12,1262,20,1
Machine 0,asia,20,12,1313,19,1
Machine 1,asia,65,11,1453,18,1
Machine 0,us,56,12,1298,19,1
Machine 1,us,49,11,1346,19,1
Machine 0,emea,10,12,1337,19,1
Machine 0,asia,60,11,1438,19,1
Machine 1,us,5,12,1336,18,1
Machine 0,us,0,12,1404,19,1
Machine 1,us,81,11,1449,18,1
Machine 0,emea,7,12,1328,19,1
Machine 0,emea,90,11,1405,18,1
Machine 0,us,57,12,1338,19,1
Machine 0,emea,85,11,1481,18,1
Machine 0,asia,77,11,1546,21,1
Machine 0,emea,87,12,1345,20,1
Machine 0,emea,41,12,1401,18,1
Machine 1,us,86,11,1511,19,1
Machine 1,asia,58,12,1401,21,1
Machine 1,asia,33,12,1474,19,1
Machine 0,asia,46,11,1546,20,1
Machine 1,asia,74,11,1475,20,1
Machine 1,us,59,11,1591,18,1
Machine 0,us,98,11,1445,21,1
Machine 1,asia,78,11,1437,20,1
Machine 1,asia,9,12,1588,19,1
Machine 1,us,12,12,1395,19,1
Machine 0,emea,15,12,1426,20,1
Machine 1,asia,51,11,1625,19,1
Machine 1,us,1,12,1460,21,1
Machine 1,asia,99,11,1559,18,1
Machine 1,us,21,12,1447,21,1
Machine 1,asia,72,11,1560,18,1
Machine 0,asia,61,12,1631,21,1
Machine 0,asia,44,12,1518,19,1
Machine 0,asia,2,12,1552,18,1
Machine 0,asia,71,12,1471,20,1
Machine 0,emea,96,11,1465,21,1
Machine 0,us,6,12,1577,18,1
Machine 1,us,14,12,1541,19,1
Machine 1,asia,79,12,1534,18,1
Machine 0,us,42,12,1555,20,1
Machine 0,us,19,12,1553,19,1
Machine 0,asia,69,12,1564,18,1
Machine 0,asia,16,12,1554,18,1
Machine 1,asia,54,12,1583,20,1
Machine 1,us,92,11,1679,20,1
Machine 1,asia,3,12,1667,20,1
Machine 1,us,52,12,1623,20,1
Machine 0,asia,17,12,1700,18,1
Machine 0,asia,93,11,1695,21,1
Machine 0,asia,27,12,1637,20,1
Machine 1,asia,95,11,1706,21,1
Machine 1,asia,67,11,1846,19,1
Machine 0,us,25,12,1680,21,1
Machine 0,asia,84,11,1714,20,1
Machine 0,emea,18,12,593,21,1
Machine 1,asia,94,11,1757,21,1
Machine 0,asia,97,11,1752,18,1
Machine 1,asia,37,11,1801,20,1
Machine 0,us,80,12,585,21,1
Machine 1,asia,70,12,1427,21,1
Machine 0,emea,24,12,425,20,1
Machine 1,us,88,11,527,19,1
Machine 1,asia,8,12,1822,20,1
Machine 0,us,55,12,443,20,1
Machine 1,us,76,12,528,19,1
Machine 1,us,66,12,531,20,1
Machine 1,asia,32,12,631,21,1
Machine 0,emea,73,12,565,21,1
Machine 0,emea,39,12,579,19,1
Machine 0,asia,31,12,729,21,1
Machine 0,asia,89,11,632,19,1
Machine 0,emea,43,12,511,19,1
Machine 0,us,40,12,621,21,1
Machine 1,us,45,12,504,18,1
Machine 0,us,30,12,681,19,1
Machine 1,us,47,12,660,21,1
Machine 1,us,48,12,447,19,1
Machine 0,emea,28,13,489,19,1
Machine 0,us,23,12,648,19,1
Machine 0,emea,13,13,423,19,1
Machine 1,us,68,12,458,18,1
Machine 1,asia,53,12,803,21,1
Machine 0,asia,4,13,773,20,1
Machine 1,asia,35,12,705,20,1
Machine 0,emea,20,13,435,21,1
Machine 0,asia,50,12,834,18,1
Machine 0,us,29,12,542,18,1
Machine 0,emea,83,12,620,18,1
Machine 1,asia,36,12,697,19,1
Machine 0,us,38,12,564,18,1
Machine 0,asia,75,12,659,21,1
Machine 1,us,56,13,538,19,1
Machine 0,us,26,13,643,20,1
Machine 1,asia,91,12,702,19,1
Machine 0,emea,60,12,408,18,1
Machine 0,asia,82,12,674,20,1
Machine 0,asia,64,13,773,20,1
Machine 0,asia,63,12,758,19,1
Machine 1,us,22,13,761,21,1
Machine 1,asia,34,12,996,20,1
Machine 0,us,65,12,701,21,1
Machine 1,asia,10,13,685,18,1
Machine 0,emea,33,13,463,21,1
Machine 1,us,85,12,608,20,1
Machine 0,us,98,12,540,18,1
Machine 0,us,57,13,667,18,1
Machine 0,asia,46,12,613,19,1
Machine 0,emea,59,12,537,20,1
Machine 0,asia,49,12,639,20,1
Machine 1,asia,11,13,682,20,1
Machine 0,asia,81,12,626,18,1
Machine 1,asia,62,13,865,21,1
Machine 1,us,0,13,686,21,1
Machine 0,emea,90,12,623,18,1
Machine 0,emea,12,13,389,18,1
Machine 0,asia,77,12,694,21,1
Machine 0,us,5,13,752,19,1
Machine 0,asia,86,12,747,18,1
Machine 1,us,51,12,495,20,1
Machine 1,asia,7,13,832,18,1
Machine 0,us,72,12,462,20,1
Machine 1,asia,58,13,857,20,1
Machine 0,emea,21,13,537,18,1
Machine 1,asia,87,13,869,19,1
Machine 1,asia,74,12,772,19,1
Machine 0,asia,78,12,648,19,1
Machine 1,asia,41,13,874,21,1
Machine 0,us,15,13,615,19,1
Machine 0,emea,71,13,474,21,1
Machine 1,asia,9,13,651,19,1
Machine 1,us,61,13,600,21,1
Machine 1,asia,99,12,657,21,1
Machine 0,asia,44,13,608,20,1
Machine 0,emea,42,13,406,18,1
Machine 0,us,96,12,542,18,1
Machine 1,us,6,13,481,20,1
Machine 0,us,19,13,459,19,1
Machine 1,asia,79,13,560,19,1
Machine 0,asia,1,13,909,20,1
Machine 1,asia,2,13,782,18,1
Machine 0,emea,27,13,525,21,1
Machine 0,emea,92,12,664,19,1
Machine 0,emea,18,13,367,18,1
Machine 0,us,3,13,644,21,1
Machine 1,us,69,13,685,20,1
Machine 1,us,67,12,478,18,1
Machine 1,us,52,13,648,21,1
Machine 0,asia,17,13,747,18,1
Machine 0,us,95,12,536,18,1
Machine 0,asia,16,13,809,20,1
Machine 1,asia,93,12,808,19,1
Machine 0,emea,70,13,544,19,1
Machine 1,asia,54,13,737,21,1
Machine 0,asia,14,13,839,20,1
Machine 1,us,88,12,583,20,1
Machine 0,emea,76,13,481,21,1
Machine 0,us,24,13,572,21,1
Machine 1,asia,84,12,648,20,1
Machine 0,us,66,13,566,20,1
Machine 0,asia,25,13,664,21,1
Machine 1,asia,80,13,637,21,1
Machine 1,us,97,12,606,21,1
Machine 0,asia,8,13,664,20,1
Machine 0,asia,37,12,671,19,1
Machine 0,us,94,12,676,20,1
Machine 1,us,32,13,640,19,1
Machine 0,emea,30,13,406,20,1
Machine 0,emea,31,13,436,21,1
Machine 0,us,89,12,469,21,1
Machine 1,asia,55,13,700,19,1
Machine 1,us,43,13,468,21,1
Machine 0,asia,73,13,712,21,1
Machine 0,emea,13,14,397,21,1
Machine 0,us,47,13,435,21,1
Machine 1,asia,39,13,715,20,1
Machine 0,emea,20,14,395,21,1
Machine 0,us,68,13,484,18,1
Machine 1,us,48,13,538,20,1
Machine 1,us,29,13,505,19,1
Machine 0,asia,40,13,646,19,1
Machine 1,asia,23,13,630,21,1
Machine 0,asia,4,14,555,18,1
Machine 0,emea,38,13,519,18,1
Machine 0,emea,60,13,464,20,1
Machine 0,asia,28,14,606,20,1
Machine 1,asia,35,13,605,21,1
Machine 1,us,56,14,595,20,1
Machine 0,us,50,13,602,21,1
Machine 0,emea,98,13,538,21,1
Machine 1,asia,45,13,773,18,1
Machine 0,us,75,13,612,21,1
Machine 0,asia,26,14,660,19,1
Machine 0,asia,83,13,662,20,1
Machine 0,us,82,13,661,18,1
Machine 1,asia,36,13,682,21,1
Machine 0,asia,63,13,667,18,1
Machine 1,us,64,14,682,20,1
Machine 1,us,53,13,774,18,1
Machine 0,emea,11,14,496,18,1
Machine 1,asia,22,14,734,18,1
Machine 0,us,57,14,612,20,1
Machine 1,asia,91,13,861,21,1
Machine 0,us,81,13,607,18,1
Machine 0,emea,72,13,594,18,1
Machine 0,emea,34,13,625,20,1
Machine 0,us,65,13,628,18,1
Machine 1,asia,49,13,664,21,1
Machine 0,asia,0,14,680,18,1
Machine 1,us,46,13,697,20,1
Machine 0,emea,86,13,676,18,1
Machine 1,us,10,14,698,21,1
Machine 0,us,58,14,685,18,1
Machine 0,asia,33,14,742,18,1
Machine 0,asia,59,13,736,19,1
Machine 0,asia,77,13,769,21,1
Machine 0,emea,9,14,708,21,1
Machine 1,asia,85,13,815,21,1
Machine 0,emea,96,13,761,20,1
Machine 1,asia,12,14,823,19,1
Machine 0,us,78,13,809,20,1
Machine 0,emea,2,14,748,18,1
Machine 1,asia,90,13,851,20,1
Machine 1,us,41,14,841,21,1
Machine 0,us,61,14,818,20,1
Machine 1,asia,7,14,889,21,1
Machine 1,asia,71,14,861,21,1
Machine 0,emea,74,13,847,20,1
Machine 1,us,99,13,885,20,1
Machine 0,asia,15,14,924,19,1
Machine 1,asia,42,14,880,18,1
Machine 0,us,27,14,916,21,1
Machine 0,asia,51,13,938,18,1
Machine 1,us,19,14,923,19,1
Machine 0,asia,21,14,963,20,1
Machine 1,us,62,14,982,19,1
Machine 1,us,92,13,857,19,1
Machine 1,asia,5,14,976,19,1
Machine 0,emea,69,14,408,18,1
Machine 0,asia,18,14,869,19,1
Machine 0,asia,44,14,983,21,1
Machine 0,emea,16,14,439,20,1
Machine 1,us,52,14,472,18,1
Machine 0,us,6,14,1036,19,1
Machine 1,asia,87,14,1061,20,1
Machine 0,asia,79,14,1049,19,1
Machine 0,us,67,13,530,19,1
Machine 1,asia,1,14,1107,19,1
Machine 1,us,70,14,584,21,1
Machine 0,emea,88,13,591,20,1
Machine 0,emea,25,14,568,18,1
Machine 0,asia,17,14,620,22,1
Machine 1,asia,3,14,814,18,1
Machine 0,us,93,13,624,21,1
Machine 0,asia,54,14,662,20,1
Machine 1,asia,14,14,664,19,1
Machine 1,us,24,14,688,19,1
Machine 1,us,97,13,617,20,1
Machine 0,emea,94,13,516,18,1
Machine 0,us,80,14,704,19,1
Machine 1,us,30,14,516,18,1
Machine 0,us,76,14,726,21,1
Machine 1,asia,95,13,731,21,1
Machine 1,asia,66,14,732,20,1
Machine 0,us,32,14,602,19,1
Machine 1,asia,37,13,719,20,1
Machine 0,asia,8,14,812,19,1
Machine 0,asia,84,13,808,21,1
Machine 0,emea,55,14,464,20,1
Machine 0,emea,39,14,479,21,1
Machine 1,us,73,14,513,20,1
Machine 0,asia,31,14,676,18,1
Machine 0,emea,40,14,503,19,1
Machine 1,asia,89,13,554,19,1
Machine 0,emea,45,14,477,18,1
Machine 1,us,68,14,595,19,1
Machine 0,asia,13,15,613,18,1
Machine 0,us,43,14,633,21,1
Machine 0,us,20,15,631,18,1
Machine 1,us,4,15,610,20,1
Machine 1,asia,29,14,660,20,1
Machine 1,asia,47,14,704,19,1
Machine 1,us,56,15,617,19,1
Machine 0,us,75,14,676,19,1
Machine 0,us,35,14,698,18,1
Machine 0,us,63,14,724,19,1
Machine 0,asia,48,14,736,18,1
Machine 0,us,23,14,781,19,1
Machine 0,emea,36,14,721,20,1
Machine 0,us,65,14,527,19,1
Machine 0,emea,28,15,779,18,1
Machine 0,asia,38,14,779,18,1
Machine 0,asia,53,14,746,18,1
Machine 1,us,26,15,773,20,1
Machine 0,emea,34,14,713,21,1
Machine 0,asia,50,14,772,19,1
Machine 1,us,49,14,537,20,1
Machine 1,asia,60,14,824,21,1
Machine 0,asia,81,14,770,19,1
Machine 0,emea,22,15,787,19,1
Machine 1,asia,98,14,831,21,1
Machine 1,asia,11,15,830,21,1
Machine 1,us,91,14,794,21,1
Machine 1,us,64,15,865,19,1
Machine 0,us,57,15,847,21,1
Machine 1,asia,82,14,881,19,1
Machine 0,emea,86,14,587,18,1
Machine 0,us,10,15,465,19,1
Machine 1,asia,72,14,744,18,1
Machine 1,us,58,15,569,19,1
Machine 0,asia,83,14,1009,20,1
Machine 1,asia,77,14,593,18,1
Machine 0,emea,2,15,559,18,1
Machine 0,emea,96,14,569,21,1
Machine 0,us,71,15,551,18,1
Machine 1,asia,46,14,767,18,1
Machine 0,asia,0,15,821,19,1
Machine 0,asia,33,15,666,18,1
Machine 0,asia,9,15,688,21,1
Machine 1,us,74,14,557,20,1
Machine 1,asia,59,14,724,21,1
Machine 0,emea,62,15,435,20,1
Machine 0,emea,42,15,427,19,1
Machine 0,emea,7,15,607,21,1
Machine 1,asia,85,14,760,20,1
Machine 0,us,90,14,722,20,1
Machine 1,asia,78,14,753,18,1
Machine 0,emea,44,15,459,20,1
Machine 1,asia,61,15,696,20,1
Machine 0,asia,41,15,763,19,1
Machine 0,us,27,15,521,19,1
Machine 1,us,51,14,527,18,1
Machine 0,asia,12,15,810,21,1
Machine 0,us,92,14,542,21,1
Machine 0,emea,25,15,491,21,1
Machine 0,asia,99,14,657,21,1
Machine 1,us,1,15,591,19,1
Machine 0,asia,19,15,638,19,1
Machine 0,emea,79,15,599,21,1
Machine 1,asia,15,15,894,18,1
Machine 1,asia,21,15,635,20,1
Machine 1,us,52,15,647,18,1
Machine 1,us,5,15,675,19,1
Machine 0,us,67,14,711,19,1
Machine 1,asia,18,15,723,18,1
Machine 0,us,17,15,641,20,1
Machine 1,us,3,15,638,20,1
Machine 1,asia,88,14,680,18,1
Machine 0,asia,70,15,713,21,1
Machine 0,us,24,15,585,20,1
Machine 0,asia,6,15,749,20,1
Machine 0,us,16,15,756,20,1
Machine 0,emea,14,15,631,20,1
Machine 1,us,97,14,461,20,1
Machine 1,asia,87,15,758,20,1
Machine 0,emea,30,15,404,21,1
Machine 1,us,95,14,447,18,1
Machine 0,emea,37,14,489,18,1
Machine 0,asia,69,15,877,19,1
Machine 0,us,76,15,511,20,1
Machine 1,asia,54,15,725,20,1
Machine 0,asia,93,14,830,20,1
Machine 0,asia,94,14,758,19,1
Machine 1,us,84,14,497,20,1
Machine 1,us,40,15,507,21,1
Machine 1,asia,80,15,627,21,1
Machine 0,us,8,15,650,20,1
Machine 0,asia,66,15,666,20,1
Machine 1,asia,39,15,634,20,1
Machine 0,asia,89,14,600,18,1
Machine 0,us,31,15,635,21,1
Machine 0,emea,73,15,600,19,1
Machine 0,asia,55,15,716,19,1
Machine 1,asia,32,15,778,21,1
Machine 0,emea,63,15,451,20,1
Machine 0,emea,68,15,548,21,1
Machine 0,us,47,15,549,20,1
Machine 0,us,13,16,601,20,1
Machine 0,emea,29,15,591,21,1
Machine 1,asia,45,15,694,21,1
Machine 0,emea,28,16,614,19,1
Machine 1,us,56,16,674,20,1
Machine 0,us,48,15,663,19,1
Machine 0,asia,20,16,706,21,1
Machine 1,us,53,15,578,19,1
Machine 1,us,43,15,729,20,1
Machine 1,us,23,15,785,18,1
Machine 1,asia,4,16,816,18,1
Machine 0,asia,75,15,800,21,1
Machine 0,us,38,15,707,21,1
Machine 0,emea,50,15,456,20,1
Machine 0,asia,26,16,638,20,1
Machine 0,emea,98,15,459,21,1
Machine 1,us,91,15,451,18,1
Machine 1,us,60,15,462,21,1
Machine 0,asia,36,15,863,20,1
Machine 1,asia,34,15,604,21,1
Machine 1,asia,65,15,900,20,1
Machine 0,us,86,15,510,20,1
Machine 0,us,11,16,537,20,1
Machine 1,asia,35,15,965,20,1
Machine 0,asia,81,15,584,20,1
Machine 1,us,10,16,617,18,1
Machine 1,asia,22,16,657,19,1
Machine 0,us,49,15,680,19,1
Machine 1,us,2,16,518,21,1
Machine 1,asia,58,16,668,19,1
Machine 0,emea,82,15,639,21,1
Machine 0,asia,72,15,667,19,1
Machine 1,asia,57,16,647,19,1
Machine 1,asia,71,16,644,19,1
Machine 0,asia,96,15,625,19,1
Machine 0,emea,9,16,644,19,1
Machine 0,asia,64,16,795,19,1
Machine 1,asia,46,15,679,20,1
Machine 0,emea,83,15,790,20,1
Machine 1,asia,59,15,747,20,1
Machine 0,asia,0,16,751,18,1
Machine 0,us,77,15,845,19,1
Machine 0,emea,90,15,457,18,1
Machine 0,asia,7,16,710,19,1
Machine 0,emea,62,16,780,19,1
Machine 0,us,42,16,832,19,1
Machine 1,asia,33,16,854,18,1
Machine 1,asia,85,15,584,19,1
Machine 0,emea,27,16,590,21,1
Machine 0,emea,99,15,582,18,1
Machine 0,us,78,15,650,20,1
Machine 1,us,44,16,647,21,1
Machine 0,asia,74,15,977,19,1
Machine 1,us,12,16,638,19,1
Machine 0,us,51,15,652,21,1
Machine 0,emea,17,16,593,21,1
Machine 0,emea,21,16,696,20,1
Machine 1,asia,41,16,750,19,1
Machine 1,us,5,16,709,20,1
Machine 0,us,3,16,682,20,1
Machine 1,us,14,16,684,19,1
Machine 0,us,52,16,745,18,1
Machine 0,asia,61,16,790,18,1
Machine 1,us,88,15,708,21,1
Machine 0,emea,6,16,625,18,1
Machine 0,us,1,16,817,19,1
Machine 0,asia,92,15,832,19,1
Machine 1,us,19,16,846,21,1
Machine 1,asia,25,16,901,18,1
Machine 0,asia,79,16,917,21,1
Machine 0,emea,30,16,400,21,1
Machine 0,us,16,16,469,19,1
Machine 0,asia,67,15,932,21,1
Machine 1,asia,18,16,936,20,1
Machine 0,emea,54,16,415,19,1
Machine 0,asia,70,16,910,21,1
Machine 1,asia,15,16,972,21,1
Machine 1,us,37,15,474,18,1
Machine 1,asia,24,16,744,18,1
Machine 0,us,95,15,538,18,1
Machine 1,asia,87,16,647,20,1
Machine 1,us,94,15,494,19,1
Machine 1,us,66,16,514,18,1
Machine 0,us,8,16,512,21,1
Machine 0,emea,31,16,398,21,1
Machine 0,asia,97,15,778,20,1
Machine 0,emea,68,16,497,19,1
Machine 0,emea,80,16,538,21,1
Machine 0,us,93,15,589,19,1
Machine 1,asia,76,16,610,21,1
Machine 0,us,73,16,637,21,1
Machine 0,asia,69,16,623,20,1
Machine 0,asia,39,16,676,19,1
Machine 0,us,47,16,616,18,1
Machine 1,asia,40,16,707,18,1
Machine 1,us,55,16,681,20,1
Machine 0,emea,28,17,468,21,1
Machine 0,asia,84,15,774,19,1
Machine 0,asia,32,16,696,21,1
Machine 1,us,13,17,545,19,1
Machine 1,asia,89,15,751,19,1
Machine 1,us,48,16,563,18,1
Machine 0,emea,43,16,563,20,1
Machine 1,asia,63,16,803,18,1
Machine 0,us,56,17,572,21,1
Machine 0,emea,50,16,545,20,1
Machine 1,asia,45,16,595,20,1
Machine 1,us,98,16,606,20,1
Machine 0,emea,36,16,575,20,1
Machine 0,asia,20,17,716,18,1
Machine 0,us,23,16,739,21,1
Machine 0,emea,35,16,657,21,1
Machine 0,asia,29,16,767,18,1
Machine 1,us,65,16,660,21,1
Machine 1,us,4,17,752,19,1
Machine 0,us,26,17,719,19,1
Machine 0,emea,2,17,473,21,1
Machine 0,asia,75,16,743,21,1
Machine 1,asia,60,16,725,18,1
Machine 0,us,34,16,719,18,1
Machine 0,asia,22,17,710,21,1
Machine 1,us,10,17,713,18,1
Machine 1,asia,53,16,789,21,1
Machine 0,us,81,16,728,18,1
Machine 0,asia,86,16,741,20,1
Machine 1,asia,38,16,782,19,1
Machine 0,us,58,17,482,20,1
Machine 0,emea,71,17,426,20,1
Machine 0,us,96,16,444,19,1
Machine 1,asia,11,17,845,18,1
Machine 1,us,9,17,463,21,1
Machine 1,asia,57,17,554,21,1
Machine 1,us,82,16,584,19,1
Machine 1,asia,49,16,908,18,1
Machine 0,emea,77,16,531,20,1
Machine 0,asia,91,16,992,20,1
Machine 0,emea,62,17,513,20,1
Machine 0,asia,72,16,599,18,1
Machine 1,asia,46,16,623,19,1
Machine 0,us,42,17,501,19,1
Machine 0,asia,64,17,620,19,1
Machine 0,emea,27,17,549,19,1
Machine 1,asia,7,17,670,21,1
Machine 1,asia,83,16,735,18,1
Machine 0,asia,59,16,730,20,1
Machine 0,asia,33,17,739,20,1
Machine 0,us,99,16,563,18,1
Machine 0,asia,90,16,680,20,1
Machine 1,asia,0,17,819,18,1
Machine 0,asia,44,17,670,20,1
Machine 1,us,78,16,671,21,1
Machine 1,asia,85,16,823,21,1
Machine 0,emea,12,17,649,18,1
Machine 1,asia,74,16,727,18,1
Machine 1,us,17,17,719,19,1
Machine 0,emea,5,17,723,20,1
Machine 1,us,1,17,699,20,1
Machine 0,us,3,17,795,22,1
Machine 0,us,51,16,877,21,1
Machine 1,us,14,17,844,21,1
Machine 0,us,6,17,847,18,1
Machine 0,asia,21,17,919,21,1
Machine 0,emea,88,16,820,20,1
Machine 0,emea,24,17,711,20,1
Machine 1,us,30,17,731,18,1
Machine 1,asia,41,17,973,21,1
Machine 0,us,31,17,753,19,1
Machine 0,emea,8,17,755,18,1
Machine 1,us,87,17,773,21,1
Machine 1,asia,61,17,997,21,1
Machine 0,us,79,17,790,21,1
Machine 0,us,95,16,763,18,1
Machine 0,asia,52,17,994,19,1
Machine 1,us,97,16,773,18,1
Machine 0,emea,32,17,682,20,1
Machine 0,us,54,17,818,21,1
Machine 0,emea,25,17,835,20,1
Machine 0,emea,93,16,768,18,1
Machine 0,emea,18,17,822,19,1
Machine 0,asia,92,16,916,20,1
Machine 0,emea,47,17,845,20,1
Machine 1,us,73,17,896,21,1
Machine 1,us,70,17,924,18,1
Machine 0,asia,94,16,926,18,1
Machine 1,asia,67,16,945,18,1
Machine 0,us,40,17,904,18,1
Machine 0,asia,16,17,946,18,1
Machine 0,emea,63,17,832,19,1
Machine 0,us,76,17,972,19,1
Machine 1,asia,37,16,996,18,1
Machine 1,asia,19,17,1074,21,1
Machine 1,asia,66,17,1005,19,1
Machine 0,asia,15,17,1018,21,1
Machine 0,asia,68,17,999,19,1
Machine 0,us,13,18,955,21,1
Machine 1,us,89,16,910,20,1
Machine 1,us,55,17,926,18,1
Machine 1,asia,39,17,1026,18,1
Machine 0,asia,69,17,1034,21,1
Machine 1,asia,43,17,996,19,1
Machine 0,us,56,18,965,21,1
Machine 0,emea,36,17,481,18,1
Machine 1,asia,80,17,1073,19,1
Machine 0,us,20,18,411,19,1
Machine 1,asia,84,16,1058,20,1
Machine 0,asia,28,18,1064,21,1
Machine 0,asia,48,17,1082,18,1
Machine 0,emea,65,17,412,19,1
Machine 1,us,23,17,435,20,1
Machine 0,emea,60,17,415,21,1
Machine 1,us,50,17,860,19,1
Machine 0,emea,81,17,440,18,1
Machine 0,asia,45,17,850,21,1
Machine 1,asia,98,17,702,20,1
Machine 0,us,4,18,521,19,1
Machine 1,us,26,18,552,19,1
Machine 0,asia,35,17,606,21,1
Machine 1,us,22,18,557,20,1
Machine 1,asia,29,17,653,18,1
Machine 0,asia,10,18,643,21,1
Machine 0,us,86,17,669,18,1
Machine 0,emea,49,17,537,19,1
Machine 1,asia,75,17,715,20,1
Machine 0,us,11,18,658,18,1
Machine 1,us,38,17,616,18,1
Machine 0,emea,96,17,651,20,1
Machine 0,asia,2,18,746,21,1
Machine 0,us,77,17,524,20,1
Machine 1,asia,53,17,719,18,1
Machine 0,us,34,17,731,20,1
Machine 1,asia,71,18,696,19,1
Machine 0,asia,58,18,703,19,1
Machine 1,us,91,17,529,19,1
Machine 1,us,9,18,706,21,1
Machine 0,emea,27,18,419,18,1
Machine 0,asia,57,18,775,20,1
Machine 1,asia,82,17,800,18,1
Machine 0,emea,59,17,536,21,1
Machine 0,us,33,18,533,20,1
Machine 1,asia,72,17,610,18,1
Machine 0,asia,62,18,651,21,1
Machine 0,asia,7,18,617,20,1
Machine 0,emea,0,18,587,18,1
Machine 1,asia,83,17,628,20,1
Machine 1,us,78,17,628,19,1
Machine 1,asia,46,17,681,21,1
Machine 1,asia,90,17,683,20,1
Machine 0,emea,74,17,640,18,1
Machine 0,asia,42,18,768,18,1
Machine 0,us,44,18,625,18,1
Machine 0,us,17,18,494,20,1
Machine 1,asia,64,18,795,21,1
Machine 1,us,5,18,502,19,1
Machine 0,us,14,18,488,21,1
Machine 0,us,30,18,468,20,1
Machine 0,emea,24,18,485,20,1
Machine 1,asia,12,18,796,21,1
Machine 1,us,6,18,592,21,1
Machine 0,asia,85,17,823,19,1
Machine 0,asia,99,17,943,21,1
Machine 0,emea,97,17,565,18,1
Machine 1,asia,3,18,642,20,1
Machine 0,asia,31,18,629,19,1
Machine 0,asia,1,18,741,18,1
Machine 0,us,61,18,626,21,1
Machine 1,us,79,18,622,20,1
Machine 0,emea,51,17,668,20,1
Machine 0,us,32,18,751,20,1
Machine 1,us,54,18,752,21,1
Machine 1,asia,93,17,717,20,1
Machine 1,us,47,18,537,21,1
Machine 1,asia,88,17,885,18,1
Machine 1,asia,52,18,854,19,1
Machine 0,emea,87,18,880,21,1
Machine 0,asia,25,18,722,19,1
Machine 0,us,67,17,557,18,1
Machine 1,us,41,18,940,21,1
Machine 1,asia,8,18,902,19,1
Machine 0,asia,95,17,958,18,1
Machine 0,asia,21,18,940,18,1
Machine 0,emea,94,17,600,20,1
Machine 0,us,37,17,644,18,1
Machine 0,us,92,17,627,18,1
Machine 0,emea,68,18,659,20,1
Machine 0,emea,18,18,672,20,1
Machine 1,us,40,18,727,19,1
Machine 0,us,13,19,748,21,1
Machine 1,us,56,19,740,20,1
Machine 0,emea,69,18,750,20,1
Machine 0,asia,73,18,827,19,1
Machine 0,emea,98,18,764,18,1
Machine 1,us,28,19,807,20,1
Machine 1,us,19,18,867,20,1
Machine 1,asia,70,18,942,19,1
Machine 0,us,43,18,887,21,1
Machine 0,us,84,17,838,21,1
Machine 1,asia,15,18,903,21,1
Machine 0,emea,20,19,872,18,1
Machine 0,us,60,18,856,19,1
Machine 1,asia,80,18,857,20,1
Machine 0,emea,23,18,882,20,1
Machine 0,emea,76,18,966,19,1
Machine 0,asia,66,18,950,20,1
Machine 0,asia,16,18,977,18,1
Machine 1,asia,63,18,983,21,1
Machine 1,asia,65,18,937,20,1
Machine 1,us,89,17,944,18,1
Machine 0,asia,55,18,997,20,1
Machine 1,us,50,18,947,18,1
Machine 1,asia,39,18,1025,20,1
Machine 0,us,4,19,929,19,1
Machine 1,asia,45,18,975,21,1
Machine 0,asia,35,18,864,19,1
Machine 0,emea,29,18,437,19,1
Machine 0,emea,11,19,548,20,1
Machine 0,asia,81,18,1136,20,1
Machine 0,asia,48,18,1155,19,1
Machine 1,us,26,19,904,21,1
Machine 1,asia,22,19,688,19,1
Machine 0,asia,36,18,1153,21,1
Machine 1,us,86,18,575,21,1
Machine 0,emea,53,18,584,19,1
Machine 0,asia,49,18,702,21,1
Machine 1,asia,75,18,598,21,1
Machine 0,emea,9,19,578,20,1
Machine 1,us,96,18,658,18,1
Machine 0,us,38,18,693,20,1
Machine 0,us,10,19,699,18,1
Machine 1,us,71,19,673,19,1
Machine 0,us,27,19,596,18,1
Machine 0,us,34,18,679,18,1
Machine 1,us,57,19,557,20,1
Machine 0,emea,7,19,439,20,1
Machine 1,asia,77,18,800,20,1
Machine 0,asia,58,19,766,20,1
Machine 1,asia,33,19,599,20,1
Machine 0,asia,2,19,882,20,1
Machine 0,emea,78,18,593,20,1
Machine 1,asia,91,18,839,19,1
Machine 0,asia,82,18,710,20,1
Machine 0,emea,42,19,524,18,1
Machine 0,asia,72,18,652,20,1
Machine 0,asia,90,18,665,21,1
Machine 1,asia,62,19,677,18,1
Machine 0,emea,14,19,433,18,1
Machine 1,asia,59,18,706,18,1
Machine 1,asia,83,18,676,18,1
Machine 1,us,17,19,562,18,1
Machine 0,us,46,18,692,18,1
Machine 0,us,44,19,664,21,1
Machine 0,asia,0,19,724,19,1
Machine 0,emea,85,18,475,21,1
Machine 1,asia,74,18,795,18,1
Machine 0,asia,64,19,609,18,1
Machine 0,us,30,19,525,19,1
Machine 0,emea,1,19,499,18,1
Machine 1,us,24,19,560,19,1
Machine 1,us,79,19,581,18,1
Machine 0,asia,12,19,626,20,1
Machine 1,asia,5,19,720,18,1
Machine 1,asia,31,19,643,20,1
Machine 1,us,97,18,701,18,1
Machine 0,us,61,19,666,20,1
Machine 1,us,47,19,585,21,1
Machine 0,us,99,18,713,18,1
Machine 0,us,93,18,564,20,1
Machine 0,emea,54,19,652,20,1
Machine 1,asia,6,19,743,19,1
Machine 0,emea,87,19,548,18,1
Machine 0,asia,3,19,800,18,1
Machine 0,emea,95,18,501,21,1
Machine 0,emea,68,19,478,21,1
Machine 1,us,94,18,588,21,1
Machine 0,us,25,19,563,21,1
Machine 0,asia,88,18,720,21,1
Machine 1,us,67,18,600,21,1
Machine 1,asia,8,19,671,20,1
Machine 1,asia,52,19,663,21,1
Machine 1,asia,32,19,678,20,1
Machine 1,us,40,19,621,18,1
Machine 0,us,73,19,643,21,1
Machine 1,asia,92,18,737,21,1
Machine 0,asia,51,18,951,21,1
Machine 0,asia,37,18,744,21,1
Machine 0,us,18,19,739,18,1
Machine 0,asia,41,19,756,20,1
Machine 1,asia,56,20,721,19,1
Machine 0,emea,69,19,765,20,1
Machine 0,us,21,19,833,18,1
Machine 1,us,98,19,539,19,1
Machine 0,asia,13,20,812,18,1
Machine 0,emea,60,19,511,20,1
Machine 1,us,23,19,616,21,1
Machine 1,asia,19,19,645,18,1
Machine 1,asia,20,20,636,19,1
Machine 0,emea,70,19,546,18,1
Machine 0,us,43,19,565,19,1
Machine 0,emea,29,19,503,20,1
Machine 0,emea,16,19,616,21,1
Machine 1,us,84,18,686,21,1
Machine 0,us,80,19,675,21,1
Machine 0,asia,28,20,703,21,1
Machine 1,us,65,19,669,18,1
Machine 1,us,4,20,641,18,1
Machine 0,emea,50,19,646,20,1
Machine 0,asia,15,19,775,18,1
Machine 0,asia,76,19,781,18,1
Machine 0,us,63,19,672,19,1
Machine 0,us,11,20,467,19,1
Machine 0,emea,22,20,381,19,1
Machine 1,asia,66,19,805,21,1
Machine 0,emea,75,19,359,20,1
Machine 0,asia,89,18,810,21,1
Machine 0,asia,45,19,795,20,1
Machine 0,us,39,19,823,20,1
Machine 0,asia,48,19,631,19,1
Machine 1,us,86,19,498,19,1
Machine 0,us,36,19,493,19,1
Machine 1,asia,55,19,935,18,1
Machine 1,asia,35,19,899,21,1
Machine 0,emea,77,19,479,18,1
Machine 1,asia,26,20,630,18,1
Machine 1,us,81,19,610,21,1
Machine 0,us,9,20,534,19,1
Machine 1,us,96,19,608,21,1
Machine 0,emea,71,20,552,21,1
Machine 0,asia,57,20,665,18,1
Machine 0,us,27,20,687,20,1
Machine 1,asia,10,20,706,19,1
Machine 0,asia,53,19,744,19,1
Machine 0,emea,14,20,414,21,1
Machine 1,asia,7,20,734,19,1
Machine 1,us,34,19,749,21,1
Machine 1,asia,91,19,674,21,1
Machine 0,asia,82,19,651,21,1
Machine 0,emea,72,19,516,21,1
Machine 1,asia,78,19,721,19,1
Machine 0,us,58,20,799,21,1
Machine 0,us,59,19,519,21,1
Machine 0,asia,38,19,834,19,1
Machine 1,asia,49,19,867,20,1
Machine 0,asia,2,20,764,19,1
Machine 0,emea,12,20,533,18,1
Machine 1,us,33,20,850,19,1
Machine 1,us,1,20,579,20,1
Machine 0,emea,46,19,626,18,1
Machine 1,asia,62,20,657,20,1
Machine 0,emea,64,20,632,21,1
Machine 0,asia,90,19,621,19,1
Machine 0,asia,85,19,662,18,1
Machine 1,us,0,20,640,18,1
Machine 1,asia,42,20,741,19,1
Machine 0,emea,47,20,640,18,1
Machine 0,emea,87,20,536,20,1
Machine 0,us,30,20,703,20,1
Machine 0,us,99,19,737,20,1
Machine 0,asia,54,20,771,20,1
Machine 0,asia,83,19,826,20,1
Machine 0,us,44,20,842,19,1
Machine 1,asia,17,20,850,18,1
Machine 0,asia,97,19,819,18,1
Machine 1,us,93,19,812,21,1
Machine 1,asia,74,19,897,18,1
Machine 0,emea,25,20,409,21,1
Machine 0,us,3,20,617,19,1
Machine 0,us,5,20,890,20,1
Machine 1,us,31,20,882,18,1
Machine 0,asia,24,20,930,21,1
Machine 1,asia,61,20,925,20,1
Machine 1,asia,79,20,947,21,1
Machine 0,emea,37,19,432,18,1
Machine 1,us,67,19,458,19,1
Machine 1,asia,94,19,585,18,1
Machine 1,asia,6,20,908,21,1
Machine 0,us,40,20,521,21,1
Machine 0,us,88,19,496,21,1
Machine 1,us,73,20,573,20,1
Machine 1,us,95,19,747,19,1
Machine 0,asia,68,20,744,20,1
Machine 0,asia,8,20,607,19,1
Machine 1,asia,52,20,656,20,1
Machine 1,asia,51,19,646,19,1
Machine 0,emea,21,20,632,21,1
Machine 0,us,98,20,629,19,1
Machine 1,us,13,21,628,19,1
Machine 0,emea,32,20,741,19,1
Machine 1,us,41,20,664,20,1
Machine 0,asia,60,20,733,20,1
Machine 0,emea,19,20,423,21,1
Machine 1,us,70,20,486,20,1
Machine 1,asia,69,20,802,19,1
Machine 0,us,18,20,827,20,1
Machine 0,asia,56,21,830,19,1
Machine 0,us,20,21,463,20,1
Machine 0,emea,16,20,426,20,1
Machine 1,asia,23,20,639,21,1
Machine 0,emea,45,20,539,19,1
Machine 0,us,84,19,620,19,1
Machine 0,asia,92,19,1023,21,1
Machine 0,emea,4,21,656,20,1
Machine 1,us,15,20,669,21,1
Machine 1,us,80,20,694,20,1
Machine 0,asia,28,21,737,21,1
Machine 0,asia,43,20,742,21,1
Machine 0,us,50,20,723,22,1
Machine 0,asia,76,20,743,21,1
Machine 1,asia,29,20,767,19,1
Machine 0,us,39,20,801,20,1
Machine 1,us,48,20,604,20,1
Machine 0,emea,11,21,730,20,1
Machine 1,us,66,20,819,20,1
Machine 0,asia,86,20,725,18,1
Machine 1,asia,89,19,901,19,1
Machine 1,asia,63,20,986,19,1
Machine 1,asia,65,20,941,18,1
Machine 0,asia,75,20,999,21,1
Machine 0,us,22,21,1014,18,1
Machine 0,emea,55,20,568,21,1
Machine 0,emea,9,21,628,18,1
Machine 1,us,77,20,716,19,1
Machine 0,asia,26,21,711,21,1
Machine 1,asia,36,20,926,21,1
Machine 0,emea,2,21,695,19,1
Machine 0,emea,91,20,826,18,1
Machine 0,us,53,20,843,21,1
Machine 0,us,35,20,992,21,1
Machine 0,asia,7,21,954,19,1
Machine 0,emea,1,21,912,20,1
Machine 0,asia,78,20,932,20,1
Machine 0,us,46,20,912,21,1
Machine 1,us,72,20,991,19,1
Machine 0,asia,38,20,983,19,1
Machine 0,asia,12,21,987,18,1
Machine 0,us,82,20,1012,19,1
Machine 1,us,14,21,999,21,1
Machine 1,asia,58,21,1020,19,1
Machine 1,us,0,21,615,18,1
Machine 1,asia,27,21,1047,20,1
Machine 0,us,96,20,1064,20,1
Machine 1,us,71,21,1077,19,1
Machine 0,emea,10,21,1118,19,1
Machine 1,asia,34,20,1077,20,1
Machine 1,asia,33,21,1077,21,1
Machine 0,emea,87,21,536,21,1
Machine 0,asia,57,21,1148,19,1
Machine 1,asia,81,20,1175,21,1
Machine 0,asia,62,21,1119,20,1
Machine 1,us,99,20,558,20,1
Machine 0,emea,90,20,930,20,1
Machine 1,asia,59,20,1165,20,1
Machine 1,asia,49,20,1161,18,1
Machine 1,us,97,20,573,18,1
Machine 0,us,85,20,638,20,1
Machine 0,asia,42,21,707,20,1
Machine 1,asia,64,21,1131,18,1
Machine 1,us,37,20,730,20,1
Machine 0,emea,44,21,772,18,1
Machine 1,us,5,21,629,19,1
Machine 1,asia,47,21,765,19,1
Machine 0,emea,6,21,703,19,1
Machine 0,asia,54,21,803,21,1
Machine 0,us,17,21,801,20,1
Machine 0,emea,61,21,775,19,1
Machine 1,asia,83,20,804,19,1
Machine 0,us,79,21,819,18,1
Machine 1,asia,24,21,877,21,1
Machine 0,us,3,21,836,19,1
Machine 0,us,30,21,913,21,1
Machine 1,asia,74,20,890,19,1
Machine 0,emea,25,21,839,21,1
Machine 0,emea,68,21,428,19,1
Machine 0,us,40,21,514,20,1
Machine 1,us,88,20,459,18,1
Machine 0,asia,67,20,883,20,1
Machine 1,asia,94,20,830,19,1
Machine 1,us,52,21,522,18,1
Machine 0,asia,93,20,990,20,1
Machine 1,us,32,21,493,18,1
Machine 0,asia,31,21,1047,21,1
Machine 0,us,8,21,561,21,1
Machine 1,asia,95,20,630,20,1
Machine 0,emea,98,21,613,19,1
Machine 0,asia,73,21,692,20,1
Machine 0,us,13,22,582,21,1
Machine 0,emea,19,21,383,18,1
Machine 1,asia,21,21,668,19,1
Machine 0,emea,20,22,431,20,1
Machine 0,asia,51,20,841,21,1
Machine 0,asia,41,21,715,21,1
Machine 1,us,69,21,560,20,1
Machine 0,us,70,21,572,20,1
Machine 1,us,23,21,678,21,1
Machine 0,emea,43,21,412,19,1
Machine 0,us,16,21,634,22,1
Machine 0,emea,92,20,680,18,1
Machine 1,us,15,21,632,19,1
Machine 0,asia,18,21,811,19,1
Machine 0,asia,45,21,700,18,1
Machine 1,asia,56,22,784,18,1
Machine 1,asia,84,20,732,21,1
Machine 0,emea,48,21,476,18,1
Machine 0,us,4,22,814,20,1
Machine 1,asia,60,21,893,19,1
Machine 0,us,11,22,599,18,1
Machine 0,asia,80,21,651,18,1
Machine 1,us,66,21,599,20,1
Machine 0,us,65,21,645,21,1
Machine 1,us,75,21,613,21,1
Machine 0,us,50,21,691,21,1
Machine 0,us,53,21,646,18,1
Machine 1,us,76,21,695,18,1
Machine 1,asia,28,22,836,20,1
Machine 1,asia,89,20,778,18,1
Machine 1,asia,39,21,797,18,1
Machine 0,emea,91,21,749,21,1
Machine 0,emea,63,21,921,19,1
Machine 1,us,35,21,551,20,1
Machine 0,asia,29,21,906,20,1
Machine 0,asia,86,21,912,18,1
Machine 0,us,77,21,960,20,1
Machine 0,emea,78,21,544,18,1
Machine 1,asia,55,21,961,21,1
Machine 0,asia,36,21,1007,19,1
Machine 0,emea,9,22,963,19,1
Machine 0,asia,7,22,912,21,1
Machine 0,asia,22,22,1034,18,1
Machine 0,us,46,21,597,18,1
Machine 1,us,26,22,1016,18,1
Machine 1,asia,2,22,1012,21,1
Machine 0,emea,57,22,700,20,1
Machine 0,emea,82,21,785,18,1
Machine 1,asia,1,22,790,20,1
Machine 0,asia,38,21,804,18,1
Machine 0,us,81,21,737,18,1
Machine 0,us,59,21,776,19,1
Machine 1,us,49,21,769,20,1
Machine 1,us,72,21,855,18,1
Machine 0,emea,90,21,816,21,1
Machine 0,us,14,22,852,19,1
Machine 1,asia,10,22,853,18,1
Machine 0,emea,34,21,813,21,1
Machine 0,asia,0,22,885,20,1
Machine 1,asia,12,22,914,20,1
Machine 1,asia,96,21,905,21,1
Machine 1,asia,99,21,917,18,1
Machine 1,us,37,21,556,21,1
Machine 0,us,64,22,626,21,1
Machine 0,asia,71,22,962,20,1
Machine 1,us,58,22,987,21,1
Machine 0,emea,47,22,401,19,1
Machine 1,asia,85,21,923,20,1
Machine 0,emea,42,22,427,19,1
Machine 0,emea,83,21,399,18,1
Machine 0,asia,62,22,971,21,1
Machine 0,asia,33,22,1040,19,1
Machine 1,asia,27,22,1057,19,1
Machine 1,asia,87,22,1002,21,1
Machine 0,asia,97,21,1018,18,1
Machine 0,us,6,22,499,22,1
Machine 1,us,54,22,592,21,1
Machine 1,asia,61,22,593,19,1
Machine 1,asia,5,22,797,21,1
Machine 1,us,24,22,665,21,1
Machine 0,emea,74,21,523,20,1
Machine 0,asia,44,22,762,21,1
Machine 0,us,25,22,525,18,1
Machine 0,emea,67,21,512,20,1
Machine 0,us,79,22,723,19,1
Machine 0,emea,31,22,504,21,1
Machine 1,asia,30,22,665,20,1
Machine 1,us,68,22,525,20,1
Machine 0,asia,17,22,780,18,1
Machine 0,us,94,21,528,19,1
Machine 0,asia,3,22,763,18,1
Machine 1,asia,88,21,608,18,1
Machine 0,asia,40,22,670,18,1
Machine 1,us,52,22,606,20,1
Machine 0,emea,56,23,596,21,1
Machine 0,us,19,22,625,18,1
Machine 1,us,70,22,669,20,1
Machine 1,us,95,21,733,18,1
Machine 0,emea,16,22,671,19,1
Machine 0,asia,20,23,720,18,1
Machine 0,us,8,22,746,20,1
Machine 0,emea,11,23,602,19,1
Machine 0,asia,93,21,764,21,1
Machine 1,asia,32,22,770,18,1
Machine 1,asia,51,21,772,21,1
Machine 0,asia,98,22,782,21,1
Machine 1,us,15,22,759,20,1
Machine 0,emea,41,22,767,21,1
Machine 0,emea,13,23,788,19,1
Machine 0,us,69,22,801,20,1
Machine 1,asia,43,22,802,18,1
Machine 1,us,48,22,778,20,1
Machine 0,us,92,21,835,18,1
Machine 1,us,66,22,588,20,1
Machine 1,us,21,22,859,20,1
Machine 1,asia,73,22,854,21,1
Machine 0,us,80,22,697,20,1
Machine 0,asia,18,22,875,20,1
Machine 0,asia,23,22,886,18,1
Machine 0,us,53,22,417,19,1
Machine 0,emea,50,22,418,19,1
Machine 0,us,84,21,832,20,1
Machine 1,us,76,22,450,18,1
Machine 1,asia,60,22,884,18,1
Machine 0,asia,65,22,684,20,1
Machine 0,emea,39,22,497,21,1
Machine 1,asia,45,22,982,21,1
Machine 1,asia,75,22,652,21,1
Machine 0,asia,4,23,1014,18,1
Machine 1,us,78,22,555,20,1
Machine 0,emea,9,23,590,18,1
Machine 1,asia,89,21,618,20,1
Machine 1,asia,29,22,639,20,1
Machine 0,us,91,22,634,19,1
Machine 0,us,77,22,659,21,1
Machine 0,us,57,23,492,20,1
Machine 0,emea,2,23,622,18,1
Machine 0,asia,28,23,778,20,1
Machine 0,us,7,23,740,20,1
Machine 1,asia,26,23,740,19,1
Machine 0,asia,35,22,761,18,1
Machine 1,us,63,22,787,18,1
Machine 0,emea,86,22,781,20,1
Machine 1,us,82,22,538,19,1
Machine 1,asia,36,22,808,18,1
Machine 1,us,49,22,605,18,1
Machine 0,emea,0,23,594,21,1
Machine 0,emea,81,22,453,19,1
Machine 0,asia,55,22,858,18,1
Machine 0,asia,46,22,768,20,1
Machine 1,us,22,23,827,19,1
Machine 0,asia,1,23,658,21,1
Machine 1,asia,38,22,629,21,1
Machine 0,us,59,22,648,18,1
Machine 1,asia,14,23,646,21,1
Machine 0,emea,58,23,666,21,1
Machine 1,asia,90,22,705,20,1
Machine 0,us,37,22,761,20,1
Machine 0,emea,62,23,748,21,1
Machine 0,us,33,23,750,19,1
Machine 0,asia,72,22,809,19,1
Machine 0,emea,99,22,794,19,1
Machine 1,asia,71,23,828,21,1
Machine 1,asia,34,22,855,21,1
Machine 0,us,47,23,824,20,1
Machine 1,asia,83,22,825,19,1
Machine 1,asia,96,22,866,19,1
Machine 1,us,85,22,877,19,1
Machine 0,emea,6,23,640,18,1
Machine 0,us,54,23,529,19,1
Machine 1,us,27,23,809,20,1
Machine 0,asia,87,23,782,18,1
Machine 0,asia,10,23,952,21,1
Machine 0,us,44,23,486,19,1
Machine 0,asia,5,23,644,21,1
Machine 0,asia,42,23,996,18,1
Machine 0,emea,31,23,501,19,1
Machine 1,us,61,23,522,20,1
Machine 1,asia,97,22,904,21,1
Machine 0,asia,12,23,1156,18,1
Machine 0,asia,64,23,1120,20,1
Machine 1,asia,24,23,674,19,1
Machine 0,emea,74,22,636,18,1
Machine 1,us,68,23,620,19,1
Machine 0,us,88,22,561,20,1
Machine 0,asia,67,22,711,19,1
Machine 1,asia,94,22,674,18,1
Machine 0,us,30,23,725,19,1
Machine 1,us,40,23,541,20,1
Machine 1,us,25,23,749,21,1
Machine 0,asia,17,23,757,19,1
Machine 0,emea,19,23,554,19,1
Machine 0,emea,3,23,720,21,1
Machine 1,us,95,22,520,18,1
Machine 1,asia,79,23,814,20,1
Machine 0,emea,8,23,545,18,1
Machine 0,us,11,24,656,19,1
Machine 0,emea,98,23,656,18,1
Machine 0,asia,52,23,801,18,1
Machine 1,asia,51,22,660,18,1
Machine 0,asia,16,23,673,18,1
Machine 1,asia,20,24,787,21,1
Machine 1,us,41,23,720,21,1
Machine 0,us,48,23,592,21,1
Machine 0,us,15,23,718,18,1
Machine 0,emea,43,23,528,18,1
Machine 0,asia,32,23,839,21,1
Machine 1,asia,56,24,896,18,1
Machine 1,us,93,22,878,19,1
Machine 1,asia,69,23,885,21,1
Machine 1,us,18,23,670,18,1
Machine 0,asia,66,23,832,21,1
Machine 0,us,70,23,930,21,1
Machine 1,asia,21,23,804,21,1
Machine 1,us,92,22,670,18,1
Machine 0,emea,50,23,605,18,1
Machine 0,us,80,23,751,19,1
Machine 0,emea,57,24,762,19,1
Machine 0,asia,13,24,893,20,1
Machine 1,us,76,23,838,19,1
Machine 0,asia,23,23,847,18,1
Machine 0,emea,22,24,788,20,1
Machine 1,asia,65,23,848,19,1
Machine 1,us,75,23,844,19,1
Machine 0,emea,73,23,890,19,1
Machine 0,us,89,22,855,21,1
Machine 0,us,2,24,834,19,1
Machine 0,emea,35,23,850,20,1
Machine 0,emea,39,23,922,18,1
Machine 0,us,63,23,890,21,1
Machine 0,us,0,24,878,21,1
Machine 1,asia,53,23,1009,21,1
Machine 1,asia,78,23,952,21,1
Machine 1,us,81,23,917,20,1
Machine 1,us,28,24,927,19,1
Machine 1,us,86,23,943,21,1
Machine 0,asia,4,24,990,21,1
Machine 1,asia,26,24,987,18,1
Machine 0,emea,9,24,1042,19,1
Machine 1,us,38,23,972,21,1
Machine 0,asia,60,23,1077,20,1
Machine 0,us,84,22,1084,21,1
Machine 0,emea,99,23,830,19,1
Machine 0,emea,49,23,1036,21,1
Machine 1,asia,77,23,1065,20,1
Machine 1,us,29,23,1088,19,1
Machine 0,asia,91,23,1056,18,1
Machine 0,us,45,23,1088,19,1
Machine 1,asia,58,24,1051,20,1
Machine 0,emea,83,23,397,18,1
Machine 1,asia,72,23,1012,20,1
Machine 0,asia,82,23,1137,19,1
Machine 0,asia,33,24,958,20,1
Machine 0,asia,59,23,1151,20,1
Machine 0,asia,90,23,1159,19,1
Machine 0,emea,27,24,414,19,1
Machine 0,asia,55,23,1190,20,1
Machine 0,us,1,24,1144,21,1
Machine 0,emea,62,24,1157,18,1
Machine 1,asia,14,24,1219,21,1
Machine 1,asia,36,23,1297,21,1
Machine 1,asia,46,23,1305,19,1
Machine 0,asia,7,24,1321,19,1
Machine 1,asia,37,23,1256,18,1
Machine 0,us,71,24,646,18,1
Machine 0,asia,34,23,634,19,1
Machine 0,asia,6,24,629,20,1
Machine 1,us,10,24,602,18,1
Machine 1,us,85,23,639,18,1
Machine 1,asia,47,24,688,21,1
Machine 1,asia,54,24,695,19,1
Machine 0,emea,42,24,667,20,1
Machine 0,emea,64,24,687,20,1
Machine 0,us,96,23,707,18,1
Machine 0,us,87,24,707,19,1
Machine 1,us,61,24,729,20,1
Machine 0,us,31,24,803,21,1
Machine 1,asia,5,24,788,20,1
Machine 0,asia,97,23,820,21,1
Machine 0,asia,44,24,863,18,1
Machine 1,asia,12,24,683,20,1
Machine 1,us,30,24,530,18,1
Machine 0,us,11,25,528,19,1
Machine 0,emea,17,24,578,21,1
Machine 0,us,19,24,589,19,1
Machine 0,us,24,24,689,21,1
Machine 1,us,74,23,691,18,1
Machine 0,us,20,25,602,18,1
Machine 1,us,3,24,631,21,1
Machine 0,us,94,23,692,20,1
Machine 0,emea,67,23,698,19,1
Machine 0,asia,68,24,718,21,1
Machine 0,emea,8,24,685,19,1
Machine 0,emea,16,24,684,20,1
Machine 0,emea,43,24,685,20,1
Machine 1,asia,88,23,722,19,1
Machine 0,asia,40,24,759,19,1
Machine 0,emea,18,24,478,20,1
Machine 1,asia,25,24,758,21,1
Machine 1,us,41,24,762,21,1
Machine 0,asia,95,23,834,18,1
Machine 1,asia,15,24,790,19,1
Machine 1,us,56,25,716,20,1
Machine 1,us,70,24,519,20,1
Machine 0,asia,48,24,871,20,1
Machine 0,us,32,24,867,21,1
Machine 1,asia,79,24,910,19,1
Machine 0,emea,50,24,499,20,1
Machine 0,asia,52,24,897,20,1
Machine 1,asia,69,24,778,20,1
Machine 0,us,66,24,511,21,1
Machine 1,us,57,25,498,21,1
Machine 0,us,80,24,515,21,1
Machine 1,asia,51,23,983,18,1
Machine 0,emea,23,24,586,21,1
Machine 0,asia,93,23,589,20,1
Machine 1,us,98,24,1032,20,1
Machine 0,asia,21,24,640,21,1
Machine 0,us,2,25,621,21,1
Machine 0,asia,75,24,700,20,1
Machine 0,emea,89,23,487,21,1
Machine 1,us,35,24,475,20,1
Machine 1,us,65,24,622,20,1
Machine 0,asia,13,25,752,21,1
Machine 1,asia,92,23,786,20,1
Machine 0,us,4,25,482,20,1
Machine 0,us,22,25,590,18,1
Machine 0,emea,0,25,456,20,1
Machine 0,us,53,24,494,19,1
Machine 1,us,78,24,500,18,1
Machine 0,emea,86,24,507,18,1
Machine 1,asia,76,24,862,20,1
Machine 0,emea,29,24,471,18,1
Machine 1,asia,73,24,768,18,1
Machine 0,us,84,23,575,21,1
Machine 1,asia,28,25,628,19,1
Machine 1,asia,63,24,643,18,1
Machine 0,emea,60,24,612,21,1
Machine 1,us,99,24,624,20,1
Machine 0,asia,81,24,656,20,1
Machine 0,us,82,24,531,19,1
Machine 0,asia,39,24,761,20,1
Machine 1,asia,83,24,561,20,1
Machine 1,us,26,25,681,18,1
Machine 0,asia,49,24,681,18,1
Machine 0,us,91,24,552,19,1
Machine 1,asia,38,24,707,19,1
Machine 0,emea,72,24,546,20,1
Machine 0,asia,9,25,752,19,1
Machine 1,us,45,24,627,20,1
Machine 1,us,33,25,619,21,1
Machine 0,emea,62,25,516,21,1
Machine 0,emea,46,24,436,19,1
Machine 1,asia,77,24,706,18,1
Machine 1,asia,90,24,636,19,1
Machine 0,asia,59,24,697,21,1
Machine 0,emea,34,24,383,19,1
Machine 0,asia,58,25,709,18,1
Machine 0,asia,55,24,705,20,1
Machine 1,asia,27,25,752,20,1
Machine 1,asia,1,25,714,18,1
Machine 0,us,7,25,498,18,1
Machine 1,us,10,25,522,19,1
Machine 0,asia,14,25,701,18,1
Machine 1,asia,36,24,649,21,1
Machine 0,emea,54,25,544,19,1
Machine 1,us,64,25,519,19,1
Machine 0,asia,37,24,624,21,1
Machine 0,emea,61,25,405,21,1
Machine 0,us,42,25,620,18,1
Machine 0,us,6,25,661,20,1
Machine 1,asia,71,25,706,18,1
Machine 1,asia,47,25,706,20,1
Machine 0,emea,12,25,422,18,1
Machine 1,us,5,25,480,21,1
Machine 0,asia,85,24,820,21,1
Machine 0,emea,8,25,537,20,1
Machine 1,asia,87,25,749,19,1
Machine 0,asia,96,24,797,19,1
Machine 0,emea,18,25,556,18,1
Machine 0,us,30,25,640,18,1
Machine 1,asia,24,25,702,20,1
Machine 0,us,31,25,781,21,1
Machine 1,asia,44,25,685,19,1
Machine 0,asia,67,24,727,20,1
Machine 1,us,17,25,755,21,1
Machine 0,asia,19,25,762,19,1
Machine 1,us,94,24,735,18,1
Machine 1,asia,40,25,730,21,1
Machine 1,us,43,25,738,19,1
Machine 0,us,16,25,834,19,1
Machine 0,us,3,25,769,18,1
Machine 0,emea,74,24,798,21,1
Machine 0,us,25,25,799,19,1
Machine 0,emea,52,25,522,21,1
Machine 1,us,41,25,816,18,1
Machine 0,asia,95,24,741,19,1
Machine 0,asia,97,24,942,19,1
Machine 0,asia,88,24,904,19,1
Machine 1,asia,68,25,911,18,1
Machine 1,asia,15,25,721,18,1
Machine 0,us,48,25,689,18,1
Machine 1,us,66,25,616,21,1
Machine 1,us,32,25,628,20,1
Machine 0,emea,70,25,654,18,1
Machine 0,emea,84,24,591,19,1
Machine 0,us,93,24,647,20,1
Machine 0,us,39,25,721,18,1
Machine 0,us,35,25,766,19,1
Machine 1,asia,51,24,768,18,1
Machine 0,asia,80,25,804,19,1
Machine 1,us,60,25,819,20,1
Machine 0,emea,82,25,797,21,1
Machine 1,us,98,25,856,19,1
Machine 0,us,69,25,861,19,1
Machine 0,asia,49,25,844,18,1
Machine 0,emea,89,24,853,18,1
Machine 0,asia,21,25,863,18,1
Machine 0,emea,38,25,798,19,1
Machine 0,asia,79,25,930,18,1
Machine 1,asia,50,25,919,20,1
Machine 0,us,63,25,882,18,1
Machine 0,emea,23,25,920,21,1
Machine 0,emea,78,25,880,18,1
Machine 1,asia,81,25,873,20,1
Machine 1,us,76,25,954,19,1
Machine 0,us,86,25,896,21,1
Machine 1,asia,75,25,919,20,1
Machine 0,asia,92,24,966,21,1
Machine 1,asia,53,25,1024,19,1
Machine 0,asia,29,25,1017,18,1
Machine 1,us,65,25,988,21,1
Machine 1,asia,91,25,886,19,1
Machine 1,us,45,25,466,18,1
Machine 0,us,72,25,679,18,1
Machine 1,us,83,25,1028,21,1
Machine 1,asia,73,25,1066,20,1
Machine 0,us,59,25,498,21,1
Machine 0,emea,37,25,487,19,1
Machine 0,asia,99,25,1113,19,1
Machine 0,us,85,25,511,19,1
Machine 1,us,34,25,573,21,1
Machine 0,emea,90,25,598,21,1
Machine 0,emea,74,25,574,21,1
Machine 1,asia,77,25,648,21,1
Machine 1,us,96,25,589,21,1
Machine 0,asia,55,25,619,19,1
Machine 1,asia,36,25,660,19,1
Machine 0,asia,67,25,648,21,1
Machine 1,us,97,25,638,19,1
Machine 0,asia,46,25,738,18,1
Machine 0,us,95,25,679,20,1
Machine 0,asia,88,25,640,20,1
Machine 1,asia,94,25,790,20,1
Machine 0,emea,92,25,380,20,1
Machine 1,asia,84,25,606,19,1
Machine 1,asia,93,25,608,20,1
Machine 0,asia,51,25,571,20,1
Machine 1,asia,89,25,556,20,1
