Machine 0,emea,2,1,698,18,1
Machine 0,asia,14,1,735,18,1
Machine 0,emea,6,1,722,20,1
Machine 0,us,12,1,761,18,1
Machine 1,asia,10,1,759,21,1
Machine 1,us,23,1,744,20,1
Machine 0,emea,31,1,731,21,1
Machine 0,us,22,1,745,18,1
Machine 1,us,18,1,754,20,1
Machine 0,emea,21,1,788,21,1
Machine 0,emea,11,1,789,19,1
Machine 0,asia,0,1,898,18,1
Machine 0,asia,4,1,891,21,1
Machine 1,us,13,1,1039,18,1
Machine 0,asia,29,1,998,21,1
Machine 0,us,7,1,945,19,1
Machine 1,us,8,1,1133,18,1
Machine 1,asia,20,1,1135,19,1
Machine 0,asia,24,1,1114,19,1
Machine 1,asia,30,1,1120,18,1
Machine 0,asia,19,1,1152,20,1
Machine 0,us,17,1,1155,20,1
Machine 1,asia,5,1,1211,18,1
Machine 0,us,3,1,1179,20,1
Machine 0,us,27,1,1215,18,1
Machine 0,emea,71,1,1203,21,1
Machine 0,emea,46,1,1226,21,1
Machine 1,asia,35,1,1369,19,1
Machine 1,asia,1,1,1253,18,1
Machine 0,asia,39,1,1253,20,1
Machine 0,us,52,1,1175,18,1
Machine 1,us,48,1,1238,20,1
Machine 0,emea,26,1,1410,20,1
Machine 1,asia,15,1,1438,19,1
Machine 0,asia,34,1,1438,18,1
Machine 0,us,47,1,1390,18,1
Machine 0,emea,56,1,1518,19,1
Machine 0,asia,9,1,1576,20,1
Machine 1,asia,40,1,1411,18,1
Machine 0,us,67,1,1493,20,1
Machine 0,emea,61,1,1476,19,1
Machine 1,asia,55,1,1507,18,1
Machine 0,emea,76,1,1523,20,1
Machine 1,asia,25,1,1601,19,1
Machine 1,us,53,1,1577,20,1
Machine 1,us,28,1,1617,19,1
Machine 0,emea,66,1,1614,21,1
Machine 0,emea,16,1,1726,20,1
Machine 1,us,33,1,1630,19,1
Machine 0,us,37,1,1698,19,1
Machine 0,asia,79,1,1643,20,1
Machine 1,us,38,1,1703,18,1
Machine 0,emea,36,1,1712,19,1
Machine 0,us,42,1,1738,18,1
Machine 1,us,43,1,1741,19,1
Machine 1,asia,70,1,1716,21,1
Machine 1,asia,45,1,1773,19,1
Machine 1,us,73,1,1755,20,1
Machine 0,asia,49,1,1765,20,1
Machine 1,asia,75,1,1743,18,1
Machine 0,emea,86,1,1611,18,1
Machine 0,emea,81,1,1733,18,1
Machine 0,emea,41,1,1808,20,1
Machine 1,asia,50,1,1799,21,1
Machine 0,asia,44,1,1817,22,1
Machine 1,asia,60,1,1795,20,1
Machine 0,emea,51,1,1805,20,1
Machine 0,us,62,1,1792,19,1
Machine 0,asia,84,1,1799,20,1
Machine 1,us,68,1,1799,19,1
Machine 1,us,58,1,1842,21,1
Machine 0,us,77,1,1836,18,1
Machine 0,us,57,1,1900,21,1
Machine 1,us,63,1,1878,21,1
Machine 0,us,82,1,1771,18,1
Machine 0,asia,69,1,1996,18,1
Machine 0,us,32,1,2085,19,1
Machine 0,asia,64,1,2058,20,1
Machine 1,asia,90,1,1823,19,1
Machine 0,asia,74,1,2057,20,1
Machine 0,emea,91,1,627,18,1
Machine 1,us,78,1,2057,18,1
Machine 0,us,87,1,1920,18,1
Machine 1,us,83,1,2028,19,1
Machine 0,us,92,1,557,20,1
Machine 1,us,88,1,681,21,1
Machine 0,asia,59,1,2222,18,1
Machine 0,emea,99,1,482,20,1
Machine 1,asia,80,1,2015,21,1
Machine 1,asia,65,1,2166,18,1
Machine 1,asia,85,1,1753,20,1
Machine 0,asia,54,1,2280,20,1
Machine 0,emea,0,2,509,18,1
Machine 1,us,93,1,527,19,1
Machine 0,us,72,1,2158,21,1
Machine 1,asia,95,1,606,19,1
Machine 0,emea,6,2,575,19,1
Machine 0,us,12,2,622,21,1
Machine 0,emea,31,2,607,20,1
Machine 0,emea,17,2,423,21,1
Machine 0,asia,89,1,789,20,1
Machine 0,emea,8,2,655,18,1
Machine 1,asia,96,1,714,19,1
Machine 1,asia,98,1,664,20,1
Machine 0,asia,2,2,809,20,1
Machine 1,asia,11,2,784,18,1
Machine 0,asia,94,1,720,18,1
Machine 0,us,22,2,772,21,1
Machine 0,asia,21,2,700,18,1
Machine 1,us,13,2,667,19,1
Machine 1,us,18,2,794,21,1
Machine 1,asia,14,2,806,20,1
Machine 1,us,24,2,772,18,1
Machine 0,asia,97,1,826,20,1
Machine 1,us,3,2,744,20,1
Machine 0,us,20,2,781,21,1
Machine 0,asia,29,2,795,21,1
Machine 0,us,4,2,742,18,1
Machine 0,emea,46,2,537,18,1
Machine 0,us,5,2,467,20,1
Machine 0,us,35,2,422,19,1
Machine 0,asia,10,2,964,19,1
Machine 0,emea,48,2,435,18,1
Machine 1,asia,7,2,956,19,1
Machine 0,asia,30,2,669,19,1
Machine 1,us,1,2,549,20,1
Machine 1,asia,23,2,980,21,1
Machine 0,asia,27,2,731,20,1
Machine 1,us,15,2,580,19,1
Machine 0,emea,55,2,582,20,1
Machine 0,emea,56,2,664,20,1
Machine 1,asia,52,2,627,18,1
Machine 1,asia,19,2,698,20,1
Machine 1,asia,71,2,712,20,1
Machine 1,us,40,2,523,20,1
Machine 0,us,9,2,651,20,1
Machine 1,asia,61,2,846,21,1
Machine 0,asia,39,2,810,21,1
Machine 0,asia,34,2,822,18,1
Machine 0,us,26,2,575,18,1
Machine 0,us,76,2,624,21,1
Machine 0,emea,66,2,613,18,1
Machine 1,us,25,2,577,18,1
Machine 0,emea,38,2,590,19,1
Machine 1,asia,47,2,906,20,1
Machine 0,us,36,2,610,20,1
Machine 0,us,41,2,670,21,1
Machine 0,us,16,2,716,18,1
Machine 0,asia,67,2,859,21,1
Machine 1,us,33,2,731,19,1
Machine 0,asia,53,2,741,19,1
Machine 0,emea,51,2,631,18,1
Machine 1,asia,28,2,784,20,1
Machine 1,asia,70,2,761,19,1
Machine 1,asia,79,2,788,21,1
Machine 0,us,62,2,709,21,1
Machine 0,emea,45,2,792,21,1
Machine 0,asia,37,2,795,20,1
Machine 0,us,73,2,801,20,1
Machine 0,emea,81,2,804,20,1
Machine 0,asia,75,2,808,20,1
Machine 1,asia,60,2,765,21,1
Machine 1,us,50,2,814,19,1
Machine 0,asia,44,2,843,18,1
Machine 1,us,42,2,889,18,1
Machine 1,us,84,2,751,21,1
Machine 1,us,49,2,888,20,1
Machine 0,asia,43,2,934,19,1
Machine 0,us,57,2,444,19,1
Machine 0,asia,68,2,746,18,1
Machine 0,emea,77,2,483,19,1
Machine 1,asia,86,2,985,18,1
Machine 1,asia,58,2,630,18,1
Machine 0,emea,32,2,492,20,1
Machine 1,us,63,2,460,21,1
Machine 1,us,90,2,561,21,1
Machine 0,emea,78,2,490,18,1
Machine 0,asia,82,2,603,18,1
Machine 0,us,64,2,531,18,1
Machine 1,us,83,2,494,20,1
Machine 1,asia,69,2,592,21,1
Machine 0,emea,59,2,359,18,1
Machine 0,us,87,2,560,20,1
Machine 1,asia,91,2,643,18,1
Machine 0,asia,74,2,653,20,1
Machine 1,asia,88,2,604,21,1
Machine 1,us,80,2,546,21,1
Machine 0,us,99,2,597,21,1
Machine 0,emea,54,2,607,21,1
Machine 0,emea,96,2,474,20,1
Machine 0,us,0,3,603,20,1
Machine 0,emea,94,2,328,19,1
Machine 0,emea,17,3,564,21,1
Machine 0,asia,92,2,647,21,1
Machine 1,us,21,3,477,21,1
Machine 1,asia,85,2,666,18,1
Machine 1,us,93,2,720,20,1
Machine 1,asia,95,2,713,20,1
Machine 1,asia,6,3,748,21,1
Machine 0,asia,72,2,771,20,1
Machine 1,asia,11,3,694,18,1
Machine 0,asia,89,2,781,18,1
Machine 0,us,22,3,544,21,1
Machine 0,asia,65,2,853,21,1
Machine 0,asia,12,3,836,19,1
Machine 0,emea,14,3,536,18,1
Machine 0,us,4,3,568,18,1
Machine 1,asia,31,3,846,19,1
Machine 0,us,98,2,590,18,1
Machine 0,us,24,3,613,21,1
Machine 0,emea,29,3,648,21,1
Machine 1,us,97,2,659,18,1
Machine 1,us,71,3,578,19,1
Machine 1,asia,8,3,716,18,1
Machine 0,emea,23,3,674,18,1
Machine 0,asia,2,3,764,19,1
Machine 1,us,15,3,711,18,1
Machine 0,us,19,3,680,18,1
Machine 1,asia,18,3,782,19,1
Machine 0,emea,52,3,799,21,1
Machine 1,asia,20,3,819,19,1
Machine 0,asia,3,3,858,21,1
Machine 0,asia,30,3,791,20,1
Machine 0,asia,13,3,906,18,1
Machine 1,us,46,3,885,19,1
Machine 0,us,48,3,865,18,1
Machine 0,us,27,3,857,19,1
Machine 0,emea,10,3,870,20,1
Machine 1,asia,35,3,872,19,1
Machine 0,emea,61,3,429,21,1
Machine 1,asia,1,3,933,21,1
Machine 0,emea,66,3,416,18,1
Machine 0,asia,5,3,923,18,1
Machine 1,us,7,3,920,18,1
Machine 0,asia,55,3,1032,18,1
Machine 1,us,34,3,546,20,1
Machine 0,us,25,3,594,19,1
Machine 1,us,38,3,577,21,1
Machine 1,asia,56,3,843,18,1
Machine 0,asia,40,3,853,18,1
Machine 0,emea,51,3,569,20,1
Machine 1,asia,76,3,646,20,1
Machine 0,asia,26,3,651,21,1
Machine 1,asia,36,3,660,20,1
Machine 1,asia,9,3,780,20,1
Machine 1,us,67,3,650,20,1
Machine 0,emea,41,3,690,20,1
Machine 0,emea,45,3,390,19,1
Machine 0,us,39,3,762,19,1
Machine 0,us,16,3,738,20,1
Machine 0,us,28,3,761,19,1
Machine 1,us,73,3,459,18,1
Machine 1,us,70,3,759,20,1
Machine 0,us,37,3,537,21,1
Machine 0,us,50,3,531,19,1
Machine 0,asia,79,3,795,19,1
Machine 0,asia,47,3,917,19,1
Machine 0,emea,60,3,555,21,1
Machine 1,asia,62,3,723,18,1
Machine 1,us,44,3,607,19,1
Machine 0,asia,33,3,983,19,1
Machine 1,asia,53,3,981,19,1
Machine 0,asia,81,3,683,21,1
Machine 1,us,57,3,641,18,1
Machine 0,emea,86,3,721,20,1
Machine 0,asia,42,3,811,20,1
Machine 1,asia,77,3,770,18,1
Machine 0,emea,78,3,578,20,1
Machine 1,asia,75,3,828,21,1
Machine 0,us,43,3,1007,18,1
Machine 0,emea,49,3,970,21,1
Machine 0,us,58,3,719,21,1
Machine 1,asia,84,3,948,21,1
Machine 0,asia,68,3,1024,18,1
Machine 1,us,32,3,991,19,1
Machine 0,us,82,3,789,20,1
Machine 0,emea,59,3,795,21,1
Machine 1,us,91,3,818,20,1
Machine 0,us,87,3,913,18,1
Machine 1,us,64,3,897,21,1
Machine 0,asia,83,3,930,18,1
Machine 0,emea,72,3,948,18,1
Machine 0,us,65,3,941,20,1
Machine 0,emea,22,4,937,20,1
Machine 1,us,92,3,962,19,1
Machine 1,us,98,3,942,19,1
Machine 0,us,99,3,996,20,1
Machine 0,emea,97,3,823,20,1
Machine 1,asia,90,3,1060,18,1
Machine 0,asia,95,3,1035,20,1
Machine 0,emea,80,3,1051,18,1
Machine 0,emea,4,4,1051,18,1
Machine 0,emea,94,3,1003,20,1
Machine 0,asia,96,3,1087,20,1
Machine 1,asia,93,3,1099,20,1
Machine 0,asia,24,4,1027,18,1
Machine 1,asia,89,3,1109,18,1
Machine 0,us,31,4,1115,18,1
Machine 0,emea,15,4,395,21,1
Machine 0,asia,74,3,1172,18,1
Machine 0,us,17,4,1147,20,1
Machine 0,us,71,4,612,21,1
Machine 1,us,54,3,1171,19,1
Machine 1,us,8,4,545,21,1
Machine 0,asia,63,3,1230,20,1
Machine 1,asia,88,3,1236,18,1
Machine 0,asia,12,4,1173,20,1
Machine 1,asia,69,3,1233,19,1
Machine 1,asia,85,3,1280,20,1
Machine 1,asia,6,4,1275,20,1
Machine 0,asia,21,4,1290,18,1
Machine 1,asia,0,4,1354,19,1
Machine 1,asia,14,4,1368,20,1
Machine 1,asia,29,4,1202,19,1
Machine 1,us,13,4,540,20,1
Machine 0,us,19,4,578,21,1
Machine 0,asia,23,4,682,18,1
Machine 0,emea,27,4,429,20,1
Machine 1,asia,2,4,711,18,1
Machine 0,asia,52,4,697,21,1
Machine 0,asia,11,4,1460,20,1
Machine 1,asia,20,4,603,20,1
Machine 0,emea,3,4,576,21,1
Machine 0,us,30,4,518,18,1
Machine 1,us,35,4,609,19,1
Machine 1,asia,48,4,648,19,1
Machine 0,emea,25,4,590,21,1
Machine 0,us,5,4,636,19,1
Machine 0,emea,66,4,629,18,1
Machine 0,us,10,4,603,21,1
Machine 1,us,7,4,649,20,1
Machine 0,emea,76,4,656,20,1
Machine 0,emea,41,4,659,18,1
Machine 1,us,39,4,702,21,1
Machine 0,asia,40,4,751,20,1
Machine 0,asia,46,4,792,21,1
Machine 0,us,45,4,745,21,1
Machine 0,asia,61,4,775,21,1
Machine 1,us,62,4,648,21,1
Machine 0,us,38,4,769,21,1
Machine 1,asia,1,4,809,21,1
Machine 0,emea,73,4,787,20,1
Machine 0,emea,53,4,541,21,1
Machine 1,asia,51,4,806,21,1
Machine 0,us,26,4,846,18,1
Machine 0,us,70,4,842,20,1
Machine 0,emea,47,4,838,19,1
Machine 1,asia,34,4,881,18,1
Machine 1,us,37,4,842,18,1
Machine 1,us,36,4,876,18,1
Machine 0,asia,9,4,875,18,1
Machine 0,emea,77,4,370,18,1
Machine 1,us,56,4,890,20,1
Machine 1,asia,33,4,829,21,1
Machine 0,asia,55,4,997,18,1
Machine 0,asia,16,4,974,20,1
Machine 0,us,78,4,476,21,1
Machine 0,asia,50,4,981,20,1
Machine 1,asia,67,4,994,21,1
Machine 1,asia,28,4,1005,20,1
Machine 1,asia,79,4,990,21,1
Machine 0,us,60,4,922,19,1
Machine 0,us,81,4,510,19,1
Machine 0,emea,58,4,464,21,1
Machine 1,us,57,4,509,20,1
Machine 0,asia,44,4,895,18,1
Machine 1,us,75,4,538,18,1
Machine 0,asia,86,4,575,20,1
Machine 0,emea,59,4,407,21,1
Machine 0,us,84,4,500,21,1
Machine 0,emea,72,4,370,21,1
Machine 1,us,68,4,525,20,1
Machine 0,asia,43,4,666,18,1
Machine 0,us,91,4,492,18,1
Machine 0,emea,99,4,414,19,1
Machine 1,asia,42,4,692,20,1
Machine 1,us,87,4,470,20,1
Machine 1,asia,49,4,707,19,1
Machine 0,asia,32,4,611,19,1
Machine 1,us,18,4,1525,18,1
Machine 0,emea,4,5,457,18,1
Machine 0,us,97,4,509,20,1
Machine 1,us,22,5,544,20,1
Machine 0,us,65,4,566,19,1
Machine 1,us,90,4,529,20,1
Machine 0,asia,64,4,619,19,1
Machine 1,asia,82,4,748,20,1
Machine 1,asia,83,4,626,19,1
Machine 1,asia,98,4,579,20,1
Machine 0,emea,74,4,401,18,1
Machine 0,us,94,4,505,21,1
Machine 1,us,96,4,541,18,1
Machine 1,asia,80,4,621,18,1
Machine 0,emea,54,4,417,18,1
Machine 0,asia,93,4,645,21,1
Machine 0,asia,95,4,713,20,1
Machine 1,asia,24,5,594,18,1
Machine 0,us,69,4,471,18,1
Machine 1,asia,89,4,602,19,1
Machine 0,asia,92,4,762,21,1
Machine 1,asia,15,5,628,18,1
Machine 1,us,29,5,559,19,1
Machine 0,emea,23,5,555,21,1
Machine 0,us,8,5,632,19,1
Machine 1,asia,71,5,638,19,1
Machine 1,us,2,5,569,20,1
Machine 0,asia,31,5,700,19,1
Machine 0,emea,0,5,602,19,1
Machine 0,us,27,5,579,18,1
Machine 0,emea,25,5,410,18,1
Machine 0,emea,12,5,647,18,1
Machine 0,asia,17,5,671,21,1
Machine 0,emea,20,5,576,21,1
Machine 0,us,14,5,631,21,1
Machine 0,us,3,5,601,20,1
Machine 0,asia,63,4,715,19,1
Machine 1,us,85,4,704,18,1
Machine 1,asia,88,4,685,19,1
Machine 1,us,30,5,640,21,1
Machine 0,asia,52,5,671,18,1
Machine 1,asia,19,5,736,21,1
Machine 1,asia,21,5,711,19,1
Machine 0,asia,6,5,781,21,1
Machine 1,us,66,5,442,19,1
Machine 0,asia,13,5,792,21,1
Machine 0,asia,35,5,691,21,1
Machine 1,asia,11,5,774,18,1
Machine 0,us,5,5,485,21,1
Machine 0,emea,45,5,483,20,1
Machine 0,emea,73,5,449,20,1
Machine 0,emea,76,5,477,18,1
Machine 1,us,39,5,540,21,1
Machine 0,us,41,5,539,21,1
Machine 0,us,61,5,538,19,1
Machine 0,us,34,5,557,19,1
Machine 1,us,62,5,631,19,1
Machine 0,asia,40,5,650,19,1
Machine 1,us,37,5,547,19,1
Machine 1,us,33,5,693,20,1
Machine 0,emea,47,5,727,20,1
Machine 0,asia,38,5,744,20,1
Machine 0,us,53,5,687,18,1
Machine 1,asia,48,5,847,19,1
Machine 1,asia,7,5,840,21,1
Machine 0,asia,10,5,776,20,1
Machine 0,emea,77,5,724,20,1
Machine 1,asia,46,5,830,21,1
Machine 0,us,56,5,775,18,1
Machine 1,asia,70,5,816,20,1
Machine 1,us,51,5,856,20,1
Machine 0,emea,78,5,704,21,1
Machine 0,asia,55,5,826,19,1
Machine 0,asia,26,5,936,20,1
Machine 1,asia,16,5,871,19,1
Machine 1,asia,9,5,851,20,1
Machine 0,us,50,5,799,19,1
Machine 0,emea,60,5,519,18,1
Machine 0,us,81,5,566,21,1
Machine 0,asia,36,5,1037,19,1
Machine 1,asia,1,5,1063,20,1
Machine 0,emea,82,5,530,19,1
Machine 1,us,67,5,619,19,1
Machine 1,us,65,5,557,21,1
Machine 0,us,86,5,597,21,1
Machine 0,emea,68,5,586,20,1
Machine 0,asia,28,5,703,20,1
Machine 1,us,91,5,709,21,1
Machine 0,emea,97,5,692,18,1
Machine 1,us,59,5,704,20,1
Machine 0,us,43,5,711,20,1
Machine 1,asia,79,5,761,19,1
Machine 1,asia,44,5,810,21,1
Machine 0,emea,75,5,809,20,1
Machine 0,us,49,5,790,19,1
Machine 1,asia,42,5,796,20,1
Machine 0,asia,84,5,794,19,1
Machine 1,us,32,5,837,18,1
Machine 1,us,98,5,745,20,1
Machine 1,asia,4,6,847,20,1
Machine 0,emea,87,5,794,20,1
Machine 1,us,58,5,887,19,1
Machine 1,asia,72,5,873,19,1
Machine 0,asia,90,5,892,21,1
Machine 0,asia,74,5,752,20,1
Machine 0,asia,57,5,967,18,1
Machine 0,us,80,5,589,20,1
Machine 0,asia,99,5,959,21,1
Machine 0,emea,96,5,592,19,1
Machine 0,asia,93,5,582,18,1
Machine 0,us,83,5,891,21,1
Machine 0,us,22,6,968,18,1
Machine 0,emea,92,5,503,19,1
Machine 1,us,54,5,652,20,1
Machine 0,asia,18,5,1037,21,1
Machine 1,asia,94,5,698,21,1
Machine 0,us,20,6,602,21,1
Machine 0,emea,31,6,604,20,1
Machine 0,emea,23,6,686,20,1
Machine 0,us,8,6,660,20,1
Machine 1,asia,12,6,721,20,1
Machine 1,asia,89,5,697,20,1
Machine 1,asia,24,6,722,21,1
Machine 1,asia,64,5,1116,19,1
Machine 1,asia,2,6,770,19,1
Machine 1,asia,95,5,712,21,1
Machine 0,us,88,5,742,18,1
Machine 0,us,0,6,779,21,1
Machine 1,asia,63,5,783,21,1
Machine 1,us,27,6,775,18,1
Machine 0,asia,69,5,804,19,1
Machine 0,emea,17,6,756,18,1
Machine 1,us,30,6,760,20,1
Machine 0,emea,85,5,842,19,1
Machine 0,emea,21,6,432,21,1
Machine 0,asia,25,6,909,20,1
Machine 0,asia,15,6,929,18,1
Machine 0,emea,11,6,472,21,1
Machine 0,us,6,6,490,20,1
Machine 1,us,14,6,921,18,1
Machine 1,us,66,6,511,20,1
Machine 0,emea,39,6,489,19,1
Machine 0,asia,71,6,978,19,1
Machine 1,asia,19,6,686,18,1
Machine 1,us,61,6,550,20,1
Machine 0,asia,52,6,604,18,1
Machine 1,asia,29,6,1083,21,1
Machine 0,asia,73,6,657,20,1
Machine 0,asia,3,6,1119,20,1
Machine 0,asia,13,6,649,19,1
Machine 0,emea,40,6,675,20,1
Machine 0,us,5,6,717,19,1
Machine 1,asia,76,6,736,18,1
Machine 0,us,48,6,644,21,1
Machine 0,asia,10,6,639,18,1
Machine 1,us,45,6,780,19,1
Machine 1,asia,35,6,793,21,1
Machine 0,emea,53,6,776,20,1
Machine 0,us,37,6,831,21,1
Machine 1,us,33,6,849,21,1
Machine 0,us,41,6,892,19,1
Machine 1,asia,38,6,829,20,1
Machine 0,emea,46,6,478,19,1
Machine 0,asia,34,6,935,18,1
Machine 1,asia,62,6,975,21,1
Machine 0,asia,47,6,950,21,1
Machine 1,us,7,6,642,19,1
Machine 1,asia,77,6,755,20,1
Machine 0,emea,55,6,605,20,1
Machine 0,us,56,6,629,19,1
Machine 0,emea,91,6,593,21,1
Machine 0,emea,60,6,684,19,1
Machine 0,us,65,6,700,20,1
Machine 1,us,70,6,744,20,1
Machine 1,us,36,6,663,18,1
Machine 1,us,86,6,722,18,1
Machine 0,us,26,6,752,18,1
Machine 0,emea,44,6,341,18,1
Machine 1,asia,50,6,845,19,1
Machine 0,asia,9,6,900,18,1
Machine 1,asia,78,6,923,19,1
Machine 1,us,16,6,947,20,1
Machine 0,asia,68,6,921,20,1
Machine 1,us,59,6,756,19,1
Machine 0,asia,51,6,883,19,1
Machine 0,emea,67,6,893,21,1
Machine 1,asia,82,6,969,21,1
Machine 0,us,75,6,531,21,1
Machine 0,us,81,6,1020,19,1
Machine 0,asia,1,6,1019,18,1
Machine 1,asia,28,6,984,19,1
Machine 0,us,97,6,1064,18,1
Machine 0,asia,43,6,706,21,1
Machine 0,us,90,6,662,21,1
Machine 1,us,49,6,657,21,1
Machine 1,asia,84,6,761,21,1
Machine 1,asia,58,6,745,20,1
Machine 1,us,74,6,763,20,1
Machine 0,us,98,6,803,21,1
Machine 0,emea,32,6,833,19,1
Machine 0,asia,42,6,836,21,1
Machine 0,emea,72,6,863,22,1
Machine 1,asia,79,6,843,20,1
Machine 0,asia,87,6,906,21,1
Machine 0,asia,23,7,836,18,1
Machine 1,asia,80,6,886,20,1
Machine 0,asia,83,6,884,18,1
Machine 0,us,96,6,953,20,1
Machine 1,us,4,7,903,21,1
Machine 0,emea,99,6,931,20,1
Machine 0,emea,92,6,917,18,1
Machine 0,emea,12,7,753,20,1
Machine 0,us,54,6,902,21,1
Machine 1,us,93,6,979,21,1
Machine 1,us,18,6,1002,21,1
Machine 0,emea,64,6,458,19,1
Machine 0,asia,94,6,1017,21,1
Machine 1,asia,31,7,1036,19,1
Machine 0,asia,57,6,1120,21,1
Machine 1,asia,20,7,1074,18,1
Machine 1,asia,8,7,1021,20,1
Machine 1,asia,22,7,1116,20,1
Machine 0,asia,89,6,838,19,1
Machine 0,emea,0,7,565,21,1
Machine 0,us,2,7,702,20,1
Machine 1,asia,88,6,661,21,1
Machine 1,us,27,7,697,18,1
Machine 0,asia,95,6,727,20,1
Machine 0,emea,30,7,482,19,1
Machine 0,asia,69,6,686,19,1
Machine 0,us,63,6,793,20,1
Machine 0,emea,71,7,524,19,1
Machine 1,asia,24,7,975,21,1
Machine 0,emea,11,7,558,18,1
Machine 0,us,6,7,579,18,1
Machine 0,emea,73,7,575,19,1
Machine 1,us,13,7,643,21,1
Machine 0,us,85,6,619,18,1
Machine 0,emea,53,7,628,18,1
Machine 1,us,14,7,682,21,1
Machine 0,asia,66,7,688,20,1
Machine 0,asia,25,7,737,18,1
Machine 1,asia,17,7,713,18,1
Machine 1,us,21,7,739,20,1
Machine 0,emea,76,7,698,19,1
Machine 0,us,48,7,700,21,1
Machine 1,asia,5,7,721,21,1
Machine 1,asia,15,7,763,18,1
Machine 0,asia,40,7,727,19,1
Machine 0,emea,46,7,612,18,1
Machine 0,us,19,7,838,18,1
Machine 1,us,10,7,846,21,1
Machine 0,us,3,7,864,18,1
Machine 1,asia,35,7,862,21,1
Machine 0,us,34,7,854,20,1
Machine 1,asia,29,7,887,19,1
Machine 1,us,61,7,891,20,1
Machine 0,asia,45,7,897,19,1
Machine 1,us,33,7,861,20,1
Machine 0,emea,77,7,438,18,1
Machine 0,us,37,7,892,21,1
Machine 1,us,62,7,506,19,1
Machine 0,emea,65,7,456,20,1
Machine 0,asia,52,7,961,18,1
Machine 0,asia,41,7,931,20,1
Machine 1,asia,38,7,938,19,1
Machine 1,asia,39,7,992,19,1
Machine 1,us,56,7,485,20,1
Machine 0,us,55,7,514,21,1
Machine 0,emea,44,7,515,20,1
Machine 1,asia,7,7,599,18,1
Machine 0,us,50,7,548,20,1
Machine 0,asia,47,7,607,18,1
Machine 0,us,70,7,577,18,1
Machine 1,asia,60,7,586,19,1
Machine 1,us,36,7,598,18,1
Machine 0,emea,68,7,561,20,1
Machine 0,asia,86,7,682,18,1
Machine 0,asia,91,7,719,21,1
Machine 1,asia,26,7,760,21,1
Machine 0,us,59,7,561,20,1
Machine 0,emea,75,7,507,18,1
Machine 1,us,51,7,615,21,1
Machine 0,asia,78,7,777,21,1
Machine 1,us,9,7,780,18,1
Machine 1,asia,16,7,846,20,1
Machine 0,asia,67,7,663,21,1
Machine 0,us,81,7,763,21,1
Machine 0,emea,43,7,666,19,1
Machine 1,asia,82,7,822,21,1
Machine 0,emea,74,7,638,18,1
Machine 1,us,49,7,684,19,1
Machine 0,us,90,7,682,19,1
Machine 1,us,1,7,680,18,1
Machine 0,asia,28,7,745,19,1
Machine 1,us,23,8,644,18,1
Machine 1,asia,97,7,735,21,1
Machine 0,emea,79,7,613,18,1
Machine 1,us,42,7,645,18,1
Machine 1,asia,58,7,729,21,1
Machine 0,us,98,7,696,18,1
Machine 0,emea,96,7,655,19,1
Machine 1,us,99,7,696,20,1
Machine 0,us,4,8,718,18,1
Machine 0,emea,54,7,729,21,1
Machine 0,us,87,7,760,19,1
Machine 1,us,18,7,776,20,1
Machine 0,us,93,7,788,19,1
Machine 1,asia,12,8,799,18,1
Machine 0,asia,84,7,892,19,1
Machine 1,asia,83,7,860,20,1
Machine 0,emea,0,8,822,21,1
Machine 1,asia,32,7,921,18,1
Machine 0,asia,22,8,829,20,1
Machine 0,asia,72,7,924,19,1
Machine 0,asia,80,7,947,20,1
Machine 1,asia,89,7,831,19,1
Machine 0,asia,64,7,887,20,1
Machine 0,us,11,8,821,19,1
Machine 0,emea,24,8,841,19,1
Machine 0,emea,8,8,896,21,1
Machine 1,asia,94,7,846,19,1
Machine 0,us,30,8,880,21,1
Machine 0,emea,85,7,606,21,1
Machine 1,asia,71,8,876,21,1
Machine 1,us,6,8,834,20,1
Machine 0,emea,95,7,885,19,1
Machine 0,asia,88,7,953,20,1
Machine 0,us,2,8,945,20,1
Machine 0,us,53,8,560,18,1
Machine 0,emea,17,8,446,20,1
Machine 1,us,14,8,478,18,1
Machine 1,us,69,7,979,20,1
Machine 0,asia,73,8,874,20,1
Machine 1,asia,31,8,1073,18,1
Machine 1,asia,27,8,984,20,1
Machine 0,us,35,8,534,19,1
Machine 0,asia,57,7,1072,18,1
Machine 0,asia,63,7,1117,18,1
Machine 1,asia,13,8,934,18,1
Machine 0,us,21,8,621,18,1
Machine 0,emea,15,8,552,21,1
Machine 1,us,76,8,710,18,1
Machine 0,asia,48,8,708,21,1
Machine 0,asia,66,8,697,21,1
Machine 0,asia,92,7,1312,21,1
Machine 1,asia,20,8,1190,20,1
Machine 0,emea,3,8,720,19,1
Machine 1,asia,61,8,725,19,1
Machine 1,asia,5,8,776,20,1
Machine 1,asia,25,8,769,18,1
Machine 1,us,46,8,743,18,1
Machine 0,us,33,8,714,20,1
Machine 1,us,77,8,744,18,1
Machine 0,emea,56,8,651,21,1
Machine 0,emea,65,8,691,19,1
Machine 0,asia,19,8,769,19,1
Machine 1,us,41,8,704,18,1
Machine 0,emea,45,8,756,20,1
Machine 0,asia,37,8,764,20,1
Machine 0,us,52,8,724,21,1
Machine 0,us,40,8,833,18,1
Machine 0,asia,38,8,720,18,1
Machine 0,us,55,8,661,18,1
Machine 0,asia,29,8,850,18,1
Machine 1,asia,10,8,867,18,1
Machine 1,us,34,8,876,21,1
Machine 1,us,44,8,645,21,1
Machine 1,asia,62,8,911,21,1
Machine 1,asia,39,8,800,18,1
Machine 0,emea,47,8,477,20,1
Machine 1,us,26,8,512,21,1
Machine 0,us,91,8,523,19,1
Machine 0,us,70,8,520,21,1
Machine 0,emea,86,8,547,21,1
Machine 1,us,60,8,582,19,1
Machine 1,asia,50,8,654,20,1
Machine 0,emea,51,8,435,18,1
Machine 1,us,9,8,497,18,1
Machine 0,emea,81,8,376,18,1
Machine 1,asia,68,8,707,19,1
Machine 0,asia,7,8,772,20,1
Machine 0,us,78,8,452,20,1
Machine 0,asia,36,8,755,19,1
Machine 0,asia,59,8,660,20,1
Machine 1,asia,75,8,580,21,1
Machine 0,us,43,8,489,18,1
Machine 1,us,82,8,557,21,1
Machine 0,asia,16,8,574,19,1
Machine 0,us,1,8,491,20,1
Machine 0,emea,79,8,368,18,1
Machine 1,asia,67,8,589,19,1
Machine 0,emea,90,8,540,21,1
Machine 1,us,28,8,526,19,1
Machine 1,asia,49,8,670,21,1
Machine 0,us,4,9,498,20,1
Machine 0,us,42,8,527,21,1
Machine 0,asia,74,8,733,18,1
Machine 1,us,58,8,561,21,1
Machine 0,asia,23,9,646,21,1
Machine 1,us,84,8,565,20,1
Machine 1,us,54,8,582,19,1
Machine 0,us,12,9,568,21,1
Machine 0,emea,93,8,571,18,1
Machine 0,emea,99,8,622,21,1
Machine 0,emea,32,8,513,18,1
Machine 1,asia,97,8,662,20,1
Machine 0,us,22,9,589,21,1
Machine 0,asia,83,8,758,19,1
Machine 1,us,72,8,600,18,1
Machine 0,asia,80,8,724,19,1
Machine 1,asia,0,9,733,19,1
Machine 0,asia,87,8,793,20,1
Machine 1,asia,18,8,801,19,1
Machine 0,emea,8,9,468,20,1
Machine 0,asia,98,8,832,19,1
Machine 0,emea,88,8,441,18,1
Machine 0,emea,85,8,497,18,1
Machine 1,asia,96,8,888,19,1
Machine 0,emea,69,8,433,19,1
Machine 1,asia,64,8,696,20,1
Machine 0,us,71,9,545,19,1
Machine 1,asia,24,9,631,19,1
Machine 0,asia,94,8,603,20,1
Machine 0,asia,11,9,668,21,1
Machine 1,asia,89,8,726,21,1
Machine 1,us,53,9,607,19,1
Machine 0,emea,57,8,445,21,1
Machine 0,us,2,9,628,20,1
Machine 1,asia,30,9,697,20,1
Machine 0,asia,17,9,623,20,1
Machine 1,asia,95,8,673,18,1
Machine 1,asia,14,9,633,18,1
Machine 1,us,31,9,476,20,1
Machine 1,us,13,9,570,21,1
Machine 0,us,73,9,603,19,1
Machine 0,asia,6,9,823,21,1
Machine 0,emea,76,9,406,18,1
Machine 1,asia,35,9,610,21,1
Machine 0,asia,27,9,650,19,1
Machine 0,us,63,8,671,20,1
Machine 0,asia,21,9,642,19,1
Machine 0,us,48,9,536,20,1
Machine 1,us,66,9,546,20,1
Machine 0,emea,33,9,534,19,1
Machine 0,us,61,9,574,20,1
Machine 0,us,77,9,625,18,1
Machine 1,us,56,9,628,19,1
Machine 1,asia,46,9,639,19,1
Machine 0,us,45,9,638,21,1
Machine 0,asia,92,8,687,20,1
Machine 0,emea,41,9,600,19,1
Machine 0,emea,3,9,699,19,1
Machine 1,asia,15,9,728,21,1
Machine 1,us,5,9,691,19,1
Machine 0,asia,25,9,726,20,1
Machine 1,us,37,9,719,21,1
Machine 1,us,29,9,667,21,1
Machine 0,us,55,9,776,19,1
Machine 0,us,70,9,471,18,1
Machine 0,emea,38,9,652,18,1
Machine 0,asia,65,9,861,18,1
Machine 0,emea,44,9,487,20,1
Machine 1,asia,40,9,822,20,1
Machine 1,asia,19,9,860,21,1
Machine 0,asia,10,9,681,19,1
Machine 1,us,86,9,532,21,1
Machine 0,us,62,9,547,18,1
Machine 0,emea,51,9,515,18,1
Machine 1,asia,34,9,632,18,1
Machine 0,emea,78,9,511,18,1
Machine 0,asia,52,9,910,19,1
Machine 1,asia,20,9,960,18,1
Machine 0,emea,91,9,559,18,1
Machine 1,asia,26,9,587,20,1
Machine 0,us,36,9,594,19,1
Machine 1,us,39,9,631,21,1
Machine 0,us,9,9,632,18,1
Machine 0,asia,47,9,671,19,1
Machine 1,us,81,9,632,19,1
Machine 1,asia,50,9,658,21,1
Machine 0,us,16,9,664,18,1
Machine 0,asia,60,9,754,21,1
Machine 1,us,1,9,728,21,1
Machine 0,emea,74,9,714,19,1
Machine 1,us,59,9,766,20,1
Machine 0,emea,90,9,756,19,1
Machine 0,asia,75,9,775,21,1
Machine 1,us,49,9,786,18,1
Machine 0,us,28,9,789,18,1
Machine 0,us,58,9,747,20,1
Machine 0,emea,82,9,809,19,1
Machine 1,asia,42,9,816,20,1
Machine 0,asia,68,9,861,21,1
Machine 1,us,23,10,737,21,1
Machine 1,asia,7,9,855,19,1
Machine 0,emea,12,10,596,20,1
Machine 1,asia,67,9,851,18,1
Machine 0,asia,84,9,702,19,1
Machine 1,us,99,9,459,20,1
Machine 0,emea,22,10,521,19,1
Machine 0,asia,4,10,988,20,1
Machine 1,asia,43,9,1015,18,1
Machine 0,us,93,9,554,21,1
Machine 0,emea,87,9,558,21,1
Machine 0,asia,32,9,617,21,1
Machine 0,asia,79,9,1005,21,1
Machine 1,asia,54,9,752,21,1
Machine 0,emea,64,9,636,20,1
Machine 0,asia,80,9,762,21,1
Machine 0,us,83,9,744,20,1
Machine 1,asia,97,9,793,19,1
Machine 0,emea,14,10,748,20,1
Machine 0,us,18,9,782,20,1
Machine 1,asia,0,10,803,18,1
Machine 0,emea,94,9,807,19,1
Machine 0,asia,98,9,785,18,1
Machine 0,emea,57,9,828,21,1
Machine 1,us,8,10,862,20,1
Machine 1,us,72,9,859,19,1
Machine 1,asia,88,9,922,21,1
Machine 0,asia,89,9,921,20,1
Machine 0,emea,56,10,781,20,1
Machine 1,asia,85,9,938,18,1
Machine 1,asia,24,10,914,18,1
Machine 1,us,27,10,832,20,1
Machine 0,us,35,10,925,21,1
Machine 0,emea,48,10,848,21,1
Machine 1,asia,95,9,969,21,1
Machine 0,us,2,10,962,20,1
Machine 0,asia,96,9,998,19,1
Machine 0,asia,63,9,885,19,1
Machine 1,asia,69,9,1014,21,1
Machine 0,asia,92,9,677,20,1
Machine 0,emea,76,10,916,18,1
Machine 0,asia,71,10,1046,19,1
Machine 0,us,66,10,909,21,1
Machine 0,us,11,10,1058,20,1
Machine 1,us,13,10,1030,20,1
Machine 0,asia,17,10,1068,18,1
Machine 1,asia,77,10,919,19,1
Machine 0,us,46,10,943,21,1
Machine 0,asia,73,10,1084,20,1
Machine 1,us,30,10,1093,21,1
Machine 1,us,45,10,735,21,1
Machine 1,asia,21,10,1041,19,1
Machine 0,us,31,10,1172,18,1
Machine 1,asia,53,10,1215,18,1
Machine 0,emea,3,10,472,18,1
Machine 1,asia,6,10,1222,18,1
Machine 1,us,33,10,1101,19,1
Machine 0,us,15,10,495,19,1
Machine 0,asia,61,10,1149,18,1
Machine 1,asia,41,10,596,19,1
Machine 0,emea,29,10,419,21,1
Machine 0,emea,44,10,458,20,1
Machine 1,us,5,10,545,18,1
Machine 0,us,55,10,522,20,1
Machine 1,us,70,10,596,19,1
Machine 0,asia,25,10,684,21,1
Machine 0,emea,20,10,459,21,1
Machine 1,asia,65,10,601,20,1
Machine 0,emea,62,10,601,19,1
Machine 1,asia,37,10,718,19,1
Machine 1,us,34,10,507,19,1
Machine 0,us,91,10,490,19,1
Machine 1,us,19,10,524,21,1
Machine 0,asia,10,10,555,20,1
Machine 0,us,51,10,526,19,1
Machine 0,us,40,10,534,19,1
Machine 0,emea,9,10,513,18,1
Machine 0,emea,60,10,417,19,1
Machine 0,asia,38,10,777,18,1
Machine 1,asia,86,10,658,20,1
Machine 1,us,26,10,605,18,1
Machine 1,asia,39,10,707,18,1
Machine 0,asia,78,10,720,18,1
Machine 0,us,47,10,624,20,1
Machine 1,us,28,10,552,21,1
Machine 0,emea,42,10,624,18,1
Machine 0,asia,36,10,784,18,1
Machine 1,asia,52,10,653,19,1
Machine 0,us,68,10,579,20,1
Machine 0,emea,75,10,647,20,1
Machine 1,us,81,10,815,18,1
Machine 0,asia,50,10,789,18,1
Machine 0,us,1,10,708,18,1
Machine 1,asia,16,10,720,19,1
Machine 1,us,7,10,536,19,1
Machine 0,us,49,10,750,20,1
Machine 1,us,74,10,800,18,1
Machine 1,asia,90,10,809,21,1
Machine 0,asia,59,10,830,20,1
Machine 0,emea,99,10,481,18,1
Machine 0,asia,58,10,856,20,1
Machine 0,emea,79,10,514,21,1
Machine 1,asia,82,10,884,21,1
Machine 0,emea,97,10,549,21,1
Machine 0,us,54,10,577,19,1
Machine 0,asia,67,10,683,21,1
Machine 1,us,93,10,640,18,1
Machine 0,us,18,10,560,21,1
Machine 0,asia,87,10,652,21,1
Machine 1,asia,84,10,685,19,1
Machine 0,us,43,10,690,21,1
Machine 1,us,64,10,675,21,1
Machine 0,emea,72,10,386,20,1
Machine 1,us,94,10,405,18,1
Machine 0,emea,92,10,394,18,1
Machine 1,asia,83,10,713,20,1
Machine 1,us,89,10,432,18,1
Machine 1,asia,32,10,768,19,1
Machine 0,us,88,10,461,19,1
Machine 0,asia,80,10,766,20,1
Machine 0,asia,98,10,631,21,1
Machine 1,asia,57,10,550,21,1
Machine 1,asia,96,10,588,21,1
Machine 0,asia,63,10,590,21,1
Machine 1,asia,95,10,609,21,1
Machine 0,asia,85,10,619,18,1
Machine 1,asia,69,10,619,20,1
