Copyright 1986-2021 Xilinx, Inc. All Rights Reserved.
---------------------------------------------------------------------------------------------------
| Tool Version : Vivado v.2021.1 (win64) Build 3247384 Thu Jun 10 19:36:33 MDT 2021
| Date         : Tue Nov  2 17:50:21 2021
| Host         : DESKTOP-V2DTM40 running 64-bit major release  (build 9200)
| Command      : upgrade_project -migrate_output_products
| Project_Path : C:/Users/Legion/Desktop/Laborstor2SMP1/project_2Nou/project_2Nou.xpr
---------------------------------------------------------------------------------------------------

Project Status Summary

1. Project IP Status
--------------------
This project contains 0 IP and 1 Block Designs.


1.1 Project IP Instances
+-----------------------+-------------------------+-------------------------------------+-------------------------------------+
| Instance Name         | Status                  | Reason                              | Recommendation                      |
+-----------------------+-------------------------+-------------------------------------+-------------------------------------+
| design_1_MC68000p_0_0 | Will be Migrated.       |                                     |                                     |
+-----------------------+-------------------------+-------------------------------------+-------------------------------------+
| design_1_REG_0_0      | Will be Migrated.       |                                     |                                     |
+-----------------------+-------------------------+-------------------------------------+-------------------------------------+
| design_1_MC68230_0_0  | Will be Migrated.       |                                     |                                     |
+-----------------------+-------------------------+-------------------------------------+-------------------------------------+
| design_1_Decadd_0_0   | Will be Migrated.       |                                     |                                     |
+-----------------------+-------------------------+-------------------------------------+-------------------------------------+


1.2 Project Block Designs
+----------+-------------------------+-------------------------------------+-------------------------------------+
| Design   | Status                  | Reason                              | Recommendation                      |
| Name     |                         |                                     |                                     |
+----------+-------------------------+-------------------------------------+-------------------------------------+
| design_1 | Will be Migrated.       |                                     |                                     |
+----------+-------------------------+-------------------------------------+-------------------------------------+



